#
# There is insufficient memory for the Java Runtime Environment to continue.
# Native memory allocation (malloc) failed to allocate 1048576 bytes. Error detail: AllocateHeap
# Possible reasons:
#   The system is out of physical RAM or swap space
#   This process is running with CompressedOops enabled, and the Java Heap may be blocking the growth of the native heap
# Possible solutions:
#   Reduce memory load on the system
#   Increase physical memory or swap space
#   Check if swap backing store is full
#   Decrease Java heap size (-Xmx/-Xms)
#   Decrease number of Java threads
#   Decrease Java thread stack sizes (-Xss)
#   Set larger code cache with -XX:ReservedCodeCacheSize=
#   JVM is running with Unscaled Compressed Oops mode in which the Java heap is
#     placed in the first 4GB address space. The Java Heap base address is the
#     maximum limit for the native heap growth. Please use -XX:HeapBaseMinAddress
#     to set the Java Heap base and to place the Java Heap above 4GB virtual address.
# This output file may be truncated or incomplete.
#
#  Out of Memory Error (allocation.cpp:44), pid=11184, tid=26520
#
# JRE version: OpenJDK Runtime Environment Temurin-21.0.8+9 (21.0.8+9) (build 21.0.8+9-LTS)
# Java VM: OpenJDK 64-Bit Server VM Temurin-21.0.8+9 (21.0.8+9-LTS, mixed mode, sharing, tiered, compressed oops, compressed class ptrs, parallel gc, windows-amd64)
# No core dump will be written. Minidumps are not enabled by default on client versions of Windows
#

---------------  S U M M A R Y ------------

Command Line: --add-modules=ALL-SYSTEM --add-opens=java.base/java.util=ALL-UNNAMED --add-opens=java.base/java.lang=ALL-UNNAMED --add-opens=java.base/sun.nio.fs=ALL-UNNAMED -Declipse.application=org.eclipse.jdt.ls.core.id1 -Dosgi.bundles.defaultStartLevel=4 -Declipse.product=org.eclipse.jdt.ls.core.product -Djava.import.generatesMetadataFilesAtProjectRoot=false -DDetectVMInstallationsJob.disabled=true -Dfile.encoding=utf8 -XX:+UseParallelGC -XX:GCTimeRatio=4 -XX:AdaptiveSizePolicyWeight=90 -Dsun.zip.disableMemoryMapping=true -Xmx2G -Xms100m -Xlog:disable -javaagent:c:\Users\hmfar\.vscode\extensions\redhat.java-1.44.0-win32-x64\lombok\lombok-1.18.39-4050.jar -XX:+HeapDumpOnOutOfMemoryError -XX:HeapDumpPath=c:\Users\hmfar\AppData\Roaming\Code\User\workspaceStorage\c3a96d27314cb5bde88c8915a752ecbe\redhat.java -Daether.dependencyCollector.impl=bf c:\Users\hmfar\.vscode\extensions\redhat.java-1.44.0-win32-x64\server\plugins\org.eclipse.equinox.launcher_1.7.0.v20250519-0528.jar -configuration c:\Users\hmfar\AppData\Roaming\Code\User\globalStorage\redhat.java\1.44.0\config_win -data c:\Users\hmfar\AppData\Roaming\Code\User\workspaceStorage\c3a96d27314cb5bde88c8915a752ecbe\redhat.java\jdt_ws --pipe=\\.\pipe\lsp-57fa7e96caf2ede7ba5b5cb046e9b89d-sock

Host: 11th Gen Intel(R) Core(TM) i5-11300H @ 3.10GHz, 8 cores, 7G,  Windows 11 , 64 bit Build 22621 (10.0.22621.5415)
Time: Wed Aug 13 00:22:32 2025 Bangladesh Standard Time elapsed time: 518926.079716 seconds (6d 0h 8m 46s)

---------------  T H R E A D  ---------------

Current thread (0x000000001952ff40):  JavaThread "Attach Listener" daemon [_thread_in_vm, id=26520, stack(0x0000000060400000,0x0000000060500000) (1024K)]

Stack: [0x0000000060400000,0x0000000060500000]
Native frames: (J=compiled Java code, j=interpreted, Vv=VM code, C=native code)
V  [jvm.dll+0x6d2449]
V  [jvm.dll+0x8ae341]
V  [jvm.dll+0x8b08be]
V  [jvm.dll+0x8b0fa3]
V  [jvm.dll+0x280c96]
V  [jvm.dll+0xc0347]
V  [jvm.dll+0x6d2cf9]
V  [jvm.dll+0x131116]
V  [jvm.dll+0x3f2d16]
V  [jvm.dll+0x857e6b]
V  [jvm.dll+0x6d0b0d]
C  [ucrtbase.dll+0x29333]
C  [KERNEL32.DLL+0x1259d]
C  [ntdll.dll+0x5af78]


---------------  P R O C E S S  ---------------

Threads class SMR info:
_java_thread_list=0x0000000062481130, length=41, elements={
0x00000000004b5120, 0x0000000002b7e4a0, 0x000000001952d120, 0x000000001952f030,
0x000000001952ff40, 0x0000000019533f10, 0x00000000195362c0, 0x00000000195373d0,
0x00000000608387e0, 0x00000000608abd20, 0x0000000060bfe030, 0x00000000612039d0,
0x0000000061479b60, 0x000000006190e8c0, 0x00000000614e99d0, 0x00000000622508f0,
0x0000000061eef7e0, 0x00000000614e0070, 0x00000000614e0d90, 0x00000000614e1ab0,
0x0000000065e78c10, 0x0000000065e7f510, 0x0000000065e792a0, 0x0000000065e7e7f0,
0x0000000065e7fba0, 0x0000000065e7c720, 0x0000000065e79930, 0x0000000065e7ee80,
0x0000000065e7d440, 0x0000000065e7a650, 0x0000000065e7ba00, 0x0000000065e7ace0,
0x0000000071769480, 0x000000007176d620, 0x000000007176e9d0, 0x0000000065e7b370,
0x0000000062242d20, 0x00000000622433b0, 0x000000007176c270, 0x00000000717673b0,
0x0000000071767a40
}

Java Threads: ( => current thread )
  0x00000000004b5120 JavaThread "main"                              [_thread_blocked, id=19048, stack(0x0000000002070000,0x0000000002170000) (1024K)]
  0x0000000002b7e4a0 JavaThread "Reference Handler"          daemon [_thread_blocked, id=17016, stack(0x0000000060100000,0x0000000060200000) (1024K)]
  0x000000001952d120 JavaThread "Finalizer"                  daemon [_thread_blocked, id=7336, stack(0x0000000060200000,0x0000000060300000) (1024K)]
  0x000000001952f030 JavaThread "Signal Dispatcher"          daemon [_thread_blocked, id=9020, stack(0x0000000060300000,0x0000000060400000) (1024K)]
=>0x000000001952ff40 JavaThread "Attach Listener"            daemon [_thread_in_vm, id=26520, stack(0x0000000060400000,0x0000000060500000) (1024K)]
  0x0000000019533f10 JavaThread "Service Thread"             daemon [_thread_blocked, id=9204, stack(0x0000000060500000,0x0000000060600000) (1024K)]
  0x00000000195362c0 JavaThread "Monitor Deflation Thread"   daemon [_thread_blocked, id=26240, stack(0x0000000060600000,0x0000000060700000) (1024K)]
  0x00000000195373d0 JavaThread "C2 CompilerThread0"         daemon [_thread_blocked, id=10628, stack(0x0000000060700000,0x0000000060800000) (1024K)]
  0x00000000608387e0 JavaThread "C1 CompilerThread0"         daemon [_thread_blocked, id=22048, stack(0x0000000060c00000,0x0000000060d00000) (1024K)]
  0x00000000608abd20 JavaThread "Common-Cleaner"             daemon [_thread_blocked, id=9788, stack(0x0000000060d00000,0x0000000060e00000) (1024K)]
  0x0000000060bfe030 JavaThread "Notification Thread"        daemon [_thread_blocked, id=2288, stack(0x0000000061700000,0x0000000061800000) (1024K)]
  0x00000000612039d0 JavaThread "Active Thread: Equinox Container: 5022cf55-5f65-4737-95d8-ee8f3b8a8acf"        [_thread_blocked, id=19200, stack(0x0000000063020000,0x0000000063120000) (1024K)]
  0x0000000061479b60 JavaThread "Refresh Thread: Equinox Container: 5022cf55-5f65-4737-95d8-ee8f3b8a8acf" daemon [_thread_blocked, id=5844, stack(0x0000000063220000,0x0000000063320000) (1024K)]
  0x000000006190e8c0 JavaThread "Framework Event Dispatcher: Equinox Container: 5022cf55-5f65-4737-95d8-ee8f3b8a8acf" daemon [_thread_blocked, id=24360, stack(0x0000000063320000,0x0000000063420000) (1024K)]
  0x00000000614e99d0 JavaThread "Start Level: Equinox Container: 5022cf55-5f65-4737-95d8-ee8f3b8a8acf" daemon [_thread_blocked, id=18564, stack(0x0000000063420000,0x0000000063520000) (1024K)]
  0x00000000622508f0 JavaThread "Bundle File Closer"         daemon [_thread_blocked, id=13368, stack(0x0000000063620000,0x0000000063720000) (1024K)]
  0x0000000061eef7e0 JavaThread "SCR Component Actor"        daemon [_thread_blocked, id=15836, stack(0x0000000063720000,0x0000000063820000) (1024K)]
  0x00000000614e0070 JavaThread "Worker-JM"                         [_thread_blocked, id=5288, stack(0x0000000061800000,0x0000000061900000) (1024K)]
  0x00000000614e0d90 JavaThread "JNA Cleaner"                daemon [_thread_blocked, id=1760, stack(0x0000000063c60000,0x0000000063d60000) (1024K)]
  0x00000000614e1ab0 JavaThread "Java indexing"              daemon [_thread_blocked, id=16364, stack(0x0000000063f60000,0x0000000064060000) (1024K)]
  0x0000000065e78c10 JavaThread "Thread-2"                   daemon [_thread_in_native, id=19944, stack(0x0000000064060000,0x0000000064160000) (1024K)]
  0x0000000065e7f510 JavaThread "Thread-3"                   daemon [_thread_in_native, id=12792, stack(0x0000000064160000,0x0000000064260000) (1024K)]
  0x0000000065e792a0 JavaThread "Thread-4"                   daemon [_thread_in_native, id=17060, stack(0x0000000066230000,0x0000000066330000) (1024K)]
  0x0000000065e7e7f0 JavaThread "Thread-5"                   daemon [_thread_in_native, id=25888, stack(0x0000000066330000,0x0000000066430000) (1024K)]
  0x0000000065e7fba0 JavaThread "Thread-6"                   daemon [_thread_in_native, id=1264, stack(0x0000000067cf0000,0x0000000067df0000) (1024K)]
  0x0000000065e7c720 JavaThread "Thread-7"                   daemon [_thread_in_native, id=20052, stack(0x0000000067df0000,0x0000000067ef0000) (1024K)]
  0x0000000065e79930 JavaThread "Thread-8"                   daemon [_thread_in_native, id=11740, stack(0x0000000067ef0000,0x0000000067ff0000) (1024K)]
  0x0000000065e7ee80 JavaThread "Thread-9"                   daemon [_thread_in_native, id=16820, stack(0x0000000067ff0000,0x00000000680f0000) (1024K)]
  0x0000000065e7d440 JavaThread "Thread-10"                  daemon [_thread_in_native, id=9812, stack(0x00000000680f0000,0x00000000681f0000) (1024K)]
  0x0000000065e7a650 JavaThread "pool-2-thread-1"                   [_thread_blocked, id=5884, stack(0x0000000067820000,0x0000000067920000) (1024K)]
  0x0000000065e7ba00 JavaThread "WorkspaceEventsHandler"            [_thread_blocked, id=19280, stack(0x0000000067b70000,0x0000000067c70000) (1024K)]
  0x0000000065e7ace0 JavaThread "pool-1-thread-1"                   [_thread_blocked, id=18256, stack(0x00000000691c0000,0x00000000692c0000) (1024K)]
  0x0000000071769480 JavaThread "Cleaner-0"                  daemon [_thread_blocked, id=20560, stack(0x0000000000650000,0x0000000000750000) (1024K)]
  0x000000007176d620 JavaThread "Java Debug Server"          daemon [_thread_in_native, id=19304, stack(0x0000000060e00000,0x0000000060f00000) (1024K)]
  0x000000007176e9d0 JavaThread "RxSchedulerPurge-1"         daemon [_thread_blocked, id=24176, stack(0x0000000066430000,0x0000000066530000) (1024K)]
  0x0000000065e7b370 JavaThread "RxCachedWorkerPoolEvictor-1" daemon [_thread_blocked, id=7932, stack(0x0000000067520000,0x0000000067620000) (1024K)]
  0x0000000062242d20 JavaThread "pool-5-thread-3"                   [_thread_in_native, id=23868, stack(0x0000000072440000,0x0000000072540000) (1024K)]
  0x00000000622433b0 JavaThread "RxNewThreadScheduler-7"     daemon [_thread_blocked, id=15832, stack(0x0000000072540000,0x0000000072640000) (1024K)]
  0x000000007176c270 JavaThread "process reaper (pid 796)"   daemon [_thread_in_native, id=13148, stack(0x0000000002a00000,0x0000000002a20000) (128K)]
  0x00000000717673b0 JavaThread "Worker-51"                         [_thread_blocked, id=3220, stack(0x0000000000750000,0x0000000000850000) (1024K)]
  0x0000000071767a40 JavaThread "Worker-53"                         [_thread_blocked, id=13060, stack(0x0000000063d60000,0x0000000063e60000) (1024K)]
Total: 41

Other Threads:
  0x0000000002b6a720 VMThread "VM Thread"                           [id=3068, stack(0x0000000060000000,0x0000000060100000) (1024K)]
  0x0000000002b37080 WatcherThread "VM Periodic Task Thread"        [id=18320, stack(0x0000000019560000,0x0000000019660000) (1024K)]
  0x0000000002ae7f40 WorkerThread "GC Thread#0"                     [id=23092, stack(0x00000000028a0000,0x00000000029a0000) (1024K)]
  0x00000000612a27e0 WorkerThread "GC Thread#1"                     [id=11776, stack(0x0000000062a20000,0x0000000062b20000) (1024K)]
  0x0000000061580750 WorkerThread "GC Thread#2"                     [id=6552, stack(0x0000000062b20000,0x0000000062c20000) (1024K)]
  0x0000000061580af0 WorkerThread "GC Thread#3"                     [id=18336, stack(0x0000000062c20000,0x0000000062d20000) (1024K)]
  0x000000006157ad00 WorkerThread "GC Thread#4"                     [id=26208, stack(0x0000000062d20000,0x0000000062e20000) (1024K)]
  0x000000006157b0a0 WorkerThread "GC Thread#5"                     [id=14860, stack(0x0000000062e20000,0x0000000062f20000) (1024K)]
  0x000000006157cd00 WorkerThread "GC Thread#6"                     [id=2436, stack(0x0000000062f20000,0x0000000063020000) (1024K)]
  0x000000006144fcd0 WorkerThread "GC Thread#7"                     [id=26340, stack(0x0000000063120000,0x0000000063220000) (1024K)]
Total: 10

Threads with active compile tasks:
Total: 0

VM state: not at safepoint (normal execution)

VM Mutex/Monitor currently owned by a thread: None

Heap address: 0x0000000080000000, size: 2048 MB, Compressed Oops mode: 32-bit

CDS archive(s) mapped at: [0x000000001a000000-0x000000001aba0000-0x000000001aba0000), size 12189696, SharedBaseAddress: 0x000000001a000000, ArchiveRelocationMode: 1.
Compressed class space mapped at: 0x000000001b000000-0x000000005b000000, reserved size: 1073741824
Narrow klass base: 0x000000001a000000, Narrow klass shift: 0, Narrow klass range: 0x100000000

GC Precious Log:
 CardTable entry size: 512
 CPUs: 8 total, 8 available
 Memory: 7975M
 Large Page Support: Disabled
 NUMA Support: Disabled
 Compressed Oops: Enabled (32-bit)
 Alignments: Space 512K, Generation 512K, Heap 2M
 Heap Min Capacity: 100M
 Heap Initial Capacity: 100M
 Heap Max Capacity: 2G
 Pre-touch: Disabled
 Parallel Workers: 8

Heap:
 PSYoungGen      total 9728K, used 1561K [0x00000000d5580000, 0x00000000d6780000, 0x0000000100000000)
  eden space 9216K, 14% used [0x00000000d5580000,0x00000000d56ce580,0x00000000d5e80000)
  from space 512K, 43% used [0x00000000d6680000,0x00000000d66b8000,0x00000000d6700000)
  to   space 512K, 0% used [0x00000000d6700000,0x00000000d6700000,0x00000000d6780000)
 ParOldGen       total 1241088K, used 1241077K [0x0000000080000000, 0x00000000cbc00000, 0x00000000d5580000)
  object space 1241088K, 99% used [0x0000000080000000,0x00000000cbbfd5a8,0x00000000cbc00000)
 Metaspace       used 98430K, committed 100032K, reserved 1179648K
  class space    used 9666K, committed 10496K, reserved 1048576K

Card table byte_map: [0x0000000002490000,0x00000000028a0000] _byte_map_base: 0x0000000002090000

Marking Bits: (ParMarkBitMap*) 0x00007ffeb2aea340
 Begin Bits: [0x0000000014f60000, 0x0000000016f60000)
 End Bits:   [0x0000000016f60000, 0x0000000018f60000)

Polling page: 0x0000000002280000

Metaspace:

Usage:
  Non-class:     86.68 MB used.
      Class:      9.44 MB used.
       Both:     96.12 MB used.

Virtual space:
  Non-class space:      128.00 MB reserved,      87.44 MB ( 68%) committed,  2 nodes.
      Class space:        1.00 GB reserved,      10.25 MB (  1%) committed,  1 nodes.
             Both:        1.12 GB reserved,      97.69 MB (  8%) committed. 

Chunk freelists:
   Non-Class:  8.17 MB
       Class:  5.82 MB
        Both:  14.00 MB

MaxMetaspaceSize: unlimited
CompressedClassSpaceSize: 1.00 GB
Initial GC threshold: 21.00 MB
Current GC threshold: 162.44 MB
CDS: on
 - commit_granule_bytes: 65536.
 - commit_granule_words: 8192.
 - virtual_space_node_default_size: 8388608.
 - enlarge_chunks_in_place: 1.
 - use_allocation_guard: 0.


Internal statistics:

num_allocs_failed_limit: 9.
num_arena_births: 2252.
num_arena_deaths: 752.
num_vsnodes_births: 3.
num_vsnodes_deaths: 0.
num_space_committed: 1564.
num_space_uncommitted: 1.
num_chunks_returned_to_freelist: 927.
num_chunks_taken_from_freelist: 7647.
num_chunk_merges: 250.
num_chunk_splits: 4214.
num_chunks_enlarged: 2202.
num_inconsistent_stats: 0.

CodeHeap 'non-profiled nmethods': size=120000Kb used=27453Kb max_used=35480Kb free=92546Kb
 bounds [0x000000000d780000, 0x000000000fa30000, 0x0000000014cb0000]
CodeHeap 'profiled nmethods': size=120000Kb used=24132Kb max_used=53696Kb free=95867Kb
 bounds [0x0000000005cb0000, 0x0000000009130000, 0x000000000d1e0000]
CodeHeap 'non-nmethods': size=5760Kb used=1562Kb max_used=1637Kb free=4197Kb
 bounds [0x000000000d1e0000, 0x000000000d450000, 0x000000000d780000]
CodeCache: size=245760Kb, used=53147Kb, max_used=90813Kb, free=192610Kb
 total_blobs=14101, nmethods=13230, adapters=771, full_count=0
Compilation: enabled, stopped_count=0, restarted_count=0

Compilation events (20 events):
Event: 383294.394 Thread 0x00000000608387e0 nmethod 35508 0x0000000005f14e90 code [0x0000000005f15160, 0x0000000005f15be0]
Event: 383294.676 Thread 0x00000000195373d0 nmethod 35500 0x000000000f562310 code [0x000000000f5630a0, 0x000000000f56b348]
Event: 383294.676 Thread 0x00000000195373d0 35506       4       org.eclipse.core.internal.resources.SaveManager$$Lambda/0x000000001b899a00::visitElement (35 bytes)
Event: 383294.685 Thread 0x00000000195373d0 nmethod 35506 0x000000000db5ba10 code [0x000000000db5bbe0, 0x000000000db5c120]
Event: 383294.685 Thread 0x00000000195373d0 35507   !   4       org.eclipse.core.internal.resources.SaveManager::lambda$11 (132 bytes)
Event: 383294.687 Thread 0x00000000195373d0 nmethod 35507 0x000000000dfbdf90 code [0x000000000dfbe160, 0x000000000dfbe5c0]
Event: 383294.687 Thread 0x00000000195373d0 35502       4       java.io.ObjectOutputStream::defaultWriteObject (54 bytes)
Event: 383294.704 Thread 0x00000000195373d0 nmethod 35502 0x000000000ef74090 code [0x000000000ef74420, 0x000000000ef75a38]
Event: 385569.835 Thread 0x00000000608387e0 35509       1       java.util.logging.LogManager$LoggerWeakRef::setParentRef (6 bytes)
Event: 385569.845 Thread 0x00000000608387e0 nmethod 35509 0x000000000d967a90 code [0x000000000d967c20, 0x000000000d967d00]
Event: 416107.867 Thread 0x00000000608387e0 35510       3       java.util.logging.LogManager$LoggerWeakRef::<init> (23 bytes)
Event: 416107.910 Thread 0x00000000608387e0 nmethod 35510 0x0000000006ab7490 code [0x0000000006ab7640, 0x0000000006ab79a8]
Event: 431707.325 Thread 0x00000000608387e0 35511       3       org.eclipse.core.runtime.jobs.Job::setSystem (6 bytes)
Event: 431707.336 Thread 0x00000000608387e0 nmethod 35511 0x00000000060e8b90 code [0x00000000060e8d40, 0x00000000060e8e80]
Event: 431707.336 Thread 0x00000000608387e0 35512   !   3       org.eclipse.core.internal.jobs.InternalJob::setSystem (58 bytes)
Event: 431707.344 Thread 0x00000000608387e0 nmethod 35512 0x000000000630e590 code [0x000000000630e760, 0x000000000630eba0]
Event: 436273.084 Thread 0x00000000195373d0 35513       4       java.lang.ClassLoader::getPlatformClassLoader (21 bytes)
Event: 436273.108 Thread 0x00000000195373d0 nmethod 35513 0x000000000d96c610 code [0x000000000d96c7a0, 0x000000000d96c810]
Event: 515028.302 Thread 0x00000000608387e0 35514   !   3       java.util.ArrayList$Itr::remove (68 bytes)
Event: 515028.362 Thread 0x00000000608387e0 nmethod 35514 0x0000000006e64c90 code [0x0000000006e64ea0, 0x0000000006e65410]

GC Heap History (20 events):
Event: 382988.121 GC heap before
{Heap before GC invocations=8162 (full 12):
 PSYoungGen      total 27136K, used 26905K [0x00000000d5580000, 0x00000000d7400000, 0x0000000100000000)
  eden space 25600K, 100% used [0x00000000d5580000,0x00000000d6e80000,0x00000000d6e80000)
  from space 1536K, 84% used [0x00000000d7080000,0x00000000d71c6470,0x00000000d7200000)
  to   space 2048K, 0% used [0x00000000d7200000,0x00000000d7200000,0x00000000d7400000)
 ParOldGen       total 1184256K, used 1184068K [0x0000000080000000, 0x00000000c8480000, 0x00000000d5580000)
  object space 1184256K, 99% used [0x0000000080000000,0x00000000c84512d0,0x00000000c8480000)
 Metaspace       used 98406K, committed 99968K, reserved 1179648K
  class space    used 9666K, committed 10496K, reserved 1048576K
}
Event: 382988.131 GC heap after
{Heap after GC invocations=8162 (full 12):
 PSYoungGen      total 26624K, used 1390K [0x00000000d5580000, 0x00000000d7380000, 0x0000000100000000)
  eden space 25088K, 0% used [0x00000000d5580000,0x00000000d5580000,0x00000000d6e00000)
  from space 1536K, 90% used [0x00000000d7200000,0x00000000d735bb40,0x00000000d7380000)
  to   space 1536K, 0% used [0x00000000d7080000,0x00000000d7080000,0x00000000d7200000)
 ParOldGen       total 1185280K, used 1185025K [0x0000000080000000, 0x00000000c8580000, 0x00000000d5580000)
  object space 1185280K, 99% used [0x0000000080000000,0x00000000c8540540,0x00000000c8580000)
 Metaspace       used 98406K, committed 99968K, reserved 1179648K
  class space    used 9666K, committed 10496K, reserved 1048576K
}
Event: 382992.280 GC heap before
{Heap before GC invocations=8163 (full 12):
 PSYoungGen      total 26624K, used 26478K [0x00000000d5580000, 0x00000000d7380000, 0x0000000100000000)
  eden space 25088K, 100% used [0x00000000d5580000,0x00000000d6e00000,0x00000000d6e00000)
  from space 1536K, 90% used [0x00000000d7200000,0x00000000d735bb40,0x00000000d7380000)
  to   space 1536K, 0% used [0x00000000d7080000,0x00000000d7080000,0x00000000d7200000)
 ParOldGen       total 1185280K, used 1185025K [0x0000000080000000, 0x00000000c8580000, 0x00000000d5580000)
  object space 1185280K, 99% used [0x0000000080000000,0x00000000c8540540,0x00000000c8580000)
 Metaspace       used 98409K, committed 99968K, reserved 1179648K
  class space    used 9666K, committed 10496K, reserved 1048576K
}
Event: 382992.283 GC heap after
{Heap after GC invocations=8163 (full 12):
 PSYoungGen      total 26112K, used 1214K [0x00000000d5580000, 0x00000000d7280000, 0x0000000100000000)
  eden space 24576K, 0% used [0x00000000d5580000,0x00000000d5580000,0x00000000d6d80000)
  from space 1536K, 79% used [0x00000000d7080000,0x00000000d71afb10,0x00000000d7200000)
  to   space 512K, 0% used [0x00000000d7200000,0x00000000d7200000,0x00000000d7280000)
 ParOldGen       total 1185280K, used 1185145K [0x0000000080000000, 0x00000000c8580000, 0x00000000d5580000)
  object space 1185280K, 99% used [0x0000000080000000,0x00000000c855e560,0x00000000c8580000)
 Metaspace       used 98409K, committed 99968K, reserved 1179648K
  class space    used 9666K, committed 10496K, reserved 1048576K
}
Event: 382994.338 GC heap before
{Heap before GC invocations=8164 (full 12):
 PSYoungGen      total 26112K, used 25330K [0x00000000d5580000, 0x00000000d7280000, 0x0000000100000000)
  eden space 24576K, 98% used [0x00000000d5580000,0x00000000d6d0cdd8,0x00000000d6d80000)
  from space 1536K, 79% used [0x00000000d7080000,0x00000000d71afb10,0x00000000d7200000)
  to   space 512K, 0% used [0x00000000d7200000,0x00000000d7200000,0x00000000d7280000)
 ParOldGen       total 1185280K, used 1185145K [0x0000000080000000, 0x00000000c8580000, 0x00000000d5580000)
  object space 1185280K, 99% used [0x0000000080000000,0x00000000c855e560,0x00000000c8580000)
 Metaspace       used 98410K, committed 99968K, reserved 1179648K
  class space    used 9666K, committed 10496K, reserved 1048576K
}
Event: 382994.353 GC heap after
{Heap after GC invocations=8164 (full 12):
 PSYoungGen      total 9728K, used 512K [0x00000000d5580000, 0x00000000d9400000, 0x0000000100000000)
  eden space 9216K, 0% used [0x00000000d5580000,0x00000000d5580000,0x00000000d5e80000)
  from space 512K, 100% used [0x00000000d7200000,0x00000000d7280000,0x00000000d7280000)
  to   space 19968K, 0% used [0x00000000d5e80000,0x00000000d5e80000,0x00000000d7200000)
 ParOldGen       total 1202176K, used 1201720K [0x0000000080000000, 0x00000000c9600000, 0x00000000d5580000)
  object space 1202176K, 99% used [0x0000000080000000,0x00000000c958e340,0x00000000c9600000)
 Metaspace       used 98410K, committed 99968K, reserved 1179648K
  class space    used 9666K, committed 10496K, reserved 1048576K
}
Event: 382994.388 GC heap before
{Heap before GC invocations=8165 (full 12):
 PSYoungGen      total 9728K, used 9728K [0x00000000d5580000, 0x00000000d9400000, 0x0000000100000000)
  eden space 9216K, 100% used [0x00000000d5580000,0x00000000d5e80000,0x00000000d5e80000)
  from space 512K, 100% used [0x00000000d7200000,0x00000000d7280000,0x00000000d7280000)
  to   space 19968K, 0% used [0x00000000d5e80000,0x00000000d5e80000,0x00000000d7200000)
 ParOldGen       total 1202176K, used 1201720K [0x0000000080000000, 0x00000000c9600000, 0x00000000d5580000)
  object space 1202176K, 99% used [0x0000000080000000,0x00000000c958e340,0x00000000c9600000)
 Metaspace       used 98410K, committed 99968K, reserved 1179648K
  class space    used 9666K, committed 10496K, reserved 1048576K
}
Event: 382994.397 GC heap after
{Heap after GC invocations=8165 (full 12):
 PSYoungGen      total 17408K, used 7782K [0x00000000d5580000, 0x00000000d7480000, 0x0000000100000000)
  eden space 9216K, 0% used [0x00000000d5580000,0x00000000d5580000,0x00000000d5e80000)
  from space 8192K, 95% used [0x00000000d5e80000,0x00000000d66199d0,0x00000000d6680000)
  to   space 11264K, 0% used [0x00000000d6980000,0x00000000d6980000,0x00000000d7480000)
 ParOldGen       total 1202688K, used 1202272K [0x0000000080000000, 0x00000000c9680000, 0x00000000d5580000)
  object space 1202688K, 99% used [0x0000000080000000,0x00000000c9618340,0x00000000c9680000)
 Metaspace       used 98410K, committed 99968K, reserved 1179648K
  class space    used 9666K, committed 10496K, reserved 1048576K
}
Event: 382996.669 GC heap before
{Heap before GC invocations=8166 (full 12):
 PSYoungGen      total 17408K, used 16985K [0x00000000d5580000, 0x00000000d7480000, 0x0000000100000000)
  eden space 9216K, 99% used [0x00000000d5580000,0x00000000d5e7ccc8,0x00000000d5e80000)
  from space 8192K, 95% used [0x00000000d5e80000,0x00000000d66199d0,0x00000000d6680000)
  to   space 11264K, 0% used [0x00000000d6980000,0x00000000d6980000,0x00000000d7480000)
 ParOldGen       total 1202688K, used 1202272K [0x0000000080000000, 0x00000000c9680000, 0x00000000d5580000)
  object space 1202688K, 99% used [0x0000000080000000,0x00000000c9618340,0x00000000c9680000)
 Metaspace       used 98410K, committed 99968K, reserved 1179648K
  class space    used 9666K, committed 10496K, reserved 1048576K
}
Event: 382996.682 GC heap after
{Heap after GC invocations=8166 (full 12):
 PSYoungGen      total 15360K, used 5990K [0x00000000d5580000, 0x00000000d6f80000, 0x0000000100000000)
  eden space 9216K, 0% used [0x00000000d5580000,0x00000000d5580000,0x00000000d5e80000)
  from space 6144K, 97% used [0x00000000d6980000,0x00000000d6f59af0,0x00000000d6f80000)
  to   space 7680K, 0% used [0x00000000d6080000,0x00000000d6080000,0x00000000d6800000)
 ParOldGen       total 1208320K, used 1208176K [0x0000000080000000, 0x00000000c9c00000, 0x00000000d5580000)
  object space 1208320K, 99% used [0x0000000080000000,0x00000000c9bdc340,0x00000000c9c00000)
 Metaspace       used 98410K, committed 99968K, reserved 1179648K
  class space    used 9666K, committed 10496K, reserved 1048576K
}
Event: 385543.903 GC heap before
{Heap before GC invocations=8167 (full 12):
 PSYoungGen      total 15360K, used 15206K [0x00000000d5580000, 0x00000000d6f80000, 0x0000000100000000)
  eden space 9216K, 100% used [0x00000000d5580000,0x00000000d5e80000,0x00000000d5e80000)
  from space 6144K, 97% used [0x00000000d6980000,0x00000000d6f59af0,0x00000000d6f80000)
  to   space 7680K, 0% used [0x00000000d6080000,0x00000000d6080000,0x00000000d6800000)
 ParOldGen       total 1240064K, used 1238896K [0x0000000080000000, 0x00000000cbb00000, 0x00000000d5580000)
  object space 1240064K, 99% used [0x0000000080000000,0x00000000cb9dc370,0x00000000cbb00000)
 Metaspace       used 98429K, committed 100032K, reserved 1179648K
  class space    used 9666K, committed 10496K, reserved 1048576K
}
Event: 385544.053 GC heap after
{Heap after GC invocations=8167 (full 12):
 PSYoungGen      total 9728K, used 256K [0x00000000d5580000, 0x00000000d6a00000, 0x0000000100000000)
  eden space 9216K, 0% used [0x00000000d5580000,0x00000000d5580000,0x00000000d5e80000)
  from space 512K, 50% used [0x00000000d6080000,0x00000000d60c0000,0x00000000d6100000)
  to   space 3072K, 0% used [0x00000000d6700000,0x00000000d6700000,0x00000000d6a00000)
 ParOldGen       total 1241088K, used 1240901K [0x0000000080000000, 0x00000000cbc00000, 0x00000000d5580000)
  object space 1241088K, 99% used [0x0000000080000000,0x00000000cbbd15a8,0x00000000cbc00000)
 Metaspace       used 98429K, committed 100032K, reserved 1179648K
  class space    used 9666K, committed 10496K, reserved 1048576K
}
Event: 416093.889 GC heap before
{Heap before GC invocations=8168 (full 12):
 PSYoungGen      total 9728K, used 9472K [0x00000000d5580000, 0x00000000d6a00000, 0x0000000100000000)
  eden space 9216K, 100% used [0x00000000d5580000,0x00000000d5e80000,0x00000000d5e80000)
  from space 512K, 50% used [0x00000000d6080000,0x00000000d60c0000,0x00000000d6100000)
  to   space 3072K, 0% used [0x00000000d6700000,0x00000000d6700000,0x00000000d6a00000)
 ParOldGen       total 1241088K, used 1240901K [0x0000000080000000, 0x00000000cbc00000, 0x00000000d5580000)
  object space 1241088K, 99% used [0x0000000080000000,0x00000000cbbd15a8,0x00000000cbc00000)
 Metaspace       used 98429K, committed 100032K, reserved 1179648K
  class space    used 9666K, committed 10496K, reserved 1048576K
}
Event: 416093.963 GC heap after
{Heap after GC invocations=8168 (full 12):
 PSYoungGen      total 9728K, used 192K [0x00000000d5580000, 0x00000000d6780000, 0x0000000100000000)
  eden space 9216K, 0% used [0x00000000d5580000,0x00000000d5580000,0x00000000d5e80000)
  from space 512K, 37% used [0x00000000d6700000,0x00000000d6730000,0x00000000d6780000)
  to   space 1024K, 0% used [0x00000000d6580000,0x00000000d6580000,0x00000000d6680000)
 ParOldGen       total 1241088K, used 1241045K [0x0000000080000000, 0x00000000cbc00000, 0x00000000d5580000)
  object space 1241088K, 99% used [0x0000000080000000,0x00000000cbbf55a8,0x00000000cbc00000)
 Metaspace       used 98429K, committed 100032K, reserved 1179648K
  class space    used 9666K, committed 10496K, reserved 1048576K
}
Event: 458795.097 GC heap before
{Heap before GC invocations=8169 (full 12):
 PSYoungGen      total 9728K, used 9408K [0x00000000d5580000, 0x00000000d6780000, 0x0000000100000000)
  eden space 9216K, 100% used [0x00000000d5580000,0x00000000d5e80000,0x00000000d5e80000)
  from space 512K, 37% used [0x00000000d6700000,0x00000000d6730000,0x00000000d6780000)
  to   space 1024K, 0% used [0x00000000d6580000,0x00000000d6580000,0x00000000d6680000)
 ParOldGen       total 1241088K, used 1241045K [0x0000000080000000, 0x00000000cbc00000, 0x00000000d5580000)
  object space 1241088K, 99% used [0x0000000080000000,0x00000000cbbf55a8,0x00000000cbc00000)
 Metaspace       used 98430K, committed 100032K, reserved 1179648K
  class space    used 9666K, committed 10496K, reserved 1048576K
}
Event: 458795.401 GC heap after
{Heap after GC invocations=8169 (full 12):
 PSYoungGen      total 10240K, used 192K [0x00000000d5580000, 0x00000000d6780000, 0x0000000100000000)
  eden space 9216K, 0% used [0x00000000d5580000,0x00000000d5580000,0x00000000d5e80000)
  from space 1024K, 18% used [0x00000000d6580000,0x00000000d65b0000,0x00000000d6680000)
  to   space 512K, 0% used [0x00000000d6700000,0x00000000d6700000,0x00000000d6780000)
 ParOldGen       total 1241088K, used 1241045K [0x0000000080000000, 0x00000000cbc00000, 0x00000000d5580000)
  object space 1241088K, 99% used [0x0000000080000000,0x00000000cbbf55a8,0x00000000cbc00000)
 Metaspace       used 98430K, committed 100032K, reserved 1179648K
  class space    used 9666K, committed 10496K, reserved 1048576K
}
Event: 513164.213 GC heap before
{Heap before GC invocations=8170 (full 12):
 PSYoungGen      total 10240K, used 9408K [0x00000000d5580000, 0x00000000d6780000, 0x0000000100000000)
  eden space 9216K, 100% used [0x00000000d5580000,0x00000000d5e80000,0x00000000d5e80000)
  from space 1024K, 18% used [0x00000000d6580000,0x00000000d65b0000,0x00000000d6680000)
  to   space 512K, 0% used [0x00000000d6700000,0x00000000d6700000,0x00000000d6780000)
 ParOldGen       total 1241088K, used 1241045K [0x0000000080000000, 0x00000000cbc00000, 0x00000000d5580000)
  object space 1241088K, 99% used [0x0000000080000000,0x00000000cbbf55a8,0x00000000cbc00000)
 Metaspace       used 98430K, committed 100032K, reserved 1179648K
  class space    used 9666K, committed 10496K, reserved 1048576K
}
Event: 513164.493 GC heap after
{Heap after GC invocations=8170 (full 12):
 PSYoungGen      total 9728K, used 192K [0x00000000d5580000, 0x00000000d6780000, 0x0000000100000000)
  eden space 9216K, 0% used [0x00000000d5580000,0x00000000d5580000,0x00000000d5e80000)
  from space 512K, 37% used [0x00000000d6700000,0x00000000d6730000,0x00000000d6780000)
  to   space 512K, 0% used [0x00000000d6680000,0x00000000d6680000,0x00000000d6700000)
 ParOldGen       total 1241088K, used 1241077K [0x0000000080000000, 0x00000000cbc00000, 0x00000000d5580000)
  object space 1241088K, 99% used [0x0000000080000000,0x00000000cbbfd5a8,0x00000000cbc00000)
 Metaspace       used 98430K, committed 100032K, reserved 1179648K
  class space    used 9666K, committed 10496K, reserved 1048576K
}
Event: 515013.132 GC heap before
{Heap before GC invocations=8171 (full 12):
 PSYoungGen      total 9728K, used 9408K [0x00000000d5580000, 0x00000000d6780000, 0x0000000100000000)
  eden space 9216K, 100% used [0x00000000d5580000,0x00000000d5e80000,0x00000000d5e80000)
  from space 512K, 37% used [0x00000000d6700000,0x00000000d6730000,0x00000000d6780000)
  to   space 512K, 0% used [0x00000000d6680000,0x00000000d6680000,0x00000000d6700000)
 ParOldGen       total 1241088K, used 1241077K [0x0000000080000000, 0x00000000cbc00000, 0x00000000d5580000)
  object space 1241088K, 99% used [0x0000000080000000,0x00000000cbbfd5a8,0x00000000cbc00000)
 Metaspace       used 98430K, committed 100032K, reserved 1179648K
  class space    used 9666K, committed 10496K, reserved 1048576K
}
Event: 515013.328 GC heap after
{Heap after GC invocations=8171 (full 12):
 PSYoungGen      total 9728K, used 224K [0x00000000d5580000, 0x00000000d6780000, 0x0000000100000000)
  eden space 9216K, 0% used [0x00000000d5580000,0x00000000d5580000,0x00000000d5e80000)
  from space 512K, 43% used [0x00000000d6680000,0x00000000d66b8000,0x00000000d6700000)
  to   space 512K, 0% used [0x00000000d6700000,0x00000000d6700000,0x00000000d6780000)
 ParOldGen       total 1241088K, used 1241077K [0x0000000080000000, 0x00000000cbc00000, 0x00000000d5580000)
  object space 1241088K, 99% used [0x0000000080000000,0x00000000cbbfd5a8,0x00000000cbc00000)
 Metaspace       used 98430K, committed 100032K, reserved 1179648K
  class space    used 9666K, committed 10496K, reserved 1048576K
}

Dll operation events (12 events):
Event: 0.015 Loaded shared library c:\Users\hmfar\.vscode\extensions\redhat.java-1.44.0-win32-x64\jre\21.0.8-win32-x86_64\bin\java.dll
Event: 0.126 Loaded shared library c:\Users\hmfar\.vscode\extensions\redhat.java-1.44.0-win32-x64\jre\21.0.8-win32-x86_64\bin\zip.dll
Event: 0.151 Loaded shared library C:\Users\hmfar\.vscode\extensions\redhat.java-1.44.0-win32-x64\jre\21.0.8-win32-x86_64\bin\instrument.dll
Event: 0.165 Loaded shared library C:\Users\hmfar\.vscode\extensions\redhat.java-1.44.0-win32-x64\jre\21.0.8-win32-x86_64\bin\net.dll
Event: 0.168 Loaded shared library C:\Users\hmfar\.vscode\extensions\redhat.java-1.44.0-win32-x64\jre\21.0.8-win32-x86_64\bin\nio.dll
Event: 0.172 Loaded shared library C:\Users\hmfar\.vscode\extensions\redhat.java-1.44.0-win32-x64\jre\21.0.8-win32-x86_64\bin\zip.dll
Event: 0.193 Loaded shared library C:\Users\hmfar\.vscode\extensions\redhat.java-1.44.0-win32-x64\jre\21.0.8-win32-x86_64\bin\jimage.dll
Event: 0.292 Loaded shared library c:\Users\hmfar\.vscode\extensions\redhat.java-1.44.0-win32-x64\jre\21.0.8-win32-x86_64\bin\verify.dll
Event: 1.599 Loaded shared library C:\Users\hmfar\AppData\Roaming\Code\User\globalStorage\redhat.java\1.44.0\config_win\org.eclipse.equinox.launcher\org.eclipse.equinox.launcher.win32.win32.x86_64_1.2.1400.v20250730-1736\eclipse_11913.dll
Event: 3.380 Loaded shared library C:\Users\hmfar\AppData\Local\Temp\jna-99394546\jna3797451535199425844.dll
Event: 5.872 Loaded shared library C:\Users\hmfar\.vscode\extensions\redhat.java-1.44.0-win32-x64\jre\21.0.8-win32-x86_64\bin\sunmscapi.dll
Event: 6.027 Loaded shared library C:\Users\hmfar\.vscode\extensions\redhat.java-1.44.0-win32-x64\jre\21.0.8-win32-x86_64\bin\extnet.dll

Deoptimization events (20 events):
Event: 344450.562 Thread 0x000000006223f8a0 DEOPT PACKING pc=0x000000000efa3578 sp=0x0000000067b1eff0
Event: 344450.562 Thread 0x000000006223f8a0 DEOPT UNPACKING pc=0x000000000d236da2 sp=0x0000000067b1ef20 mode 2
Event: 344453.471 Thread 0x0000000071769b10 DEOPT PACKING pc=0x0000000005d252a4 sp=0x0000000063f5ec30
Event: 344453.472 Thread 0x0000000071769b10 DEOPT UNPACKING pc=0x000000000d2378e2 sp=0x0000000063f5e0b8 mode 0
Event: 345090.207 Thread 0x0000000065e7ba00 Uncommon trap: trap_request=0xffffff66 fr.pc=0x000000000d872bb0 relative=0x0000000000000b50
Event: 345090.208 Thread 0x0000000065e7ba00 Uncommon trap: reason=speculate_class_check action=maybe_recompile pc=0x000000000d872bb0 method=org.eclipse.core.internal.resources.Resource.isFilteredWithException(Z)Z @ 8 c2
Event: 345090.208 Thread 0x0000000065e7ba00 DEOPT PACKING pc=0x000000000d872bb0 sp=0x0000000067c6f070
Event: 345090.211 Thread 0x0000000065e7ba00 DEOPT UNPACKING pc=0x000000000d236da2 sp=0x0000000067c6f048 mode 2
Event: 382997.011 Thread 0x00000000717673b0 Uncommon trap: trap_request=0xffffff45 fr.pc=0x000000000f9fe35c relative=0x00000000000010bc
Event: 382997.012 Thread 0x00000000717673b0 Uncommon trap: reason=unstable_if action=reinterpret pc=0x000000000f9fe35c method=org.eclipse.core.internal.localstore.UnifiedTree.addChildren(Lorg/eclipse/core/internal/localstore/UnifiedTreeNode;)V @ 261 c2
Event: 382997.012 Thread 0x00000000717673b0 DEOPT PACKING pc=0x000000000f9fe35c sp=0x0000000067a1e360
Event: 382997.013 Thread 0x00000000717673b0 DEOPT UNPACKING pc=0x000000000d236da2 sp=0x0000000067a1e300 mode 2
Event: 383007.747 Thread 0x0000000065e7ba00 Uncommon trap: trap_request=0xffffff66 fr.pc=0x000000000d872bb0 relative=0x0000000000000b50
Event: 383007.747 Thread 0x0000000065e7ba00 Uncommon trap: reason=speculate_class_check action=maybe_recompile pc=0x000000000d872bb0 method=org.eclipse.core.internal.resources.Resource.isFilteredWithException(Z)Z @ 8 c2
Event: 383007.747 Thread 0x0000000065e7ba00 DEOPT PACKING pc=0x000000000d872bb0 sp=0x0000000067c6f070
Event: 383007.748 Thread 0x0000000065e7ba00 DEOPT UNPACKING pc=0x000000000d236da2 sp=0x0000000067c6f048 mode 2
Event: 383007.868 Thread 0x0000000062245480 Uncommon trap: trap_request=0xffffff45 fr.pc=0x000000000e64fb54 relative=0x00000000000019d4
Event: 383007.869 Thread 0x0000000062245480 Uncommon trap: reason=unstable_if action=reinterpret pc=0x000000000e64fb54 method=org.eclipse.core.internal.filesystem.local.Win32Handler.fetchFileInfo(Ljava/lang/String;)Lorg/eclipse/core/filesystem/provider/FileInfo; @ 113 c2
Event: 383007.870 Thread 0x0000000062245480 DEOPT PACKING pc=0x000000000e64fb54 sp=0x000000000084e7b0
Event: 383007.870 Thread 0x0000000062245480 DEOPT UNPACKING pc=0x000000000d236da2 sp=0x000000000084e780 mode 2

Classes loaded (20 events):
Event: 331311.472 Loading class jdk/internal/module/IllegalAccessLogger
Event: 331311.472 Loading class jdk/internal/module/IllegalAccessLogger done
Event: 331332.659 Loading class java/lang/StringLatin1$CharsSpliterator
Event: 331332.661 Loading class java/lang/StringLatin1$CharsSpliterator done
Event: 331333.685 Loading class jdk/internal/module/IllegalAccessLogger
Event: 331333.685 Loading class jdk/internal/module/IllegalAccessLogger done
Event: 331338.984 Loading class jdk/internal/module/IllegalAccessLogger
Event: 331338.984 Loading class jdk/internal/module/IllegalAccessLogger done
Event: 331439.761 Loading class jdk/internal/module/IllegalAccessLogger
Event: 331439.761 Loading class jdk/internal/module/IllegalAccessLogger done
Event: 339327.906 Loading class jdk/internal/module/IllegalAccessLogger
Event: 339327.907 Loading class jdk/internal/module/IllegalAccessLogger done
Event: 339333.139 Loading class jdk/internal/module/IllegalAccessLogger
Event: 339333.139 Loading class jdk/internal/module/IllegalAccessLogger done
Event: 344452.806 Loading class jdk/internal/module/IllegalAccessLogger
Event: 344452.806 Loading class jdk/internal/module/IllegalAccessLogger done
Event: 344458.637 Loading class jdk/internal/module/IllegalAccessLogger
Event: 344458.637 Loading class jdk/internal/module/IllegalAccessLogger done
Event: 382996.700 Loading class jdk/internal/module/IllegalAccessLogger
Event: 382996.701 Loading class jdk/internal/module/IllegalAccessLogger done

Classes unloaded (20 events):
Event: 344354.098 Thread 0x0000000002b6a720 Unloading class 0x000000001b27ec00 'jdk/internal/reflect/GeneratedSerializationConstructorAccessor40'
Event: 344354.098 Thread 0x0000000002b6a720 Unloading class 0x000000001b1a7000 'jdk/internal/reflect/GeneratedSerializationConstructorAccessor39'
Event: 344354.098 Thread 0x0000000002b6a720 Unloading class 0x000000001b1a5c00 'jdk/internal/reflect/GeneratedSerializationConstructorAccessor38'
Event: 344354.098 Thread 0x0000000002b6a720 Unloading class 0x000000001b1a4800 'jdk/internal/reflect/GeneratedSerializationConstructorAccessor37'
Event: 344354.098 Thread 0x0000000002b6a720 Unloading class 0x000000001b5b8800 'jdk/internal/reflect/GeneratedSerializationConstructorAccessor36'
Event: 344354.098 Thread 0x0000000002b6a720 Unloading class 0x000000001b749400 'jdk/internal/reflect/GeneratedSerializationConstructorAccessor35'
Event: 344354.098 Thread 0x0000000002b6a720 Unloading class 0x000000001b90d800 'jdk/internal/reflect/GeneratedSerializationConstructorAccessor34'
Event: 344354.098 Thread 0x0000000002b6a720 Unloading class 0x000000001b901c00 'jdk/internal/reflect/GeneratedSerializationConstructorAccessor33'
Event: 344354.098 Thread 0x0000000002b6a720 Unloading class 0x000000001b901000 'java/lang/invoke/LambdaForm$MH+0x000000001b901000'
Event: 344354.098 Thread 0x0000000002b6a720 Unloading class 0x000000001b900400 'java/lang/invoke/LambdaForm$MH+0x000000001b900400'
Event: 344354.098 Thread 0x0000000002b6a720 Unloading class 0x000000001b9d8000 'java/lang/invoke/LambdaForm$MH+0x000000001b9d8000'
Event: 344354.098 Thread 0x0000000002b6a720 Unloading class 0x000000001b9e8800 'java/lang/invoke/LambdaForm$MH+0x000000001b9e8800'
Event: 344354.098 Thread 0x0000000002b6a720 Unloading class 0x000000001ba04400 'java/lang/invoke/LambdaForm$MH+0x000000001ba04400'
Event: 344354.098 Thread 0x0000000002b6a720 Unloading class 0x000000001ba05400 'java/lang/invoke/LambdaForm$MH+0x000000001ba05400'
Event: 344354.098 Thread 0x0000000002b6a720 Unloading class 0x000000001ba30800 'java/lang/invoke/LambdaForm$MH+0x000000001ba30800'
Event: 344354.098 Thread 0x0000000002b6a720 Unloading class 0x000000001b9ab800 'java/lang/invoke/LambdaForm$MH+0x000000001b9ab800'
Event: 344354.099 Thread 0x0000000002b6a720 Unloading class 0x000000001b9ab400 'java/lang/invoke/LambdaForm$MH+0x000000001b9ab400'
Event: 344354.099 Thread 0x0000000002b6a720 Unloading class 0x000000001b9aa400 'java/lang/invoke/LambdaForm$MH+0x000000001b9aa400'
Event: 344354.099 Thread 0x0000000002b6a720 Unloading class 0x000000001b9aac00 'java/lang/invoke/LambdaForm$BMH+0x000000001b9aac00'
Event: 344354.099 Thread 0x0000000002b6a720 Unloading class 0x000000001b9a2000 'java/lang/invoke/LambdaForm$MH+0x000000001b9a2000'

Classes redefined (0 events):
No events

Internal exceptions (20 events):
Event: 344358.960 Thread 0x0000000065e7ace0 Exception <a 'java/lang/NoSuchMethodError'{0x00000000d6682c40}: 'void java.lang.invoke.DelegatingMethodHandle$Holder.reinvoke_L(java.lang.Object, java.lang.Object, int)'> (0x00000000d6682c40) 
thrown [s\src\hotspot\share\interpreter\linkResolver.cpp, line 773]
Event: 344366.788 Thread 0x0000000062241970 Exception <a 'java/lang/ClassNotFoundException'{0x00000000d5fdc018}: sun/net/www/protocol/jdt/Handler> (0x00000000d5fdc018) 
thrown [s\src\hotspot\share\classfile\systemDictionary.cpp, line 312]
Event: 344366.789 Thread 0x0000000062241970 Exception <a 'java/lang/ClassNotFoundException'{0x00000000d5fddec0}: sun/net/www/protocol/jdt/Handler> (0x00000000d5fddec0) 
thrown [s\src\hotspot\share\classfile\systemDictionary.cpp, line 312]
Event: 344366.789 Thread 0x0000000062241970 Exception <a 'java/lang/ClassNotFoundException'{0x00000000d5fe2238}: sun/net/www/protocol/jdt/Handler> (0x00000000d5fe2238) 
thrown [s\src\hotspot\share\classfile\systemDictionary.cpp, line 312]
Event: 344366.789 Thread 0x0000000062241970 Exception <a 'java/lang/ClassNotFoundException'{0x00000000d5fe4468}: sun/net/www/protocol/jdt/Handler> (0x00000000d5fe4468) 
thrown [s\src\hotspot\share\classfile\systemDictionary.cpp, line 312]
Event: 344366.789 Thread 0x0000000062241970 Exception <a 'java/lang/ClassNotFoundException'{0x00000000d5ff6960}: sun/net/www/protocol/jdt/Handler> (0x00000000d5ff6960) 
thrown [s\src\hotspot\share\classfile\systemDictionary.cpp, line 312]
Event: 344367.159 Thread 0x0000000062241970 Exception <a 'java/lang/ClassNotFoundException'{0x00000000d5b648b8}: sun/net/www/protocol/jdt/Handler> (0x00000000d5b648b8) 
thrown [s\src\hotspot\share\classfile\systemDictionary.cpp, line 312]
Event: 344367.159 Thread 0x0000000062241970 Exception <a 'java/lang/ClassNotFoundException'{0x00000000d5b683f0}: sun/net/www/protocol/jdt/Handler> (0x00000000d5b683f0) 
thrown [s\src\hotspot\share\classfile\systemDictionary.cpp, line 312]
Event: 344452.615 Thread 0x00000000614e1ab0 Exception <a 'sun/nio/fs/WindowsException'{0x00000000d5b02cd0}> (0x00000000d5b02cd0) 
thrown [s\src\hotspot\share\prims\jni.cpp, line 520]
Event: 344452.826 Thread 0x00000000614e1ab0 Exception <a 'sun/nio/fs/WindowsException'{0x00000000d5af3e50}> (0x00000000d5af3e50) 
thrown [s\src\hotspot\share\prims\jni.cpp, line 520]
Event: 344458.523 Thread 0x00000000614e1ab0 Exception <a 'sun/nio/fs/WindowsException'{0x00000000d57cbdf8}> (0x00000000d57cbdf8) 
thrown [s\src\hotspot\share\prims\jni.cpp, line 520]
Event: 344458.621 Thread 0x00000000614e1ab0 Exception <a 'sun/nio/fs/WindowsException'{0x00000000d5931620}> (0x00000000d5931620) 
thrown [s\src\hotspot\share\prims\jni.cpp, line 520]
Event: 344752.654 Thread 0x0000000062245480 Exception <a 'java/lang/NoSuchMethodError'{0x00000000d624a9e0}: static Lorg/eclipse/m2e/core/internal/lifecyclemapping/model/PluginExecutionMetadata;.<clinit>()V> (0x00000000d624a9e0) 
thrown [s\src\hotspot\share\prims\jni.cpp, line 1111]
Event: 344752.659 Thread 0x0000000062245480 Exception <a 'java/lang/NoSuchMethodError'{0x00000000d626c588}: static Lorg/eclipse/m2e/core/internal/lifecyclemapping/model/PluginExecutionFilter;.<clinit>()V> (0x00000000d626c588) 
thrown [s\src\hotspot\share\prims\jni.cpp, line 1111]
Event: 344752.660 Thread 0x0000000062245480 Exception <a 'java/lang/NoSuchMethodError'{0x00000000d6285db0}: static Lorg/eclipse/m2e/core/internal/project/registry/MavenProjectFacade$MavenProjectConfiguration;.<clinit>()V> (0x00000000d6285db0) 
thrown [s\src\hotspot\share\prims\jni.cpp, line 1111]
Event: 344752.662 Thread 0x0000000062245480 Exception <a 'java/lang/NoSuchMethodError'{0x00000000d62a0cd8}: static [J.<clinit>()V> (0x00000000d62a0cd8) 
thrown [s\src\hotspot\share\prims\jni.cpp, line 1111]
Event: 382994.298 Thread 0x00000000614e1ab0 Exception <a 'sun/nio/fs/WindowsException'{0x00000000d5d07dc0}> (0x00000000d5d07dc0) 
thrown [s\src\hotspot\share\prims\jni.cpp, line 520]
Event: 382994.429 Thread 0x00000000614e1ab0 Exception <a 'sun/nio/fs/WindowsException'{0x00000000d57f6690}> (0x00000000d57f6690) 
thrown [s\src\hotspot\share\prims\jni.cpp, line 520]
Event: 383007.880 Thread 0x0000000062245480 Exception <a 'sun/nio/fs/WindowsException'{0x00000000d5b5bab8}> (0x00000000d5b5bab8) 
thrown [s\src\hotspot\share\prims\jni.cpp, line 520]
Event: 383007.882 Thread 0x0000000062245480 Exception <a 'sun/nio/fs/WindowsException'{0x00000000d5b5c1f0}> (0x00000000d5b5c1f0) 
thrown [s\src\hotspot\share\prims\jni.cpp, line 520]

ZGC Phase Switch (0 events):
No events

VM Operations (20 events):
Event: 438401.037 Executing VM operation: RendezvousGCThreads
Event: 438401.037 Executing VM operation: RendezvousGCThreads done
Event: 458795.097 Executing VM operation: ParallelGCFailedAllocation (Allocation Failure)
Event: 458795.401 Executing VM operation: ParallelGCFailedAllocation (Allocation Failure) done
Event: 513161.481 Executing VM operation: HandshakeAllThreads (HandshakeForDeflation)
Event: 513161.481 Executing VM operation: HandshakeAllThreads (HandshakeForDeflation) done
Event: 513161.481 Executing VM operation: RendezvousGCThreads
Event: 513161.481 Executing VM operation: RendezvousGCThreads done
Event: 513164.213 Executing VM operation: ParallelGCFailedAllocation (Allocation Failure)
Event: 513164.493 Executing VM operation: ParallelGCFailedAllocation (Allocation Failure) done
Event: 513221.730 Executing VM operation: HandshakeAllThreads (HandshakeForDeflation)
Event: 513221.730 Executing VM operation: HandshakeAllThreads (HandshakeForDeflation) done
Event: 513221.730 Executing VM operation: RendezvousGCThreads
Event: 513221.730 Executing VM operation: RendezvousGCThreads done
Event: 515013.129 Executing VM operation: ParallelGCFailedAllocation (Allocation Failure)
Event: 515013.328 Executing VM operation: ParallelGCFailedAllocation (Allocation Failure) done
Event: 517731.736 Executing VM operation: HandshakeAllThreads (HandshakeForDeflation)
Event: 517731.744 Executing VM operation: HandshakeAllThreads (HandshakeForDeflation) done
Event: 517731.744 Executing VM operation: RendezvousGCThreads
Event: 517731.744 Executing VM operation: RendezvousGCThreads done

Memory protections (0 events):
No events

Nmethod flushes (20 events):
Event: 344355.136 Thread 0x0000000002b6a720 flushing  nmethod 0x0000000009080110
Event: 344355.136 Thread 0x0000000002b6a720 flushing  nmethod 0x0000000009080490
Event: 344355.136 Thread 0x0000000002b6a720 flushing  nmethod 0x0000000009081390
Event: 344355.136 Thread 0x0000000002b6a720 flushing  nmethod 0x000000000908ca10
Event: 344355.136 Thread 0x0000000002b6a720 flushing  nmethod 0x000000000908d810
Event: 344355.136 Thread 0x0000000002b6a720 flushing  nmethod 0x000000000908dc10
Event: 344355.136 Thread 0x0000000002b6a720 flushing  nmethod 0x000000000908e010
Event: 344355.136 Thread 0x0000000002b6a720 flushing  nmethod 0x0000000009090490
Event: 344355.136 Thread 0x0000000002b6a720 flushing  nmethod 0x00000000090e1f10
Event: 344355.136 Thread 0x0000000002b6a720 flushing  nmethod 0x00000000090e9d90
Event: 344355.136 Thread 0x0000000002b6a720 flushing  nmethod 0x00000000090ea190
Event: 344355.136 Thread 0x0000000002b6a720 flushing  nmethod 0x00000000090ea590
Event: 344355.136 Thread 0x0000000002b6a720 flushing  nmethod 0x00000000090ebe90
Event: 344355.136 Thread 0x0000000002b6a720 flushing  nmethod 0x00000000090fae90
Event: 344355.136 Thread 0x0000000002b6a720 flushing  nmethod 0x0000000009106b10
Event: 344355.136 Thread 0x0000000002b6a720 flushing  nmethod 0x0000000009115510
Event: 344355.136 Thread 0x0000000002b6a720 flushing  nmethod 0x0000000009116410
Event: 344355.136 Thread 0x0000000002b6a720 flushing  nmethod 0x0000000009120110
Event: 344355.136 Thread 0x0000000002b6a720 flushing  nmethod 0x0000000009121590
Event: 344355.136 Thread 0x0000000002b6a720 flushing  nmethod 0x0000000009121d10

Events (20 events):
Event: 383114.336 Thread 0x00000000717680d0 Thread exited: 0x00000000717680d0
Event: 383174.349 Thread 0x000000007176cf90 Thread exited: 0x000000007176cf90
Event: 383234.364 Thread 0x000000007176c900 Thread exited: 0x000000007176c900
Event: 383294.289 Thread 0x00000000717673b0 Thread added: 0x000000007176b550
Event: 383294.337 Thread 0x00000000717673b0 Thread added: 0x0000000071767a40
Event: 383294.340 Thread 0x0000000071767a40 Thread exited: 0x0000000071767a40
Event: 383294.494 Thread 0x0000000062245480 Thread exited: 0x0000000062245480
Event: 383294.535 Thread 0x0000000071769b10 Thread exited: 0x0000000071769b10
Event: 387859.666 Thread 0x000000007176b550 Thread added: 0x000000007176cf90
Event: 387859.676 Thread 0x00000000717673b0 Thread exited: 0x00000000717673b0
Event: 429007.277 Thread 0x000000007176b550 Thread added: 0x000000007176bbe0
Event: 429007.278 Thread 0x000000007176cf90 Thread exited: 0x000000007176cf90
Event: 429907.318 Thread 0x000000007176bbe0 Thread added: 0x00000000717673b0
Event: 429967.321 Thread 0x000000007176b550 Thread exited: 0x000000007176b550
Event: 430807.320 Thread 0x00000000717673b0 Thread added: 0x0000000071769b10
Event: 430807.320 Thread 0x000000007176bbe0 Thread exited: 0x000000007176bbe0
Event: 513213.093 Thread 0x00000000717673b0 Thread added: 0x0000000071767a40
Event: 513213.095 Thread 0x0000000071769b10 Thread exited: 0x0000000071769b10
Event: 517713.461 Thread 0x0000000071767a40 Thread added: 0x000000007176b550
Event: 517773.477 Thread 0x000000007176b550 Thread exited: 0x000000007176b550


Dynamic libraries:
0x00007ff608930000 - 0x00007ff60893e000 	c:\Users\hmfar\.vscode\extensions\redhat.java-1.44.0-win32-x64\jre\21.0.8-win32-x86_64\bin\java.exe
0x00007fff1cfd0000 - 0x00007fff1d1e7000 	C:\WINDOWS\SYSTEM32\ntdll.dll
0x00007fff1b680000 - 0x00007fff1b744000 	C:\WINDOWS\System32\KERNEL32.DLL
0x00007fff1a280000 - 0x00007fff1a652000 	C:\WINDOWS\System32\KERNELBASE.dll
0x00007fff11dc0000 - 0x00007fff11e57000 	C:\WINDOWS\SYSTEM32\apphelp.dll
0x00007fff1a990000 - 0x00007fff1aaa1000 	C:\WINDOWS\System32\ucrtbase.dll
0x00007ffef5000000 - 0x00007ffef5018000 	c:\Users\hmfar\.vscode\extensions\redhat.java-1.44.0-win32-x64\jre\21.0.8-win32-x86_64\bin\jli.dll
0x00007fff1b4c0000 - 0x00007fff1b671000 	C:\WINDOWS\System32\USER32.dll
0x00007ffef4f00000 - 0x00007ffef4f1e000 	c:\Users\hmfar\.vscode\extensions\redhat.java-1.44.0-win32-x64\jre\21.0.8-win32-x86_64\bin\VCRUNTIME140.dll
0x00007fff1a180000 - 0x00007fff1a1a6000 	C:\WINDOWS\System32\win32u.dll
0x00007fff1c4a0000 - 0x00007fff1c4c9000 	C:\WINDOWS\System32\GDI32.dll
0x00007fff1ab30000 - 0x00007fff1ac53000 	C:\WINDOWS\System32\gdi32full.dll
0x00007fff040f0000 - 0x00007fff0438b000 	C:\WINDOWS\WinSxS\amd64_microsoft.windows.common-controls_6595b64144ccf1df_6.0.22621.5547_none_27104afb73855772\COMCTL32.dll
0x00007fff1a1e0000 - 0x00007fff1a27a000 	C:\WINDOWS\System32\msvcp_win.dll
0x00007fff1ce70000 - 0x00007fff1cf17000 	C:\WINDOWS\System32\msvcrt.dll
0x00007fff1ba90000 - 0x00007fff1bac1000 	C:\WINDOWS\System32\IMM32.DLL
0x00007fff0dcb0000 - 0x00007fff0dcbc000 	c:\Users\hmfar\.vscode\extensions\redhat.java-1.44.0-win32-x64\jre\21.0.8-win32-x86_64\bin\vcruntime140_1.dll
0x00007ffed8e40000 - 0x00007ffed8ecd000 	c:\Users\hmfar\.vscode\extensions\redhat.java-1.44.0-win32-x64\jre\21.0.8-win32-x86_64\bin\msvcp140.dll
0x00007ffeb1e30000 - 0x00007ffeb2bc7000 	c:\Users\hmfar\.vscode\extensions\redhat.java-1.44.0-win32-x64\jre\21.0.8-win32-x86_64\bin\server\jvm.dll
0x00007fff1b8e0000 - 0x00007fff1b991000 	C:\WINDOWS\System32\ADVAPI32.dll
0x00007fff1b3f0000 - 0x00007fff1b498000 	C:\WINDOWS\System32\sechost.dll
0x00007fff1a1b0000 - 0x00007fff1a1d8000 	C:\WINDOWS\System32\bcrypt.dll
0x00007fff1b750000 - 0x00007fff1b864000 	C:\WINDOWS\System32\RPCRT4.dll
0x00007fff1b9a0000 - 0x00007fff1ba11000 	C:\WINDOWS\System32\WS2_32.dll
0x00007fff19a50000 - 0x00007fff19a9d000 	C:\WINDOWS\SYSTEM32\POWRPROF.dll
0x00007fff11b90000 - 0x00007fff11bc4000 	C:\WINDOWS\SYSTEM32\WINMM.dll
0x00007fff0ec90000 - 0x00007fff0ec9a000 	C:\WINDOWS\SYSTEM32\VERSION.dll
0x00007fff19a30000 - 0x00007fff19a43000 	C:\WINDOWS\SYSTEM32\UMPDC.dll
0x00007fff190b0000 - 0x00007fff190c8000 	C:\WINDOWS\SYSTEM32\kernel.appcore.dll
0x00007ffefda90000 - 0x00007ffefda9a000 	c:\Users\hmfar\.vscode\extensions\redhat.java-1.44.0-win32-x64\jre\21.0.8-win32-x86_64\bin\jimage.dll
0x00007fff178d0000 - 0x00007fff17b03000 	C:\WINDOWS\SYSTEM32\DBGHELP.DLL
0x00007fff1cab0000 - 0x00007fff1ce43000 	C:\WINDOWS\System32\combase.dll
0x00007fff1c4d0000 - 0x00007fff1c5a7000 	C:\WINDOWS\System32\OLEAUT32.dll
0x00007fff0f200000 - 0x00007fff0f232000 	C:\WINDOWS\SYSTEM32\dbgcore.DLL
0x00007fff1a660000 - 0x00007fff1a6db000 	C:\WINDOWS\System32\bcryptPrimitives.dll
0x00007ffef4f80000 - 0x00007ffef4f8f000 	c:\Users\hmfar\.vscode\extensions\redhat.java-1.44.0-win32-x64\jre\21.0.8-win32-x86_64\bin\instrument.dll
0x00007ffef4ed0000 - 0x00007ffef4eef000 	c:\Users\hmfar\.vscode\extensions\redhat.java-1.44.0-win32-x64\jre\21.0.8-win32-x86_64\bin\java.dll
0x00007fff1bbf0000 - 0x00007fff1c492000 	C:\WINDOWS\System32\SHELL32.dll
0x00007fff1a6e0000 - 0x00007fff1a81f000 	C:\WINDOWS\System32\wintypes.dll
0x00007fff17fa0000 - 0x00007fff188bd000 	C:\WINDOWS\SYSTEM32\windows.storage.dll
0x00007fff1b1c0000 - 0x00007fff1b2cc000 	C:\WINDOWS\System32\SHCORE.dll
0x00007fff1ba20000 - 0x00007fff1ba89000 	C:\WINDOWS\System32\shlwapi.dll
0x00007fff19ff0000 - 0x00007fff1a01b000 	C:\WINDOWS\SYSTEM32\profapi.dll
0x00007ffef3ce0000 - 0x00007ffef3cf8000 	c:\Users\hmfar\.vscode\extensions\redhat.java-1.44.0-win32-x64\jre\21.0.8-win32-x86_64\bin\zip.dll
0x00007ffef3cd0000 - 0x00007ffef3ce0000 	C:\Users\hmfar\.vscode\extensions\redhat.java-1.44.0-win32-x64\jre\21.0.8-win32-x86_64\bin\net.dll
0x00007fff166e0000 - 0x00007fff1680c000 	C:\WINDOWS\SYSTEM32\WINHTTP.dll
0x00007fff19520000 - 0x00007fff19589000 	C:\WINDOWS\system32\mswsock.dll
0x00007ffeeb4d0000 - 0x00007ffeeb4e6000 	C:\Users\hmfar\.vscode\extensions\redhat.java-1.44.0-win32-x64\jre\21.0.8-win32-x86_64\bin\nio.dll
0x00007ffeeb110000 - 0x00007ffeeb120000 	c:\Users\hmfar\.vscode\extensions\redhat.java-1.44.0-win32-x64\jre\21.0.8-win32-x86_64\bin\verify.dll
0x00007ffee6d40000 - 0x00007ffee6d85000 	C:\Users\hmfar\AppData\Roaming\Code\User\globalStorage\redhat.java\1.44.0\config_win\org.eclipse.equinox.launcher\org.eclipse.equinox.launcher.win32.win32.x86_64_1.2.1400.v20250730-1736\eclipse_11913.dll
0x00007fff1ac60000 - 0x00007fff1ae00000 	C:\WINDOWS\System32\ole32.dll
0x00007fff19810000 - 0x00007fff1982b000 	C:\WINDOWS\SYSTEM32\CRYPTSP.dll
0x00007fff19010000 - 0x00007fff19047000 	C:\WINDOWS\system32\rsaenh.dll
0x00007fff195c0000 - 0x00007fff195e8000 	C:\WINDOWS\SYSTEM32\USERENV.dll
0x00007fff19720000 - 0x00007fff1972c000 	C:\WINDOWS\SYSTEM32\CRYPTBASE.dll
0x00007fff18b60000 - 0x00007fff18b8d000 	C:\WINDOWS\SYSTEM32\IPHLPAPI.DLL
0x00007fff1cf80000 - 0x00007fff1cf89000 	C:\WINDOWS\System32\NSI.dll
0x00007ffed8df0000 - 0x00007ffed8e39000 	C:\Users\hmfar\AppData\Local\Temp\jna-99394546\jna3797451535199425844.dll
0x00007fff1b3e0000 - 0x00007fff1b3e8000 	C:\WINDOWS\System32\PSAPI.DLL
0x00007fff11f70000 - 0x00007fff11f89000 	C:\WINDOWS\SYSTEM32\dhcpcsvc6.DLL
0x00007fff12070000 - 0x00007fff1208f000 	C:\WINDOWS\SYSTEM32\dhcpcsvc.DLL
0x00007ffee9c80000 - 0x00007ffee9c8e000 	C:\Users\hmfar\.vscode\extensions\redhat.java-1.44.0-win32-x64\jre\21.0.8-win32-x86_64\bin\sunmscapi.dll
0x00007fff1a820000 - 0x00007fff1a987000 	C:\WINDOWS\System32\CRYPT32.dll
0x00007fff19a00000 - 0x00007fff19a2d000 	C:\WINDOWS\SYSTEM32\ncrypt.dll
0x00007fff199c0000 - 0x00007fff199f7000 	C:\WINDOWS\SYSTEM32\NTASN1.dll
0x00007fff18b90000 - 0x00007fff18c88000 	C:\WINDOWS\SYSTEM32\DNSAPI.dll
0x00007fff11b80000 - 0x00007fff11b8a000 	C:\Windows\System32\rasadhlp.dll
0x00007fff0fe30000 - 0x00007fff0feb4000 	C:\WINDOWS\System32\fwpuclnt.dll
0x00007ffee9c70000 - 0x00007ffee9c79000 	C:\Users\hmfar\.vscode\extensions\redhat.java-1.44.0-win32-x64\jre\21.0.8-win32-x86_64\bin\extnet.dll

JVMTI agents:
c:\Users\hmfar\.vscode\extensions\redhat.java-1.44.0-win32-x64\lombok\lombok-1.18.39-4050.jar path:c:\Users\hmfar\.vscode\extensions\redhat.java-1.44.0-win32-x64\jre\21.0.8-win32-x86_64\bin\instrument.dll, loaded, initialized, instrumentlib options:none

dbghelp: loaded successfully - version: 4.0.5 - missing functions: none
symbol engine: initialized successfully - sym options: 0x614 - pdb path: .;c:\Users\hmfar\.vscode\extensions\redhat.java-1.44.0-win32-x64\jre\21.0.8-win32-x86_64\bin;C:\WINDOWS\SYSTEM32;C:\WINDOWS\WinSxS\amd64_microsoft.windows.common-controls_6595b64144ccf1df_6.0.22621.5547_none_27104afb73855772;c:\Users\hmfar\.vscode\extensions\redhat.java-1.44.0-win32-x64\jre\21.0.8-win32-x86_64\bin\server;C:\Users\hmfar\AppData\Roaming\Code\User\globalStorage\redhat.java\1.44.0\config_win\org.eclipse.equinox.launcher\org.eclipse.equinox.launcher.win32.win32.x86_64_1.2.1400.v20250730-1736;C:\Users\hmfar\AppData\Local\Temp\jna-99394546

VM Arguments:
jvm_args: --add-modules=ALL-SYSTEM --add-opens=java.base/java.util=ALL-UNNAMED --add-opens=java.base/java.lang=ALL-UNNAMED --add-opens=java.base/sun.nio.fs=ALL-UNNAMED -Declipse.application=org.eclipse.jdt.ls.core.id1 -Dosgi.bundles.defaultStartLevel=4 -Declipse.product=org.eclipse.jdt.ls.core.product -Djava.import.generatesMetadataFilesAtProjectRoot=false -DDetectVMInstallationsJob.disabled=true -Dfile.encoding=utf8 -XX:+UseParallelGC -XX:GCTimeRatio=4 -XX:AdaptiveSizePolicyWeight=90 -Dsun.zip.disableMemoryMapping=true -Xmx2G -Xms100m -Xlog:disable -javaagent:c:\Users\hmfar\.vscode\extensions\redhat.java-1.44.0-win32-x64\lombok\lombok-1.18.39-4050.jar -XX:+HeapDumpOnOutOfMemoryError -XX:HeapDumpPath=c:\Users\hmfar\AppData\Roaming\Code\User\workspaceStorage\c3a96d27314cb5bde88c8915a752ecbe\redhat.java -Daether.dependencyCollector.impl=bf 
java_command: c:\Users\hmfar\.vscode\extensions\redhat.java-1.44.0-win32-x64\server\plugins\org.eclipse.equinox.launcher_1.7.0.v20250519-0528.jar -configuration c:\Users\hmfar\AppData\Roaming\Code\User\globalStorage\redhat.java\1.44.0\config_win -data c:\Users\hmfar\AppData\Roaming\Code\User\workspaceStorage\c3a96d27314cb5bde88c8915a752ecbe\redhat.java\jdt_ws --pipe=\\.\pipe\lsp-57fa7e96caf2ede7ba5b5cb046e9b89d-sock
java_class_path (initial): c:\Users\hmfar\.vscode\extensions\redhat.java-1.44.0-win32-x64\server\plugins\org.eclipse.equinox.launcher_1.7.0.v20250519-0528.jar
Launcher Type: SUN_STANDARD

[Global flags]
    uintx AdaptiveSizePolicyWeight                 = 90                                        {product} {command line}
     intx CICompilerCount                          = 4                                         {product} {ergonomic}
    uintx GCTimeRatio                              = 4                                         {product} {command line}
     bool HeapDumpOnOutOfMemoryError               = true                                   {manageable} {command line}
    ccstr HeapDumpPath                             = c:\Users\hmfar\AppData\Roaming\Code\User\workspaceStorage\c3a96d27314cb5bde88c8915a752ecbe\redhat.java         {manageable} {command line}
   size_t InitialHeapSize                          = 104857600                                 {product} {command line}
   size_t MaxHeapSize                              = 2147483648                                {product} {command line}
   size_t MaxNewSize                               = 715653120                                 {product} {ergonomic}
   size_t MinHeapDeltaBytes                        = 524288                                    {product} {ergonomic}
   size_t MinHeapSize                              = 104857600                                 {product} {command line}
   size_t NewSize                                  = 34603008                                  {product} {ergonomic}
    uintx NonNMethodCodeHeapSize                   = 5839372                                {pd product} {ergonomic}
    uintx NonProfiledCodeHeapSize                  = 122909434                              {pd product} {ergonomic}
   size_t OldSize                                  = 70254592                                  {product} {ergonomic}
    uintx ProfiledCodeHeapSize                     = 122909434                              {pd product} {ergonomic}
    uintx ReservedCodeCacheSize                    = 251658240                              {pd product} {ergonomic}
     bool SegmentedCodeCache                       = true                                      {product} {ergonomic}
   size_t SoftMaxHeapSize                          = 2147483648                             {manageable} {ergonomic}
     bool UseCompressedOops                        = true                           {product lp64_product} {ergonomic}
     bool UseLargePagesIndividualAllocation        = false                                  {pd product} {ergonomic}
     bool UseParallelGC                            = true                                      {product} {command line}

Logging:
Log output configuration:
 #0: stdout all=off uptime,level,tags foldmultilines=false
 #1: stderr all=off uptime,level,tags foldmultilines=false

Environment Variables:
JAVA_HOME=C:\Program Files\Java\jdk-17
PATH=C:\Program Files\Common Files\Oracle\Java\javapath;C:\Program Files\Java\jdk1.8.0_172\bin;C:\Program Files (x86)\Common Files\Intel\Shared Libraries\redist\intel64\compiler;C:\Python311\Scripts\;C:\Python311\;C:\Program Files (x86)\Common Files\Oracle\Java\javapath;C:\WINDOWS\system32;C:\WINDOWS;C:\WINDOWS\System32\Wbem;C:\WINDOWS\System32\WindowsPowerShell\v1.0\;C:\WINDOWS\System32\OpenSSH\;C:\Program Files\Java\jdk1.8.0_172\bin;C:\ProgramData\chocolatey\bin;D:\Programming\apache-maven-3.8.6-bin\apache-maven-3.8.6\bin;C:\Program Files\PuTTY\;C:\Program Files\nodejs\;C:\Program Files\Java\jdk-17\bin;C:\Program Files\Java\jdk-11\bin;C:\Users\hmfar\AppData\Local\Microsoft\WindowsApps;C:\Users\hmfar\AppData\Local\Programs\Microsoft VS Code\bin;C:\Users\hmfar\AppData\Roaming\npm;
USERNAME=hmfar
OS=Windows_NT
PROCESSOR_IDENTIFIER=Intel64 Family 6 Model 140 Stepping 1, GenuineIntel
TMP=C:\Users\hmfar\AppData\Local\Temp
TEMP=C:\Users\hmfar\AppData\Local\Temp




Periodic native trim disabled

---------------  S Y S T E M  ---------------

OS:
 Windows 11 , 64 bit Build 22621 (10.0.22621.5415)
OS uptime: 21 days 23:36 hours
Hyper-V role detected

CPU: total 8 (initial active 8) (4 cores per cpu, 2 threads per core) family 6 model 140 stepping 1 microcode 0x86, cx8, cmov, fxsr, ht, mmx, 3dnowpref, sse, sse2, sse3, ssse3, sse4.1, sse4.2, popcnt, lzcnt, tsc, tscinvbit, avx, avx2, aes, erms, clmul, bmi1, bmi2, adx, avx512f, avx512dq, avx512cd, avx512bw, avx512vl, sha, fma, vzeroupper, avx512_vpopcntdq, avx512_vpclmulqdq, avx512_vaes, avx512_vnni, clflush, clflushopt, clwb, avx512_vbmi2, avx512_vbmi, hv, rdtscp, rdpid, fsrm, gfni, avx512_bitalg, f16c, cet_ibt, cet_ss, avx512_ifma
Processor Information for the first 8 processors :
  Max Mhz: 3110, Current Mhz: 3110, Mhz Limit: 3110

Memory: 4k page, system-wide physical 7975M (1053M free)
TotalPageFile size 26725M (AvailPageFile size 133M)
current process WorkingSet (physical memory assigned to process): 11M, peak: 1708M
current process commit charge ("private bytes"): 1648M, peak: 1817M

vm_info: OpenJDK 64-Bit Server VM (21.0.8+9-LTS) for windows-amd64 JRE (21.0.8+9-LTS), built on 2025-07-15T00:00:00Z by "admin" with MS VC++ 17.7 (VS2022)

END.
