#
# There is insufficient memory for the Java Runtime Environment to continue.
# Native memory allocation (malloc) failed to allocate 1026656 bytes. Error detail: Chunk::new
# Possible reasons:
#   The system is out of physical RAM or swap space
#   This process is running with CompressedOops enabled, and the Java Heap may be blocking the growth of the native heap
# Possible solutions:
#   Reduce memory load on the system
#   Increase physical memory or swap space
#   Check if swap backing store is full
#   Decrease Java heap size (-Xmx/-Xms)
#   Decrease number of Java threads
#   Decrease Java thread stack sizes (-Xss)
#   Set larger code cache with -XX:ReservedCodeCacheSize=
#   JVM is running with Unscaled Compressed Oops mode in which the Java heap is
#     placed in the first 4GB address space. The Java Heap base address is the
#     maximum limit for the native heap growth. Please use -XX:HeapBaseMinAddress
#     to set the Java Heap base and to place the Java Heap above 4GB virtual address.
# This output file may be truncated or incomplete.
#
#  Out of Memory Error (arena.cpp:168), pid=16012, tid=12968
#
# JRE version: OpenJDK Runtime Environment Temurin-21.0.8+9 (21.0.8+9) (build 21.0.8+9-LTS)
# Java VM: OpenJDK 64-Bit Server VM Temurin-21.0.8+9 (21.0.8+9-LTS, mixed mode, sharing, tiered, compressed oops, compressed class ptrs, parallel gc, windows-amd64)
# No core dump will be written. Minidumps are not enabled by default on client versions of Windows
#

---------------  S U M M A R Y ------------

Command Line: --add-modules=ALL-SYSTEM --add-opens=java.base/java.util=ALL-UNNAMED --add-opens=java.base/java.lang=ALL-UNNAMED --add-opens=java.base/sun.nio.fs=ALL-UNNAMED -Declipse.application=org.eclipse.jdt.ls.core.id1 -Dosgi.bundles.defaultStartLevel=4 -Declipse.product=org.eclipse.jdt.ls.core.product -Djava.import.generatesMetadataFilesAtProjectRoot=false -DDetectVMInstallationsJob.disabled=true -Dfile.encoding=utf8 -XX:+UseParallelGC -XX:GCTimeRatio=4 -XX:AdaptiveSizePolicyWeight=90 -Dsun.zip.disableMemoryMapping=true -Xmx2G -Xms100m -Xlog:disable -javaagent:c:\Users\hmfar\.vscode\extensions\redhat.java-1.46.0-win32-x64\lombok\lombok-1.18.39-4050.jar -XX:+HeapDumpOnOutOfMemoryError -XX:HeapDumpPath=c:\Users\hmfar\AppData\Roaming\Code\User\workspaceStorage\c3a96d27314cb5bde88c8915a752ecbe\redhat.java -Daether.dependencyCollector.impl=bf c:\Users\hmfar\.vscode\extensions\redhat.java-1.46.0-win32-x64\server\plugins\org.eclipse.equinox.launcher_1.7.0.v20250519-0528.jar -configuration c:\Users\hmfar\AppData\Roaming\Code\User\globalStorage\redhat.java\1.46.0\config_win -data c:\Users\hmfar\AppData\Roaming\Code\User\workspaceStorage\c3a96d27314cb5bde88c8915a752ecbe\redhat.java\jdt_ws --pipe=\\.\pipe\lsp-27000f3101d9201f5c5d00136a41e562-sock

Host: 11th Gen Intel(R) Core(TM) i5-11300H @ 3.10GHz, 8 cores, 7G,  Windows 11 , 64 bit Build 26100 (10.0.26100.6725)
Time: Mon Oct 20 19:56:48 2025 Bangladesh Standard Time elapsed time: 28.702593 seconds (0d 0h 0m 28s)

---------------  T H R E A D  ---------------

Current thread (0x00000000197691f0):  JavaThread "C2 CompilerThread0" daemon [_thread_in_native, id=12968, stack(0x000000005c810000,0x000000005c910000) (1024K)]


Current CompileTask:
C2:28702 7425 %     4       org.lombokweb.asm.SymbolTable::<init> @ 98 (554 bytes)

Stack: [0x000000005c810000,0x000000005c910000]
Native frames: (J=compiled Java code, j=interpreted, Vv=VM code, C=native code)
V  [jvm.dll+0x6d2449]
V  [jvm.dll+0x8ae341]
V  [jvm.dll+0x8b08be]
V  [jvm.dll+0x8b0fa3]
V  [jvm.dll+0x280c96]
V  [jvm.dll+0xc581d]
V  [jvm.dll+0xc5d53]
V  [jvm.dll+0x2f539d]
V  [jvm.dll+0x5fa00a]
V  [jvm.dll+0x252092]
V  [jvm.dll+0x25244f]
V  [jvm.dll+0x24ad14]
V  [jvm.dll+0x2483a4]
V  [jvm.dll+0x1c89ee]
V  [jvm.dll+0x257d4d]
V  [jvm.dll+0x2562ea]
V  [jvm.dll+0x3f2d16]
V  [jvm.dll+0x857e6b]
V  [jvm.dll+0x6d0b0d]
C  [ucrtbase.dll+0x37b0]
C  [KERNEL32.DLL+0x2e8d7]
C  [ntdll.dll+0x8c53c]


---------------  P R O C E S S  ---------------

Threads class SMR info:
_java_thread_list=0x000000006159be20, length=45, elements={
0x00000000004a4d90, 0x0000000002d8e1d0, 0x000000001973c490, 0x0000000019741f00,
0x0000000019744e10, 0x0000000019753cf0, 0x0000000019756260, 0x00000000197691f0,
0x000000001976e8c0, 0x0000000019757610, 0x00000000197568f0, 0x0000000019756f80,
0x0000000019755540, 0x00000000197589c0, 0x0000000019757ca0, 0x0000000019755bd0,
0x000000006186d430, 0x000000006186b9f0, 0x000000006186c080, 0x000000006186e150,
0x000000006186b360, 0x000000006186f500, 0x000000006186cda0, 0x000000006186fb90,
0x000000006186c710, 0x00000000618708b0, 0x0000000061871c60, 0x0000000061870f40,
0x00000000618722f0, 0x0000000061872980, 0x0000000061870220, 0x00000000618715d0,
0x00000000671cc740, 0x00000000671c9fe0, 0x00000000671ccdd0, 0x00000000671cc0b0,
0x00000000671cad00, 0x00000000671cb390, 0x00000000671cba20, 0x00000000671c9950,
0x00000000671cd460, 0x00000000671cdaf0, 0x00000000671ca670, 0x00000000671ce180,
0x000000005c957cb0
}

Java Threads: ( => current thread )
  0x00000000004a4d90 JavaThread "main"                              [_thread_blocked, id=14508, stack(0x00000000009f0000,0x0000000000af0000) (1024K)]
  0x0000000002d8e1d0 JavaThread "Reference Handler"          daemon [_thread_blocked, id=23424, stack(0x000000005c210000,0x000000005c310000) (1024K)]
  0x000000001973c490 JavaThread "Finalizer"                  daemon [_thread_blocked, id=24512, stack(0x000000005c310000,0x000000005c410000) (1024K)]
  0x0000000019741f00 JavaThread "Signal Dispatcher"          daemon [_thread_blocked, id=11476, stack(0x000000005c410000,0x000000005c510000) (1024K)]
  0x0000000019744e10 JavaThread "Attach Listener"            daemon [_thread_blocked, id=22176, stack(0x000000005c510000,0x000000005c610000) (1024K)]
  0x0000000019753cf0 JavaThread "Service Thread"             daemon [_thread_blocked, id=7824, stack(0x000000005c610000,0x000000005c710000) (1024K)]
  0x0000000019756260 JavaThread "Monitor Deflation Thread"   daemon [_thread_blocked, id=19928, stack(0x000000005c710000,0x000000005c810000) (1024K)]
=>0x00000000197691f0 JavaThread "C2 CompilerThread0"         daemon [_thread_in_native, id=12968, stack(0x000000005c810000,0x000000005c910000) (1024K)]
  0x000000001976e8c0 JavaThread "C1 CompilerThread0"         daemon [_thread_blocked, id=19548, stack(0x000000005cd10000,0x000000005ce10000) (1024K)]
  0x0000000019757610 JavaThread "Common-Cleaner"             daemon [_thread_blocked, id=21256, stack(0x000000005ce10000,0x000000005cf10000) (1024K)]
  0x00000000197568f0 JavaThread "Notification Thread"        daemon [_thread_blocked, id=2444, stack(0x0000000061900000,0x0000000061a00000) (1024K)]
  0x0000000019756f80 JavaThread "Active Thread: Equinox Container: 379d3b87-1a95-4541-b18e-d60f43cff039"        [_thread_blocked, id=24124, stack(0x0000000063230000,0x0000000063330000) (1024K)]
  0x0000000019755540 JavaThread "Refresh Thread: Equinox Container: 379d3b87-1a95-4541-b18e-d60f43cff039" daemon [_thread_blocked, id=19812, stack(0x0000000061000000,0x0000000061100000) (1024K)]
  0x00000000197589c0 JavaThread "Framework Event Dispatcher: Equinox Container: 379d3b87-1a95-4541-b18e-d60f43cff039" daemon [_thread_blocked, id=15488, stack(0x0000000063330000,0x0000000063430000) (1024K)]
  0x0000000019757ca0 JavaThread "Start Level: Equinox Container: 379d3b87-1a95-4541-b18e-d60f43cff039" daemon [_thread_blocked, id=4000, stack(0x0000000063430000,0x0000000063530000) (1024K)]
  0x0000000019755bd0 JavaThread "Bundle File Closer"         daemon [_thread_blocked, id=9152, stack(0x0000000063730000,0x0000000063830000) (1024K)]
  0x000000006186d430 JavaThread "SCR Component Actor"        daemon [_thread_blocked, id=17412, stack(0x0000000063630000,0x0000000063730000) (1024K)]
  0x000000006186b9f0 JavaThread "Worker-JM"                         [_thread_blocked, id=20216, stack(0x0000000063930000,0x0000000063a30000) (1024K)]
  0x000000006186c080 JavaThread "JNA Cleaner"                daemon [_thread_blocked, id=17572, stack(0x0000000063830000,0x0000000063930000) (1024K)]
  0x000000006186e150 JavaThread "Worker-0"                          [_thread_blocked, id=14256, stack(0x0000000063d70000,0x0000000063e70000) (1024K)]
  0x000000006186b360 JavaThread "Worker-1"                          [_thread_blocked, id=13184, stack(0x0000000063e70000,0x0000000063f70000) (1024K)]
  0x000000006186f500 JavaThread "Java indexing"              daemon [_thread_blocked, id=11140, stack(0x0000000064170000,0x0000000064270000) (1024K)]
  0x000000006186cda0 JavaThread "Worker-2"                          [_thread_blocked, id=17152, stack(0x0000000067800000,0x0000000067900000) (1024K)]
  0x000000006186fb90 JavaThread "Worker-3: Initialize workspace"        [_thread_blocked, id=16568, stack(0x0000000067b40000,0x0000000067c40000) (1024K)]
  0x000000006186c710 JavaThread "Worker-4"                          [_thread_blocked, id=24468, stack(0x0000000066560000,0x0000000066660000) (1024K)]
  0x00000000618708b0 JavaThread "Thread-1"                   daemon [_thread_in_native, id=11664, stack(0x0000000067900000,0x0000000067a00000) (1024K)]
  0x0000000061871c60 JavaThread "Thread-2"                   daemon [_thread_in_native, id=20332, stack(0x0000000067a00000,0x0000000067b00000) (1024K)]
  0x0000000061870f40 JavaThread "Thread-3"                   daemon [_thread_in_native, id=23844, stack(0x0000000067eb0000,0x0000000067fb0000) (1024K)]
  0x00000000618722f0 JavaThread "Thread-4"                   daemon [_thread_in_native, id=19728, stack(0x0000000069040000,0x0000000069140000) (1024K)]
  0x0000000061872980 JavaThread "Thread-5"                   daemon [_thread_in_native, id=13272, stack(0x0000000069140000,0x0000000069240000) (1024K)]
  0x0000000061870220 JavaThread "Thread-6"                   daemon [_thread_in_native, id=10044, stack(0x0000000069240000,0x0000000069340000) (1024K)]
  0x00000000618715d0 JavaThread "Thread-7"                   daemon [_thread_in_native, id=1724, stack(0x0000000069340000,0x0000000069440000) (1024K)]
  0x00000000671cc740 JavaThread "Thread-8"                   daemon [_thread_in_native, id=6348, stack(0x0000000069440000,0x0000000069540000) (1024K)]
  0x00000000671c9fe0 JavaThread "Thread-9"                   daemon [_thread_in_native, id=13812, stack(0x0000000069540000,0x0000000069640000) (1024K)]
  0x00000000671ccdd0 JavaThread "pool-2-thread-1"                   [_thread_blocked, id=10588, stack(0x0000000066330000,0x0000000066430000) (1024K)]
  0x00000000671cc0b0 JavaThread "WorkspaceEventsHandler"            [_thread_blocked, id=10208, stack(0x0000000066430000,0x0000000066530000) (1024K)]
  0x00000000671cad00 JavaThread "pool-1-thread-1"                   [_thread_in_Java, id=9444, stack(0x0000000067c40000,0x0000000067d40000) (1024K)]
  0x00000000671cb390 JavaThread "ForkJoinPool.commonPool-worker-1" daemon [_thread_blocked, id=18004, stack(0x0000000067d40000,0x0000000067e40000) (1024K)]
  0x00000000671cba20 JavaThread "ForkJoinPool.commonPool-worker-2" daemon [_thread_blocked, id=1684, stack(0x0000000069640000,0x0000000069740000) (1024K)]
  0x00000000671c9950 JavaThread "ForkJoinPool.commonPool-worker-3" daemon [_thread_blocked, id=22168, stack(0x0000000069740000,0x0000000069840000) (1024K)]
  0x00000000671cd460 JavaThread "ForkJoinPool.commonPool-worker-4" daemon [_thread_blocked, id=18888, stack(0x0000000069840000,0x0000000069940000) (1024K)]
  0x00000000671cdaf0 JavaThread "ForkJoinPool.commonPool-worker-5" daemon [_thread_blocked, id=20056, stack(0x0000000069ce0000,0x0000000069de0000) (1024K)]
  0x00000000671ca670 JavaThread "ForkJoinPool.commonPool-worker-6" daemon [_thread_blocked, id=24812, stack(0x0000000069de0000,0x0000000069ee0000) (1024K)]
  0x00000000671ce180 JavaThread "ForkJoinPool.commonPool-worker-7" daemon [_thread_blocked, id=3100, stack(0x0000000069ee0000,0x0000000069fe0000) (1024K)]
  0x000000005c957cb0 JavaThread "C2 CompilerThread1"         daemon [_thread_in_native, id=22860, stack(0x0000000063f70000,0x0000000064070000) (1024K)]
Total: 45

Other Threads:
  0x0000000019733ac0 VMThread "VM Thread"                           [id=24248, stack(0x000000005c110000,0x000000005c210000) (1024K)]
  0x0000000002d42cd0 WatcherThread "VM Periodic Task Thread"        [id=24972, stack(0x0000000002b80000,0x0000000002c80000) (1024K)]
  0x0000000002cf5ce0 WorkerThread "GC Thread#0"                     [id=24432, stack(0x0000000002a80000,0x0000000002b80000) (1024K)]
  0x00000000613c9e70 WorkerThread "GC Thread#1"                     [id=16972, stack(0x0000000061a00000,0x0000000061b00000) (1024K)]
  0x00000000613a92c0 WorkerThread "GC Thread#2"                     [id=2060, stack(0x0000000062c30000,0x0000000062d30000) (1024K)]
  0x00000000613a9660 WorkerThread "GC Thread#3"                     [id=6936, stack(0x0000000062d30000,0x0000000062e30000) (1024K)]
  0x00000000613a9a00 WorkerThread "GC Thread#4"                     [id=16388, stack(0x0000000062e30000,0x0000000062f30000) (1024K)]
  0x00000000613a9da0 WorkerThread "GC Thread#5"                     [id=12376, stack(0x0000000062f30000,0x0000000063030000) (1024K)]
  0x0000000061634060 WorkerThread "GC Thread#6"                     [id=18596, stack(0x0000000063030000,0x0000000063130000) (1024K)]
  0x0000000061633cc0 WorkerThread "GC Thread#7"                     [id=5000, stack(0x0000000063130000,0x0000000063230000) (1024K)]
Total: 10

Threads with active compile tasks:
C2 CompilerThread0  28742 7425 %     4       org.lombokweb.asm.SymbolTable::<init> @ 98 (554 bytes)
C2 CompilerThread1  28742 7463 %     4       org.lombokweb.asm.ClassReader::readCode @ 92 (5117 bytes)
Total: 2

VM state: not at safepoint (normal execution)

VM Mutex/Monitor currently owned by a thread: None

Heap address: 0x0000000080000000, size: 2048 MB, Compressed Oops mode: 32-bit

CDS archive(s) mapped at: [0x000000001a000000-0x000000001aba0000-0x000000001aba0000), size 12189696, SharedBaseAddress: 0x000000001a000000, ArchiveRelocationMode: 1.
Compressed class space mapped at: 0x000000001b000000-0x000000005b000000, reserved size: 1073741824
Narrow klass base: 0x000000001a000000, Narrow klass shift: 0, Narrow klass range: 0x100000000

GC Precious Log:
 CardTable entry size: 512
 CPUs: 8 total, 8 available
 Memory: 7975M
 Large Page Support: Disabled
 NUMA Support: Disabled
 Compressed Oops: Enabled (32-bit)
 Alignments: Space 512K, Generation 512K, Heap 2M
 Heap Min Capacity: 100M
 Heap Initial Capacity: 100M
 Heap Max Capacity: 2G
 Pre-touch: Disabled
 Parallel Workers: 8

Heap:
 PSYoungGen      total 18944K, used 5413K [0x00000000d5580000, 0x00000000d6980000, 0x0000000100000000)
  eden space 17408K, 24% used [0x00000000d5580000,0x00000000d59bdf00,0x00000000d6680000)
  from space 1536K, 69% used [0x00000000d6680000,0x00000000d678b658,0x00000000d6800000)
  to   space 1536K, 0% used [0x00000000d6800000,0x00000000d6800000,0x00000000d6980000)
 ParOldGen       total 68608K, used 46971K [0x0000000080000000, 0x0000000084300000, 0x00000000d5580000)
  object space 68608K, 68% used [0x0000000080000000,0x0000000082dded88,0x0000000084300000)
 Metaspace       used 53402K, committed 54784K, reserved 1114112K
  class space    used 5799K, committed 6400K, reserved 1048576K

Card table byte_map: [0x0000000002670000,0x0000000002a80000] _byte_map_base: 0x0000000002270000

Marking Bits: (ParMarkBitMap*) 0x00007ffe32efa340
 Begin Bits: [0x0000000015170000, 0x0000000017170000)
 End Bits:   [0x0000000017170000, 0x0000000019170000)

Polling page: 0x0000000000af0000

Metaspace:

Usage:
  Non-class:     46.49 MB used.
      Class:      5.66 MB used.
       Both:     52.15 MB used.

Virtual space:
  Non-class space:       64.00 MB reserved,      47.25 MB ( 74%) committed,  1 nodes.
      Class space:        1.00 GB reserved,       6.25 MB ( <1%) committed,  1 nodes.
             Both:        1.06 GB reserved,      53.50 MB (  5%) committed. 

Chunk freelists:
   Non-Class:  544.00 KB
       Class:  9.56 MB
        Both:  10.09 MB

MaxMetaspaceSize: unlimited
CompressedClassSpaceSize: 1.00 GB
Initial GC threshold: 21.00 MB
Current GC threshold: 58.88 MB
CDS: on
 - commit_granule_bytes: 65536.
 - commit_granule_words: 8192.
 - virtual_space_node_default_size: 8388608.
 - enlarge_chunks_in_place: 1.
 - use_allocation_guard: 0.


Internal statistics:

num_allocs_failed_limit: 10.
num_arena_births: 1038.
num_arena_deaths: 14.
num_vsnodes_births: 2.
num_vsnodes_deaths: 0.
num_space_committed: 856.
num_space_uncommitted: 0.
num_chunks_returned_to_freelist: 24.
num_chunks_taken_from_freelist: 3478.
num_chunk_merges: 16.
num_chunk_splits: 2169.
num_chunks_enlarged: 1251.
num_inconsistent_stats: 0.

CodeHeap 'non-profiled nmethods': size=120000Kb used=4039Kb max_used=4039Kb free=115960Kb
 bounds [0x000000000d990000, 0x000000000dd90000, 0x0000000014ec0000]
CodeHeap 'profiled nmethods': size=120000Kb used=15056Kb max_used=15056Kb free=104943Kb
 bounds [0x0000000005ec0000, 0x0000000006d80000, 0x000000000d3f0000]
CodeHeap 'non-nmethods': size=5760Kb used=1403Kb max_used=1450Kb free=4356Kb
 bounds [0x000000000d3f0000, 0x000000000d660000, 0x000000000d990000]
CodeCache: size=245760Kb, used=20498Kb, max_used=20545Kb, free=225259Kb
 total_blobs=7585, nmethods=6887, adapters=604, full_count=0
Compilation: enabled, stopped_count=0, restarted_count=0

Compilation events (20 events):
Event: 26.656 Thread 0x000000001976e8c0 7466       3       java.util.regex.Pattern$GroupCurly::match0 (336 bytes)
Event: 26.657 Thread 0x000000001976e8c0 nmethod 7466 0x0000000006d6ed90 code [0x0000000006d6f000, 0x0000000006d6fc90]
Event: 26.657 Thread 0x000000001976e8c0 7467       3       org.lombokweb.asm.MethodVisitor::visitIntInsn (17 bytes)
Event: 26.658 Thread 0x000000001976e8c0 nmethod 7467 0x0000000006d70190 code [0x0000000006d70340, 0x0000000006d70548]
Event: 26.663 Thread 0x000000001976e8c0 7468 %     3       org.lombokweb.asm.ClassReader::getFirstAttributeOffset @ 85 (136 bytes)
Event: 26.664 Thread 0x000000005c957cb0 nmethod 7439 0x000000000dd81210 code [0x000000000dd813c0, 0x000000000dd81a10]
Event: 26.664 Thread 0x000000005c957cb0 7463 %     4       org.lombokweb.asm.ClassReader::readCode @ 92 (5117 bytes)
Event: 26.664 Thread 0x000000001976e8c0 nmethod 7468% 0x0000000006d70610 code [0x0000000006d70860, 0x0000000006d70fa0]
Event: 26.668 Thread 0x000000001976e8c0 7471       3       lombok.patcher.MethodLogistics::sizeOf (46 bytes)
Event: 26.668 Thread 0x000000001976e8c0 nmethod 7471 0x0000000006d71290 code [0x0000000006d714a0, 0x0000000006d71ae0]
Event: 26.673 Thread 0x000000001976e8c0 7472       3       org.lombokweb.asm.MethodVisitor::visitCode (15 bytes)
Event: 26.673 Thread 0x000000001976e8c0 nmethod 7472 0x0000000006d71d90 code [0x0000000006d71f40, 0x0000000006d72148]
Event: 26.673 Thread 0x000000001976e8c0 7473       3       org.lombokweb.asm.MethodVisitor::visitMaxs (17 bytes)
Event: 26.673 Thread 0x000000001976e8c0 nmethod 7473 0x0000000006d72210 code [0x0000000006d723c0, 0x0000000006d725c8]
Event: 26.673 Thread 0x000000001976e8c0 7474       3       org.lombokweb.asm.MethodVisitor::visitEnd (15 bytes)
Event: 26.674 Thread 0x000000001976e8c0 nmethod 7474 0x0000000006d72690 code [0x0000000006d72840, 0x0000000006d72a48]
Event: 26.677 Thread 0x000000001976e8c0 7476       3       org.lombokweb.asm.ByteVector::put122 (93 bytes)
Event: 26.678 Thread 0x000000001976e8c0 nmethod 7476 0x0000000006d72b10 code [0x0000000006d72cc0, 0x0000000006d72f38]
Event: 26.679 Thread 0x000000001976e8c0 7477       3       org.lombokweb.asm.MethodWriter::visitLdcInsn (215 bytes)
Event: 26.681 Thread 0x000000001976e8c0 nmethod 7477 0x0000000006d73110 code [0x0000000006d733a0, 0x0000000006d73ea0]

GC Heap History (20 events):
Event: 25.391 GC heap before
{Heap before GC invocations=26 (full 2):
 PSYoungGen      total 20480K, used 20347K [0x00000000d5580000, 0x00000000d6e80000, 0x0000000100000000)
  eden space 18432K, 99% used [0x00000000d5580000,0x00000000d6766f40,0x00000000d6780000)
  from space 2048K, 98% used [0x00000000d6900000,0x00000000d6af8010,0x00000000d6b00000)
  to   space 3584K, 0% used [0x00000000d6b00000,0x00000000d6b00000,0x00000000d6e80000)
 ParOldGen       total 68608K, used 32233K [0x0000000080000000, 0x0000000084300000, 0x00000000d5580000)
  object space 68608K, 46% used [0x0000000080000000,0x0000000081f7a4f8,0x0000000084300000)
 Metaspace       used 48539K, committed 49856K, reserved 1114112K
  class space    used 5304K, committed 5888K, reserved 1048576K
}
Event: 25.395 GC heap after
{Heap after GC invocations=26 (full 2):
 PSYoungGen      total 20992K, used 2129K [0x00000000d5580000, 0x00000000d6d80000, 0x0000000100000000)
  eden space 18432K, 0% used [0x00000000d5580000,0x00000000d5580000,0x00000000d6780000)
  from space 2560K, 83% used [0x00000000d6b00000,0x00000000d6d14410,0x00000000d6d80000)
  to   space 2560K, 0% used [0x00000000d6880000,0x00000000d6880000,0x00000000d6b00000)
 ParOldGen       total 68608K, used 34137K [0x0000000080000000, 0x0000000084300000, 0x00000000d5580000)
  object space 68608K, 49% used [0x0000000080000000,0x0000000082156508,0x0000000084300000)
 Metaspace       used 48539K, committed 49856K, reserved 1114112K
  class space    used 5304K, committed 5888K, reserved 1048576K
}
Event: 25.464 GC heap before
{Heap before GC invocations=27 (full 2):
 PSYoungGen      total 20992K, used 20561K [0x00000000d5580000, 0x00000000d6d80000, 0x0000000100000000)
  eden space 18432K, 100% used [0x00000000d5580000,0x00000000d6780000,0x00000000d6780000)
  from space 2560K, 83% used [0x00000000d6b00000,0x00000000d6d14410,0x00000000d6d80000)
  to   space 2560K, 0% used [0x00000000d6880000,0x00000000d6880000,0x00000000d6b00000)
 ParOldGen       total 68608K, used 34137K [0x0000000080000000, 0x0000000084300000, 0x00000000d5580000)
  object space 68608K, 49% used [0x0000000080000000,0x0000000082156508,0x0000000084300000)
 Metaspace       used 48555K, committed 49920K, reserved 1114112K
  class space    used 5304K, committed 5888K, reserved 1048576K
}
Event: 25.468 GC heap after
{Heap after GC invocations=27 (full 2):
 PSYoungGen      total 20992K, used 2242K [0x00000000d5580000, 0x00000000d6c80000, 0x0000000100000000)
  eden space 18432K, 0% used [0x00000000d5580000,0x00000000d5580000,0x00000000d6780000)
  from space 2560K, 87% used [0x00000000d6880000,0x00000000d6ab0810,0x00000000d6b00000)
  to   space 1536K, 0% used [0x00000000d6b00000,0x00000000d6b00000,0x00000000d6c80000)
 ParOldGen       total 68608K, used 36132K [0x0000000080000000, 0x0000000084300000, 0x00000000d5580000)
  object space 68608K, 52% used [0x0000000080000000,0x0000000082349200,0x0000000084300000)
 Metaspace       used 48555K, committed 49920K, reserved 1114112K
  class space    used 5304K, committed 5888K, reserved 1048576K
}
Event: 25.512 GC heap before
{Heap before GC invocations=28 (full 2):
 PSYoungGen      total 20992K, used 20674K [0x00000000d5580000, 0x00000000d6c80000, 0x0000000100000000)
  eden space 18432K, 100% used [0x00000000d5580000,0x00000000d6780000,0x00000000d6780000)
  from space 2560K, 87% used [0x00000000d6880000,0x00000000d6ab0810,0x00000000d6b00000)
  to   space 1536K, 0% used [0x00000000d6b00000,0x00000000d6b00000,0x00000000d6c80000)
 ParOldGen       total 68608K, used 36132K [0x0000000080000000, 0x0000000084300000, 0x00000000d5580000)
  object space 68608K, 52% used [0x0000000080000000,0x0000000082349200,0x0000000084300000)
 Metaspace       used 48563K, committed 49920K, reserved 1114112K
  class space    used 5304K, committed 5888K, reserved 1048576K
}
Event: 25.517 GC heap after
{Heap after GC invocations=28 (full 2):
 PSYoungGen      total 18944K, used 1508K [0x00000000d5580000, 0x00000000d7080000, 0x0000000100000000)
  eden space 17408K, 0% used [0x00000000d5580000,0x00000000d5580000,0x00000000d6680000)
  from space 1536K, 98% used [0x00000000d6b00000,0x00000000d6c79000,0x00000000d6c80000)
  to   space 4608K, 0% used [0x00000000d6680000,0x00000000d6680000,0x00000000d6b00000)
 ParOldGen       total 68608K, used 38658K [0x0000000080000000, 0x0000000084300000, 0x00000000d5580000)
  object space 68608K, 56% used [0x0000000080000000,0x00000000825c0bc0,0x0000000084300000)
 Metaspace       used 48563K, committed 49920K, reserved 1114112K
  class space    used 5304K, committed 5888K, reserved 1048576K
}
Event: 25.596 GC heap before
{Heap before GC invocations=29 (full 2):
 PSYoungGen      total 18944K, used 18916K [0x00000000d5580000, 0x00000000d7080000, 0x0000000100000000)
  eden space 17408K, 100% used [0x00000000d5580000,0x00000000d6680000,0x00000000d6680000)
  from space 1536K, 98% used [0x00000000d6b00000,0x00000000d6c79000,0x00000000d6c80000)
  to   space 4608K, 0% used [0x00000000d6680000,0x00000000d6680000,0x00000000d6b00000)
 ParOldGen       total 68608K, used 38658K [0x0000000080000000, 0x0000000084300000, 0x00000000d5580000)
  object space 68608K, 56% used [0x0000000080000000,0x00000000825c0bc0,0x0000000084300000)
 Metaspace       used 48583K, committed 49920K, reserved 1114112K
  class space    used 5304K, committed 5888K, reserved 1048576K
}
Event: 25.601 GC heap after
{Heap after GC invocations=29 (full 2):
 PSYoungGen      total 19968K, used 2080K [0x00000000d5580000, 0x00000000d6c80000, 0x0000000100000000)
  eden space 17408K, 0% used [0x00000000d5580000,0x00000000d5580000,0x00000000d6680000)
  from space 2560K, 81% used [0x00000000d6680000,0x00000000d6888010,0x00000000d6900000)
  to   space 3072K, 0% used [0x00000000d6980000,0x00000000d6980000,0x00000000d6c80000)
 ParOldGen       total 68608K, used 40179K [0x0000000080000000, 0x0000000084300000, 0x00000000d5580000)
  object space 68608K, 58% used [0x0000000080000000,0x000000008273ccc0,0x0000000084300000)
 Metaspace       used 48583K, committed 49920K, reserved 1114112K
  class space    used 5304K, committed 5888K, reserved 1048576K
}
Event: 25.673 GC heap before
{Heap before GC invocations=30 (full 2):
 PSYoungGen      total 19968K, used 19488K [0x00000000d5580000, 0x00000000d6c80000, 0x0000000100000000)
  eden space 17408K, 100% used [0x00000000d5580000,0x00000000d6680000,0x00000000d6680000)
  from space 2560K, 81% used [0x00000000d6680000,0x00000000d6888010,0x00000000d6900000)
  to   space 3072K, 0% used [0x00000000d6980000,0x00000000d6980000,0x00000000d6c80000)
 ParOldGen       total 68608K, used 40179K [0x0000000080000000, 0x0000000084300000, 0x00000000d5580000)
  object space 68608K, 58% used [0x0000000080000000,0x000000008273ccc0,0x0000000084300000)
 Metaspace       used 48610K, committed 49920K, reserved 1114112K
  class space    used 5304K, committed 5888K, reserved 1048576K
}
Event: 25.677 GC heap after
{Heap after GC invocations=30 (full 2):
 PSYoungGen      total 19456K, used 1784K [0x00000000d5580000, 0x00000000d6b80000, 0x0000000100000000)
  eden space 17408K, 0% used [0x00000000d5580000,0x00000000d5580000,0x00000000d6680000)
  from space 2048K, 87% used [0x00000000d6980000,0x00000000d6b3e200,0x00000000d6b80000)
  to   space 2048K, 0% used [0x00000000d6780000,0x00000000d6780000,0x00000000d6980000)
 ParOldGen       total 68608K, used 42115K [0x0000000080000000, 0x0000000084300000, 0x00000000d5580000)
  object space 68608K, 61% used [0x0000000080000000,0x0000000082920cd0,0x0000000084300000)
 Metaspace       used 48610K, committed 49920K, reserved 1114112K
  class space    used 5304K, committed 5888K, reserved 1048576K
}
Event: 26.009 GC heap before
{Heap before GC invocations=31 (full 2):
 PSYoungGen      total 19456K, used 19192K [0x00000000d5580000, 0x00000000d6b80000, 0x0000000100000000)
  eden space 17408K, 100% used [0x00000000d5580000,0x00000000d6680000,0x00000000d6680000)
  from space 2048K, 87% used [0x00000000d6980000,0x00000000d6b3e200,0x00000000d6b80000)
  to   space 2048K, 0% used [0x00000000d6780000,0x00000000d6780000,0x00000000d6980000)
 ParOldGen       total 68608K, used 42115K [0x0000000080000000, 0x0000000084300000, 0x00000000d5580000)
  object space 68608K, 61% used [0x0000000080000000,0x0000000082920cd0,0x0000000084300000)
 Metaspace       used 49921K, committed 51200K, reserved 1114112K
  class space    used 5479K, committed 6016K, reserved 1048576K
}
Event: 26.013 GC heap after
{Heap after GC invocations=31 (full 2):
 PSYoungGen      total 18944K, used 1268K [0x00000000d5580000, 0x00000000d6a00000, 0x0000000100000000)
  eden space 17408K, 0% used [0x00000000d5580000,0x00000000d5580000,0x00000000d6680000)
  from space 1536K, 82% used [0x00000000d6780000,0x00000000d68bd3e8,0x00000000d6900000)
  to   space 1024K, 0% used [0x00000000d6900000,0x00000000d6900000,0x00000000d6a00000)
 ParOldGen       total 68608K, used 43771K [0x0000000080000000, 0x0000000084300000, 0x00000000d5580000)
  object space 68608K, 63% used [0x0000000080000000,0x0000000082abeed0,0x0000000084300000)
 Metaspace       used 49921K, committed 51200K, reserved 1114112K
  class space    used 5479K, committed 6016K, reserved 1048576K
}
Event: 26.305 GC heap before
{Heap before GC invocations=32 (full 2):
 PSYoungGen      total 18944K, used 18676K [0x00000000d5580000, 0x00000000d6a00000, 0x0000000100000000)
  eden space 17408K, 100% used [0x00000000d5580000,0x00000000d6680000,0x00000000d6680000)
  from space 1536K, 82% used [0x00000000d6780000,0x00000000d68bd3e8,0x00000000d6900000)
  to   space 1024K, 0% used [0x00000000d6900000,0x00000000d6900000,0x00000000d6a00000)
 ParOldGen       total 68608K, used 43771K [0x0000000080000000, 0x0000000084300000, 0x00000000d5580000)
  object space 68608K, 63% used [0x0000000080000000,0x0000000082abeed0,0x0000000084300000)
 Metaspace       used 51268K, committed 52544K, reserved 1114112K
  class space    used 5612K, committed 6144K, reserved 1048576K
}
Event: 26.307 GC heap after
{Heap after GC invocations=32 (full 2):
 PSYoungGen      total 17920K, used 352K [0x00000000d5580000, 0x00000000d6980000, 0x0000000100000000)
  eden space 17408K, 0% used [0x00000000d5580000,0x00000000d5580000,0x00000000d6680000)
  from space 512K, 68% used [0x00000000d6900000,0x00000000d6958000,0x00000000d6980000)
  to   space 1024K, 0% used [0x00000000d6780000,0x00000000d6780000,0x00000000d6880000)
 ParOldGen       total 68608K, used 44879K [0x0000000080000000, 0x0000000084300000, 0x00000000d5580000)
  object space 68608K, 65% used [0x0000000080000000,0x0000000082bd3fd0,0x0000000084300000)
 Metaspace       used 51268K, committed 52544K, reserved 1114112K
  class space    used 5612K, committed 6144K, reserved 1048576K
}
Event: 26.581 GC heap before
{Heap before GC invocations=33 (full 2):
 PSYoungGen      total 17920K, used 17760K [0x00000000d5580000, 0x00000000d6980000, 0x0000000100000000)
  eden space 17408K, 100% used [0x00000000d5580000,0x00000000d6680000,0x00000000d6680000)
  from space 512K, 68% used [0x00000000d6900000,0x00000000d6958000,0x00000000d6980000)
  to   space 1024K, 0% used [0x00000000d6780000,0x00000000d6780000,0x00000000d6880000)
 ParOldGen       total 68608K, used 44879K [0x0000000080000000, 0x0000000084300000, 0x00000000d5580000)
  object space 68608K, 65% used [0x0000000080000000,0x0000000082bd3fd0,0x0000000084300000)
 Metaspace       used 52627K, committed 54016K, reserved 1114112K
  class space    used 5730K, committed 6336K, reserved 1048576K
}
Event: 26.583 GC heap after
{Heap after GC invocations=33 (full 2):
 PSYoungGen      total 18432K, used 416K [0x00000000d5580000, 0x00000000d6980000, 0x0000000100000000)
  eden space 17408K, 0% used [0x00000000d5580000,0x00000000d5580000,0x00000000d6680000)
  from space 1024K, 40% used [0x00000000d6780000,0x00000000d67e8000,0x00000000d6880000)
  to   space 512K, 0% used [0x00000000d6900000,0x00000000d6900000,0x00000000d6980000)
 ParOldGen       total 68608K, used 45143K [0x0000000080000000, 0x0000000084300000, 0x00000000d5580000)
  object space 68608K, 65% used [0x0000000080000000,0x0000000082c15fd0,0x0000000084300000)
 Metaspace       used 52627K, committed 54016K, reserved 1114112K
  class space    used 5730K, committed 6336K, reserved 1048576K
}
Event: 26.638 GC heap before
{Heap before GC invocations=34 (full 2):
 PSYoungGen      total 18432K, used 17824K [0x00000000d5580000, 0x00000000d6980000, 0x0000000100000000)
  eden space 17408K, 100% used [0x00000000d5580000,0x00000000d6680000,0x00000000d6680000)
  from space 1024K, 40% used [0x00000000d6780000,0x00000000d67e8000,0x00000000d6880000)
  to   space 512K, 0% used [0x00000000d6900000,0x00000000d6900000,0x00000000d6980000)
 ParOldGen       total 68608K, used 45143K [0x0000000080000000, 0x0000000084300000, 0x00000000d5580000)
  object space 68608K, 65% used [0x0000000080000000,0x0000000082c15fd0,0x0000000084300000)
 Metaspace       used 52658K, committed 54016K, reserved 1114112K
  class space    used 5731K, committed 6336K, reserved 1048576K
}
Event: 26.640 GC heap after
{Heap after GC invocations=34 (full 2):
 PSYoungGen      total 17920K, used 483K [0x00000000d5580000, 0x00000000d6b80000, 0x0000000100000000)
  eden space 17408K, 0% used [0x00000000d5580000,0x00000000d5580000,0x00000000d6680000)
  from space 512K, 94% used [0x00000000d6900000,0x00000000d6978f60,0x00000000d6980000)
  to   space 2560K, 0% used [0x00000000d6680000,0x00000000d6680000,0x00000000d6900000)
 ParOldGen       total 68608K, used 46668K [0x0000000080000000, 0x0000000084300000, 0x00000000d5580000)
  object space 68608K, 68% used [0x0000000080000000,0x0000000082d93210,0x0000000084300000)
 Metaspace       used 52658K, committed 54016K, reserved 1114112K
  class space    used 5731K, committed 6336K, reserved 1048576K
}
Event: 26.679 GC heap before
{Heap before GC invocations=35 (full 2):
 PSYoungGen      total 17920K, used 17891K [0x00000000d5580000, 0x00000000d6b80000, 0x0000000100000000)
  eden space 17408K, 100% used [0x00000000d5580000,0x00000000d6680000,0x00000000d6680000)
  from space 512K, 94% used [0x00000000d6900000,0x00000000d6978f60,0x00000000d6980000)
  to   space 2560K, 0% used [0x00000000d6680000,0x00000000d6680000,0x00000000d6900000)
 ParOldGen       total 68608K, used 46668K [0x0000000080000000, 0x0000000084300000, 0x00000000d5580000)
  object space 68608K, 68% used [0x0000000080000000,0x0000000082d93210,0x0000000084300000)
 Metaspace       used 52665K, committed 54016K, reserved 1114112K
  class space    used 5731K, committed 6336K, reserved 1048576K
}
Event: 26.681 GC heap after
{Heap after GC invocations=35 (full 2):
 PSYoungGen      total 18944K, used 1069K [0x00000000d5580000, 0x00000000d6980000, 0x0000000100000000)
  eden space 17408K, 0% used [0x00000000d5580000,0x00000000d5580000,0x00000000d6680000)
  from space 1536K, 69% used [0x00000000d6680000,0x00000000d678b658,0x00000000d6800000)
  to   space 1536K, 0% used [0x00000000d6800000,0x00000000d6800000,0x00000000d6980000)
 ParOldGen       total 68608K, used 46971K [0x0000000080000000, 0x0000000084300000, 0x00000000d5580000)
  object space 68608K, 68% used [0x0000000080000000,0x0000000082dded88,0x0000000084300000)
 Metaspace       used 52665K, committed 54016K, reserved 1114112K
  class space    used 5731K, committed 6336K, reserved 1048576K
}

Dll operation events (10 events):
Event: 0.066 Loaded shared library c:\Users\hmfar\.vscode\extensions\redhat.java-1.46.0-win32-x64\jre\21.0.8-win32-x86_64\bin\java.dll
Event: 0.148 Loaded shared library c:\Users\hmfar\.vscode\extensions\redhat.java-1.46.0-win32-x64\jre\21.0.8-win32-x86_64\bin\zip.dll
Event: 0.178 Loaded shared library C:\Users\hmfar\.vscode\extensions\redhat.java-1.46.0-win32-x64\jre\21.0.8-win32-x86_64\bin\instrument.dll
Event: 0.184 Loaded shared library C:\Users\hmfar\.vscode\extensions\redhat.java-1.46.0-win32-x64\jre\21.0.8-win32-x86_64\bin\net.dll
Event: 0.189 Loaded shared library C:\Users\hmfar\.vscode\extensions\redhat.java-1.46.0-win32-x64\jre\21.0.8-win32-x86_64\bin\nio.dll
Event: 0.194 Loaded shared library C:\Users\hmfar\.vscode\extensions\redhat.java-1.46.0-win32-x64\jre\21.0.8-win32-x86_64\bin\zip.dll
Event: 0.220 Loaded shared library C:\Users\hmfar\.vscode\extensions\redhat.java-1.46.0-win32-x64\jre\21.0.8-win32-x86_64\bin\jimage.dll
Event: 0.352 Loaded shared library c:\Users\hmfar\.vscode\extensions\redhat.java-1.46.0-win32-x64\jre\21.0.8-win32-x86_64\bin\verify.dll
Event: 10.779 Loaded shared library C:\Users\hmfar\AppData\Roaming\Code\User\globalStorage\redhat.java\1.46.0\config_win\org.eclipse.equinox.launcher\org.eclipse.equinox.launcher.win32.win32.x86_64_1.2.1400.v20250801-0854\eclipse_11916.dll
Event: 20.420 Loaded shared library C:\Users\hmfar\AppData\Local\Temp\jna-99394546\jna6490367264342472571.dll

Deoptimization events (20 events):
Event: 26.615 Thread 0x00000000671cad00 Uncommon trap: trap_request=0xffffffde fr.pc=0x000000000dbb9a34 relative=0x0000000000008474
Event: 26.615 Thread 0x00000000671cad00 Uncommon trap: reason=class_check action=maybe_recompile pc=0x000000000dbb9a34 method=lombok.patcher.PatchScript$MethodPatcher.visitMethod(ILjava/lang/String;Ljava/lang/String;Ljava/lang/String;[Ljava/lang/String;)Lorg/lombokweb/asm/MethodVisitor; @ 101 c
Event: 26.615 Thread 0x00000000671cad00 DEOPT PACKING pc=0x000000000dbb9a34 sp=0x0000000067d3a3e0
Event: 26.615 Thread 0x00000000671cad00 DEOPT UNPACKING pc=0x000000000d446da2 sp=0x0000000067d3a388 mode 2
Event: 26.615 Thread 0x00000000671cad00 Uncommon trap: trap_request=0xffffffde fr.pc=0x000000000dbb9a34 relative=0x0000000000008474
Event: 26.615 Thread 0x00000000671cad00 Uncommon trap: reason=class_check action=maybe_recompile pc=0x000000000dbb9a34 method=lombok.patcher.PatchScript$MethodPatcher.visitMethod(ILjava/lang/String;Ljava/lang/String;Ljava/lang/String;[Ljava/lang/String;)Lorg/lombokweb/asm/MethodVisitor; @ 101 c
Event: 26.615 Thread 0x00000000671cad00 DEOPT PACKING pc=0x000000000dbb9a34 sp=0x0000000067d3a3e0
Event: 26.615 Thread 0x00000000671cad00 DEOPT UNPACKING pc=0x000000000d446da2 sp=0x0000000067d3a388 mode 2
Event: 26.615 Thread 0x00000000671cad00 Uncommon trap: trap_request=0xffffffde fr.pc=0x000000000dbb9a34 relative=0x0000000000008474
Event: 26.615 Thread 0x00000000671cad00 Uncommon trap: reason=class_check action=maybe_recompile pc=0x000000000dbb9a34 method=lombok.patcher.PatchScript$MethodPatcher.visitMethod(ILjava/lang/String;Ljava/lang/String;Ljava/lang/String;[Ljava/lang/String;)Lorg/lombokweb/asm/MethodVisitor; @ 101 c
Event: 26.615 Thread 0x00000000671cad00 DEOPT PACKING pc=0x000000000dbb9a34 sp=0x0000000067d3a3e0
Event: 26.615 Thread 0x00000000671cad00 DEOPT UNPACKING pc=0x000000000d446da2 sp=0x0000000067d3a388 mode 2
Event: 26.615 Thread 0x00000000671cad00 Uncommon trap: trap_request=0xffffffde fr.pc=0x000000000dbb9a34 relative=0x0000000000008474
Event: 26.615 Thread 0x00000000671cad00 Uncommon trap: reason=class_check action=maybe_recompile pc=0x000000000dbb9a34 method=lombok.patcher.PatchScript$MethodPatcher.visitMethod(ILjava/lang/String;Ljava/lang/String;Ljava/lang/String;[Ljava/lang/String;)Lorg/lombokweb/asm/MethodVisitor; @ 101 c
Event: 26.615 Thread 0x00000000671cad00 DEOPT PACKING pc=0x000000000dbb9a34 sp=0x0000000067d3a3e0
Event: 26.615 Thread 0x00000000671cad00 DEOPT UNPACKING pc=0x000000000d446da2 sp=0x0000000067d3a388 mode 2
Event: 26.615 Thread 0x00000000671cad00 Uncommon trap: trap_request=0xffffffde fr.pc=0x000000000db671b4 relative=0x0000000000000ff4
Event: 26.615 Thread 0x00000000671cad00 Uncommon trap: reason=class_check action=maybe_recompile pc=0x000000000db671b4 method=lombok.patcher.PatchScript$MethodPatcher.visitMethod(ILjava/lang/String;Ljava/lang/String;Ljava/lang/String;[Ljava/lang/String;)Lorg/lombokweb/asm/MethodVisitor; @ 101 c
Event: 26.615 Thread 0x00000000671cad00 DEOPT PACKING pc=0x000000000db671b4 sp=0x0000000067d3a3a0
Event: 26.615 Thread 0x00000000671cad00 DEOPT UNPACKING pc=0x000000000d446da2 sp=0x0000000067d3a388 mode 2

Classes loaded (20 events):
Event: 25.135 Loading class jdk/internal/jrtfs/JrtFileSystem
Event: 25.135 Loading class jdk/internal/jrtfs/JrtFileSystem done
Event: 25.135 Loading class jdk/internal/jrtfs/JrtPath
Event: 25.136 Loading class jdk/internal/jrtfs/JrtPath done
Event: 25.136 Loading class jdk/internal/jimage/ImageReader$Node
Event: 25.136 Loading class jdk/internal/jimage/ImageReader$Node done
Event: 25.142 Loading class java/nio/ByteBufferAsIntBufferL
Event: 25.143 Loading class java/nio/ByteBufferAsIntBufferL done
Event: 25.147 Loading class jdk/internal/jimage/ImageReader$Directory
Event: 25.148 Loading class jdk/internal/jimage/ImageReader$Directory done
Event: 25.345 Loading class java/util/AbstractList$ListItr
Event: 25.345 Loading class java/util/AbstractList$ListItr done
Event: 25.354 Loading class java/nio/channels/Channels$ReadableByteChannelImpl
Event: 25.355 Loading class java/nio/channels/Channels$ReadableByteChannelImpl done
Event: 25.356 Loading class java/nio/channels/NonWritableChannelException
Event: 25.356 Loading class java/nio/channels/NonWritableChannelException done
Event: 26.251 Loading class java/util/Vector$1
Event: 26.251 Loading class java/util/Vector$1 done
Event: 26.480 Loading class java/util/regex/Pattern$Caret
Event: 26.480 Loading class java/util/regex/Pattern$Caret done

Classes unloaded (7 events):
Event: 21.056 Thread 0x0000000019733ac0 Unloading class 0x000000001b1ad400 'java/lang/invoke/LambdaForm$MH+0x000000001b1ad400'
Event: 21.057 Thread 0x0000000019733ac0 Unloading class 0x000000001b1ad000 'java/lang/invoke/LambdaForm$MH+0x000000001b1ad000'
Event: 21.057 Thread 0x0000000019733ac0 Unloading class 0x000000001b1acc00 'java/lang/invoke/LambdaForm$MH+0x000000001b1acc00'
Event: 21.057 Thread 0x0000000019733ac0 Unloading class 0x000000001b1ac800 'java/lang/invoke/LambdaForm$MH+0x000000001b1ac800'
Event: 21.057 Thread 0x0000000019733ac0 Unloading class 0x000000001b1ac400 'java/lang/invoke/LambdaForm$BMH+0x000000001b1ac400'
Event: 21.057 Thread 0x0000000019733ac0 Unloading class 0x000000001b1ac000 'java/lang/invoke/LambdaForm$DMH+0x000000001b1ac000'
Event: 21.057 Thread 0x0000000019733ac0 Unloading class 0x000000001b1aac00 'java/lang/invoke/LambdaForm$DMH+0x000000001b1aac00'

Classes redefined (0 events):
No events

Internal exceptions (20 events):
Event: 24.762 Thread 0x000000006186cda0 Exception <a 'sun/nio/fs/WindowsException'{0x00000000d5c5a9d0}> (0x00000000d5c5a9d0) 
thrown [s\src\hotspot\share\prims\jni.cpp, line 520]
Event: 24.762 Thread 0x000000006186cda0 Exception <a 'sun/nio/fs/WindowsException'{0x00000000d5c5b158}> (0x00000000d5c5b158) 
thrown [s\src\hotspot\share\prims\jni.cpp, line 520]
Event: 24.763 Thread 0x000000006186cda0 Exception <a 'sun/nio/fs/WindowsException'{0x00000000d5c5f410}> (0x00000000d5c5f410) 
thrown [s\src\hotspot\share\prims\jni.cpp, line 520]
Event: 24.763 Thread 0x000000006186cda0 Exception <a 'sun/nio/fs/WindowsException'{0x00000000d5c5fb90}> (0x00000000d5c5fb90) 
thrown [s\src\hotspot\share\prims\jni.cpp, line 520]
Event: 24.763 Thread 0x000000006186cda0 Exception <a 'sun/nio/fs/WindowsException'{0x00000000d5c60310}> (0x00000000d5c60310) 
thrown [s\src\hotspot\share\prims\jni.cpp, line 520]
Event: 24.764 Thread 0x000000006186cda0 Exception <a 'sun/nio/fs/WindowsException'{0x00000000d5c60ab0}> (0x00000000d5c60ab0) 
thrown [s\src\hotspot\share\prims\jni.cpp, line 520]
Event: 24.765 Thread 0x000000006186cda0 Exception <a 'sun/nio/fs/WindowsException'{0x00000000d5c64918}> (0x00000000d5c64918) 
thrown [s\src\hotspot\share\prims\jni.cpp, line 520]
Event: 24.765 Thread 0x000000006186cda0 Exception <a 'sun/nio/fs/WindowsException'{0x00000000d5c64fc8}> (0x00000000d5c64fc8) 
thrown [s\src\hotspot\share\prims\jni.cpp, line 520]
Event: 24.765 Thread 0x000000006186cda0 Exception <a 'sun/nio/fs/WindowsException'{0x00000000d5c65678}> (0x00000000d5c65678) 
thrown [s\src\hotspot\share\prims\jni.cpp, line 520]
Event: 24.765 Thread 0x000000006186cda0 Exception <a 'sun/nio/fs/WindowsException'{0x00000000d5c65d40}> (0x00000000d5c65d40) 
thrown [s\src\hotspot\share\prims\jni.cpp, line 520]
Event: 24.765 Thread 0x000000006186cda0 Exception <a 'sun/nio/fs/WindowsException'{0x00000000d5c69500}> (0x00000000d5c69500) 
thrown [s\src\hotspot\share\prims\jni.cpp, line 520]
Event: 24.766 Thread 0x000000006186cda0 Exception <a 'sun/nio/fs/WindowsException'{0x00000000d5c69bc0}> (0x00000000d5c69bc0) 
thrown [s\src\hotspot\share\prims\jni.cpp, line 520]
Event: 24.766 Thread 0x000000006186cda0 Exception <a 'sun/nio/fs/WindowsException'{0x00000000d5c6a570}> (0x00000000d5c6a570) 
thrown [s\src\hotspot\share\prims\jni.cpp, line 520]
Event: 24.766 Thread 0x000000006186cda0 Exception <a 'sun/nio/fs/WindowsException'{0x00000000d5c6ac50}> (0x00000000d5c6ac50) 
thrown [s\src\hotspot\share\prims\jni.cpp, line 520]
Event: 24.767 Thread 0x000000006186cda0 Exception <a 'sun/nio/fs/WindowsException'{0x00000000d5c6e6c0}> (0x00000000d5c6e6c0) 
thrown [s\src\hotspot\share\prims\jni.cpp, line 520]
Event: 24.767 Thread 0x000000006186cda0 Exception <a 'sun/nio/fs/WindowsException'{0x00000000d5c6edb0}> (0x00000000d5c6edb0) 
thrown [s\src\hotspot\share\prims\jni.cpp, line 520]
Event: 24.767 Thread 0x000000006186cda0 Exception <a 'sun/nio/fs/WindowsException'{0x00000000d5c6f4a0}> (0x00000000d5c6f4a0) 
thrown [s\src\hotspot\share\prims\jni.cpp, line 520]
Event: 24.767 Thread 0x000000006186cda0 Exception <a 'sun/nio/fs/WindowsException'{0x00000000d5c6fbb0}> (0x00000000d5c6fbb0) 
thrown [s\src\hotspot\share\prims\jni.cpp, line 520]
Event: 25.130 Thread 0x00000000671cad00 Implicit null exception at 0x000000000dc06383 to 0x000000000dc06604
Event: 25.131 Thread 0x00000000671cad00 Exception <a 'java/lang/NoSuchMethodError'{0x00000000d625ffb8}: 'java.lang.Object java.lang.invoke.DelegatingMethodHandle$Holder.reinvoke_L(java.lang.Object, int, long, java.lang.Object, java.lang.Object, int, java.lang.Object)'> (0x00000000d625ffb8) 
thrown [s\src\hotspot\share\interpreter\linkResolver.cpp, line 773]

ZGC Phase Switch (0 events):
No events

VM Operations (20 events):
Event: 25.464 Executing VM operation: ParallelGCFailedAllocation (Allocation Failure)
Event: 25.468 Executing VM operation: ParallelGCFailedAllocation (Allocation Failure) done
Event: 25.512 Executing VM operation: ParallelGCFailedAllocation (Allocation Failure)
Event: 25.517 Executing VM operation: ParallelGCFailedAllocation (Allocation Failure) done
Event: 25.596 Executing VM operation: ParallelGCFailedAllocation (Allocation Failure)
Event: 25.602 Executing VM operation: ParallelGCFailedAllocation (Allocation Failure) done
Event: 25.672 Executing VM operation: ParallelGCFailedAllocation (Allocation Failure)
Event: 25.677 Executing VM operation: ParallelGCFailedAllocation (Allocation Failure) done
Event: 25.993 Executing VM operation: HandshakeAllThreads (Deoptimize)
Event: 25.993 Executing VM operation: HandshakeAllThreads (Deoptimize) done
Event: 26.008 Executing VM operation: ParallelGCFailedAllocation (Allocation Failure)
Event: 26.014 Executing VM operation: ParallelGCFailedAllocation (Allocation Failure) done
Event: 26.305 Executing VM operation: ParallelGCFailedAllocation (Allocation Failure)
Event: 26.307 Executing VM operation: ParallelGCFailedAllocation (Allocation Failure) done
Event: 26.581 Executing VM operation: ParallelGCFailedAllocation (Allocation Failure)
Event: 26.583 Executing VM operation: ParallelGCFailedAllocation (Allocation Failure) done
Event: 26.638 Executing VM operation: ParallelGCFailedAllocation (Allocation Failure)
Event: 26.640 Executing VM operation: ParallelGCFailedAllocation (Allocation Failure) done
Event: 26.679 Executing VM operation: ParallelGCFailedAllocation (Allocation Failure)
Event: 26.681 Executing VM operation: ParallelGCFailedAllocation (Allocation Failure) done

Memory protections (0 events):
No events

Nmethod flushes (20 events):
Event: 22.513 Thread 0x0000000019733ac0 flushing  nmethod 0x00000000064c2410
Event: 22.513 Thread 0x0000000019733ac0 flushing  nmethod 0x00000000064c3610
Event: 22.513 Thread 0x0000000019733ac0 flushing  nmethod 0x00000000064c3e10
Event: 22.513 Thread 0x0000000019733ac0 flushing  nmethod 0x00000000064c4590
Event: 22.513 Thread 0x0000000019733ac0 flushing  nmethod 0x00000000064c4f10
Event: 22.513 Thread 0x0000000019733ac0 flushing  nmethod 0x00000000064c6d90
Event: 22.513 Thread 0x0000000019733ac0 flushing  nmethod 0x00000000064c7a90
Event: 22.513 Thread 0x0000000019733ac0 flushing  nmethod 0x00000000064c8c10
Event: 22.513 Thread 0x0000000019733ac0 flushing  nmethod 0x00000000064ca610
Event: 22.513 Thread 0x0000000019733ac0 flushing  nmethod 0x00000000064e3990
Event: 22.513 Thread 0x0000000019733ac0 flushing  nmethod 0x00000000064e7e10
Event: 22.513 Thread 0x0000000019733ac0 flushing  nmethod 0x00000000064ffd90
Event: 22.513 Thread 0x0000000019733ac0 flushing  nmethod 0x0000000006501410
Event: 22.513 Thread 0x0000000019733ac0 flushing  nmethod 0x000000000658dc90
Event: 22.513 Thread 0x0000000019733ac0 flushing  nmethod 0x0000000006590510
Event: 22.513 Thread 0x0000000019733ac0 flushing  nmethod 0x00000000065b0910
Event: 22.513 Thread 0x0000000019733ac0 flushing  nmethod 0x00000000065cdd10
Event: 22.513 Thread 0x0000000019733ac0 flushing  nmethod 0x00000000065cec90
Event: 22.513 Thread 0x0000000019733ac0 flushing  nmethod 0x00000000065d1f90
Event: 22.513 Thread 0x0000000019733ac0 flushing  nmethod 0x00000000065e9290

Events (20 events):
Event: 22.297 Thread 0x00000000004a4d90 Thread added: 0x0000000061870f40
Event: 22.298 Thread 0x00000000004a4d90 Thread added: 0x00000000618722f0
Event: 22.298 Thread 0x00000000004a4d90 Thread added: 0x0000000061872980
Event: 22.298 Thread 0x00000000004a4d90 Thread added: 0x0000000061870220
Event: 22.299 Thread 0x00000000004a4d90 Thread added: 0x00000000618715d0
Event: 22.299 Thread 0x00000000004a4d90 Thread added: 0x00000000671cc740
Event: 22.299 Thread 0x00000000004a4d90 Thread added: 0x00000000671c9fe0
Event: 22.347 Thread 0x00000000004a4d90 Thread added: 0x00000000671ccdd0
Event: 22.675 Thread 0x00000000004a4d90 Thread added: 0x00000000671cc0b0
Event: 22.676 Thread 0x00000000004a4d90 Thread added: 0x00000000671cad00
Event: 23.473 Thread 0x000000006186b360 Thread added: 0x00000000671cb390
Event: 23.473 Thread 0x000000006186b360 Thread added: 0x00000000671cba20
Event: 23.474 Thread 0x00000000671cba20 Thread added: 0x00000000671c9950
Event: 23.476 Thread 0x00000000671c9950 Thread added: 0x00000000671cd460
Event: 23.479 Thread 0x00000000671cd460 Thread added: 0x00000000671cdaf0
Event: 23.481 Thread 0x00000000671cdaf0 Thread added: 0x00000000671ca670
Event: 23.488 Thread 0x00000000671ca670 Thread added: 0x00000000671ce180
Event: 26.531 Thread 0x000000005c957cb0 Thread exited: 0x000000005c957cb0
Event: 26.531 Thread 0x00000000628b76c0 Thread exited: 0x00000000628b76c0
Event: 26.606 Thread 0x000000001976e8c0 Thread added: 0x000000005c957cb0


Dynamic libraries:
0x00007ff699e40000 - 0x00007ff699e4e000 	c:\Users\hmfar\.vscode\extensions\redhat.java-1.46.0-win32-x64\jre\21.0.8-win32-x86_64\bin\java.exe
0x00007ffe96200000 - 0x00007ffe96468000 	C:\WINDOWS\SYSTEM32\ntdll.dll
0x00007ffe94e50000 - 0x00007ffe94f19000 	C:\WINDOWS\System32\KERNEL32.DLL
0x00007ffe93390000 - 0x00007ffe93782000 	C:\WINDOWS\System32\KERNELBASE.dll
0x00007ffe8c550000 - 0x00007ffe8c5ef000 	C:\WINDOWS\SYSTEM32\apphelp.dll
0x00007ffe939a0000 - 0x00007ffe93aeb000 	C:\WINDOWS\System32\ucrtbase.dll
0x00007ffe74de0000 - 0x00007ffe74df8000 	c:\Users\hmfar\.vscode\extensions\redhat.java-1.46.0-win32-x64\jre\21.0.8-win32-x86_64\bin\jli.dll
0x00007ffe74d00000 - 0x00007ffe74d1e000 	c:\Users\hmfar\.vscode\extensions\redhat.java-1.46.0-win32-x64\jre\21.0.8-win32-x86_64\bin\VCRUNTIME140.dll
0x00007ffe94f20000 - 0x00007ffe950e5000 	C:\WINDOWS\System32\USER32.dll
0x00007ffe93af0000 - 0x00007ffe93b17000 	C:\WINDOWS\System32\win32u.dll
0x00007ffe79500000 - 0x00007ffe79793000 	C:\WINDOWS\WinSxS\amd64_microsoft.windows.common-controls_6595b64144ccf1df_6.0.26100.6899_none_3e0efeeae32e88c1\COMCTL32.dll
0x00007ffe94660000 - 0x00007ffe9468b000 	C:\WINDOWS\System32\GDI32.dll
0x00007ffe95f20000 - 0x00007ffe95fc9000 	C:\WINDOWS\System32\msvcrt.dll
0x00007ffe93df0000 - 0x00007ffe93f1d000 	C:\WINDOWS\System32\gdi32full.dll
0x00007ffe93f20000 - 0x00007ffe93fc3000 	C:\WINDOWS\System32\msvcp_win.dll
0x00007ffe95ee0000 - 0x00007ffe95f0f000 	C:\WINDOWS\System32\IMM32.DLL
0x00007ffe8c510000 - 0x00007ffe8c51c000 	c:\Users\hmfar\.vscode\extensions\redhat.java-1.46.0-win32-x64\jre\21.0.8-win32-x86_64\bin\vcruntime140_1.dll
0x00007ffe3cce0000 - 0x00007ffe3cd6d000 	c:\Users\hmfar\.vscode\extensions\redhat.java-1.46.0-win32-x64\jre\21.0.8-win32-x86_64\bin\msvcp140.dll
0x00007ffe32240000 - 0x00007ffe32fd7000 	c:\Users\hmfar\.vscode\extensions\redhat.java-1.46.0-win32-x64\jre\21.0.8-win32-x86_64\bin\server\jvm.dll
0x00007ffe942a0000 - 0x00007ffe94354000 	C:\WINDOWS\System32\ADVAPI32.dll
0x00007ffe941c0000 - 0x00007ffe94266000 	C:\WINDOWS\System32\sechost.dll
0x00007ffe94540000 - 0x00007ffe94658000 	C:\WINDOWS\System32\RPCRT4.dll
0x00007ffe94870000 - 0x00007ffe948e4000 	C:\WINDOWS\System32\WS2_32.dll
0x00007ffe931f0000 - 0x00007ffe9324e000 	C:\WINDOWS\SYSTEM32\POWRPROF.dll
0x00007ffe797e0000 - 0x00007ffe79815000 	C:\WINDOWS\SYSTEM32\WINMM.dll
0x00007ffe7ec30000 - 0x00007ffe7ec3b000 	C:\WINDOWS\SYSTEM32\VERSION.dll
0x00007ffe931d0000 - 0x00007ffe931e4000 	C:\WINDOWS\SYSTEM32\UMPDC.dll
0x00007ffe92130000 - 0x00007ffe9214b000 	C:\WINDOWS\SYSTEM32\kernel.appcore.dll
0x00007ffe773d0000 - 0x00007ffe773da000 	c:\Users\hmfar\.vscode\extensions\redhat.java-1.46.0-win32-x64\jre\21.0.8-win32-x86_64\bin\jimage.dll
0x00007ffe908d0000 - 0x00007ffe90b12000 	C:\WINDOWS\SYSTEM32\DBGHELP.DLL
0x00007ffe94ad0000 - 0x00007ffe94e4b000 	C:\WINDOWS\System32\combase.dll
0x00007ffe94360000 - 0x00007ffe94437000 	C:\WINDOWS\System32\OLEAUT32.dll
0x00007ffe6f880000 - 0x00007ffe6f8bc000 	C:\WINDOWS\SYSTEM32\dbgcore.DLL
0x00007ffe93b20000 - 0x00007ffe93bb8000 	C:\WINDOWS\System32\bcryptPrimitives.dll
0x00007ffe75350000 - 0x00007ffe7535f000 	c:\Users\hmfar\.vscode\extensions\redhat.java-1.46.0-win32-x64\jre\21.0.8-win32-x86_64\bin\instrument.dll
0x00007ffe6e500000 - 0x00007ffe6e51f000 	c:\Users\hmfar\.vscode\extensions\redhat.java-1.46.0-win32-x64\jre\21.0.8-win32-x86_64\bin\java.dll
0x00007ffe95300000 - 0x00007ffe95a4d000 	C:\WINDOWS\System32\SHELL32.dll
0x00007ffe93c80000 - 0x00007ffe93deb000 	C:\WINDOWS\System32\wintypes.dll
0x00007ffe90fa0000 - 0x00007ffe917fd000 	C:\WINDOWS\SYSTEM32\windows.storage.dll
0x00007ffe95200000 - 0x00007ffe952f2000 	C:\WINDOWS\System32\SHCORE.dll
0x00007ffe94720000 - 0x00007ffe94782000 	C:\WINDOWS\System32\shlwapi.dll
0x00007ffe932b0000 - 0x00007ffe932d9000 	C:\WINDOWS\SYSTEM32\profapi.dll
0x00007ffe64b10000 - 0x00007ffe64b28000 	c:\Users\hmfar\.vscode\extensions\redhat.java-1.46.0-win32-x64\jre\21.0.8-win32-x86_64\bin\zip.dll
0x00007ffe74cf0000 - 0x00007ffe74d00000 	C:\Users\hmfar\.vscode\extensions\redhat.java-1.46.0-win32-x64\jre\21.0.8-win32-x86_64\bin\net.dll
0x00007ffe868c0000 - 0x00007ffe869df000 	C:\WINDOWS\SYSTEM32\WINHTTP.dll
0x00007ffe92680000 - 0x00007ffe926eb000 	C:\WINDOWS\system32\mswsock.dll
0x00007ffe64020000 - 0x00007ffe64036000 	C:\Users\hmfar\.vscode\extensions\redhat.java-1.46.0-win32-x64\jre\21.0.8-win32-x86_64\bin\nio.dll
0x00007ffe74cb0000 - 0x00007ffe74cc0000 	c:\Users\hmfar\.vscode\extensions\redhat.java-1.46.0-win32-x64\jre\21.0.8-win32-x86_64\bin\verify.dll
0x00007ffe414b0000 - 0x00007ffe414f4000 	C:\Users\hmfar\AppData\Roaming\Code\User\globalStorage\redhat.java\1.46.0\config_win\org.eclipse.equinox.launcher\org.eclipse.equinox.launcher.win32.win32.x86_64_1.2.1400.v20250801-0854\eclipse_11916.dll
0x00007ffe93fd0000 - 0x00007ffe94168000 	C:\WINDOWS\System32\ole32.dll
0x00007ffe92960000 - 0x00007ffe9297b000 	C:\WINDOWS\SYSTEM32\CRYPTSP.dll
0x00007ffe92080000 - 0x00007ffe920bb000 	C:\WINDOWS\system32\rsaenh.dll
0x00007ffe92720000 - 0x00007ffe9274b000 	C:\WINDOWS\SYSTEM32\USERENV.dll
0x00007ffe93280000 - 0x00007ffe932a6000 	C:\WINDOWS\SYSTEM32\bcrypt.dll
0x00007ffe92980000 - 0x00007ffe9298c000 	C:\WINDOWS\SYSTEM32\CRYPTBASE.dll
0x00007ffe91b20000 - 0x00007ffe91b54000 	C:\WINDOWS\SYSTEM32\IPHLPAPI.DLL
0x00007ffe947a0000 - 0x00007ffe947aa000 	C:\WINDOWS\System32\NSI.dll
0x00007ffe64f10000 - 0x00007ffe64f59000 	C:\Users\hmfar\AppData\Local\Temp\jna-99394546\jna6490367264342472571.dll
0x00007ffe96130000 - 0x00007ffe96138000 	C:\WINDOWS\System32\PSAPI.DLL
0x00007ffe889a0000 - 0x00007ffe889be000 	C:\WINDOWS\SYSTEM32\dhcpcsvc6.DLL
0x00007ffe886e0000 - 0x00007ffe88703000 	C:\WINDOWS\SYSTEM32\dhcpcsvc.DLL

JVMTI agents:
c:\Users\hmfar\.vscode\extensions\redhat.java-1.46.0-win32-x64\lombok\lombok-1.18.39-4050.jar path:c:\Users\hmfar\.vscode\extensions\redhat.java-1.46.0-win32-x64\jre\21.0.8-win32-x86_64\bin\instrument.dll, loaded, initialized, instrumentlib options:none

dbghelp: loaded successfully - version: 4.0.5 - missing functions: none
symbol engine: initialized successfully - sym options: 0x614 - pdb path: .;c:\Users\hmfar\.vscode\extensions\redhat.java-1.46.0-win32-x64\jre\21.0.8-win32-x86_64\bin;C:\WINDOWS\SYSTEM32;C:\WINDOWS\WinSxS\amd64_microsoft.windows.common-controls_6595b64144ccf1df_6.0.26100.6899_none_3e0efeeae32e88c1;c:\Users\hmfar\.vscode\extensions\redhat.java-1.46.0-win32-x64\jre\21.0.8-win32-x86_64\bin\server;C:\Users\hmfar\AppData\Roaming\Code\User\globalStorage\redhat.java\1.46.0\config_win\org.eclipse.equinox.launcher\org.eclipse.equinox.launcher.win32.win32.x86_64_1.2.1400.v20250801-0854;C:\Users\hmfar\AppData\Local\Temp\jna-99394546

VM Arguments:
jvm_args: --add-modules=ALL-SYSTEM --add-opens=java.base/java.util=ALL-UNNAMED --add-opens=java.base/java.lang=ALL-UNNAMED --add-opens=java.base/sun.nio.fs=ALL-UNNAMED -Declipse.application=org.eclipse.jdt.ls.core.id1 -Dosgi.bundles.defaultStartLevel=4 -Declipse.product=org.eclipse.jdt.ls.core.product -Djava.import.generatesMetadataFilesAtProjectRoot=false -DDetectVMInstallationsJob.disabled=true -Dfile.encoding=utf8 -XX:+UseParallelGC -XX:GCTimeRatio=4 -XX:AdaptiveSizePolicyWeight=90 -Dsun.zip.disableMemoryMapping=true -Xmx2G -Xms100m -Xlog:disable -javaagent:c:\Users\hmfar\.vscode\extensions\redhat.java-1.46.0-win32-x64\lombok\lombok-1.18.39-4050.jar -XX:+HeapDumpOnOutOfMemoryError -XX:HeapDumpPath=c:\Users\hmfar\AppData\Roaming\Code\User\workspaceStorage\c3a96d27314cb5bde88c8915a752ecbe\redhat.java -Daether.dependencyCollector.impl=bf 
java_command: c:\Users\hmfar\.vscode\extensions\redhat.java-1.46.0-win32-x64\server\plugins\org.eclipse.equinox.launcher_1.7.0.v20250519-0528.jar -configuration c:\Users\hmfar\AppData\Roaming\Code\User\globalStorage\redhat.java\1.46.0\config_win -data c:\Users\hmfar\AppData\Roaming\Code\User\workspaceStorage\c3a96d27314cb5bde88c8915a752ecbe\redhat.java\jdt_ws --pipe=\\.\pipe\lsp-27000f3101d9201f5c5d00136a41e562-sock
java_class_path (initial): c:\Users\hmfar\.vscode\extensions\redhat.java-1.46.0-win32-x64\server\plugins\org.eclipse.equinox.launcher_1.7.0.v20250519-0528.jar
Launcher Type: SUN_STANDARD

[Global flags]
    uintx AdaptiveSizePolicyWeight                 = 90                                        {product} {command line}
     intx CICompilerCount                          = 4                                         {product} {ergonomic}
    uintx GCTimeRatio                              = 4                                         {product} {command line}
     bool HeapDumpOnOutOfMemoryError               = true                                   {manageable} {command line}
    ccstr HeapDumpPath                             = c:\Users\hmfar\AppData\Roaming\Code\User\workspaceStorage\c3a96d27314cb5bde88c8915a752ecbe\redhat.java         {manageable} {command line}
   size_t InitialHeapSize                          = 104857600                                 {product} {command line}
   size_t MaxHeapSize                              = 2147483648                                {product} {command line}
   size_t MaxNewSize                               = 715653120                                 {product} {ergonomic}
   size_t MinHeapDeltaBytes                        = 524288                                    {product} {ergonomic}
   size_t MinHeapSize                              = 104857600                                 {product} {command line}
   size_t NewSize                                  = 34603008                                  {product} {ergonomic}
    uintx NonNMethodCodeHeapSize                   = 5839372                                {pd product} {ergonomic}
    uintx NonProfiledCodeHeapSize                  = 122909434                              {pd product} {ergonomic}
   size_t OldSize                                  = 70254592                                  {product} {ergonomic}
    uintx ProfiledCodeHeapSize                     = 122909434                              {pd product} {ergonomic}
    uintx ReservedCodeCacheSize                    = 251658240                              {pd product} {ergonomic}
     bool SegmentedCodeCache                       = true                                      {product} {ergonomic}
   size_t SoftMaxHeapSize                          = 2147483648                             {manageable} {ergonomic}
     bool UseCompressedOops                        = true                           {product lp64_product} {ergonomic}
     bool UseLargePagesIndividualAllocation        = false                                  {pd product} {ergonomic}
     bool UseParallelGC                            = true                                      {product} {command line}

Logging:
Log output configuration:
 #0: stdout all=off uptime,level,tags foldmultilines=false
 #1: stderr all=off uptime,level,tags foldmultilines=false

Environment Variables:
JAVA_HOME=C:\Program Files\Java\jdk-17
PATH=C:\Program Files\Common Files\Oracle\Java\javapath;C:\Program Files\Java\jdk1.8.0_172\bin;C:\Program Files (x86)\Common Files\Intel\Shared Libraries\redist\intel64\compiler;C:\Python311\Scripts\;C:\Python311\;C:\Program Files (x86)\Common Files\Oracle\Java\javapath;C:\WINDOWS\system32;C:\WINDOWS;C:\WINDOWS\System32\Wbem;C:\WINDOWS\System32\WindowsPowerShell\v1.0\;C:\WINDOWS\System32\OpenSSH\;C:\ProgramData\chocolatey\bin;D:\Programming\apache-maven-3.8.6-bin\apache-maven-3.8.6\bin;C:\Program Files\PuTTY\;C:\Program Files\nodejs\;C:\Program Files\Java\jdk-17\bin;C:\Program Files\Java\jdk-11\bin;C:\Program Files\Git\cmd;C:\Program Files\Cloudflare\Cloudflare WARP\;C:\Users\hmfar\AppData\Local\Microsoft\WindowsApps;C:\Users\hmfar\AppData\Local\Programs\Microsoft VS Code\bin;C:\Users\hmfar\AppData\Roaming\npm;
USERNAME=hmfar
OS=Windows_NT
PROCESSOR_IDENTIFIER=Intel64 Family 6 Model 140 Stepping 1, GenuineIntel
TMP=C:\Users\hmfar\AppData\Local\Temp
TEMP=C:\Users\hmfar\AppData\Local\Temp




Periodic native trim disabled

---------------  S Y S T E M  ---------------

OS:
 Windows 11 , 64 bit Build 26100 (10.0.26100.6725)
OS uptime: 3 days 19:56 hours
Hyper-V role detected

CPU: total 8 (initial active 8) (4 cores per cpu, 2 threads per core) family 6 model 140 stepping 1 microcode 0x86, cx8, cmov, fxsr, ht, mmx, 3dnowpref, sse, sse2, sse3, ssse3, sse4.1, sse4.2, popcnt, lzcnt, tsc, tscinvbit, avx, avx2, aes, erms, clmul, bmi1, bmi2, adx, avx512f, avx512dq, avx512cd, avx512bw, avx512vl, sha, fma, vzeroupper, avx512_vpopcntdq, avx512_vpclmulqdq, avx512_vaes, avx512_vnni, clflush, clflushopt, clwb, avx512_vbmi2, avx512_vbmi, hv, rdtscp, rdpid, fsrm, gfni, avx512_bitalg, f16c, cet_ibt, cet_ss, avx512_ifma
Processor Information for the first 8 processors :
  Max Mhz: 3110, Current Mhz: 3110, Mhz Limit: 3110

Memory: 4k page, system-wide physical 7975M (624M free)
TotalPageFile size 26602M (AvailPageFile size 124M)
current process WorkingSet (physical memory assigned to process): 248M, peak: 262M
current process commit charge ("private bytes"): 339M, peak: 370M

vm_info: OpenJDK 64-Bit Server VM (21.0.8+9-LTS) for windows-amd64 JRE (21.0.8+9-LTS), built on 2025-07-15T00:00:00Z by "admin" with MS VC++ 17.7 (VS2022)

END.
