#
# There is insufficient memory for the Java Runtime Environment to continue.
# Native memory allocation (malloc) failed to allocate 1229616 bytes for Chunk::new
# Possible reasons:
#   The system is out of physical RAM or swap space
#   The process is running with CompressedOops enabled, and the Java Heap may be blocking the growth of the native heap
# Possible solutions:
#   Reduce memory load on the system
#   Increase physical memory or swap space
#   Check if swap backing store is full
#   Decrease Java heap size (-Xmx/-Xms)
#   Decrease number of Java threads
#   Decrease Java thread stack sizes (-Xss)
#   Set larger code cache with -XX:ReservedCodeCacheSize=
#   JVM is running with Unscaled Compressed Oops mode in which the Java heap is
#     placed in the first 4GB address space. The Java Heap base address is the
#     maximum limit for the native heap growth. Please use -XX:HeapBaseMinAddress
#     to set the Java Heap base and to place the Java Heap above 4GB virtual address.
# This output file may be truncated or incomplete.
#
#  Out of Memory Error (arena.cpp:189), pid=16704, tid=15860
#
# JRE version: Java(TM) SE Runtime Environment (17.0.11+7) (build 17.0.11+7-LTS-207)
# Java VM: Java HotSpot(TM) 64-Bit Server VM (17.0.11+7-LTS-207, mixed mode, sharing, tiered, compressed oops, compressed class ptrs, g1 gc, windows-amd64)
# No core dump will be written. Minidumps are not enabled by default on client versions of Windows
#

---------------  S U M M A R Y ------------

Command Line: -Dclassworlds.conf=D:\Programming\apache-maven-3.8.6-bin\apache-maven-3.8.6\bin\m2.conf -Dmaven.home=D:\Programming\apache-maven-3.8.6-bin\apache-maven-3.8.6 -Dlibrary.jansi.path=D:\Programming\apache-maven-3.8.6-bin\apache-maven-3.8.6\lib\jansi-native -Dmaven.multiModuleProjectDirectory=D:\Programming\workspace\billing_craft\charu_backend org.codehaus.plexus.classworlds.launcher.Launcher clean package -DskipTests

Host: 11th Gen Intel(R) Core(TM) i5-11300H @ 3.10GHz, 8 cores, 7G,  Windows 11 , 64 bit Build 22621 (10.0.22621.4830)
Time: Fri Mar 14 00:27:08 2025 Bangladesh Standard Time elapsed time: 11.337949 seconds (0d 0h 0m 11s)

---------------  T H R E A D  ---------------

Current thread (0x0000000069ecd820):  JavaThread "C2 CompilerThread1" daemon [_thread_in_native, id=15860, stack(0x0000000067b00000,0x0000000067c00000)]


Current CompileTask:
C2:  11338 9005       4       org.apache.maven.model.inheritance.DefaultInheritanceAssembler$InheritanceModelMerger::mergePluginContainer_Plugins (430 bytes)

Stack: [0x0000000067b00000,0x0000000067c00000]
Native frames: (J=compiled Java code, j=interpreted, Vv=VM code, C=native code)
V  [jvm.dll+0x679cca]
V  [jvm.dll+0x7da13d]
V  [jvm.dll+0x7dba83]
V  [jvm.dll+0x7dc0f3]
V  [jvm.dll+0x2449af]
V  [jvm.dll+0xab83b]
V  [jvm.dll+0xabe1c]
V  [jvm.dll+0x2a9e6f]
V  [jvm.dll+0x5818d9]
V  [jvm.dll+0x21ed62]
V  [jvm.dll+0x21f13f]
V  [jvm.dll+0x218331]
V  [jvm.dll+0x215505]
V  [jvm.dll+0x1a2040]
V  [jvm.dll+0x225a2b]
V  [jvm.dll+0x223bcb]
V  [jvm.dll+0x7903ec]
V  [jvm.dll+0x78a85a]
V  [jvm.dll+0x678bb5]
C  [ucrtbase.dll+0x29333]
C  [KERNEL32.DLL+0x1259d]
C  [ntdll.dll+0x5af38]


---------------  P R O C E S S  ---------------

Threads class SMR info:
_java_thread_list=0x0000000067e9cd40, length=13, elements={
0x0000000002aa72d0, 0x0000000020dba170, 0x0000000020dbad30, 0x0000000020dd06a0,
0x0000000020dd3070, 0x0000000020dd5a40, 0x0000000020dd9900, 0x0000000020de26b0,
0x0000000020de3160, 0x0000000020deee80, 0x0000000021c13b20, 0x0000000021c1d5f0,
0x0000000069ecd820
}

Java Threads: ( => current thread )
  0x0000000002aa72d0 JavaThread "main" [_thread_in_native, id=12880, stack(0x0000000002170000,0x0000000002270000)]
  0x0000000020dba170 JavaThread "Reference Handler" daemon [_thread_blocked, id=23024, stack(0x0000000021140000,0x0000000021240000)]
  0x0000000020dbad30 JavaThread "Finalizer" daemon [_thread_blocked, id=24384, stack(0x0000000021240000,0x0000000021340000)]
  0x0000000020dd06a0 JavaThread "Signal Dispatcher" daemon [_thread_blocked, id=24024, stack(0x0000000021440000,0x0000000021540000)]
  0x0000000020dd3070 JavaThread "Attach Listener" daemon [_thread_blocked, id=5792, stack(0x0000000021540000,0x0000000021640000)]
  0x0000000020dd5a40 JavaThread "Service Thread" daemon [_thread_blocked, id=23888, stack(0x0000000021640000,0x0000000021740000)]
  0x0000000020dd9900 JavaThread "Monitor Deflation Thread" daemon [_thread_blocked, id=24324, stack(0x0000000021740000,0x0000000021840000)]
  0x0000000020de26b0 JavaThread "C2 CompilerThread0" daemon [_thread_in_native, id=8664, stack(0x0000000021840000,0x0000000021940000)]
  0x0000000020de3160 JavaThread "C1 CompilerThread0" daemon [_thread_blocked, id=14076, stack(0x0000000021940000,0x0000000021a40000)]
  0x0000000020deee80 JavaThread "Sweeper thread" daemon [_thread_blocked, id=7992, stack(0x0000000021a40000,0x0000000021b40000)]
  0x0000000021c13b20 JavaThread "Notification Thread" daemon [_thread_blocked, id=21860, stack(0x0000000067000000,0x0000000067100000)]
  0x0000000021c1d5f0 JavaThread "Common-Cleaner" daemon [_thread_blocked, id=21692, stack(0x0000000067200000,0x0000000067300000)]
=>0x0000000069ecd820 JavaThread "C2 CompilerThread1" daemon [_thread_in_native, id=15860, stack(0x0000000067b00000,0x0000000067c00000)]

Other Threads:
  0x0000000020db66a0 VMThread "VM Thread" [stack: 0x0000000021040000,0x0000000021140000] [id=2788]
  0x0000000002b26350 WatcherThread [stack: 0x0000000067100000,0x0000000067200000] [id=2396]
  0x0000000002affb90 GCTaskThread "GC Thread#0" [stack: 0x000000001e0c0000,0x000000001e1c0000] [id=4576]
  0x0000000021cc89b0 GCTaskThread "GC Thread#1" [stack: 0x0000000068bd0000,0x0000000068cd0000] [id=19864]
  0x0000000067a78000 GCTaskThread "GC Thread#2" [stack: 0x0000000068cd0000,0x0000000068dd0000] [id=22296]
  0x0000000067cce1c0 GCTaskThread "GC Thread#3" [stack: 0x0000000068dd0000,0x0000000068ed0000] [id=20104]
  0x00000000678b4f00 GCTaskThread "GC Thread#4" [stack: 0x0000000068ed0000,0x0000000068fd0000] [id=6240]
  0x0000000067af8310 GCTaskThread "GC Thread#5" [stack: 0x0000000068fd0000,0x00000000690d0000] [id=20152]
  0x0000000067af89e0 GCTaskThread "GC Thread#6" [stack: 0x00000000690d0000,0x00000000691d0000] [id=4856]
  0x0000000067e505e0 GCTaskThread "GC Thread#7" [stack: 0x00000000691d0000,0x00000000692d0000] [id=17816]
  0x0000000002b10c40 ConcurrentGCThread "G1 Main Marker" [stack: 0x000000001e1c0000,0x000000001e2c0000] [id=18812]
  0x0000000002b12660 ConcurrentGCThread "G1 Conc#0" [stack: 0x000000001e2c0000,0x000000001e3c0000] [id=24696]
  0x0000000067e508a0 ConcurrentGCThread "G1 Conc#1" [stack: 0x0000000069570000,0x0000000069670000] [id=2148]
  0x0000000002b6eb40 ConcurrentGCThread "G1 Refine#0" [stack: 0x0000000020e40000,0x0000000020f40000] [id=5036]
  0x000000006a1d1640 ConcurrentGCThread "G1 Refine#1" [stack: 0x0000000069670000,0x0000000069770000] [id=24440]
  0x000000006a814f70 ConcurrentGCThread "G1 Refine#2" [stack: 0x0000000069770000,0x0000000069870000] [id=14832]
  0x000000006bd00440 ConcurrentGCThread "G1 Refine#3" [stack: 0x0000000069870000,0x0000000069970000] [id=21720]
  0x0000000020c74720 ConcurrentGCThread "G1 Service" [stack: 0x0000000020f40000,0x0000000021040000] [id=556]

Threads with active compile tasks:
C2 CompilerThread0    11365 9039       4       java.net.URLStreamHandler::parseURL (1201 bytes)
C2 CompilerThread1    11365 9005       4       org.apache.maven.model.inheritance.DefaultInheritanceAssembler$InheritanceModelMerger::mergePluginContainer_Plugins (430 bytes)

VM state: not at safepoint (normal execution)

VM Mutex/Monitor currently owned by a thread: None

Heap address: 0x0000000083600000, size: 1994 MB, Compressed Oops mode: 32-bit

CDS archive(s) mapped at: [0x0000000022000000-0x0000000022bd0000-0x0000000022bd0000), size 12386304, SharedBaseAddress: 0x0000000022000000, ArchiveRelocationMode: 1.
Compressed class space mapped at: 0x0000000023000000-0x0000000063000000, reserved size: 1073741824
Narrow klass base: 0x0000000022000000, Narrow klass shift: 0, Narrow klass range: 0x100000000

GC Precious Log:
 CPUs: 8 total, 8 available
 Memory: 7975M
 Large Page Support: Disabled
 NUMA Support: Disabled
 Compressed Oops: Enabled (32-bit)
 Heap Region Size: 1M
 Heap Min Capacity: 8M
 Heap Initial Capacity: 126M
 Heap Max Capacity: 1994M
 Pre-touch: Disabled
 Parallel Workers: 8
 Concurrent Workers: 2
 Concurrent Refinement Workers: 8
 Periodic GC: Disabled

Heap:
 garbage-first heap   total 263168K, used 150664K [0x0000000083600000, 0x0000000100000000)
  region size 1024K, 100 young (102400K), 19 survivors (19456K)
 Metaspace       used 31585K, committed 32000K, reserved 1114112K
  class space    used 3410K, committed 3584K, reserved 1048576K

Heap Regions: E=young(eden), S=young(survivor), O=old, HS=humongous(starts), HC=humongous(continues), CS=collection set, F=free, OA=open archive, CA=closed archive, TAMS=top-at-mark-start (previous, next)
|   0|0x0000000083600000, 0x0000000083700000, 0x0000000083700000|100%| O|  |TAMS 0x0000000083700000, 0x0000000083600000| Untracked 
|   1|0x0000000083700000, 0x0000000083800000, 0x0000000083800000|100%| O|  |TAMS 0x0000000083800000, 0x0000000083700000| Untracked 
|   2|0x0000000083800000, 0x0000000083900000, 0x0000000083900000|100%| O|  |TAMS 0x0000000083900000, 0x0000000083800000| Untracked 
|   3|0x0000000083900000, 0x0000000083a00000, 0x0000000083a00000|100%| O|  |TAMS 0x0000000083951a00, 0x0000000083900000| Untracked 
|   4|0x0000000083a00000, 0x0000000083b00000, 0x0000000083b00000|100%| O|  |TAMS 0x0000000083a00000, 0x0000000083a00000| Untracked 
|   5|0x0000000083b00000, 0x0000000083c00000, 0x0000000083c00000|100%| O|  |TAMS 0x0000000083b00000, 0x0000000083b00000| Untracked 
|   6|0x0000000083c00000, 0x0000000083d00000, 0x0000000083d00000|100%|HS|  |TAMS 0x0000000083d00000, 0x0000000083c00000| Complete 
|   7|0x0000000083d00000, 0x0000000083e00000, 0x0000000083e00000|100%|HC|  |TAMS 0x0000000083e00000, 0x0000000083d00000| Complete 
|   8|0x0000000083e00000, 0x0000000083f00000, 0x0000000083f00000|100%| O|  |TAMS 0x0000000083e00000, 0x0000000083e00000| Untracked 
|   9|0x0000000083f00000, 0x0000000084000000, 0x0000000084000000|100%| O|  |TAMS 0x0000000083f00000, 0x0000000083f00000| Untracked 
|  10|0x0000000084000000, 0x0000000084100000, 0x0000000084100000|100%| O|  |TAMS 0x0000000084000000, 0x0000000084000000| Untracked 
|  11|0x0000000084100000, 0x0000000084200000, 0x0000000084200000|100%| O|  |TAMS 0x0000000084100000, 0x0000000084100000| Untracked 
|  12|0x0000000084200000, 0x0000000084300000, 0x0000000084300000|100%| O|  |TAMS 0x0000000084200000, 0x0000000084200000| Untracked 
|  13|0x0000000084300000, 0x0000000084400000, 0x0000000084400000|100%| O|  |TAMS 0x0000000084300000, 0x0000000084300000| Untracked 
|  14|0x0000000084400000, 0x0000000084500000, 0x0000000084500000|100%| O|  |TAMS 0x0000000084400000, 0x0000000084400000| Untracked 
|  15|0x0000000084500000, 0x0000000084600000, 0x0000000084600000|100%| O|  |TAMS 0x0000000084500000, 0x0000000084500000| Untracked 
|  16|0x0000000084600000, 0x0000000084700000, 0x0000000084700000|100%| O|  |TAMS 0x0000000084600000, 0x0000000084600000| Untracked 
|  17|0x0000000084700000, 0x0000000084700000, 0x0000000084800000|  0%| F|  |TAMS 0x0000000084700000, 0x0000000084700000| Untracked 
|  18|0x0000000084800000, 0x0000000084900000, 0x0000000084900000|100%|HS|  |TAMS 0x0000000084800000, 0x0000000084800000| Complete 
|  19|0x0000000084900000, 0x0000000084a00000, 0x0000000084a00000|100%| O|  |TAMS 0x0000000084900000, 0x0000000084900000| Untracked 
|  20|0x0000000084a00000, 0x0000000084b00000, 0x0000000084b00000|100%| O|  |TAMS 0x0000000084a00000, 0x0000000084a00000| Untracked 
|  21|0x0000000084b00000, 0x0000000084c00000, 0x0000000084c00000|100%| O|  |TAMS 0x0000000084b00000, 0x0000000084b00000| Untracked 
|  22|0x0000000084c00000, 0x0000000084d00000, 0x0000000084d00000|100%| O|  |TAMS 0x0000000084c00000, 0x0000000084c00000| Untracked 
|  23|0x0000000084d00000, 0x0000000084e00000, 0x0000000084e00000|100%| O|  |TAMS 0x0000000084d00000, 0x0000000084d00000| Untracked 
|  24|0x0000000084e00000, 0x0000000084f00000, 0x0000000084f00000|100%| O|  |TAMS 0x0000000084e00000, 0x0000000084e00000| Untracked 
|  25|0x0000000084f00000, 0x0000000085000000, 0x0000000085000000|100%| O|  |TAMS 0x0000000084f00000, 0x0000000084f00000| Untracked 
|  26|0x0000000085000000, 0x0000000085100000, 0x0000000085100000|100%| O|  |TAMS 0x0000000085000000, 0x0000000085000000| Untracked 
|  27|0x0000000085100000, 0x0000000085200000, 0x0000000085200000|100%| O|  |TAMS 0x0000000085100000, 0x0000000085100000| Untracked 
|  28|0x0000000085200000, 0x0000000085300000, 0x0000000085300000|100%| O|  |TAMS 0x0000000085200000, 0x0000000085200000| Untracked 
|  29|0x0000000085300000, 0x0000000085400000, 0x0000000085400000|100%| O|  |TAMS 0x0000000085300000, 0x0000000085300000| Untracked 
|  30|0x0000000085400000, 0x0000000085500000, 0x0000000085500000|100%| O|  |TAMS 0x0000000085400000, 0x0000000085400000| Untracked 
|  31|0x0000000085500000, 0x0000000085600000, 0x0000000085600000|100%| O|  |TAMS 0x0000000085500000, 0x0000000085500000| Untracked 
|  32|0x0000000085600000, 0x0000000085700000, 0x0000000085700000|100%| O|  |TAMS 0x0000000085600000, 0x0000000085600000| Untracked 
|  33|0x0000000085700000, 0x0000000085800000, 0x0000000085800000|100%|HS|  |TAMS 0x0000000085700000, 0x0000000085700000| Complete 
|  34|0x0000000085800000, 0x0000000085900000, 0x0000000085900000|100%|HC|  |TAMS 0x0000000085800000, 0x0000000085800000| Complete 
|  35|0x0000000085900000, 0x0000000085a00000, 0x0000000085a00000|100%| O|  |TAMS 0x0000000085900000, 0x0000000085900000| Untracked 
|  36|0x0000000085a00000, 0x0000000085b00000, 0x0000000085b00000|100%| O|  |TAMS 0x0000000085a00000, 0x0000000085a00000| Untracked 
|  37|0x0000000085b00000, 0x0000000085c00000, 0x0000000085c00000|100%| O|  |TAMS 0x0000000085b00000, 0x0000000085b00000| Untracked 
|  38|0x0000000085c00000, 0x0000000085d00000, 0x0000000085d00000|100%| O|  |TAMS 0x0000000085c00000, 0x0000000085c00000| Untracked 
|  39|0x0000000085d00000, 0x0000000085e00000, 0x0000000085e00000|100%| O|  |TAMS 0x0000000085d00000, 0x0000000085d00000| Untracked 
|  40|0x0000000085e00000, 0x0000000085f00000, 0x0000000085f00000|100%| O|  |TAMS 0x0000000085e00000, 0x0000000085e00000| Untracked 
|  41|0x0000000085f00000, 0x0000000086000000, 0x0000000086000000|100%|HS|  |TAMS 0x0000000085f00000, 0x0000000085f00000| Complete 
|  42|0x0000000086000000, 0x0000000086100000, 0x0000000086100000|100%|HS|  |TAMS 0x0000000086000000, 0x0000000086000000| Complete 
|  43|0x0000000086100000, 0x0000000086200000, 0x0000000086200000|100%| O|  |TAMS 0x0000000086100000, 0x0000000086100000| Untracked 
|  44|0x0000000086200000, 0x0000000086300000, 0x0000000086300000|100%| O|  |TAMS 0x0000000086200000, 0x0000000086200000| Untracked 
|  45|0x0000000086300000, 0x0000000086400000, 0x0000000086400000|100%| O|  |TAMS 0x0000000086300000, 0x0000000086300000| Untracked 
|  46|0x0000000086400000, 0x0000000086422200, 0x0000000086500000| 13%| O|  |TAMS 0x0000000086400000, 0x0000000086400000| Untracked 
|  47|0x0000000086500000, 0x0000000086500000, 0x0000000086600000|  0%| F|  |TAMS 0x0000000086500000, 0x0000000086500000| Untracked 
|  48|0x0000000086600000, 0x0000000086600000, 0x0000000086700000|  0%| F|  |TAMS 0x0000000086600000, 0x0000000086600000| Untracked 
|  49|0x0000000086700000, 0x0000000086700000, 0x0000000086800000|  0%| F|  |TAMS 0x0000000086700000, 0x0000000086700000| Untracked 
|  50|0x0000000086800000, 0x0000000086800000, 0x0000000086900000|  0%| F|  |TAMS 0x0000000086800000, 0x0000000086800000| Untracked 
|  51|0x0000000086900000, 0x0000000086900000, 0x0000000086a00000|  0%| F|  |TAMS 0x0000000086900000, 0x0000000086900000| Untracked 
|  52|0x0000000086a00000, 0x0000000086a00000, 0x0000000086b00000|  0%| F|  |TAMS 0x0000000086a00000, 0x0000000086a00000| Untracked 
|  53|0x0000000086b00000, 0x0000000086b00000, 0x0000000086c00000|  0%| F|  |TAMS 0x0000000086b00000, 0x0000000086b00000| Untracked 
|  54|0x0000000086c00000, 0x0000000086c00000, 0x0000000086d00000|  0%| F|  |TAMS 0x0000000086c00000, 0x0000000086c00000| Untracked 
|  55|0x0000000086d00000, 0x0000000086d00000, 0x0000000086e00000|  0%| F|  |TAMS 0x0000000086d00000, 0x0000000086d00000| Untracked 
|  56|0x0000000086e00000, 0x0000000086e00000, 0x0000000086f00000|  0%| F|  |TAMS 0x0000000086e00000, 0x0000000086e00000| Untracked 
|  57|0x0000000086f00000, 0x0000000086f00000, 0x0000000087000000|  0%| F|  |TAMS 0x0000000086f00000, 0x0000000086f00000| Untracked 
|  58|0x0000000087000000, 0x0000000087000000, 0x0000000087100000|  0%| F|  |TAMS 0x0000000087000000, 0x0000000087000000| Untracked 
|  59|0x0000000087100000, 0x0000000087100000, 0x0000000087200000|  0%| F|  |TAMS 0x0000000087100000, 0x0000000087100000| Untracked 
|  60|0x0000000087200000, 0x0000000087200000, 0x0000000087300000|  0%| F|  |TAMS 0x0000000087200000, 0x0000000087200000| Untracked 
|  61|0x0000000087300000, 0x0000000087300000, 0x0000000087400000|  0%| F|  |TAMS 0x0000000087300000, 0x0000000087300000| Untracked 
|  62|0x0000000087400000, 0x0000000087400000, 0x0000000087500000|  0%| F|  |TAMS 0x0000000087400000, 0x0000000087400000| Untracked 
|  63|0x0000000087500000, 0x0000000087500000, 0x0000000087600000|  0%| F|  |TAMS 0x0000000087500000, 0x0000000087500000| Untracked 
|  64|0x0000000087600000, 0x0000000087600000, 0x0000000087700000|  0%| F|  |TAMS 0x0000000087600000, 0x0000000087600000| Untracked 
|  65|0x0000000087700000, 0x0000000087700000, 0x0000000087800000|  0%| F|  |TAMS 0x0000000087700000, 0x0000000087700000| Untracked 
|  66|0x0000000087800000, 0x0000000087800000, 0x0000000087900000|  0%| F|  |TAMS 0x0000000087800000, 0x0000000087800000| Untracked 
|  67|0x0000000087900000, 0x0000000087900000, 0x0000000087a00000|  0%| F|  |TAMS 0x0000000087900000, 0x0000000087900000| Untracked 
|  68|0x0000000087a00000, 0x0000000087a00000, 0x0000000087b00000|  0%| F|  |TAMS 0x0000000087a00000, 0x0000000087a00000| Untracked 
|  69|0x0000000087b00000, 0x0000000087b00000, 0x0000000087c00000|  0%| F|  |TAMS 0x0000000087b00000, 0x0000000087b00000| Untracked 
|  70|0x0000000087c00000, 0x0000000087c00000, 0x0000000087d00000|  0%| F|  |TAMS 0x0000000087c00000, 0x0000000087c00000| Untracked 
|  71|0x0000000087d00000, 0x0000000087d00000, 0x0000000087e00000|  0%| F|  |TAMS 0x0000000087d00000, 0x0000000087d00000| Untracked 
|  72|0x0000000087e00000, 0x0000000087e00000, 0x0000000087f00000|  0%| F|  |TAMS 0x0000000087e00000, 0x0000000087e00000| Untracked 
|  73|0x0000000087f00000, 0x0000000087f00000, 0x0000000088000000|  0%| F|  |TAMS 0x0000000087f00000, 0x0000000087f00000| Untracked 
|  74|0x0000000088000000, 0x0000000088000000, 0x0000000088100000|  0%| F|  |TAMS 0x0000000088000000, 0x0000000088000000| Untracked 
|  75|0x0000000088100000, 0x0000000088100000, 0x0000000088200000|  0%| F|  |TAMS 0x0000000088100000, 0x0000000088100000| Untracked 
|  76|0x0000000088200000, 0x0000000088200000, 0x0000000088300000|  0%| F|  |TAMS 0x0000000088200000, 0x0000000088200000| Untracked 
|  77|0x0000000088300000, 0x0000000088300000, 0x0000000088400000|  0%| F|  |TAMS 0x0000000088300000, 0x0000000088300000| Untracked 
|  78|0x0000000088400000, 0x0000000088400000, 0x0000000088500000|  0%| F|  |TAMS 0x0000000088400000, 0x0000000088400000| Untracked 
|  79|0x0000000088500000, 0x0000000088500000, 0x0000000088600000|  0%| F|  |TAMS 0x0000000088500000, 0x0000000088500000| Untracked 
|  80|0x0000000088600000, 0x0000000088600000, 0x0000000088700000|  0%| F|  |TAMS 0x0000000088600000, 0x0000000088600000| Untracked 
|  81|0x0000000088700000, 0x0000000088700000, 0x0000000088800000|  0%| F|  |TAMS 0x0000000088700000, 0x0000000088700000| Untracked 
|  82|0x0000000088800000, 0x0000000088800000, 0x0000000088900000|  0%| F|  |TAMS 0x0000000088800000, 0x0000000088800000| Untracked 
|  83|0x0000000088900000, 0x0000000088900000, 0x0000000088a00000|  0%| F|  |TAMS 0x0000000088900000, 0x0000000088900000| Untracked 
|  84|0x0000000088a00000, 0x0000000088a00000, 0x0000000088b00000|  0%| F|  |TAMS 0x0000000088a00000, 0x0000000088a00000| Untracked 
|  85|0x0000000088b00000, 0x0000000088c00000, 0x0000000088c00000|100%| S|CS|TAMS 0x0000000088b00000, 0x0000000088b00000| Complete 
|  86|0x0000000088c00000, 0x0000000088d00000, 0x0000000088d00000|100%| S|CS|TAMS 0x0000000088c00000, 0x0000000088c00000| Complete 
|  87|0x0000000088d00000, 0x0000000088e00000, 0x0000000088e00000|100%| S|CS|TAMS 0x0000000088d00000, 0x0000000088d00000| Complete 
|  88|0x0000000088e00000, 0x0000000088f00000, 0x0000000088f00000|100%| S|CS|TAMS 0x0000000088e00000, 0x0000000088e00000| Complete 
|  89|0x0000000088f00000, 0x0000000089000000, 0x0000000089000000|100%| S|CS|TAMS 0x0000000088f00000, 0x0000000088f00000| Complete 
|  90|0x0000000089000000, 0x0000000089100000, 0x0000000089100000|100%| S|CS|TAMS 0x0000000089000000, 0x0000000089000000| Complete 
|  91|0x0000000089100000, 0x0000000089200000, 0x0000000089200000|100%| S|CS|TAMS 0x0000000089100000, 0x0000000089100000| Complete 
|  92|0x0000000089200000, 0x0000000089300000, 0x0000000089300000|100%| S|CS|TAMS 0x0000000089200000, 0x0000000089200000| Complete 
|  93|0x0000000089300000, 0x0000000089400000, 0x0000000089400000|100%| S|CS|TAMS 0x0000000089300000, 0x0000000089300000| Complete 
|  94|0x0000000089400000, 0x0000000089500000, 0x0000000089500000|100%| S|CS|TAMS 0x0000000089400000, 0x0000000089400000| Complete 
|  95|0x0000000089500000, 0x0000000089600000, 0x0000000089600000|100%| S|CS|TAMS 0x0000000089500000, 0x0000000089500000| Complete 
|  96|0x0000000089600000, 0x0000000089700000, 0x0000000089700000|100%| S|CS|TAMS 0x0000000089600000, 0x0000000089600000| Complete 
|  97|0x0000000089700000, 0x0000000089800000, 0x0000000089800000|100%| S|CS|TAMS 0x0000000089700000, 0x0000000089700000| Complete 
|  98|0x0000000089800000, 0x0000000089900000, 0x0000000089900000|100%| S|CS|TAMS 0x0000000089800000, 0x0000000089800000| Complete 
|  99|0x0000000089900000, 0x0000000089a00000, 0x0000000089a00000|100%| S|CS|TAMS 0x0000000089900000, 0x0000000089900000| Complete 
| 100|0x0000000089a00000, 0x0000000089b00000, 0x0000000089b00000|100%| S|CS|TAMS 0x0000000089a00000, 0x0000000089a00000| Complete 
| 101|0x0000000089b00000, 0x0000000089c00000, 0x0000000089c00000|100%| S|CS|TAMS 0x0000000089b00000, 0x0000000089b00000| Complete 
| 102|0x0000000089c00000, 0x0000000089d00000, 0x0000000089d00000|100%| S|CS|TAMS 0x0000000089c00000, 0x0000000089c00000| Complete 
| 103|0x0000000089d00000, 0x0000000089e00000, 0x0000000089e00000|100%| S|CS|TAMS 0x0000000089d00000, 0x0000000089d00000| Complete 
| 104|0x0000000089e00000, 0x0000000089e00000, 0x0000000089f00000|  0%| F|  |TAMS 0x0000000089e00000, 0x0000000089e00000| Untracked 
| 105|0x0000000089f00000, 0x0000000089f00000, 0x000000008a000000|  0%| F|  |TAMS 0x0000000089f00000, 0x0000000089f00000| Untracked 
| 106|0x000000008a000000, 0x000000008a000000, 0x000000008a100000|  0%| F|  |TAMS 0x000000008a000000, 0x000000008a000000| Untracked 
| 107|0x000000008a100000, 0x000000008a100000, 0x000000008a200000|  0%| F|  |TAMS 0x000000008a100000, 0x000000008a100000| Untracked 
| 108|0x000000008a200000, 0x000000008a200000, 0x000000008a300000|  0%| F|  |TAMS 0x000000008a200000, 0x000000008a200000| Untracked 
| 109|0x000000008a300000, 0x000000008a300000, 0x000000008a400000|  0%| F|  |TAMS 0x000000008a300000, 0x000000008a300000| Untracked 
| 110|0x000000008a400000, 0x000000008a400000, 0x000000008a500000|  0%| F|  |TAMS 0x000000008a400000, 0x000000008a400000| Untracked 
| 111|0x000000008a500000, 0x000000008a500000, 0x000000008a600000|  0%| F|  |TAMS 0x000000008a500000, 0x000000008a500000| Untracked 
| 112|0x000000008a600000, 0x000000008a600000, 0x000000008a700000|  0%| F|  |TAMS 0x000000008a600000, 0x000000008a600000| Untracked 
| 113|0x000000008a700000, 0x000000008a700000, 0x000000008a800000|  0%| F|  |TAMS 0x000000008a700000, 0x000000008a700000| Untracked 
| 114|0x000000008a800000, 0x000000008a800000, 0x000000008a900000|  0%| F|  |TAMS 0x000000008a800000, 0x000000008a800000| Untracked 
| 115|0x000000008a900000, 0x000000008a900000, 0x000000008aa00000|  0%| F|  |TAMS 0x000000008a900000, 0x000000008a900000| Untracked 
| 116|0x000000008aa00000, 0x000000008aa00000, 0x000000008ab00000|  0%| F|  |TAMS 0x000000008aa00000, 0x000000008aa00000| Untracked 
| 117|0x000000008ab00000, 0x000000008ab00000, 0x000000008ac00000|  0%| F|  |TAMS 0x000000008ab00000, 0x000000008ab00000| Untracked 
| 118|0x000000008ac00000, 0x000000008ac00000, 0x000000008ad00000|  0%| F|  |TAMS 0x000000008ac00000, 0x000000008ac00000| Untracked 
| 119|0x000000008ad00000, 0x000000008ad00000, 0x000000008ae00000|  0%| F|  |TAMS 0x000000008ad00000, 0x000000008ad00000| Untracked 
| 120|0x000000008ae00000, 0x000000008ae00000, 0x000000008af00000|  0%| F|  |TAMS 0x000000008ae00000, 0x000000008ae00000| Untracked 
| 121|0x000000008af00000, 0x000000008af00000, 0x000000008b000000|  0%| F|  |TAMS 0x000000008af00000, 0x000000008af00000| Untracked 
| 122|0x000000008b000000, 0x000000008b000000, 0x000000008b100000|  0%| F|  |TAMS 0x000000008b000000, 0x000000008b000000| Untracked 
| 123|0x000000008b100000, 0x000000008b100000, 0x000000008b200000|  0%| F|  |TAMS 0x000000008b100000, 0x000000008b100000| Untracked 
| 124|0x000000008b200000, 0x000000008b200000, 0x000000008b300000|  0%| F|  |TAMS 0x000000008b200000, 0x000000008b200000| Untracked 
| 125|0x000000008b300000, 0x000000008b300000, 0x000000008b400000|  0%| F|  |TAMS 0x000000008b300000, 0x000000008b300000| Untracked 
| 126|0x000000008b400000, 0x000000008b400000, 0x000000008b500000|  0%| F|  |TAMS 0x000000008b400000, 0x000000008b400000| Untracked 
| 127|0x000000008b500000, 0x000000008b500000, 0x000000008b600000|  0%| F|  |TAMS 0x000000008b500000, 0x000000008b500000| Untracked 
| 128|0x000000008b600000, 0x000000008b600000, 0x000000008b700000|  0%| F|  |TAMS 0x000000008b600000, 0x000000008b600000| Untracked 
| 129|0x000000008b700000, 0x000000008b700000, 0x000000008b800000|  0%| F|  |TAMS 0x000000008b700000, 0x000000008b700000| Untracked 
| 130|0x000000008b800000, 0x000000008b800000, 0x000000008b900000|  0%| F|  |TAMS 0x000000008b800000, 0x000000008b800000| Untracked 
| 131|0x000000008b900000, 0x000000008b900000, 0x000000008ba00000|  0%| F|  |TAMS 0x000000008b900000, 0x000000008b900000| Untracked 
| 132|0x000000008ba00000, 0x000000008ba00000, 0x000000008bb00000|  0%| F|  |TAMS 0x000000008ba00000, 0x000000008ba00000| Untracked 
| 133|0x000000008bb00000, 0x000000008bb00000, 0x000000008bc00000|  0%| F|  |TAMS 0x000000008bb00000, 0x000000008bb00000| Untracked 
| 134|0x000000008bc00000, 0x000000008bc00000, 0x000000008bd00000|  0%| F|  |TAMS 0x000000008bc00000, 0x000000008bc00000| Untracked 
| 135|0x000000008bd00000, 0x000000008bd00000, 0x000000008be00000|  0%| F|  |TAMS 0x000000008bd00000, 0x000000008bd00000| Untracked 
| 136|0x000000008be00000, 0x000000008be00000, 0x000000008bf00000|  0%| F|  |TAMS 0x000000008be00000, 0x000000008be00000| Untracked 
| 137|0x000000008bf00000, 0x000000008bf00000, 0x000000008c000000|  0%| F|  |TAMS 0x000000008bf00000, 0x000000008bf00000| Untracked 
| 138|0x000000008c000000, 0x000000008c000000, 0x000000008c100000|  0%| F|  |TAMS 0x000000008c000000, 0x000000008c000000| Untracked 
| 139|0x000000008c100000, 0x000000008c100000, 0x000000008c200000|  0%| F|  |TAMS 0x000000008c100000, 0x000000008c100000| Untracked 
| 140|0x000000008c200000, 0x000000008c200000, 0x000000008c300000|  0%| F|  |TAMS 0x000000008c200000, 0x000000008c200000| Untracked 
| 141|0x000000008c300000, 0x000000008c300000, 0x000000008c400000|  0%| F|  |TAMS 0x000000008c300000, 0x000000008c300000| Untracked 
| 142|0x000000008c400000, 0x000000008c400000, 0x000000008c500000|  0%| F|  |TAMS 0x000000008c400000, 0x000000008c400000| Untracked 
| 143|0x000000008c500000, 0x000000008c500000, 0x000000008c600000|  0%| F|  |TAMS 0x000000008c500000, 0x000000008c500000| Untracked 
| 144|0x000000008c600000, 0x000000008c600000, 0x000000008c700000|  0%| F|  |TAMS 0x000000008c600000, 0x000000008c600000| Untracked 
| 145|0x000000008c700000, 0x000000008c700000, 0x000000008c800000|  0%| F|  |TAMS 0x000000008c700000, 0x000000008c700000| Untracked 
| 146|0x000000008c800000, 0x000000008c800000, 0x000000008c900000|  0%| F|  |TAMS 0x000000008c800000, 0x000000008c800000| Untracked 
| 147|0x000000008c900000, 0x000000008c900000, 0x000000008ca00000|  0%| F|  |TAMS 0x000000008c900000, 0x000000008c900000| Untracked 
| 148|0x000000008ca00000, 0x000000008ca00000, 0x000000008cb00000|  0%| F|  |TAMS 0x000000008ca00000, 0x000000008ca00000| Untracked 
| 149|0x000000008cb00000, 0x000000008cb00000, 0x000000008cc00000|  0%| F|  |TAMS 0x000000008cb00000, 0x000000008cb00000| Untracked 
| 150|0x000000008cc00000, 0x000000008cc00000, 0x000000008cd00000|  0%| F|  |TAMS 0x000000008cc00000, 0x000000008cc00000| Untracked 
| 151|0x000000008cd00000, 0x000000008cd00000, 0x000000008ce00000|  0%| F|  |TAMS 0x000000008cd00000, 0x000000008cd00000| Untracked 
| 152|0x000000008ce00000, 0x000000008ce00000, 0x000000008cf00000|  0%| F|  |TAMS 0x000000008ce00000, 0x000000008ce00000| Untracked 
| 153|0x000000008cf00000, 0x000000008cf00000, 0x000000008d000000|  0%| F|  |TAMS 0x000000008cf00000, 0x000000008cf00000| Untracked 
| 154|0x000000008d000000, 0x000000008d000000, 0x000000008d100000|  0%| F|  |TAMS 0x000000008d000000, 0x000000008d000000| Untracked 
| 155|0x000000008d100000, 0x000000008d100000, 0x000000008d200000|  0%| F|  |TAMS 0x000000008d100000, 0x000000008d100000| Untracked 
| 156|0x000000008d200000, 0x000000008d200000, 0x000000008d300000|  0%| F|  |TAMS 0x000000008d200000, 0x000000008d200000| Untracked 
| 157|0x000000008d300000, 0x000000008d300000, 0x000000008d400000|  0%| F|  |TAMS 0x000000008d300000, 0x000000008d300000| Untracked 
| 158|0x000000008d400000, 0x000000008d400000, 0x000000008d500000|  0%| F|  |TAMS 0x000000008d400000, 0x000000008d400000| Untracked 
| 159|0x000000008d500000, 0x000000008d500000, 0x000000008d600000|  0%| F|  |TAMS 0x000000008d500000, 0x000000008d500000| Untracked 
| 160|0x000000008d600000, 0x000000008d600000, 0x000000008d700000|  0%| F|  |TAMS 0x000000008d600000, 0x000000008d600000| Untracked 
| 161|0x000000008d700000, 0x000000008d700000, 0x000000008d800000|  0%| F|  |TAMS 0x000000008d700000, 0x000000008d700000| Untracked 
| 162|0x000000008d800000, 0x000000008d800000, 0x000000008d900000|  0%| F|  |TAMS 0x000000008d800000, 0x000000008d800000| Untracked 
| 163|0x000000008d900000, 0x000000008d900000, 0x000000008da00000|  0%| F|  |TAMS 0x000000008d900000, 0x000000008d900000| Untracked 
| 164|0x000000008da00000, 0x000000008da00000, 0x000000008db00000|  0%| F|  |TAMS 0x000000008da00000, 0x000000008da00000| Untracked 
| 165|0x000000008db00000, 0x000000008db00000, 0x000000008dc00000|  0%| F|  |TAMS 0x000000008db00000, 0x000000008db00000| Untracked 
| 166|0x000000008dc00000, 0x000000008dc00000, 0x000000008dd00000|  0%| F|  |TAMS 0x000000008dc00000, 0x000000008dc00000| Untracked 
| 167|0x000000008dd00000, 0x000000008dd00000, 0x000000008de00000|  0%| F|  |TAMS 0x000000008dd00000, 0x000000008dd00000| Untracked 
| 168|0x000000008de00000, 0x000000008de00000, 0x000000008df00000|  0%| F|  |TAMS 0x000000008de00000, 0x000000008de00000| Untracked 
| 169|0x000000008df00000, 0x000000008df00000, 0x000000008e000000|  0%| F|  |TAMS 0x000000008df00000, 0x000000008df00000| Untracked 
| 170|0x000000008e000000, 0x000000008e000000, 0x000000008e100000|  0%| F|  |TAMS 0x000000008e000000, 0x000000008e000000| Untracked 
| 171|0x000000008e100000, 0x000000008e100000, 0x000000008e200000|  0%| F|  |TAMS 0x000000008e100000, 0x000000008e100000| Untracked 
| 172|0x000000008e200000, 0x000000008e300000, 0x000000008e300000|100%| E|  |TAMS 0x000000008e200000, 0x000000008e200000| Complete 
| 173|0x000000008e300000, 0x000000008e400000, 0x000000008e400000|100%| E|CS|TAMS 0x000000008e300000, 0x000000008e300000| Complete 
| 174|0x000000008e400000, 0x000000008e500000, 0x000000008e500000|100%| E|CS|TAMS 0x000000008e400000, 0x000000008e400000| Complete 
| 175|0x000000008e500000, 0x000000008e600000, 0x000000008e600000|100%| E|CS|TAMS 0x000000008e500000, 0x000000008e500000| Complete 
| 176|0x000000008e600000, 0x000000008e700000, 0x000000008e700000|100%| E|CS|TAMS 0x000000008e600000, 0x000000008e600000| Complete 
| 177|0x000000008e700000, 0x000000008e800000, 0x000000008e800000|100%| E|CS|TAMS 0x000000008e700000, 0x000000008e700000| Complete 
| 178|0x000000008e800000, 0x000000008e900000, 0x000000008e900000|100%| E|CS|TAMS 0x000000008e800000, 0x000000008e800000| Complete 
| 179|0x000000008e900000, 0x000000008ea00000, 0x000000008ea00000|100%| E|CS|TAMS 0x000000008e900000, 0x000000008e900000| Complete 
| 180|0x000000008ea00000, 0x000000008eb00000, 0x000000008eb00000|100%| E|CS|TAMS 0x000000008ea00000, 0x000000008ea00000| Complete 
| 181|0x000000008eb00000, 0x000000008ec00000, 0x000000008ec00000|100%| E|CS|TAMS 0x000000008eb00000, 0x000000008eb00000| Complete 
| 182|0x000000008ec00000, 0x000000008ed00000, 0x000000008ed00000|100%| E|CS|TAMS 0x000000008ec00000, 0x000000008ec00000| Complete 
| 183|0x000000008ed00000, 0x000000008ee00000, 0x000000008ee00000|100%| E|CS|TAMS 0x000000008ed00000, 0x000000008ed00000| Complete 
| 184|0x000000008ee00000, 0x000000008ef00000, 0x000000008ef00000|100%| E|CS|TAMS 0x000000008ee00000, 0x000000008ee00000| Complete 
| 185|0x000000008ef00000, 0x000000008f000000, 0x000000008f000000|100%| E|CS|TAMS 0x000000008ef00000, 0x000000008ef00000| Complete 
| 186|0x000000008f000000, 0x000000008f100000, 0x000000008f100000|100%| E|CS|TAMS 0x000000008f000000, 0x000000008f000000| Complete 
| 187|0x000000008f100000, 0x000000008f200000, 0x000000008f200000|100%| E|CS|TAMS 0x000000008f100000, 0x000000008f100000| Complete 
| 188|0x000000008f200000, 0x000000008f300000, 0x000000008f300000|100%| E|CS|TAMS 0x000000008f200000, 0x000000008f200000| Complete 
| 189|0x000000008f300000, 0x000000008f400000, 0x000000008f400000|100%| E|CS|TAMS 0x000000008f300000, 0x000000008f300000| Complete 
| 190|0x000000008f400000, 0x000000008f500000, 0x000000008f500000|100%| E|CS|TAMS 0x000000008f400000, 0x000000008f400000| Complete 
| 191|0x000000008f500000, 0x000000008f600000, 0x000000008f600000|100%| E|CS|TAMS 0x000000008f500000, 0x000000008f500000| Complete 
| 192|0x000000008f600000, 0x000000008f700000, 0x000000008f700000|100%| E|CS|TAMS 0x000000008f600000, 0x000000008f600000| Complete 
| 193|0x000000008f700000, 0x000000008f800000, 0x000000008f800000|100%| E|CS|TAMS 0x000000008f700000, 0x000000008f700000| Complete 
| 194|0x000000008f800000, 0x000000008f900000, 0x000000008f900000|100%| E|CS|TAMS 0x000000008f800000, 0x000000008f800000| Complete 
| 195|0x000000008f900000, 0x000000008fa00000, 0x000000008fa00000|100%| E|CS|TAMS 0x000000008f900000, 0x000000008f900000| Complete 
| 196|0x000000008fa00000, 0x000000008fb00000, 0x000000008fb00000|100%| E|CS|TAMS 0x000000008fa00000, 0x000000008fa00000| Complete 
| 197|0x000000008fb00000, 0x000000008fc00000, 0x000000008fc00000|100%| E|CS|TAMS 0x000000008fb00000, 0x000000008fb00000| Complete 
| 198|0x000000008fc00000, 0x000000008fd00000, 0x000000008fd00000|100%| E|CS|TAMS 0x000000008fc00000, 0x000000008fc00000| Complete 
| 199|0x000000008fd00000, 0x000000008fe00000, 0x000000008fe00000|100%| E|CS|TAMS 0x000000008fd00000, 0x000000008fd00000| Complete 
| 200|0x000000008fe00000, 0x000000008ff00000, 0x000000008ff00000|100%| E|CS|TAMS 0x000000008fe00000, 0x000000008fe00000| Complete 
| 201|0x000000008ff00000, 0x0000000090000000, 0x0000000090000000|100%| E|CS|TAMS 0x000000008ff00000, 0x000000008ff00000| Complete 
| 202|0x0000000090000000, 0x0000000090100000, 0x0000000090100000|100%| E|CS|TAMS 0x0000000090000000, 0x0000000090000000| Complete 
| 203|0x0000000090100000, 0x0000000090200000, 0x0000000090200000|100%| E|CS|TAMS 0x0000000090100000, 0x0000000090100000| Complete 
| 204|0x0000000090200000, 0x0000000090300000, 0x0000000090300000|100%| E|CS|TAMS 0x0000000090200000, 0x0000000090200000| Complete 
| 205|0x0000000090300000, 0x0000000090400000, 0x0000000090400000|100%| E|CS|TAMS 0x0000000090300000, 0x0000000090300000| Complete 
| 206|0x0000000090400000, 0x0000000090500000, 0x0000000090500000|100%| E|CS|TAMS 0x0000000090400000, 0x0000000090400000| Complete 
| 207|0x0000000090500000, 0x0000000090600000, 0x0000000090600000|100%| E|CS|TAMS 0x0000000090500000, 0x0000000090500000| Complete 
| 208|0x0000000090600000, 0x0000000090700000, 0x0000000090700000|100%| E|CS|TAMS 0x0000000090600000, 0x0000000090600000| Complete 
| 209|0x0000000090700000, 0x0000000090800000, 0x0000000090800000|100%| E|CS|TAMS 0x0000000090700000, 0x0000000090700000| Complete 
| 210|0x0000000090800000, 0x0000000090900000, 0x0000000090900000|100%| E|CS|TAMS 0x0000000090800000, 0x0000000090800000| Complete 
| 211|0x0000000090900000, 0x0000000090a00000, 0x0000000090a00000|100%| E|CS|TAMS 0x0000000090900000, 0x0000000090900000| Complete 
| 212|0x0000000090a00000, 0x0000000090b00000, 0x0000000090b00000|100%| E|CS|TAMS 0x0000000090a00000, 0x0000000090a00000| Complete 
| 213|0x0000000090b00000, 0x0000000090c00000, 0x0000000090c00000|100%| E|CS|TAMS 0x0000000090b00000, 0x0000000090b00000| Complete 
| 214|0x0000000090c00000, 0x0000000090d00000, 0x0000000090d00000|100%| E|CS|TAMS 0x0000000090c00000, 0x0000000090c00000| Complete 
| 215|0x0000000090d00000, 0x0000000090e00000, 0x0000000090e00000|100%| E|CS|TAMS 0x0000000090d00000, 0x0000000090d00000| Complete 
| 216|0x0000000090e00000, 0x0000000090f00000, 0x0000000090f00000|100%| E|CS|TAMS 0x0000000090e00000, 0x0000000090e00000| Complete 
| 217|0x0000000090f00000, 0x0000000091000000, 0x0000000091000000|100%| E|CS|TAMS 0x0000000090f00000, 0x0000000090f00000| Complete 
| 218|0x0000000091000000, 0x0000000091100000, 0x0000000091100000|100%| E|CS|TAMS 0x0000000091000000, 0x0000000091000000| Complete 
| 219|0x0000000091100000, 0x0000000091200000, 0x0000000091200000|100%| E|CS|TAMS 0x0000000091100000, 0x0000000091100000| Complete 
| 220|0x0000000091200000, 0x0000000091300000, 0x0000000091300000|100%| E|CS|TAMS 0x0000000091200000, 0x0000000091200000| Complete 
| 221|0x0000000091300000, 0x0000000091400000, 0x0000000091400000|100%| E|CS|TAMS 0x0000000091300000, 0x0000000091300000| Complete 
| 222|0x0000000091400000, 0x0000000091500000, 0x0000000091500000|100%| E|CS|TAMS 0x0000000091400000, 0x0000000091400000| Complete 
| 223|0x0000000091500000, 0x0000000091600000, 0x0000000091600000|100%| E|CS|TAMS 0x0000000091500000, 0x0000000091500000| Complete 
| 224|0x0000000091600000, 0x0000000091700000, 0x0000000091700000|100%| E|CS|TAMS 0x0000000091600000, 0x0000000091600000| Complete 
| 225|0x0000000091700000, 0x0000000091800000, 0x0000000091800000|100%| E|CS|TAMS 0x0000000091700000, 0x0000000091700000| Complete 
| 226|0x0000000091800000, 0x0000000091900000, 0x0000000091900000|100%| E|CS|TAMS 0x0000000091800000, 0x0000000091800000| Complete 
| 227|0x0000000091900000, 0x0000000091a00000, 0x0000000091a00000|100%| E|CS|TAMS 0x0000000091900000, 0x0000000091900000| Complete 
| 228|0x0000000091a00000, 0x0000000091b00000, 0x0000000091b00000|100%| E|CS|TAMS 0x0000000091a00000, 0x0000000091a00000| Complete 
| 229|0x0000000091b00000, 0x0000000091c00000, 0x0000000091c00000|100%| E|CS|TAMS 0x0000000091b00000, 0x0000000091b00000| Complete 
| 230|0x0000000091c00000, 0x0000000091d00000, 0x0000000091d00000|100%| E|CS|TAMS 0x0000000091c00000, 0x0000000091c00000| Complete 
| 231|0x0000000091d00000, 0x0000000091e00000, 0x0000000091e00000|100%| E|CS|TAMS 0x0000000091d00000, 0x0000000091d00000| Complete 
| 232|0x0000000091e00000, 0x0000000091f00000, 0x0000000091f00000|100%| E|  |TAMS 0x0000000091e00000, 0x0000000091e00000| Complete 
| 233|0x0000000091f00000, 0x0000000092000000, 0x0000000092000000|100%| E|CS|TAMS 0x0000000091f00000, 0x0000000091f00000| Complete 
| 234|0x0000000092000000, 0x0000000092100000, 0x0000000092100000|100%| E|CS|TAMS 0x0000000092000000, 0x0000000092000000| Complete 
| 235|0x0000000092100000, 0x0000000092200000, 0x0000000092200000|100%| E|CS|TAMS 0x0000000092100000, 0x0000000092100000| Complete 
| 236|0x0000000092200000, 0x0000000092300000, 0x0000000092300000|100%| E|CS|TAMS 0x0000000092200000, 0x0000000092200000| Complete 
| 237|0x0000000092300000, 0x0000000092400000, 0x0000000092400000|100%| E|CS|TAMS 0x0000000092300000, 0x0000000092300000| Complete 
| 238|0x0000000092400000, 0x0000000092500000, 0x0000000092500000|100%| E|CS|TAMS 0x0000000092400000, 0x0000000092400000| Complete 
| 239|0x0000000092500000, 0x0000000092600000, 0x0000000092600000|100%| E|CS|TAMS 0x0000000092500000, 0x0000000092500000| Complete 
| 240|0x0000000092600000, 0x0000000092700000, 0x0000000092700000|100%| E|CS|TAMS 0x0000000092600000, 0x0000000092600000| Complete 
| 241|0x0000000092700000, 0x0000000092800000, 0x0000000092800000|100%| E|CS|TAMS 0x0000000092700000, 0x0000000092700000| Complete 
| 242|0x0000000092800000, 0x0000000092900000, 0x0000000092900000|100%| E|CS|TAMS 0x0000000092800000, 0x0000000092800000| Complete 
| 243|0x0000000092900000, 0x0000000092a00000, 0x0000000092a00000|100%| E|CS|TAMS 0x0000000092900000, 0x0000000092900000| Complete 
| 244|0x0000000092a00000, 0x0000000092b00000, 0x0000000092b00000|100%| E|CS|TAMS 0x0000000092a00000, 0x0000000092a00000| Complete 
| 245|0x0000000092b00000, 0x0000000092c00000, 0x0000000092c00000|100%| E|CS|TAMS 0x0000000092b00000, 0x0000000092b00000| Complete 
| 246|0x0000000092c00000, 0x0000000092d00000, 0x0000000092d00000|100%| E|CS|TAMS 0x0000000092c00000, 0x0000000092c00000| Complete 
| 247|0x0000000092d00000, 0x0000000092e00000, 0x0000000092e00000|100%| E|CS|TAMS 0x0000000092d00000, 0x0000000092d00000| Complete 
| 248|0x0000000092e00000, 0x0000000092f00000, 0x0000000092f00000|100%| E|CS|TAMS 0x0000000092e00000, 0x0000000092e00000| Complete 
| 249|0x0000000092f00000, 0x0000000093000000, 0x0000000093000000|100%| E|CS|TAMS 0x0000000092f00000, 0x0000000092f00000| Complete 
| 250|0x0000000093000000, 0x0000000093100000, 0x0000000093100000|100%| E|CS|TAMS 0x0000000093000000, 0x0000000093000000| Complete 
| 251|0x0000000093100000, 0x0000000093200000, 0x0000000093200000|100%| E|CS|TAMS 0x0000000093100000, 0x0000000093100000| Complete 
| 252|0x0000000093200000, 0x0000000093300000, 0x0000000093300000|100%| E|CS|TAMS 0x0000000093200000, 0x0000000093200000| Complete 
|1990|0x00000000ffc00000, 0x00000000ffd00000, 0x00000000ffd00000|100%| O|  |TAMS 0x00000000ffc00000, 0x00000000ffc00000| Untracked 
|1991|0x00000000ffd00000, 0x00000000ffe00000, 0x00000000ffe00000|100%| O|  |TAMS 0x00000000ffd00000, 0x00000000ffd00000| Untracked 
|1992|0x00000000ffe00000, 0x00000000fff00000, 0x00000000fff00000|100%| O|  |TAMS 0x00000000ffe00000, 0x00000000ffe00000| Untracked 
|1993|0x00000000fff00000, 0x0000000100000000, 0x0000000100000000|100%| O|  |TAMS 0x00000000fff00000, 0x00000000fff00000| Untracked 

Card table byte_map: [0x0000000019a80000,0x0000000019e70000] _byte_map_base: 0x0000000019665000

Marking Bits (Prev, Next): (CMBitMap*) 0x0000000002b001f0, (CMBitMap*) 0x0000000002b001b0
 Prev Bits: [0x000000001c190000, 0x000000001e0b8000)
 Next Bits: [0x000000001a260000, 0x000000001c188000)

Polling page: 0x0000000002270000

Metaspace:

Usage:
  Non-class:     27.52 MB used.
      Class:      3.33 MB used.
       Both:     30.85 MB used.

Virtual space:
  Non-class space:       64.00 MB reserved,      27.75 MB ( 43%) committed,  1 nodes.
      Class space:        1.00 GB reserved,       3.50 MB ( <1%) committed,  1 nodes.
             Both:        1.06 GB reserved,      31.25 MB (  3%) committed. 

Chunk freelists:
   Non-Class:  4.11 MB
       Class:  12.46 MB
        Both:  16.57 MB

MaxMetaspaceSize: unlimited
CompressedClassSpaceSize: 1.00 GB
Initial GC threshold: 21.00 MB
Current GC threshold: 35.31 MB
CDS: on
MetaspaceReclaimPolicy: balanced
 - commit_granule_bytes: 65536.
 - commit_granule_words: 8192.
 - virtual_space_node_default_size: 8388608.
 - enlarge_chunks_in_place: 1.
 - new_chunks_are_fully_committed: 0.
 - uncommit_free_chunks: 1.
 - use_allocation_guard: 0.
 - handle_deallocations: 1.


Internal statistics:

num_allocs_failed_limit: 3.
num_arena_births: 292.
num_arena_deaths: 0.
num_vsnodes_births: 2.
num_vsnodes_deaths: 0.
num_space_committed: 500.
num_space_uncommitted: 0.
num_chunks_returned_to_freelist: 3.
num_chunks_taken_from_freelist: 1495.
num_chunk_merges: 3.
num_chunk_splits: 1025.
num_chunks_enlarged: 766.
num_inconsistent_stats: 0.

CodeHeap 'non-profiled nmethods': size=120000Kb used=4700Kb max_used=4700Kb free=115299Kb
 bounds [0x0000000011e30000, 0x00000000122d0000, 0x0000000019360000]
CodeHeap 'profiled nmethods': size=120000Kb used=18162Kb max_used=18162Kb free=101837Kb
 bounds [0x000000000a360000, 0x000000000b520000, 0x0000000011890000]
CodeHeap 'non-nmethods': size=5760Kb used=1241Kb max_used=1291Kb free=4518Kb
 bounds [0x0000000011890000, 0x0000000011b00000, 0x0000000011e30000]
 total_blobs=8732 nmethods=8196 adapters=448
 compilation: enabled
              stopped_count=0, restarted_count=0
 full_count=0

Compilation events (20 events):
Event: 11.327 Thread 0x0000000020de3160 9119       3       org.apache.maven.model.merge.ModelMerger::mergeModel_ChildProjectUrlInheritAppendPath (41 bytes)
Event: 11.328 Thread 0x0000000020de3160 nmethod 9119 0x000000000b50ce90 code [0x000000000b50d060, 0x000000000b50d498]
Event: 11.328 Thread 0x0000000020de3160 9120       3       org.apache.maven.model.merge.ModelMerger::mergeModel_Parent (55 bytes)
Event: 11.328 Thread 0x0000000020de3160 nmethod 9120 0x000000000b50d610 code [0x000000000b50d7e0, 0x000000000b50dce8]
Event: 11.328 Thread 0x0000000020de3160 9121       3       org.apache.maven.model.merge.ModelMerger::mergeModel_GroupId (41 bytes)
Event: 11.328 Thread 0x0000000020de3160 nmethod 9121 0x000000000b50de90 code [0x000000000b50e060, 0x000000000b50e458]
Event: 11.328 Thread 0x0000000020de3160 9122       3       org.apache.maven.model.merge.ModelMerger::mergeModel_Version (41 bytes)
Event: 11.329 Thread 0x0000000020de3160 nmethod 9122 0x000000000b50e590 code [0x000000000b50e760, 0x000000000b50eb58]
Event: 11.329 Thread 0x0000000020de3160 9123       3       org.apache.maven.model.merge.ModelMerger::mergeModel_Packaging (41 bytes)
Event: 11.329 Thread 0x0000000020de3160 nmethod 9123 0x000000000b50ec90 code [0x000000000b50ee60, 0x000000000b50f278]
Event: 11.329 Thread 0x0000000020de3160 9124       3       org.apache.maven.model.merge.ModelMerger::mergeModel_Description (41 bytes)
Event: 11.329 Thread 0x0000000020de3160 nmethod 9124 0x000000000b50f410 code [0x000000000b50f5e0, 0x000000000b50f9d8]
Event: 11.329 Thread 0x0000000020de3160 9125       3       org.apache.maven.model.merge.ModelMerger::mergeModel_InceptionYear (41 bytes)
Event: 11.329 Thread 0x0000000020de3160 nmethod 9125 0x000000000b50fb10 code [0x000000000b50fce0, 0x000000000b5100f8]
Event: 11.329 Thread 0x0000000020de3160 9126       3       org.apache.maven.model.merge.ModelMerger::mergeModel_Scm (55 bytes)
Event: 11.330 Thread 0x0000000020de3160 nmethod 9126 0x000000000b510290 code [0x000000000b510460, 0x000000000b510948]
Event: 11.330 Thread 0x0000000020de3160 9127       3       org.apache.maven.model.merge.ModelMerger::mergeModel_Build (49 bytes)
Event: 11.330 Thread 0x0000000020de3160 nmethod 9127 0x000000000b510b10 code [0x000000000b510ce0, 0x000000000b511228]
Event: 11.330 Thread 0x0000000020de3160 9128       3       java.util.Vector::<init> (49 bytes)
Event: 11.331 Thread 0x0000000020de3160 nmethod 9128 0x000000000b511410 code [0x000000000b511660, 0x000000000b511ef8]

GC Heap History (20 events):
Event: 4.269 GC heap before
{Heap before GC invocations=2 (full 0):
 garbage-first heap   total 129024K, used 79848K [0x0000000083600000, 0x0000000100000000)
  region size 1024K, 75 young (76800K), 3 survivors (3072K)
 Metaspace       used 12740K, committed 12928K, reserved 1114112K
  class space    used 1447K, committed 1536K, reserved 1048576K
}
Event: 4.280 GC heap after
{Heap after GC invocations=3 (full 0):
 garbage-first heap   total 129024K, used 13253K [0x0000000083600000, 0x0000000100000000)
  region size 1024K, 10 young (10240K), 10 survivors (10240K)
 Metaspace       used 12740K, committed 12928K, reserved 1114112K
  class space    used 1447K, committed 1536K, reserved 1048576K
}
Event: 5.472 GC heap before
{Heap before GC invocations=3 (full 0):
 garbage-first heap   total 129024K, used 62405K [0x0000000083600000, 0x0000000100000000)
  region size 1024K, 55 young (56320K), 10 survivors (10240K)
 Metaspace       used 21257K, committed 21504K, reserved 1114112K
  class space    used 2455K, committed 2560K, reserved 1048576K
}
Event: 5.487 GC heap after
{Heap after GC invocations=4 (full 0):
 garbage-first heap   total 129024K, used 23270K [0x0000000083600000, 0x0000000100000000)
  region size 1024K, 7 young (7168K), 7 survivors (7168K)
 Metaspace       used 21257K, committed 21504K, reserved 1114112K
  class space    used 2455K, committed 2560K, reserved 1048576K
}
Event: 6.155 GC heap before
{Heap before GC invocations=5 (full 0):
 garbage-first heap   total 86016K, used 66278K [0x0000000083600000, 0x0000000100000000)
  region size 1024K, 49 young (50176K), 7 survivors (7168K)
 Metaspace       used 23551K, committed 23744K, reserved 1114112K
  class space    used 2660K, committed 2752K, reserved 1048576K
}
Event: 6.198 GC heap after
{Heap after GC invocations=6 (full 0):
 garbage-first heap   total 90112K, used 37094K [0x0000000083600000, 0x0000000100000000)
  region size 1024K, 7 young (7168K), 7 survivors (7168K)
 Metaspace       used 23551K, committed 23744K, reserved 1114112K
  class space    used 2660K, committed 2752K, reserved 1048576K
}
Event: 6.209 GC heap before
{Heap before GC invocations=6 (full 0):
 garbage-first heap   total 90112K, used 38118K [0x0000000083600000, 0x0000000100000000)
  region size 1024K, 8 young (8192K), 7 survivors (7168K)
 Metaspace       used 23566K, committed 23808K, reserved 1114112K
  class space    used 2660K, committed 2752K, reserved 1048576K
}
Event: 6.227 GC heap after
{Heap after GC invocations=7 (full 0):
 garbage-first heap   total 110592K, used 38400K [0x0000000083600000, 0x0000000100000000)
  region size 1024K, 1 young (1024K), 1 survivors (1024K)
 Metaspace       used 23566K, committed 23808K, reserved 1114112K
  class space    used 2660K, committed 2752K, reserved 1048576K
}
Event: 7.255 GC heap before
{Heap before GC invocations=7 (full 0):
 garbage-first heap   total 110592K, used 75264K [0x0000000083600000, 0x0000000100000000)
  region size 1024K, 38 young (38912K), 1 survivors (1024K)
 Metaspace       used 25159K, committed 25472K, reserved 1114112K
  class space    used 2798K, committed 2944K, reserved 1048576K
}
Event: 7.265 GC heap after
{Heap after GC invocations=8 (full 0):
 garbage-first heap   total 110592K, used 40952K [0x0000000083600000, 0x0000000100000000)
  region size 1024K, 4 young (4096K), 4 survivors (4096K)
 Metaspace       used 25159K, committed 25472K, reserved 1114112K
  class space    used 2798K, committed 2944K, reserved 1048576K
}
Event: 7.763 GC heap before
{Heap before GC invocations=8 (full 0):
 garbage-first heap   total 110592K, used 78840K [0x0000000083600000, 0x0000000100000000)
  region size 1024K, 41 young (41984K), 4 survivors (4096K)
 Metaspace       used 26453K, committed 26816K, reserved 1114112K
  class space    used 2941K, committed 3136K, reserved 1048576K
}
Event: 7.773 GC heap after
{Heap after GC invocations=9 (full 0):
 garbage-first heap   total 110592K, used 42282K [0x0000000083600000, 0x0000000100000000)
  region size 1024K, 2 young (2048K), 2 survivors (2048K)
 Metaspace       used 26453K, committed 26816K, reserved 1114112K
  class space    used 2941K, committed 3136K, reserved 1048576K
}
Event: 7.981 GC heap before
{Heap before GC invocations=9 (full 0):
 garbage-first heap   total 110592K, used 82218K [0x0000000083600000, 0x0000000100000000)
  region size 1024K, 41 young (41984K), 2 survivors (2048K)
 Metaspace       used 26702K, committed 27072K, reserved 1114112K
  class space    used 2946K, committed 3136K, reserved 1048576K
}
Event: 7.988 GC heap after
{Heap after GC invocations=10 (full 0):
 garbage-first heap   total 110592K, used 44032K [0x0000000083600000, 0x0000000100000000)
  region size 1024K, 3 young (3072K), 3 survivors (3072K)
 Metaspace       used 26702K, committed 27072K, reserved 1114112K
  class space    used 2946K, committed 3136K, reserved 1048576K
}
Event: 8.095 GC heap before
{Heap before GC invocations=10 (full 0):
 garbage-first heap   total 110592K, used 84992K [0x0000000083600000, 0x0000000100000000)
  region size 1024K, 43 young (44032K), 3 survivors (3072K)
 Metaspace       used 26749K, committed 27136K, reserved 1114112K
  class space    used 2949K, committed 3136K, reserved 1048576K
}
Event: 8.103 GC heap after
{Heap after GC invocations=11 (full 0):
 garbage-first heap   total 110592K, used 45811K [0x0000000083600000, 0x0000000100000000)
  region size 1024K, 5 young (5120K), 5 survivors (5120K)
 Metaspace       used 26749K, committed 27136K, reserved 1114112K
  class space    used 2949K, committed 3136K, reserved 1048576K
}
Event: 8.230 GC heap before
{Heap before GC invocations=11 (full 0):
 garbage-first heap   total 110592K, used 86771K [0x0000000083600000, 0x0000000100000000)
  region size 1024K, 45 young (46080K), 5 survivors (5120K)
 Metaspace       used 26818K, committed 27200K, reserved 1114112K
  class space    used 2949K, committed 3136K, reserved 1048576K
}
Event: 8.238 GC heap after
{Heap after GC invocations=12 (full 0):
 garbage-first heap   total 263168K, used 45984K [0x0000000083600000, 0x0000000100000000)
  region size 1024K, 2 young (2048K), 2 survivors (2048K)
 Metaspace       used 26818K, committed 27200K, reserved 1114112K
  class space    used 2949K, committed 3136K, reserved 1048576K
}
Event: 9.879 GC heap before
{Heap before GC invocations=12 (full 0):
 garbage-first heap   total 263168K, used 202656K [0x0000000083600000, 0x0000000100000000)
  region size 1024K, 151 young (154624K), 2 survivors (2048K)
 Metaspace       used 29308K, committed 29632K, reserved 1114112K
  class space    used 3175K, committed 3328K, reserved 1048576K
}
Event: 9.893 GC heap after
{Heap after GC invocations=13 (full 0):
 garbage-first heap   total 263168K, used 69768K [0x0000000083600000, 0x0000000100000000)
  region size 1024K, 19 young (19456K), 19 survivors (19456K)
 Metaspace       used 29308K, committed 29632K, reserved 1114112K
  class space    used 3175K, committed 3328K, reserved 1048576K
}

Deoptimization events (20 events):
Event: 11.111 Thread 0x0000000002aa72d0 Uncommon trap: trap_request=0xffffffde fr.pc=0x0000000011ee1a9c relative=0x000000000000007c
Event: 11.111 Thread 0x0000000002aa72d0 Uncommon trap: reason=class_check action=maybe_recompile pc=0x0000000011ee1a9c method=com.google.inject.internal.MoreTypes.getRawType(Ljava/lang/reflect/Type;)Ljava/lang/Class; @ 13 c2
Event: 11.111 Thread 0x0000000002aa72d0 DEOPT PACKING pc=0x0000000011ee1a9c sp=0x000000000226ded0
Event: 11.111 Thread 0x0000000002aa72d0 DEOPT UNPACKING pc=0x00000000118e5ba3 sp=0x000000000226de60 mode 2
Event: 11.228 Thread 0x0000000002aa72d0 Uncommon trap: trap_request=0xffffffbe fr.pc=0x00000000122c7134 relative=0x0000000000000214
Event: 11.228 Thread 0x0000000002aa72d0 Uncommon trap: reason=profile_predicate action=maybe_recompile pc=0x00000000122c7134 method=java.util.HashMap.keysToArray([Ljava/lang/Object;)[Ljava/lang/Object; @ 36 c2
Event: 11.228 Thread 0x0000000002aa72d0 DEOPT PACKING pc=0x00000000122c7134 sp=0x000000000226c800
Event: 11.228 Thread 0x0000000002aa72d0 DEOPT UNPACKING pc=0x00000000118e5ba3 sp=0x000000000226c7a0 mode 2
Event: 11.228 Thread 0x0000000002aa72d0 Uncommon trap: trap_request=0xffffffbe fr.pc=0x00000000122c7134 relative=0x0000000000000214
Event: 11.228 Thread 0x0000000002aa72d0 Uncommon trap: reason=profile_predicate action=maybe_recompile pc=0x00000000122c7134 method=java.util.HashMap.keysToArray([Ljava/lang/Object;)[Ljava/lang/Object; @ 36 c2
Event: 11.228 Thread 0x0000000002aa72d0 DEOPT PACKING pc=0x00000000122c7134 sp=0x000000000226cbe0
Event: 11.228 Thread 0x0000000002aa72d0 DEOPT UNPACKING pc=0x00000000118e5ba3 sp=0x000000000226cb80 mode 2
Event: 11.235 Thread 0x0000000002aa72d0 Uncommon trap: trap_request=0xffffffbe fr.pc=0x00000000122c7134 relative=0x0000000000000214
Event: 11.235 Thread 0x0000000002aa72d0 Uncommon trap: reason=profile_predicate action=maybe_recompile pc=0x00000000122c7134 method=java.util.HashMap.keysToArray([Ljava/lang/Object;)[Ljava/lang/Object; @ 36 c2
Event: 11.235 Thread 0x0000000002aa72d0 DEOPT PACKING pc=0x00000000122c7134 sp=0x000000000226cbc0
Event: 11.235 Thread 0x0000000002aa72d0 DEOPT UNPACKING pc=0x00000000118e5ba3 sp=0x000000000226cb60 mode 2
Event: 11.235 Thread 0x0000000002aa72d0 Uncommon trap: trap_request=0xffffffbe fr.pc=0x00000000122c7134 relative=0x0000000000000214
Event: 11.235 Thread 0x0000000002aa72d0 Uncommon trap: reason=profile_predicate action=maybe_recompile pc=0x00000000122c7134 method=java.util.HashMap.keysToArray([Ljava/lang/Object;)[Ljava/lang/Object; @ 36 c2
Event: 11.235 Thread 0x0000000002aa72d0 DEOPT PACKING pc=0x00000000122c7134 sp=0x000000000226cbe0
Event: 11.235 Thread 0x0000000002aa72d0 DEOPT UNPACKING pc=0x00000000118e5ba3 sp=0x000000000226cb80 mode 2

Classes unloaded (0 events):
No events

Classes redefined (0 events):
No events

Internal exceptions (20 events):
Event: 10.552 Thread 0x0000000002aa72d0 Exception <a 'sun/nio/fs/WindowsException'{0x0000000090d019a0}> (0x0000000090d019a0) 
thrown [s\open\src\hotspot\share\prims\jni.cpp, line 516]
Event: 10.554 Thread 0x0000000002aa72d0 Exception <a 'sun/nio/fs/WindowsException'{0x0000000090d23800}> (0x0000000090d23800) 
thrown [s\open\src\hotspot\share\prims\jni.cpp, line 516]
Event: 10.554 Thread 0x0000000002aa72d0 Exception <a 'sun/nio/fs/WindowsException'{0x0000000090d23b28}> (0x0000000090d23b28) 
thrown [s\open\src\hotspot\share\prims\jni.cpp, line 516]
Event: 10.554 Thread 0x0000000002aa72d0 Exception <a 'sun/nio/fs/WindowsException'{0x0000000090d24aa0}> (0x0000000090d24aa0) 
thrown [s\open\src\hotspot\share\prims\jni.cpp, line 516]
Event: 10.554 Thread 0x0000000002aa72d0 Exception <a 'sun/nio/fs/WindowsException'{0x0000000090d24e90}> (0x0000000090d24e90) 
thrown [s\open\src\hotspot\share\prims\jni.cpp, line 516]
Event: 10.554 Thread 0x0000000002aa72d0 Exception <a 'sun/nio/fs/WindowsException'{0x0000000090d26338}> (0x0000000090d26338) 
thrown [s\open\src\hotspot\share\prims\jni.cpp, line 516]
Event: 10.554 Thread 0x0000000002aa72d0 Exception <a 'sun/nio/fs/WindowsException'{0x0000000090d26688}> (0x0000000090d26688) 
thrown [s\open\src\hotspot\share\prims\jni.cpp, line 516]
Event: 10.560 Thread 0x0000000002aa72d0 Exception <a 'sun/nio/fs/WindowsException'{0x0000000090c0c940}> (0x0000000090c0c940) 
thrown [s\open\src\hotspot\share\prims\jni.cpp, line 516]
Event: 10.562 Thread 0x0000000002aa72d0 Exception <a 'sun/nio/fs/WindowsException'{0x0000000090c26070}> (0x0000000090c26070) 
thrown [s\open\src\hotspot\share\prims\jni.cpp, line 516]
Event: 10.565 Thread 0x0000000002aa72d0 Exception <a 'sun/nio/fs/WindowsException'{0x0000000090c41970}> (0x0000000090c41970) 
thrown [s\open\src\hotspot\share\prims\jni.cpp, line 516]
Event: 10.565 Thread 0x0000000002aa72d0 Exception <a 'sun/nio/fs/WindowsException'{0x0000000090c420e0}> (0x0000000090c420e0) 
thrown [s\open\src\hotspot\share\prims\jni.cpp, line 516]
Event: 10.565 Thread 0x0000000002aa72d0 Exception <a 'sun/nio/fs/WindowsException'{0x0000000090c426a0}> (0x0000000090c426a0) 
thrown [s\open\src\hotspot\share\prims\jni.cpp, line 516]
Event: 10.566 Thread 0x0000000002aa72d0 Exception <a 'sun/nio/fs/WindowsException'{0x0000000090c42de0}> (0x0000000090c42de0) 
thrown [s\open\src\hotspot\share\prims\jni.cpp, line 516]
Event: 10.566 Thread 0x0000000002aa72d0 Exception <a 'sun/nio/fs/WindowsException'{0x0000000090c43110}> (0x0000000090c43110) 
thrown [s\open\src\hotspot\share\prims\jni.cpp, line 516]
Event: 10.566 Thread 0x0000000002aa72d0 Exception <a 'sun/nio/fs/WindowsException'{0x0000000090c43db8}> (0x0000000090c43db8) 
thrown [s\open\src\hotspot\share\prims\jni.cpp, line 516]
Event: 10.566 Thread 0x0000000002aa72d0 Exception <a 'sun/nio/fs/WindowsException'{0x0000000090c440b8}> (0x0000000090c440b8) 
thrown [s\open\src\hotspot\share\prims\jni.cpp, line 516]
Event: 10.566 Thread 0x0000000002aa72d0 Exception <a 'sun/nio/fs/WindowsException'{0x0000000090c44d50}> (0x0000000090c44d50) 
thrown [s\open\src\hotspot\share\prims\jni.cpp, line 516]
Event: 11.119 Thread 0x000000006731c160 Exception <a 'java/lang/NoSuchMethodError'{0x000000008ef43708}: 'java.lang.Object java.lang.invoke.DirectMethodHandle$Holder.invokeStaticInit(java.lang.Object, java.lang.Object, long, java.lang.Object)'> (0x000000008ef43708) 
thrown [s\open\src\hotspot\share\interpreter\linkResolver.cpp, line 759]
Event: 11.120 Thread 0x000000006731c160 Exception <a 'java/lang/NoSuchMethodError'{0x000000008ef49e48}: 'java.lang.Object java.lang.invoke.DirectMethodHandle$Holder.newInvokeSpecial(java.lang.Object, java.lang.Object, long)'> (0x000000008ef49e48) 
thrown [s\open\src\hotspot\share\interpreter\linkResolver.cpp, line 759]
Event: 11.120 Thread 0x000000006731c160 Exception <a 'java/lang/NoSuchMethodError'{0x000000008ef4d9b8}: 'java.lang.Object java.lang.invoke.Invokers$Holder.linkToTargetMethod(java.lang.Object, long, java.lang.Object)'> (0x000000008ef4d9b8) 
thrown [s\open\src\hotspot\share\interpreter\linkResolver.cpp, line 759]

VM Operations (20 events):
Event: 8.902 Executing VM operation: ICBufferFull
Event: 8.902 Executing VM operation: ICBufferFull done
Event: 8.980 Executing VM operation: ICBufferFull
Event: 8.980 Executing VM operation: ICBufferFull done
Event: 9.081 Executing VM operation: HandshakeAllThreads
Event: 9.082 Executing VM operation: HandshakeAllThreads done
Event: 9.090 Executing VM operation: ICBufferFull
Event: 9.090 Executing VM operation: ICBufferFull done
Event: 9.144 Executing VM operation: ICBufferFull
Event: 9.144 Executing VM operation: ICBufferFull done
Event: 9.211 Executing VM operation: ICBufferFull
Event: 9.211 Executing VM operation: ICBufferFull done
Event: 9.305 Executing VM operation: ICBufferFull
Event: 9.305 Executing VM operation: ICBufferFull done
Event: 9.879 Executing VM operation: G1CollectForAllocation
Event: 9.893 Executing VM operation: G1CollectForAllocation done
Event: 10.666 Executing VM operation: ICBufferFull
Event: 10.666 Executing VM operation: ICBufferFull done
Event: 11.102 Executing VM operation: HandshakeAllThreads
Event: 11.102 Executing VM operation: HandshakeAllThreads done

Events (20 events):
Event: 11.115 loading class java/lang/ProcessHandle done
Event: 11.115 loading class java/util/concurrent/CompletableFuture
Event: 11.116 loading class java/util/concurrent/CompletionStage
Event: 11.117 loading class java/util/concurrent/CompletionStage done
Event: 11.117 loading class java/util/concurrent/CompletableFuture done
Event: 11.117 loading class java/lang/ProcessHandle$Info
Event: 11.117 loading class java/lang/ProcessHandle$Info done
Event: 11.117 loading class java/lang/ProcessHandleImpl
Event: 11.118 loading class java/lang/ProcessHandleImpl done
Event: 11.120 loading class java/util/concurrent/SynchronousQueue
Event: 11.121 loading class java/util/concurrent/SynchronousQueue done
Event: 11.121 loading class java/util/concurrent/SynchronousQueue$TransferStack
Event: 11.121 loading class java/util/concurrent/SynchronousQueue$Transferer
Event: 11.122 loading class java/util/concurrent/SynchronousQueue$Transferer done
Event: 11.122 loading class java/util/concurrent/SynchronousQueue$TransferStack done
Event: 11.122 loading class java/util/concurrent/SynchronousQueue$TransferStack$SNode
Event: 11.122 loading class java/util/concurrent/ForkJoinPool$ManagedBlocker
Event: 11.122 loading class java/util/concurrent/ForkJoinPool$ManagedBlocker done
Event: 11.122 loading class java/util/concurrent/SynchronousQueue$TransferStack$SNode done
Event: 11.122 Thread 0x000000006731c160 Thread exited: 0x000000006731c160


Dynamic libraries:
0x00007ff75c490000 - 0x00007ff75c4a0000 	C:\Program Files\Java\jdk-17\bin\java.exe
0x00007ffef7210000 - 0x00007ffef7427000 	C:\WINDOWS\SYSTEM32\ntdll.dll
0x00007ffef5f40000 - 0x00007ffef6004000 	C:\WINDOWS\System32\KERNEL32.DLL
0x00007ffef4b30000 - 0x00007ffef4f00000 	C:\WINDOWS\System32\KERNELBASE.dll
0x00007ffef48b0000 - 0x00007ffef49c1000 	C:\WINDOWS\System32\ucrtbase.dll
0x00007ffee6900000 - 0x00007ffee6919000 	C:\Program Files\Java\jdk-17\bin\jli.dll
0x00007ffee68e0000 - 0x00007ffee68fb000 	C:\Program Files\Java\jdk-17\bin\VCRUNTIME140.dll
0x00007ffef6a30000 - 0x00007ffef6ae1000 	C:\WINDOWS\System32\ADVAPI32.dll
0x00007ffef7050000 - 0x00007ffef70f7000 	C:\WINDOWS\System32\msvcrt.dll
0x00007ffef6b00000 - 0x00007ffef6ba7000 	C:\WINDOWS\System32\sechost.dll
0x00007ffef45f0000 - 0x00007ffef4618000 	C:\WINDOWS\System32\bcrypt.dll
0x00007ffef6890000 - 0x00007ffef69a4000 	C:\WINDOWS\System32\RPCRT4.dll
0x00007ffef4fa0000 - 0x00007ffef514e000 	C:\WINDOWS\System32\USER32.dll
0x00007ffee13d0000 - 0x00007ffee1662000 	C:\WINDOWS\WinSxS\amd64_microsoft.windows.common-controls_6595b64144ccf1df_6.0.22621.4830_none_270fe7d773858e80\COMCTL32.dll
0x00007ffef4540000 - 0x00007ffef4566000 	C:\WINDOWS\System32\win32u.dll
0x00007ffef5220000 - 0x00007ffef5249000 	C:\WINDOWS\System32\GDI32.dll
0x00007ffef4790000 - 0x00007ffef48ab000 	C:\WINDOWS\System32\gdi32full.dll
0x00007ffef4a90000 - 0x00007ffef4b2a000 	C:\WINDOWS\System32\msvcp_win.dll
0x00007ffee8f30000 - 0x00007ffee8f3a000 	C:\WINDOWS\SYSTEM32\VERSION.dll
0x00007ffef5400000 - 0x00007ffef5431000 	C:\WINDOWS\System32\IMM32.DLL
0x00007ffef0070000 - 0x00007ffef007c000 	C:\Program Files\Java\jdk-17\bin\vcruntime140_1.dll
0x00007ffec03d0000 - 0x00007ffec045e000 	C:\Program Files\Java\jdk-17\bin\msvcp140.dll
0x00007ffe78060000 - 0x00007ffe78c40000 	C:\Program Files\Java\jdk-17\bin\server\jvm.dll
0x00007ffef6af0000 - 0x00007ffef6af8000 	C:\WINDOWS\System32\PSAPI.DLL
0x00007ffedd260000 - 0x00007ffedd269000 	C:\WINDOWS\SYSTEM32\WSOCK32.dll
0x00007ffeea6f0000 - 0x00007ffeea724000 	C:\WINDOWS\SYSTEM32\WINMM.dll
0x00007ffef6cc0000 - 0x00007ffef6d31000 	C:\WINDOWS\System32\WS2_32.dll
0x00007ffef34c0000 - 0x00007ffef34d8000 	C:\WINDOWS\SYSTEM32\kernel.appcore.dll
0x00007ffeeb7e0000 - 0x00007ffeeb7ea000 	C:\Program Files\Java\jdk-17\bin\jimage.dll
0x00007ffef1920000 - 0x00007ffef1b52000 	C:\WINDOWS\SYSTEM32\DBGHELP.DLL
0x00007ffef6080000 - 0x00007ffef6410000 	C:\WINDOWS\System32\combase.dll
0x00007ffef6f70000 - 0x00007ffef7047000 	C:\WINDOWS\System32\OLEAUT32.dll
0x00007ffee2350000 - 0x00007ffee2382000 	C:\WINDOWS\SYSTEM32\dbgcore.DLL
0x00007ffef4570000 - 0x00007ffef45eb000 	C:\WINDOWS\System32\bcryptPrimitives.dll
0x00007ffee68b0000 - 0x00007ffee68d5000 	C:\Program Files\Java\jdk-17\bin\java.dll
0x00007ffebc6d0000 - 0x00007ffebc7a7000 	C:\Program Files\Java\jdk-17\bin\jsvml.dll
0x00007ffef5440000 - 0x00007ffef5cb8000 	C:\WINDOWS\System32\SHELL32.dll
0x00007ffef23c0000 - 0x00007ffef2cd0000 	C:\WINDOWS\SYSTEM32\windows.storage.dll
0x00007ffef2280000 - 0x00007ffef23bf000 	C:\WINDOWS\SYSTEM32\wintypes.dll
0x00007ffef6bb0000 - 0x00007ffef6cba000 	C:\WINDOWS\System32\SHCORE.dll
0x00007ffef7170000 - 0x00007ffef71ce000 	C:\WINDOWS\System32\shlwapi.dll
0x00007ffef43f0000 - 0x00007ffef441b000 	C:\WINDOWS\SYSTEM32\profapi.dll
0x00007ffee1fd0000 - 0x00007ffee1fe9000 	C:\Program Files\Java\jdk-17\bin\net.dll
0x00007ffef0b00000 - 0x00007ffef0c2c000 	C:\WINDOWS\SYSTEM32\WINHTTP.dll
0x00007ffef3930000 - 0x00007ffef399a000 	C:\WINDOWS\system32\mswsock.dll
0x00007ffee0190000 - 0x00007ffee01a6000 	C:\Program Files\Java\jdk-17\bin\nio.dll
0x00007ffecd5f0000 - 0x00007ffecd608000 	C:\Program Files\Java\jdk-17\bin\zip.dll
0x0000000069ac0000 - 0x0000000069ae4000 	D:\Programming\apache-maven-3.8.6-bin\apache-maven-3.8.6\lib\jansi-native\Windows\x86_64\jansi.dll
0x00007ffed74f0000 - 0x00007ffed7500000 	C:\Program Files\Java\jdk-17\bin\verify.dll

dbghelp: loaded successfully - version: 4.0.5 - missing functions: none
symbol engine: initialized successfully - sym options: 0x614 - pdb path: .;C:\Program Files\Java\jdk-17\bin;C:\WINDOWS\SYSTEM32;C:\WINDOWS\WinSxS\amd64_microsoft.windows.common-controls_6595b64144ccf1df_6.0.22621.4830_none_270fe7d773858e80;C:\Program Files\Java\jdk-17\bin\server;D:\Programming\apache-maven-3.8.6-bin\apache-maven-3.8.6\lib\jansi-native\Windows\x86_64

VM Arguments:
jvm_args: -Dclassworlds.conf=D:\Programming\apache-maven-3.8.6-bin\apache-maven-3.8.6\bin\m2.conf -Dmaven.home=D:\Programming\apache-maven-3.8.6-bin\apache-maven-3.8.6 -Dlibrary.jansi.path=D:\Programming\apache-maven-3.8.6-bin\apache-maven-3.8.6\lib\jansi-native -Dmaven.multiModuleProjectDirectory=D:\Programming\workspace\billing_craft\charu_backend 
java_command: org.codehaus.plexus.classworlds.launcher.Launcher clean package -DskipTests
java_class_path (initial): D:\Programming\apache-maven-3.8.6-bin\apache-maven-3.8.6\boot\plexus-classworlds-2.6.0.jar
Launcher Type: SUN_STANDARD

[Global flags]
     intx CICompilerCount                          = 4                                         {product} {ergonomic}
     uint ConcGCThreads                            = 2                                         {product} {ergonomic}
     uint G1ConcRefinementThreads                  = 8                                         {product} {ergonomic}
   size_t G1HeapRegionSize                         = 1048576                                   {product} {ergonomic}
    uintx GCDrainStackTargetSize                   = 64                                        {product} {ergonomic}
   size_t InitialHeapSize                          = 132120576                                 {product} {ergonomic}
   size_t MarkStackSize                            = 4194304                                   {product} {ergonomic}
   size_t MaxHeapSize                              = 2090860544                                {product} {ergonomic}
   size_t MaxNewSize                               = 1254096896                                {product} {ergonomic}
   size_t MinHeapDeltaBytes                        = 1048576                                   {product} {ergonomic}
   size_t MinHeapSize                              = 8388608                                   {product} {ergonomic}
    uintx NonNMethodCodeHeapSize                   = 5839372                                {pd product} {ergonomic}
    uintx NonProfiledCodeHeapSize                  = 122909434                              {pd product} {ergonomic}
    uintx ProfiledCodeHeapSize                     = 122909434                              {pd product} {ergonomic}
    uintx ReservedCodeCacheSize                    = 251658240                              {pd product} {ergonomic}
     bool SegmentedCodeCache                       = true                                      {product} {ergonomic}
   size_t SoftMaxHeapSize                          = 2090860544                             {manageable} {ergonomic}
     bool UseCompressedClassPointers               = true                           {product lp64_product} {ergonomic}
     bool UseCompressedOops                        = true                           {product lp64_product} {ergonomic}
     bool UseG1GC                                  = true                                      {product} {ergonomic}
     bool UseLargePagesIndividualAllocation        = false                                  {pd product} {ergonomic}

Logging:
Log output configuration:
 #0: stdout all=warning uptime,level,tags
 #1: stderr all=off uptime,level,tags

Environment Variables:
JAVA_HOME=C:\Program Files\Java\jdk-17
PATH=C:\Program Files\Common Files\Oracle\Java\javapath;C:\Program Files\Java\jdk1.8.0_172\bin;C:\Program Files (x86)\Common Files\Intel\Shared Libraries\redist\intel64\compiler;C:\Python311\Scripts\;C:\Python311\;C:\Program Files (x86)\Common Files\Oracle\Java\javapath;C:\WINDOWS\system32;C:\WINDOWS;C:\WINDOWS\System32\Wbem;C:\WINDOWS\System32\WindowsPowerShell\v1.0\;C:\WINDOWS\System32\OpenSSH\;C:\Program Files\Java\jdk1.8.0_172\bin;C:\ProgramData\chocolatey\bin;D:\Programming\apache-maven-3.8.6-bin\apache-maven-3.8.6\bin;C:\Program Files\PuTTY\;C:\Program Files\nodejs\;C:\Program Files\Java\jdk-17\bin;C:\Program Files\Java\jdk-11\bin;C:\Users\hmfar\AppData\Local\Microsoft\WindowsApps;C:\Users\hmfar\AppData\Local\Programs\Microsoft VS Code\bin;C:\Users\hmfar\AppData\Roaming\npm;
USERNAME=hmfar
LANG=en_US.UTF-8
OS=Windows_NT
PROCESSOR_IDENTIFIER=Intel64 Family 6 Model 140 Stepping 1, GenuineIntel



---------------  S Y S T E M  ---------------

OS:
 Windows 11 , 64 bit Build 22621 (10.0.22621.4830)
OS uptime: 8 days 0:20 hours
Hyper-V role detected

CPU: total 8 (initial active 8) (4 cores per cpu, 2 threads per core) family 6 model 140 stepping 1 microcode 0x86, cx8, cmov, fxsr, ht, mmx, 3dnowpref, sse, sse2, sse3, ssse3, sse4.1, sse4.2, popcnt, lzcnt, tsc, tscinvbit, avx, avx2, aes, erms, clmul, bmi1, bmi2, adx, avx512f, avx512dq, avx512cd, avx512bw, avx512vl, sha, fma, vzeroupper, avx512_vpopcntdq, avx512_vpclmulqdq, avx512_vaes, avx512_vnni, clflush, clflushopt, clwb, avx512_vbmi2, avx512_vbmi, hv

Memory: 4k page, system-wide physical 7975M (368M free)
TotalPageFile size 26725M (AvailPageFile size 3M)
current process WorkingSet (physical memory assigned to process): 414M, peak: 429M
current process commit charge ("private bytes"): 455M, peak: 469M

vm_info: Java HotSpot(TM) 64-Bit Server VM (17.0.11+7-LTS-207) for windows-amd64 JRE (17.0.11+7-LTS-207), built on Mar 11 2024 19:01:50 by "mach5one" with MS VC++ 17.6 (VS2022)

END.
