#
# There is insufficient memory for the Java Runtime Environment to continue.
# Native memory allocation (malloc) failed to allocate 187536 bytes. Error detail: Chunk::new
# Possible reasons:
#   The system is out of physical RAM or swap space
#   This process is running with CompressedOops enabled, and the Java Heap may be blocking the growth of the native heap
# Possible solutions:
#   Reduce memory load on the system
#   Increase physical memory or swap space
#   Check if swap backing store is full
#   Decrease Java heap size (-Xmx/-Xms)
#   Decrease number of Java threads
#   Decrease Java thread stack sizes (-Xss)
#   Set larger code cache with -XX:ReservedCodeCacheSize=
#   JVM is running with Unscaled Compressed Oops mode in which the Java heap is
#     placed in the first 4GB address space. The Java Heap base address is the
#     maximum limit for the native heap growth. Please use -XX:HeapBaseMinAddress
#     to set the Java Heap base and to place the Java Heap above 4GB virtual address.
# This output file may be truncated or incomplete.
#
#  Out of Memory Error (arena.cpp:168), pid=7740, tid=11272
#
# JRE version: OpenJDK Runtime Environment Temurin-21.0.7+6 (21.0.7+6) (build 21.0.7+6-LTS)
# Java VM: OpenJDK 64-Bit Server VM Temurin-21.0.7+6 (21.0.7+6-LTS, mixed mode, sharing, tiered, compressed oops, compressed class ptrs, parallel gc, windows-amd64)
# No core dump will be written. Minidumps are not enabled by default on client versions of Windows
#

---------------  S U M M A R Y ------------

Command Line: --add-modules=ALL-SYSTEM --add-opens=java.base/java.util=ALL-UNNAMED --add-opens=java.base/java.lang=ALL-UNNAMED --add-opens=java.base/sun.nio.fs=ALL-UNNAMED -Declipse.application=org.eclipse.jdt.ls.core.id1 -Dosgi.bundles.defaultStartLevel=4 -Declipse.product=org.eclipse.jdt.ls.core.product -Djava.import.generatesMetadataFilesAtProjectRoot=false -DDetectVMInstallationsJob.disabled=true -Dfile.encoding=utf8 -XX:+UseParallelGC -XX:GCTimeRatio=4 -XX:AdaptiveSizePolicyWeight=90 -Dsun.zip.disableMemoryMapping=true -Xmx1G -Xms100m -Xlog:disable -javaagent:c:\Users\hmfar\.vscode\extensions\redhat.java-1.42.0-win32-x64\lombok\lombok-1.18.36.jar c:\Users\hmfar\.vscode\extensions\redhat.java-1.42.0-win32-x64\server\plugins\org.eclipse.equinox.launcher_1.7.0.v20250424-1814.jar -configuration c:\Users\hmfar\AppData\Roaming\Code\User\globalStorage\redhat.java\1.42.0\config_ss_win -data c:\Users\hmfar\AppData\Roaming\Code\User\workspaceStorage\c3a96d27314cb5bde88c8915a752ecbe\redhat.java\ss_ws --pipe=\\.\pipe\lsp-03448905b0909f716ad936fc63667d7f-sock

Host: 11th Gen Intel(R) Core(TM) i5-11300H @ 3.10GHz, 8 cores, 7G,  Windows 11 , 64 bit Build 22621 (10.0.22621.5262)
Time: Fri Jun 27 22:50:40 2025 Bangladesh Standard Time elapsed time: 112.177334 seconds (0d 0h 1m 52s)

---------------  T H R E A D  ---------------

Current thread (0x000000001722dc40):  JavaThread "C2 CompilerThread0" daemon [_thread_in_native, id=11272, stack(0x000000005e400000,0x000000005e500000) (1024K)]


Current CompileTask:
C2:112177 8305       4       org.eclipse.osgi.internal.loader.BundleLoader::searchHooks (192 bytes)

Stack: [0x000000005e400000,0x000000005e500000]
Native frames: (J=compiled Java code, j=interpreted, Vv=VM code, C=native code)
V  [jvm.dll+0x6ce119]
V  [jvm.dll+0x8a84a1]
V  [jvm.dll+0x8aa9ce]
V  [jvm.dll+0x8ab0b3]
V  [jvm.dll+0x27f8a6]
V  [jvm.dll+0xc507d]
V  [jvm.dll+0xc55b3]
V  [jvm.dll+0x2f2c6d]
V  [jvm.dll+0x5f6bca]
V  [jvm.dll+0x250cb2]
V  [jvm.dll+0x24975f]
V  [jvm.dll+0x246fc4]
V  [jvm.dll+0x1c760e]
V  [jvm.dll+0x25695a]
V  [jvm.dll+0x254efa]
V  [jvm.dll+0x3f03f6]
V  [jvm.dll+0x851f6b]
V  [jvm.dll+0x6cc7dd]
C  [ucrtbase.dll+0x29333]
C  [KERNEL32.DLL+0x1259d]
C  [ntdll.dll+0x5af58]


---------------  P R O C E S S  ---------------

Threads class SMR info:
_java_thread_list=0x0000000070b67050, length=35, elements={
0x00000000005b9dd0, 0x0000000017214540, 0x00000000172155a0, 0x00000000172178c0,
0x00000000172187d0, 0x000000001721d450, 0x000000001721e730, 0x000000001722dc40,
0x0000000017232700, 0x000000005e6c7500, 0x000000005e6c6150, 0x000000005e6c7b90,
0x000000005e6c4da0, 0x000000005e6c8220, 0x000000005e6c5430, 0x000000005e6c67e0,
0x000000005e6c6e70, 0x000000005e8d10b0, 0x000000005e8d0a20, 0x000000005e8ce950,
0x000000005e8cefe0, 0x000000005e8d1740, 0x000000005e8cfd00, 0x000000005e8d1dd0,
0x000000005e8d2460, 0x000000005e8d2af0, 0x000000005e8d3180, 0x000000005e8cc1f0,
0x000000005e8d3810, 0x000000005e8cf670, 0x000000005e8d0390, 0x000000005e8ccf10,
0x000000005e8cd5a0, 0x000000005e8cc880, 0x000000005e6c5ac0
}

Java Threads: ( => current thread )
  0x00000000005b9dd0 JavaThread "main"                              [_thread_blocked, id=21396, stack(0x0000000002210000,0x0000000002310000) (1024K)]
  0x0000000017214540 JavaThread "Reference Handler"          daemon [_thread_blocked, id=20912, stack(0x0000000059dd0000,0x0000000059ed0000) (1024K)]
  0x00000000172155a0 JavaThread "Finalizer"                  daemon [_thread_blocked, id=5152, stack(0x0000000059ed0000,0x0000000059fd0000) (1024K)]
  0x00000000172178c0 JavaThread "Signal Dispatcher"          daemon [_thread_blocked, id=15428, stack(0x000000005e000000,0x000000005e100000) (1024K)]
  0x00000000172187d0 JavaThread "Attach Listener"            daemon [_thread_blocked, id=18468, stack(0x000000005e100000,0x000000005e200000) (1024K)]
  0x000000001721d450 JavaThread "Service Thread"             daemon [_thread_blocked, id=6244, stack(0x000000005e200000,0x000000005e300000) (1024K)]
  0x000000001721e730 JavaThread "Monitor Deflation Thread"   daemon [_thread_blocked, id=18308, stack(0x000000005e300000,0x000000005e400000) (1024K)]
=>0x000000001722dc40 JavaThread "C2 CompilerThread0"         daemon [_thread_in_native, id=11272, stack(0x000000005e400000,0x000000005e500000) (1024K)]
  0x0000000017232700 JavaThread "C1 CompilerThread0"         daemon [_thread_blocked, id=22056, stack(0x000000005e500000,0x000000005e600000) (1024K)]
  0x000000005e6c7500 JavaThread "Common-Cleaner"             daemon [_thread_blocked, id=22824, stack(0x000000005ea00000,0x000000005eb00000) (1024K)]
  0x000000005e6c6150 JavaThread "Notification Thread"        daemon [_thread_blocked, id=888, stack(0x000000005eb00000,0x000000005ec00000) (1024K)]
  0x000000005e6c7b90 JavaThread "Active Thread: Equinox Container: f79f8bde-37d1-4393-8dbf-cca3a664e904"        [_thread_blocked, id=5896, stack(0x0000000060d20000,0x0000000060e20000) (1024K)]
  0x000000005e6c4da0 JavaThread "Framework Event Dispatcher: Equinox Container: f79f8bde-37d1-4393-8dbf-cca3a664e904" daemon [_thread_blocked, id=18480, stack(0x000000005f400000,0x000000005f500000) (1024K)]
  0x000000005e6c8220 JavaThread "Start Level: Equinox Container: f79f8bde-37d1-4393-8dbf-cca3a664e904" daemon [_thread_blocked, id=21152, stack(0x000000005f500000,0x000000005f600000) (1024K)]
  0x000000005e6c5430 JavaThread "SCR Component Actor"        daemon [_thread_blocked, id=17280, stack(0x0000000060f20000,0x0000000061020000) (1024K)]
  0x000000005e6c67e0 JavaThread "Worker-JM"                         [_thread_blocked, id=10764, stack(0x0000000061120000,0x0000000061220000) (1024K)]
  0x000000005e6c6e70 JavaThread "JNA Cleaner"                daemon [_thread_blocked, id=22292, stack(0x0000000061560000,0x0000000061660000) (1024K)]
  0x000000005e8d10b0 JavaThread "Worker-1: Shutdown..."             [_thread_in_vm, id=19272, stack(0x0000000061760000,0x0000000061860000) (1024K)]
  0x000000005e8d0a20 JavaThread "Thread-2"                   daemon [_thread_in_native, id=9932, stack(0x0000000061860000,0x0000000061960000) (1024K)]
  0x000000005e8ce950 JavaThread "Thread-3"                   daemon [_thread_in_native, id=19420, stack(0x0000000061960000,0x0000000061a60000) (1024K)]
  0x000000005e8cefe0 JavaThread "Thread-4"                   daemon [_thread_in_native, id=7652, stack(0x0000000061a60000,0x0000000061b60000) (1024K)]
  0x000000005e8d1740 JavaThread "Thread-5"                   daemon [_thread_in_native, id=23276, stack(0x0000000062b50000,0x0000000062c50000) (1024K)]
  0x000000005e8cfd00 JavaThread "Thread-6"                   daemon [_thread_in_native, id=740, stack(0x0000000062c50000,0x0000000062d50000) (1024K)]
  0x000000005e8d1dd0 JavaThread "Thread-7"                   daemon [_thread_in_native, id=13172, stack(0x0000000062d50000,0x0000000062e50000) (1024K)]
  0x000000005e8d2460 JavaThread "Thread-8"                   daemon [_thread_in_native, id=11892, stack(0x0000000062e50000,0x0000000062f50000) (1024K)]
  0x000000005e8d2af0 JavaThread "Thread-9"                   daemon [_thread_in_native, id=21856, stack(0x0000000062f50000,0x0000000063050000) (1024K)]
  0x000000005e8d3180 JavaThread "Thread-10"                  daemon [_thread_in_native, id=23188, stack(0x0000000063050000,0x0000000063150000) (1024K)]
  0x000000005e8cc1f0 JavaThread "pool-2-thread-1"                   [_thread_blocked, id=11772, stack(0x0000000063150000,0x0000000063250000) (1024K)]
  0x000000005e8d3810 JavaThread "WorkspaceEventsHandler"            [_thread_blocked, id=17244, stack(0x0000000063250000,0x0000000063350000) (1024K)]
  0x000000005e8cf670 JavaThread "pool-1-thread-1"                   [_thread_blocked, id=18856, stack(0x0000000063350000,0x0000000063450000) (1024K)]
  0x000000005e8d0390 JavaThread "Worker-2"                          [_thread_blocked, id=7860, stack(0x0000000063450000,0x0000000063550000) (1024K)]
  0x000000005e8ccf10 JavaThread "ForkJoinPool.commonPool-worker-1" daemon [_thread_blocked, id=15452, stack(0x0000000063550000,0x0000000063650000) (1024K)]
  0x000000005e8cd5a0 JavaThread "ForkJoinPool.commonPool-worker-2" daemon [_thread_blocked, id=17488, stack(0x0000000063650000,0x0000000063750000) (1024K)]
  0x000000005e8cc880 JavaThread "pool-3-thread-1"                   [_thread_blocked, id=2520, stack(0x0000000000680000,0x0000000000780000) (1024K)]
  0x000000005e6c5ac0 JavaThread "Worker-3"                          [_thread_blocked, id=18340, stack(0x0000000000780000,0x0000000000880000) (1024K)]
Total: 35

Other Threads:
  0x0000000002d1eb40 VMThread "VM Thread"                           [id=19208, stack(0x0000000059cd0000,0x0000000059dd0000) (1024K)]
  0x0000000002ccc940 WatcherThread "VM Periodic Task Thread"        [id=15476, stack(0x0000000002a70000,0x0000000002b70000) (1024K)]
  0x0000000002c7f470 WorkerThread "GC Thread#0"                     [id=3456, stack(0x0000000002810000,0x0000000002910000) (1024K)]
  0x000000005efc54d0 WorkerThread "GC Thread#1"                     [id=16620, stack(0x0000000060720000,0x0000000060820000) (1024K)]
  0x000000005ef70470 WorkerThread "GC Thread#2"                     [id=21076, stack(0x0000000060820000,0x0000000060920000) (1024K)]
  0x000000005e982e10 WorkerThread "GC Thread#3"                     [id=16892, stack(0x0000000060920000,0x0000000060a20000) (1024K)]
  0x000000005e9831b0 WorkerThread "GC Thread#4"                     [id=7840, stack(0x0000000060a20000,0x0000000060b20000) (1024K)]
  0x000000005e983550 WorkerThread "GC Thread#5"                     [id=9552, stack(0x0000000060b20000,0x0000000060c20000) (1024K)]
  0x000000005e978e90 WorkerThread "GC Thread#6"                     [id=22912, stack(0x0000000060c20000,0x0000000060d20000) (1024K)]
  0x000000005f193d70 WorkerThread "GC Thread#7"                     [id=20744, stack(0x0000000060e20000,0x0000000060f20000) (1024K)]
Total: 10

Threads with active compile tasks:
C2 CompilerThread0  112213 8305       4       org.eclipse.osgi.internal.loader.BundleLoader::searchHooks (192 bytes)
Total: 1

VM state: not at safepoint (normal execution)

VM Mutex/Monitor currently owned by a thread: None

Heap address: 0x00000000c0000000, size: 1024 MB, Compressed Oops mode: 32-bit

CDS archive(s) mapped at: [0x0000000018000000-0x0000000018ba0000-0x0000000018ba0000), size 12189696, SharedBaseAddress: 0x0000000018000000, ArchiveRelocationMode: 1.
Compressed class space mapped at: 0x0000000019000000-0x0000000059000000, reserved size: 1073741824
Narrow klass base: 0x0000000018000000, Narrow klass shift: 0, Narrow klass range: 0x100000000

GC Precious Log:
 CardTable entry size: 512
 CPUs: 8 total, 8 available
 Memory: 7975M
 Large Page Support: Disabled
 NUMA Support: Disabled
 Compressed Oops: Enabled (32-bit)
 Alignments: Space 512K, Generation 512K, Heap 2M
 Heap Min Capacity: 100M
 Heap Initial Capacity: 100M
 Heap Max Capacity: 1G
 Pre-touch: Disabled
 Parallel Workers: 8

Heap:
 PSYoungGen      total 19968K, used 12776K [0x00000000eab00000, 0x00000000ec200000, 0x0000000100000000)
  eden space 17408K, 60% used [0x00000000eab00000,0x00000000eb53a1a0,0x00000000ebc00000)
  from space 2560K, 90% used [0x00000000ebc00000,0x00000000ebe40040,0x00000000ebe80000)
  to   space 3072K, 0% used [0x00000000ebf00000,0x00000000ebf00000,0x00000000ec200000)
 ParOldGen       total 68608K, used 48148K [0x00000000c0000000, 0x00000000c4300000, 0x00000000eab00000)
  object space 68608K, 70% used [0x00000000c0000000,0x00000000c2f050d8,0x00000000c4300000)
 Metaspace       used 44906K, committed 45952K, reserved 1114112K
  class space    used 4261K, committed 4736K, reserved 1048576K

Card table byte_map: [0x0000000002600000,0x0000000002810000] _byte_map_base: 0x0000000002000000

Marking Bits: (ParMarkBitMap*) 0x00007ff8a0e631f0
 Begin Bits: [0x0000000014e50000, 0x0000000015e50000)
 End Bits:   [0x0000000015e50000, 0x0000000016e50000)

Polling page: 0x00000000009c0000

Metaspace:

Usage:
  Non-class:     39.69 MB used.
      Class:      4.16 MB used.
       Both:     43.85 MB used.

Virtual space:
  Non-class space:       64.00 MB reserved,      40.25 MB ( 63%) committed,  1 nodes.
      Class space:        1.00 GB reserved,       4.62 MB ( <1%) committed,  1 nodes.
             Both:        1.06 GB reserved,      44.88 MB (  4%) committed. 

Chunk freelists:
   Non-Class:  7.44 MB
       Class:  11.38 MB
        Both:  18.81 MB

MaxMetaspaceSize: unlimited
CompressedClassSpaceSize: 1.00 GB
Initial GC threshold: 21.00 MB
Current GC threshold: 58.38 MB
CDS: on
 - commit_granule_bytes: 65536.
 - commit_granule_words: 8192.
 - virtual_space_node_default_size: 8388608.
 - enlarge_chunks_in_place: 1.
 - use_allocation_guard: 0.


Internal statistics:

num_allocs_failed_limit: 6.
num_arena_births: 1014.
num_arena_deaths: 80.
num_vsnodes_births: 2.
num_vsnodes_deaths: 0.
num_space_committed: 718.
num_space_uncommitted: 0.
num_chunks_returned_to_freelist: 110.
num_chunks_taken_from_freelist: 3100.
num_chunk_merges: 28.
num_chunk_splits: 1875.
num_chunks_enlarged: 1076.
num_inconsistent_stats: 0.

CodeHeap 'non-profiled nmethods': size=120000Kb used=4946Kb max_used=4946Kb free=115053Kb
 bounds [0x000000000d920000, 0x000000000de00000, 0x0000000014e50000]
CodeHeap 'profiled nmethods': size=120000Kb used=18686Kb max_used=18686Kb free=101313Kb
 bounds [0x0000000005e50000, 0x0000000007090000, 0x000000000d380000]
CodeHeap 'non-nmethods': size=5760Kb used=1421Kb max_used=1530Kb free=4338Kb
 bounds [0x000000000d380000, 0x000000000d5f0000, 0x000000000d920000]
 total_blobs=8596 nmethods=7876 adapters=624
 compilation: enabled
              stopped_count=0, restarted_count=0
 full_count=0

Compilation events (20 events):
Event: 111.853 Thread 0x0000000017232700 nmethod 8294 0x000000000708cf10 code [0x000000000708d0a0, 0x000000000708d200]
Event: 111.891 Thread 0x0000000017232700 8296       3       org.eclipse.core.internal.registry.HashtableOfStringAndInt::get (72 bytes)
Event: 111.892 Thread 0x0000000017232700 nmethod 8296 0x000000000708d290 code [0x000000000708d4a0, 0x000000000708da48]
Event: 111.892 Thread 0x0000000017232700 8297       3       java.util.concurrent.locks.AbstractQueuedSynchronizer::acquire (20 bytes)
Event: 111.893 Thread 0x0000000017232700 nmethod 8297 0x000000000708dd90 code [0x000000000708df60, 0x000000000708e1d0]
Event: 111.895 Thread 0x0000000017232700 8298       3       java.lang.reflect.Modifier::isNative (14 bytes)
Event: 111.895 Thread 0x0000000017232700 nmethod 8298 0x000000000708e290 code [0x000000000708e420, 0x000000000708e568]
Event: 111.895 Thread 0x0000000017232700 8299       3       jdk.internal.reflect.ReflectionFactory::useNativeAccessorOnly (7 bytes)
Event: 111.896 Thread 0x0000000017232700 nmethod 8299 0x000000000708e610 code [0x000000000708e7c0, 0x000000000708e918]
Event: 111.898 Thread 0x000000001722dc40 8300       4       java.util.zip.ZipCoder::hash (36 bytes)
Event: 111.900 Thread 0x0000000017232700 8301       3       java.lang.invoke.MethodHandles::insertArgumentsChecks (51 bytes)
Event: 111.901 Thread 0x0000000017232700 nmethod 8301 0x000000000708ea10 code [0x000000000708ec00, 0x000000000708f0d8]
Event: 111.902 Thread 0x000000001722dc40 nmethod 8300 0x000000000ddf3e90 code [0x000000000ddf4040, 0x000000000ddf4258]
Event: 112.067 Thread 0x0000000017232700 8302       1       org.eclipse.core.internal.dtree.AbstractDataTree::isImmutable (5 bytes)
Event: 112.067 Thread 0x0000000017232700 nmethod 8302 0x000000000ddf4490 code [0x000000000ddf4620, 0x000000000ddf46f0]
Event: 112.084 Thread 0x0000000017232700 8303       3       java.io.BufferedOutputStream::growIfNeeded (59 bytes)
Event: 112.085 Thread 0x0000000017232700 nmethod 8303 0x000000000708f310 code [0x000000000708f4c0, 0x000000000708f768]
Event: 112.123 Thread 0x000000001722dc40 8304       4       java.util.AbstractCollection::isEmpty (13 bytes)
Event: 112.124 Thread 0x000000001722dc40 nmethod 8304 0x000000000ddf4790 code [0x000000000ddf4920, 0x000000000ddf49d8]
Event: 112.140 Thread 0x000000001722dc40 8305       4       org.eclipse.osgi.internal.loader.BundleLoader::searchHooks (192 bytes)

GC Heap History (20 events):
Event: 23.806 GC heap before
{Heap before GC invocations=26 (full 2):
 PSYoungGen      total 22016K, used 21616K [0x00000000eab00000, 0x00000000ec200000, 0x0000000100000000)
  eden space 20480K, 100% used [0x00000000eab00000,0x00000000ebf00000,0x00000000ebf00000)
  from space 1536K, 73% used [0x00000000ebf00000,0x00000000ec01c030,0x00000000ec080000)
  to   space 1536K, 0% used [0x00000000ec080000,0x00000000ec080000,0x00000000ec200000)
 ParOldGen       total 68608K, used 33062K [0x00000000c0000000, 0x00000000c4300000, 0x00000000eab00000)
  object space 68608K, 48% used [0x00000000c0000000,0x00000000c2049bb8,0x00000000c4300000)
 Metaspace       used 43073K, committed 44224K, reserved 1114112K
  class space    used 4189K, committed 4736K, reserved 1048576K
}
Event: 23.809 GC heap after
{Heap after GC invocations=26 (full 2):
 PSYoungGen      total 20480K, used 1508K [0x00000000eab00000, 0x00000000ec500000, 0x0000000100000000)
  eden space 18944K, 0% used [0x00000000eab00000,0x00000000eab00000,0x00000000ebd80000)
  from space 1536K, 98% used [0x00000000ec080000,0x00000000ec1f9268,0x00000000ec200000)
  to   space 3072K, 0% used [0x00000000ebd80000,0x00000000ebd80000,0x00000000ec080000)
 ParOldGen       total 68608K, used 34054K [0x00000000c0000000, 0x00000000c4300000, 0x00000000eab00000)
  object space 68608K, 49% used [0x00000000c0000000,0x00000000c2141b20,0x00000000c4300000)
 Metaspace       used 43073K, committed 44224K, reserved 1114112K
  class space    used 4189K, committed 4736K, reserved 1048576K
}
Event: 24.487 GC heap before
{Heap before GC invocations=27 (full 2):
 PSYoungGen      total 20480K, used 20452K [0x00000000eab00000, 0x00000000ec500000, 0x0000000100000000)
  eden space 18944K, 100% used [0x00000000eab00000,0x00000000ebd80000,0x00000000ebd80000)
  from space 1536K, 98% used [0x00000000ec080000,0x00000000ec1f9268,0x00000000ec200000)
  to   space 3072K, 0% used [0x00000000ebd80000,0x00000000ebd80000,0x00000000ec080000)
 ParOldGen       total 68608K, used 34054K [0x00000000c0000000, 0x00000000c4300000, 0x00000000eab00000)
  object space 68608K, 49% used [0x00000000c0000000,0x00000000c2141b20,0x00000000c4300000)
 Metaspace       used 43247K, committed 44352K, reserved 1114112K
  class space    used 4190K, committed 4736K, reserved 1048576K
}
Event: 24.495 GC heap after
{Heap after GC invocations=27 (full 2):
 PSYoungGen      total 20480K, used 1280K [0x00000000eab00000, 0x00000000ec180000, 0x0000000100000000)
  eden space 18944K, 0% used [0x00000000eab00000,0x00000000eab00000,0x00000000ebd80000)
  from space 1536K, 83% used [0x00000000ebd80000,0x00000000ebec0040,0x00000000ebf00000)
  to   space 2048K, 0% used [0x00000000ebf80000,0x00000000ebf80000,0x00000000ec180000)
 ParOldGen       total 68608K, used 35545K [0x00000000c0000000, 0x00000000c4300000, 0x00000000eab00000)
  object space 68608K, 51% used [0x00000000c0000000,0x00000000c22b6468,0x00000000c4300000)
 Metaspace       used 43247K, committed 44352K, reserved 1114112K
  class space    used 4190K, committed 4736K, reserved 1048576K
}
Event: 25.848 GC heap before
{Heap before GC invocations=28 (full 2):
 PSYoungGen      total 20480K, used 20224K [0x00000000eab00000, 0x00000000ec180000, 0x0000000100000000)
  eden space 18944K, 100% used [0x00000000eab00000,0x00000000ebd80000,0x00000000ebd80000)
  from space 1536K, 83% used [0x00000000ebd80000,0x00000000ebec0040,0x00000000ebf00000)
  to   space 2048K, 0% used [0x00000000ebf80000,0x00000000ebf80000,0x00000000ec180000)
 ParOldGen       total 68608K, used 35545K [0x00000000c0000000, 0x00000000c4300000, 0x00000000eab00000)
  object space 68608K, 51% used [0x00000000c0000000,0x00000000c22b6468,0x00000000c4300000)
 Metaspace       used 43422K, committed 44608K, reserved 1114112K
  class space    used 4195K, committed 4736K, reserved 1048576K
}
Event: 25.852 GC heap after
{Heap after GC invocations=28 (full 2):
 PSYoungGen      total 20480K, used 1472K [0x00000000eab00000, 0x00000000ec100000, 0x0000000100000000)
  eden space 18944K, 0% used [0x00000000eab00000,0x00000000eab00000,0x00000000ebd80000)
  from space 1536K, 95% used [0x00000000ebf80000,0x00000000ec0f0010,0x00000000ec100000)
  to   space 1536K, 0% used [0x00000000ebd80000,0x00000000ebd80000,0x00000000ebf00000)
 ParOldGen       total 68608K, used 36709K [0x00000000c0000000, 0x00000000c4300000, 0x00000000eab00000)
  object space 68608K, 53% used [0x00000000c0000000,0x00000000c23d9538,0x00000000c4300000)
 Metaspace       used 43422K, committed 44608K, reserved 1114112K
  class space    used 4195K, committed 4736K, reserved 1048576K
}
Event: 26.604 GC heap before
{Heap before GC invocations=29 (full 2):
 PSYoungGen      total 20480K, used 20416K [0x00000000eab00000, 0x00000000ec100000, 0x0000000100000000)
  eden space 18944K, 100% used [0x00000000eab00000,0x00000000ebd80000,0x00000000ebd80000)
  from space 1536K, 95% used [0x00000000ebf80000,0x00000000ec0f0010,0x00000000ec100000)
  to   space 1536K, 0% used [0x00000000ebd80000,0x00000000ebd80000,0x00000000ebf00000)
 ParOldGen       total 68608K, used 36709K [0x00000000c0000000, 0x00000000c4300000, 0x00000000eab00000)
  object space 68608K, 53% used [0x00000000c0000000,0x00000000c23d9538,0x00000000c4300000)
 Metaspace       used 43864K, committed 44992K, reserved 1114112K
  class space    used 4228K, committed 4736K, reserved 1048576K
}
Event: 26.609 GC heap after
{Heap after GC invocations=29 (full 2):
 PSYoungGen      total 20480K, used 1516K [0x00000000eab00000, 0x00000000ec780000, 0x0000000100000000)
  eden space 18944K, 0% used [0x00000000eab00000,0x00000000eab00000,0x00000000ebd80000)
  from space 1536K, 98% used [0x00000000ebd80000,0x00000000ebefb2f0,0x00000000ebf00000)
  to   space 5120K, 0% used [0x00000000ec280000,0x00000000ec280000,0x00000000ec780000)
 ParOldGen       total 68608K, used 39367K [0x00000000c0000000, 0x00000000c4300000, 0x00000000eab00000)
  object space 68608K, 57% used [0x00000000c0000000,0x00000000c2671e48,0x00000000c4300000)
 Metaspace       used 43864K, committed 44992K, reserved 1114112K
  class space    used 4228K, committed 4736K, reserved 1048576K
}
Event: 26.728 GC heap before
{Heap before GC invocations=30 (full 2):
 PSYoungGen      total 20480K, used 20460K [0x00000000eab00000, 0x00000000ec780000, 0x0000000100000000)
  eden space 18944K, 100% used [0x00000000eab00000,0x00000000ebd80000,0x00000000ebd80000)
  from space 1536K, 98% used [0x00000000ebd80000,0x00000000ebefb2f0,0x00000000ebf00000)
  to   space 5120K, 0% used [0x00000000ec280000,0x00000000ec280000,0x00000000ec780000)
 ParOldGen       total 68608K, used 39367K [0x00000000c0000000, 0x00000000c4300000, 0x00000000eab00000)
  object space 68608K, 57% used [0x00000000c0000000,0x00000000c2671e48,0x00000000c4300000)
 Metaspace       used 43925K, committed 45056K, reserved 1114112K
  class space    used 4229K, committed 4736K, reserved 1048576K
}
Event: 26.733 GC heap after
{Heap after GC invocations=30 (full 2):
 PSYoungGen      total 20992K, used 1968K [0x00000000eab00000, 0x00000000ec480000, 0x0000000100000000)
  eden space 18944K, 0% used [0x00000000eab00000,0x00000000eab00000,0x00000000ebd80000)
  from space 2048K, 96% used [0x00000000ec280000,0x00000000ec46c010,0x00000000ec480000)
  to   space 3072K, 0% used [0x00000000ebe80000,0x00000000ebe80000,0x00000000ec180000)
 ParOldGen       total 68608K, used 40949K [0x00000000c0000000, 0x00000000c4300000, 0x00000000eab00000)
  object space 68608K, 59% used [0x00000000c0000000,0x00000000c27fd468,0x00000000c4300000)
 Metaspace       used 43925K, committed 45056K, reserved 1114112K
  class space    used 4229K, committed 4736K, reserved 1048576K
}
Event: 27.004 GC heap before
{Heap before GC invocations=31 (full 2):
 PSYoungGen      total 20992K, used 20912K [0x00000000eab00000, 0x00000000ec480000, 0x0000000100000000)
  eden space 18944K, 100% used [0x00000000eab00000,0x00000000ebd80000,0x00000000ebd80000)
  from space 2048K, 96% used [0x00000000ec280000,0x00000000ec46c010,0x00000000ec480000)
  to   space 3072K, 0% used [0x00000000ebe80000,0x00000000ebe80000,0x00000000ec180000)
 ParOldGen       total 68608K, used 40949K [0x00000000c0000000, 0x00000000c4300000, 0x00000000eab00000)
  object space 68608K, 59% used [0x00000000c0000000,0x00000000c27fd468,0x00000000c4300000)
 Metaspace       used 44047K, committed 45120K, reserved 1114112K
  class space    used 4229K, committed 4736K, reserved 1048576K
}
Event: 27.008 GC heap after
{Heap after GC invocations=31 (full 2):
 PSYoungGen      total 20992K, used 1959K [0x00000000eab00000, 0x00000000ec300000, 0x0000000100000000)
  eden space 18944K, 0% used [0x00000000eab00000,0x00000000eab00000,0x00000000ebd80000)
  from space 2048K, 95% used [0x00000000ebe80000,0x00000000ec069de0,0x00000000ec080000)
  to   space 2560K, 0% used [0x00000000ec080000,0x00000000ec080000,0x00000000ec300000)
 ParOldGen       total 68608K, used 42841K [0x00000000c0000000, 0x00000000c4300000, 0x00000000eab00000)
  object space 68608K, 62% used [0x00000000c0000000,0x00000000c29d65f8,0x00000000c4300000)
 Metaspace       used 44047K, committed 45120K, reserved 1114112K
  class space    used 4229K, committed 4736K, reserved 1048576K
}
Event: 27.139 GC heap before
{Heap before GC invocations=32 (full 2):
 PSYoungGen      total 20992K, used 20903K [0x00000000eab00000, 0x00000000ec300000, 0x0000000100000000)
  eden space 18944K, 100% used [0x00000000eab00000,0x00000000ebd80000,0x00000000ebd80000)
  from space 2048K, 95% used [0x00000000ebe80000,0x00000000ec069de0,0x00000000ec080000)
  to   space 2560K, 0% used [0x00000000ec080000,0x00000000ec080000,0x00000000ec300000)
 ParOldGen       total 68608K, used 42841K [0x00000000c0000000, 0x00000000c4300000, 0x00000000eab00000)
  object space 68608K, 62% used [0x00000000c0000000,0x00000000c29d65f8,0x00000000c4300000)
 Metaspace       used 44157K, committed 45248K, reserved 1114112K
  class space    used 4229K, committed 4736K, reserved 1048576K
}
Event: 27.142 GC heap after
{Heap after GC invocations=32 (full 2):
 PSYoungGen      total 19968K, used 768K [0x00000000eab00000, 0x00000000ec180000, 0x0000000100000000)
  eden space 18944K, 0% used [0x00000000eab00000,0x00000000eab00000,0x00000000ebd80000)
  from space 1024K, 75% used [0x00000000ec080000,0x00000000ec140000,0x00000000ec180000)
  to   space 1536K, 0% used [0x00000000ebe80000,0x00000000ebe80000,0x00000000ec000000)
 ParOldGen       total 68608K, used 44454K [0x00000000c0000000, 0x00000000c4300000, 0x00000000eab00000)
  object space 68608K, 64% used [0x00000000c0000000,0x00000000c2b69a88,0x00000000c4300000)
 Metaspace       used 44157K, committed 45248K, reserved 1114112K
  class space    used 4229K, committed 4736K, reserved 1048576K
}
Event: 27.271 GC heap before
{Heap before GC invocations=33 (full 2):
 PSYoungGen      total 19968K, used 19712K [0x00000000eab00000, 0x00000000ec180000, 0x0000000100000000)
  eden space 18944K, 100% used [0x00000000eab00000,0x00000000ebd80000,0x00000000ebd80000)
  from space 1024K, 75% used [0x00000000ec080000,0x00000000ec140000,0x00000000ec180000)
  to   space 1536K, 0% used [0x00000000ebe80000,0x00000000ebe80000,0x00000000ec000000)
 ParOldGen       total 68608K, used 44454K [0x00000000c0000000, 0x00000000c4300000, 0x00000000eab00000)
  object space 68608K, 64% used [0x00000000c0000000,0x00000000c2b69a88,0x00000000c4300000)
 Metaspace       used 44270K, committed 45376K, reserved 1114112K
  class space    used 4230K, committed 4736K, reserved 1048576K
}
Event: 27.273 GC heap after
{Heap after GC invocations=33 (full 2):
 PSYoungGen      total 20480K, used 624K [0x00000000eab00000, 0x00000000ec100000, 0x0000000100000000)
  eden space 18944K, 0% used [0x00000000eab00000,0x00000000eab00000,0x00000000ebd80000)
  from space 1536K, 40% used [0x00000000ebe80000,0x00000000ebf1c010,0x00000000ec000000)
  to   space 1024K, 0% used [0x00000000ec000000,0x00000000ec000000,0x00000000ec100000)
 ParOldGen       total 68608K, used 45027K [0x00000000c0000000, 0x00000000c4300000, 0x00000000eab00000)
  object space 68608K, 65% used [0x00000000c0000000,0x00000000c2bf8cb8,0x00000000c4300000)
 Metaspace       used 44270K, committed 45376K, reserved 1114112K
  class space    used 4230K, committed 4736K, reserved 1048576K
}
Event: 27.702 GC heap before
{Heap before GC invocations=34 (full 2):
 PSYoungGen      total 20480K, used 19568K [0x00000000eab00000, 0x00000000ec100000, 0x0000000100000000)
  eden space 18944K, 100% used [0x00000000eab00000,0x00000000ebd80000,0x00000000ebd80000)
  from space 1536K, 40% used [0x00000000ebe80000,0x00000000ebf1c010,0x00000000ec000000)
  to   space 1024K, 0% used [0x00000000ec000000,0x00000000ec000000,0x00000000ec100000)
 ParOldGen       total 68608K, used 45027K [0x00000000c0000000, 0x00000000c4300000, 0x00000000eab00000)
  object space 68608K, 65% used [0x00000000c0000000,0x00000000c2bf8cb8,0x00000000c4300000)
 Metaspace       used 44353K, committed 45440K, reserved 1114112K
  class space    used 4232K, committed 4736K, reserved 1048576K
}
Event: 27.711 GC heap after
{Heap after GC invocations=34 (full 2):
 PSYoungGen      total 18432K, used 992K [0x00000000eab00000, 0x00000000ec580000, 0x0000000100000000)
  eden space 17408K, 0% used [0x00000000eab00000,0x00000000eab00000,0x00000000ebc00000)
  from space 1024K, 96% used [0x00000000ec000000,0x00000000ec0f83a0,0x00000000ec100000)
  to   space 4096K, 0% used [0x00000000ebc00000,0x00000000ebc00000,0x00000000ec000000)
 ParOldGen       total 68608K, used 47184K [0x00000000c0000000, 0x00000000c4300000, 0x00000000eab00000)
  object space 68608K, 68% used [0x00000000c0000000,0x00000000c2e142b8,0x00000000c4300000)
 Metaspace       used 44353K, committed 45440K, reserved 1114112K
  class space    used 4232K, committed 4736K, reserved 1048576K
}
Event: 28.068 GC heap before
{Heap before GC invocations=35 (full 2):
 PSYoungGen      total 18432K, used 18400K [0x00000000eab00000, 0x00000000ec580000, 0x0000000100000000)
  eden space 17408K, 100% used [0x00000000eab00000,0x00000000ebc00000,0x00000000ebc00000)
  from space 1024K, 96% used [0x00000000ec000000,0x00000000ec0f83a0,0x00000000ec100000)
  to   space 4096K, 0% used [0x00000000ebc00000,0x00000000ebc00000,0x00000000ec000000)
 ParOldGen       total 68608K, used 47184K [0x00000000c0000000, 0x00000000c4300000, 0x00000000eab00000)
  object space 68608K, 68% used [0x00000000c0000000,0x00000000c2e142b8,0x00000000c4300000)
 Metaspace       used 44582K, committed 45696K, reserved 1114112K
  class space    used 4237K, committed 4736K, reserved 1048576K
}
Event: 28.075 GC heap after
{Heap after GC invocations=35 (full 2):
 PSYoungGen      total 19968K, used 2304K [0x00000000eab00000, 0x00000000ec200000, 0x0000000100000000)
  eden space 17408K, 0% used [0x00000000eab00000,0x00000000eab00000,0x00000000ebc00000)
  from space 2560K, 90% used [0x00000000ebc00000,0x00000000ebe40040,0x00000000ebe80000)
  to   space 3072K, 0% used [0x00000000ebf00000,0x00000000ebf00000,0x00000000ec200000)
 ParOldGen       total 68608K, used 48148K [0x00000000c0000000, 0x00000000c4300000, 0x00000000eab00000)
  object space 68608K, 70% used [0x00000000c0000000,0x00000000c2f050d8,0x00000000c4300000)
 Metaspace       used 44582K, committed 45696K, reserved 1114112K
  class space    used 4237K, committed 4736K, reserved 1048576K
}

Dll operation events (9 events):
Event: 0.045 Loaded shared library c:\Users\hmfar\.vscode\extensions\redhat.java-1.42.0-win32-x64\jre\21.0.7-win32-x86_64\bin\java.dll
Event: 0.172 Loaded shared library c:\Users\hmfar\.vscode\extensions\redhat.java-1.42.0-win32-x64\jre\21.0.7-win32-x86_64\bin\zip.dll
Event: 0.208 Loaded shared library C:\Users\hmfar\.vscode\extensions\redhat.java-1.42.0-win32-x64\jre\21.0.7-win32-x86_64\bin\instrument.dll
Event: 0.217 Loaded shared library C:\Users\hmfar\.vscode\extensions\redhat.java-1.42.0-win32-x64\jre\21.0.7-win32-x86_64\bin\net.dll
Event: 0.221 Loaded shared library C:\Users\hmfar\.vscode\extensions\redhat.java-1.42.0-win32-x64\jre\21.0.7-win32-x86_64\bin\nio.dll
Event: 0.227 Loaded shared library C:\Users\hmfar\.vscode\extensions\redhat.java-1.42.0-win32-x64\jre\21.0.7-win32-x86_64\bin\zip.dll
Event: 0.269 Loaded shared library C:\Users\hmfar\.vscode\extensions\redhat.java-1.42.0-win32-x64\jre\21.0.7-win32-x86_64\bin\jimage.dll
Event: 0.535 Loaded shared library c:\Users\hmfar\.vscode\extensions\redhat.java-1.42.0-win32-x64\jre\21.0.7-win32-x86_64\bin\verify.dll
Event: 16.343 Loaded shared library C:\Users\hmfar\AppData\Local\Temp\jna-99394546\jna3265326957062953287.dll

Deoptimization events (20 events):
Event: 41.383 Thread 0x000000005e8ccf10 Uncommon trap: trap_request=0xffffffc6 fr.pc=0x000000000dc23508 relative=0x0000000000005e48
Event: 41.383 Thread 0x000000005e8ccf10 Uncommon trap: reason=bimorphic_or_optimized_type_check action=maybe_recompile pc=0x000000000dc23508 method=java.lang.reflect.Field.get(Ljava/lang/Object;)Ljava/lang/Object; @ 22 c2
Event: 41.383 Thread 0x000000005e8ccf10 DEOPT PACKING pc=0x000000000dc23508 sp=0x000000006364ee50
Event: 41.383 Thread 0x000000005e8ccf10 DEOPT UNPACKING pc=0x000000000d3d6da2 sp=0x000000006364eec0 mode 2
Event: 41.383 Thread 0x000000005e8ccf10 Uncommon trap: trap_request=0xffffffc6 fr.pc=0x000000000dc23508 relative=0x0000000000005e48
Event: 41.384 Thread 0x000000005e8ccf10 Uncommon trap: reason=bimorphic_or_optimized_type_check action=maybe_recompile pc=0x000000000dc23508 method=java.lang.reflect.Field.get(Ljava/lang/Object;)Ljava/lang/Object; @ 22 c2
Event: 41.384 Thread 0x000000005e8ccf10 DEOPT PACKING pc=0x000000000dc23508 sp=0x000000006364eb30
Event: 41.384 Thread 0x000000005e8ccf10 DEOPT UNPACKING pc=0x000000000d3d6da2 sp=0x000000006364eba0 mode 2
Event: 111.612 Thread 0x000000005e8d10b0 Uncommon trap: trap_request=0xffffffde fr.pc=0x000000000db05a74 relative=0x0000000000000614
Event: 111.612 Thread 0x000000005e8d10b0 Uncommon trap: reason=class_check action=maybe_recompile pc=0x000000000db05a74 method=java.util.Spliterators$1Adapter.hasNext()Z @ 12 c2
Event: 111.612 Thread 0x000000005e8d10b0 DEOPT PACKING pc=0x000000000db05a74 sp=0x000000006185ebf0
Event: 111.612 Thread 0x000000005e8d10b0 DEOPT UNPACKING pc=0x000000000d3d6da2 sp=0x000000006185eba8 mode 2
Event: 111.639 Thread 0x000000005e8d10b0 Uncommon trap: trap_request=0xffffffde fr.pc=0x000000000db05a74 relative=0x0000000000000614
Event: 111.639 Thread 0x000000005e8d10b0 Uncommon trap: reason=class_check action=maybe_recompile pc=0x000000000db05a74 method=java.util.Spliterators$1Adapter.hasNext()Z @ 12 c2
Event: 111.639 Thread 0x000000005e8d10b0 DEOPT PACKING pc=0x000000000db05a74 sp=0x000000006185ec00
Event: 111.639 Thread 0x000000005e8d10b0 DEOPT UNPACKING pc=0x000000000d3d6da2 sp=0x000000006185ebb8 mode 2
Event: 111.639 Thread 0x000000005e8d10b0 Uncommon trap: trap_request=0xffffffde fr.pc=0x000000000db05a74 relative=0x0000000000000614
Event: 111.639 Thread 0x000000005e8d10b0 Uncommon trap: reason=class_check action=maybe_recompile pc=0x000000000db05a74 method=java.util.Spliterators$1Adapter.hasNext()Z @ 12 c2
Event: 111.639 Thread 0x000000005e8d10b0 DEOPT PACKING pc=0x000000000db05a74 sp=0x000000006185ec00
Event: 111.639 Thread 0x000000005e8d10b0 DEOPT UNPACKING pc=0x000000000d3d6da2 sp=0x000000006185ebb8 mode 2

Classes loaded (20 events):
Event: 111.477 Loading class java/util/concurrent/Executors$DelegatedExecutorService done
Event: 111.477 Loading class java/util/concurrent/Executors$DelegatedScheduledExecutorService done
Event: 111.731 Loading class java/util/concurrent/ConcurrentHashMap$EntrySpliterator
Event: 111.733 Loading class java/util/concurrent/ConcurrentHashMap$EntrySpliterator done
Event: 111.767 Loading class java/util/concurrent/ForkJoinTask$AdaptedCallable
Event: 111.767 Loading class java/util/concurrent/ForkJoinTask$AdaptedCallable done
Event: 111.779 Loading class java/util/stream/Nodes$CollectorTask$OfRef
Event: 111.790 Loading class java/util/stream/Nodes$CollectorTask
Event: 111.794 Loading class java/util/stream/Nodes$CollectorTask done
Event: 111.794 Loading class java/util/stream/Nodes$CollectorTask$OfRef done
Event: 111.795 Loading class java/util/function/LongFunction
Event: 111.795 Loading class java/util/function/LongFunction done
Event: 111.797 Loading class java/util/stream/Nodes$ConcNode
Event: 111.800 Loading class java/util/stream/Nodes$AbstractConcNode
Event: 111.803 Loading class java/util/stream/Nodes$AbstractConcNode done
Event: 111.803 Loading class java/util/stream/Nodes$ConcNode done
Event: 111.807 Loading class java/util/stream/Nodes$ToArrayTask$OfRef
Event: 111.825 Loading class java/util/stream/Nodes$ToArrayTask
Event: 111.836 Loading class java/util/stream/Nodes$ToArrayTask done
Event: 111.836 Loading class java/util/stream/Nodes$ToArrayTask$OfRef done

Classes unloaded (20 events):
Event: 20.719 Thread 0x0000000002d1eb40 Unloading class 0x0000000019367800 'java/lang/invoke/LambdaForm$MH+0x0000000019367800'
Event: 20.719 Thread 0x0000000002d1eb40 Unloading class 0x0000000019366c00 'java/lang/invoke/LambdaForm$MH+0x0000000019366c00'
Event: 20.719 Thread 0x0000000002d1eb40 Unloading class 0x0000000019366000 'java/lang/invoke/LambdaForm$DMH+0x0000000019366000'
Event: 20.719 Thread 0x0000000002d1eb40 Unloading class 0x0000000019365400 'java/lang/invoke/LambdaForm$MH+0x0000000019365400'
Event: 20.719 Thread 0x0000000002d1eb40 Unloading class 0x0000000019365000 'java/lang/invoke/LambdaForm$MH+0x0000000019365000'
Event: 20.719 Thread 0x0000000002d1eb40 Unloading class 0x0000000019361800 'java/lang/invoke/LambdaForm$MH+0x0000000019361800'
Event: 20.719 Thread 0x0000000002d1eb40 Unloading class 0x0000000019360c00 'java/lang/invoke/LambdaForm$MH+0x0000000019360c00'
Event: 20.719 Thread 0x0000000002d1eb40 Unloading class 0x0000000019360800 'java/lang/invoke/LambdaForm$MH+0x0000000019360800'
Event: 20.719 Thread 0x0000000002d1eb40 Unloading class 0x0000000019360400 'java/lang/invoke/LambdaForm$MH+0x0000000019360400'
Event: 20.719 Thread 0x0000000002d1eb40 Unloading class 0x000000001935fc00 'java/lang/invoke/LambdaForm$MH+0x000000001935fc00'
Event: 20.719 Thread 0x0000000002d1eb40 Unloading class 0x000000001935f400 'java/lang/invoke/LambdaForm$MH+0x000000001935f400'
Event: 20.719 Thread 0x0000000002d1eb40 Unloading class 0x000000001935f000 'java/lang/invoke/LambdaForm$MH+0x000000001935f000'
Event: 20.719 Thread 0x0000000002d1eb40 Unloading class 0x000000001935e800 'java/lang/invoke/LambdaForm$MH+0x000000001935e800'
Event: 20.719 Thread 0x0000000002d1eb40 Unloading class 0x000000001935e400 'java/lang/invoke/LambdaForm$MH+0x000000001935e400'
Event: 20.719 Thread 0x0000000002d1eb40 Unloading class 0x000000001935d800 'java/lang/invoke/LambdaForm$MH+0x000000001935d800'
Event: 20.719 Thread 0x0000000002d1eb40 Unloading class 0x000000001935dc00 'java/lang/invoke/LambdaForm$MH+0x000000001935dc00'
Event: 20.719 Thread 0x0000000002d1eb40 Unloading class 0x000000001935d400 'java/lang/invoke/LambdaForm$MH+0x000000001935d400'
Event: 20.719 Thread 0x0000000002d1eb40 Unloading class 0x000000001935d000 'java/lang/invoke/LambdaForm$MH+0x000000001935d000'
Event: 20.719 Thread 0x0000000002d1eb40 Unloading class 0x000000001935c800 'java/lang/invoke/LambdaForm$DMH+0x000000001935c800'
Event: 20.719 Thread 0x0000000002d1eb40 Unloading class 0x000000001935c400 'java/lang/invoke/LambdaForm$DMH+0x000000001935c400'

Classes redefined (0 events):
No events

Internal exceptions (20 events):
Event: 21.340 Thread 0x000000005e8cd5a0 Exception <a 'java/lang/NoSuchMethodError'{0x00000000ead256e0}: 'java.lang.Object java.lang.invoke.DirectMethodHandle$Holder.invokeSpecial(java.lang.Object, java.lang.Object, java.lang.Object, java.lang.Object, int, java.lang.Object, java.lang.Object)'> (0x00000000ead256e0) 
thrown [s\src\hotspot\share\interpreter\linkResolver.cpp, line 773]
Event: 21.975 Thread 0x000000005e8cc880 Exception <a 'java/lang/NoSuchMethodError'{0x00000000eb4895c8}: 'java.lang.Object java.lang.invoke.DirectMethodHandle$Holder.invokeSpecial(java.lang.Object, java.lang.Object, int, long)'> (0x00000000eb4895c8) 
thrown [s\src\hotspot\share\interpreter\linkResolver.cpp, line 773]
Event: 22.307 Thread 0x000000005e8cf670 Exception <a 'java/lang/NoSuchMethodError'{0x00000000ebd98740}: 'java.lang.Object java.lang.invoke.DirectMethodHandle$Holder.invokeStatic(java.lang.Object, java.lang.Object, int, int)'> (0x00000000ebd98740) 
thrown [s\src\hotspot\share\interpreter\linkResolver.cpp, line 773]
Event: 22.308 Thread 0x000000005e8cf670 Exception <a 'java/lang/NoSuchMethodError'{0x00000000ebd9ca50}: 'java.lang.Object java.lang.invoke.DirectMethodHandle$Holder.invokeSpecial(java.lang.Object, java.lang.Object, java.lang.Object, int, int)'> (0x00000000ebd9ca50) 
thrown [s\src\hotspot\share\interpreter\linkResolver.cpp, line 773]
Event: 22.620 Thread 0x000000005e8cf670 Exception <a 'java/lang/IncompatibleClassChangeError'{0x00000000eb40dc88}: Found class java.lang.Object, but interface was expected> (0x00000000eb40dc88) 
thrown [s\src\hotspot\share\interpreter\linkResolver.cpp, line 840]
Event: 22.623 Thread 0x000000005e8cf670 Exception <a 'java/lang/IncompatibleClassChangeError'{0x00000000eb41d648}: Found class java.lang.Object, but interface was expected> (0x00000000eb41d648) 
thrown [s\src\hotspot\share\interpreter\linkResolver.cpp, line 840]
Event: 22.679 Thread 0x000000005e8cd5a0 Exception <a 'java/lang/ArrayIndexOutOfBoundsException'{0x00000000eb58ac20}> (0x00000000eb58ac20) 
thrown [s\src\hotspot\share\runtime\sharedRuntime.cpp, line 625]
Event: 22.725 Thread 0x000000005e8ccf10 Exception <a 'java/lang/NoSuchMethodError'{0x00000000eb6df330}: 'int java.lang.invoke.Invokers$Holder.invokeExact_MT(java.lang.Object, java.lang.Object)'> (0x00000000eb6df330) 
thrown [s\src\hotspot\share\interpreter\linkResolver.cpp, line 773]
Event: 22.785 Thread 0x000000005e8ccf10 Exception <a 'java/lang/NoSuchMethodError'{0x00000000eb910f58}: 'int java.lang.invoke.DirectMethodHandle$Holder.invokeInterface(java.lang.Object, java.lang.Object)'> (0x00000000eb910f58) 
thrown [s\src\hotspot\share\interpreter\linkResolver.cpp, line 773]
Event: 22.785 Thread 0x000000005e8ccf10 Exception <a 'java/lang/IncompatibleClassChangeError'{0x00000000eb914218}: Found class java.lang.Object, but interface was expected> (0x00000000eb914218) 
thrown [s\src\hotspot\share\interpreter\linkResolver.cpp, line 840]
Event: 22.863 Thread 0x000000005e8ccf10 Exception <a 'java/lang/NoSuchMethodError'{0x00000000ebbfa190}: 'int java.lang.invoke.DirectMethodHandle$Holder.invokeSpecialIFC(java.lang.Object, java.lang.Object, java.lang.Object)'> (0x00000000ebbfa190) 
thrown [s\src\hotspot\share\interpreter\linkResolver.cpp, line 773]
Event: 22.911 Thread 0x000000005e8ccf10 Exception <a 'java/io/FileNotFoundException'{0x00000000ebd6cfa0}> (0x00000000ebd6cfa0) 
thrown [s\src\hotspot\share\prims\jni.cpp, line 520]
Event: 22.911 Thread 0x000000005e8ccf10 Exception <a 'java/io/FileNotFoundException'{0x00000000ebd6e250}> (0x00000000ebd6e250) 
thrown [s\src\hotspot\share\prims\jni.cpp, line 520]
Event: 23.403 Thread 0x000000005e8d0390 Exception <a 'java/io/FileNotFoundException'{0x00000000eb8a7a60}> (0x00000000eb8a7a60) 
thrown [s\src\hotspot\share\prims\jni.cpp, line 520]
Event: 23.403 Thread 0x000000005e8d0390 Exception <a 'java/io/FileNotFoundException'{0x00000000eb8a8cf8}> (0x00000000eb8a8cf8) 
thrown [s\src\hotspot\share\prims\jni.cpp, line 520]
Event: 23.404 Thread 0x000000005e8d0390 Exception <a 'java/io/FileNotFoundException'{0x00000000eb8a9cd0}> (0x00000000eb8a9cd0) 
thrown [s\src\hotspot\share\prims\jni.cpp, line 520]
Event: 26.227 Thread 0x000000005e8d0390 Exception <a 'java/lang/NoSuchMethodError'{0x00000000eb29a670}: 'void java.lang.invoke.DirectMethodHandle$Holder.invokeVirtual(java.lang.Object, java.lang.Object, java.lang.Object, java.lang.Object, java.lang.Object)'> (0x00000000eb29a670) 
thrown [s\src\hotspot\share\interpreter\linkResolver.cpp, line 773]
Event: 89.409 Thread 0x000000005e8ccf10 Exception <a 'java/lang/ArrayIndexOutOfBoundsException'{0x00000000eb3a3060}> (0x00000000eb3a3060) 
thrown [s\src\hotspot\share\runtime\sharedRuntime.cpp, line 625]
Event: 111.438 Thread 0x000000005e8cf670 Exception <a 'java/lang/NoSuchMethodError'{0x00000000eb1edc88}: 'void java.lang.invoke.DirectMethodHandle$Holder.invokeInterface(java.lang.Object, java.lang.Object)'> (0x00000000eb1edc88) 
thrown [s\src\hotspot\share\interpreter\linkResolver.cpp, line 773]
Event: 111.901 Thread 0x000000005e8d10b0 Exception <a 'java/io/FileNotFoundException'{0x00000000eb517910}> (0x00000000eb517910) 
thrown [s\src\hotspot\share\prims\jni.cpp, line 520]

ZGC Phase Switch (0 events):
No events

VM Operations (20 events):
Event: 27.795 Executing VM operation: HandshakeAllThreads (Deoptimize)
Event: 27.795 Executing VM operation: HandshakeAllThreads (Deoptimize) done
Event: 27.965 Executing VM operation: ICBufferFull
Event: 27.966 Executing VM operation: ICBufferFull done
Event: 28.068 Executing VM operation: ParallelGCFailedAllocation (Allocation Failure)
Event: 28.075 Executing VM operation: ParallelGCFailedAllocation (Allocation Failure) done
Event: 29.075 Executing VM operation: Cleanup
Event: 29.076 Executing VM operation: Cleanup done
Event: 42.185 Executing VM operation: Cleanup
Event: 42.185 Executing VM operation: Cleanup done
Event: 60.056 Executing VM operation: HandshakeAllThreads (HandshakeForDeflation)
Event: 60.056 Executing VM operation: HandshakeAllThreads (HandshakeForDeflation) done
Event: 60.058 Executing VM operation: RendezvousGCThreads
Event: 60.058 Executing VM operation: RendezvousGCThreads done
Event: 90.280 Executing VM operation: Cleanup
Event: 90.280 Executing VM operation: Cleanup done
Event: 111.451 Executing VM operation: Cleanup
Event: 111.467 Executing VM operation: Cleanup done
Event: 112.140 Executing VM operation: HandshakeAllThreads (Deoptimize)
Event: 112.140 Executing VM operation: HandshakeAllThreads (Deoptimize) done

Memory protections (0 events):
No events

Nmethod flushes (20 events):
Event: 20.737 Thread 0x0000000002d1eb40 flushing  nmethod 0x00000000061f5610
Event: 20.737 Thread 0x0000000002d1eb40 flushing  nmethod 0x00000000061ff810
Event: 20.737 Thread 0x0000000002d1eb40 flushing  nmethod 0x000000000621d090
Event: 20.737 Thread 0x0000000002d1eb40 flushing  nmethod 0x000000000622ec10
Event: 20.737 Thread 0x0000000002d1eb40 flushing  nmethod 0x0000000006232e10
Event: 20.737 Thread 0x0000000002d1eb40 flushing  nmethod 0x0000000006278990
Event: 20.737 Thread 0x0000000002d1eb40 flushing  nmethod 0x0000000006292410
Event: 20.737 Thread 0x0000000002d1eb40 flushing  nmethod 0x00000000062dd810
Event: 20.737 Thread 0x0000000002d1eb40 flushing  nmethod 0x0000000006306890
Event: 20.737 Thread 0x0000000002d1eb40 flushing  nmethod 0x000000000634b810
Event: 20.737 Thread 0x0000000002d1eb40 flushing  nmethod 0x000000000634c610
Event: 20.737 Thread 0x0000000002d1eb40 flushing  nmethod 0x0000000006377810
Event: 20.737 Thread 0x0000000002d1eb40 flushing  nmethod 0x0000000006378210
Event: 20.737 Thread 0x0000000002d1eb40 flushing  nmethod 0x000000000637e510
Event: 20.737 Thread 0x0000000002d1eb40 flushing  nmethod 0x000000000637ec90
Event: 20.737 Thread 0x0000000002d1eb40 flushing  nmethod 0x0000000006396810
Event: 20.737 Thread 0x0000000002d1eb40 flushing  nmethod 0x00000000063cb510
Event: 20.737 Thread 0x0000000002d1eb40 flushing  nmethod 0x00000000063f4910
Event: 20.737 Thread 0x0000000002d1eb40 flushing  nmethod 0x00000000063f8210
Event: 20.737 Thread 0x0000000002d1eb40 flushing  nmethod 0x0000000006410810

Events (20 events):
Event: 17.981 Thread 0x00000000005b9dd0 Thread added: 0x000000005e8cc1f0
Event: 18.251 Thread 0x00000000005b9dd0 Thread added: 0x000000005e8d3810
Event: 18.251 Thread 0x00000000005b9dd0 Thread added: 0x000000005e8cf670
Event: 18.294 Thread 0x000000005e8cc880 Thread added: 0x000000005e8d0390
Event: 18.642 Thread 0x000000005e8cf670 Thread added: 0x000000005e8ccf10
Event: 18.645 Thread 0x000000005e8cf670 Thread added: 0x000000005e8cd5a0
Event: 19.153 Thread 0x0000000017232700 Thread added: 0x0000000062628830
Event: 20.799 Thread 0x0000000062628830 Thread exited: 0x0000000062628830
Event: 21.236 Thread 0x0000000017232700 Thread added: 0x0000000060160f20
Event: 21.475 Thread 0x000000005e6c5ac0 Thread exited: 0x000000005e6c5ac0
Event: 34.010 Thread 0x0000000060160f20 Thread exited: 0x0000000060160f20
Event: 41.346 Thread 0x0000000017232700 Thread added: 0x000000006c156900
Event: 47.066 Thread 0x000000006c156900 Thread exited: 0x000000006c156900
Event: 83.264 Thread 0x000000005e8cc880 Thread exited: 0x000000005e8cc880
Event: 111.480 Thread 0x000000005e8cf670 Thread added: 0x000000005e8cc880
Event: 111.749 Thread 0x000000005e8d0390 Thread added: 0x000000005e6c5ac0
Event: 111.772 Thread 0x000000005e8d10b0 Thread added: 0x000000005fdec810
Event: 111.805 Thread 0x000000005fdec810 Thread added: 0x000000005fdeb460
Event: 111.843 Thread 0x000000005fdec810 Thread exited: 0x000000005fdec810
Event: 111.852 Thread 0x000000005fdeb460 Thread exited: 0x000000005fdeb460


Dynamic libraries:
0x00007ff655d40000 - 0x00007ff655d4e000 	c:\Users\hmfar\.vscode\extensions\redhat.java-1.42.0-win32-x64\jre\21.0.7-win32-x86_64\bin\java.exe
0x00007ff90e970000 - 0x00007ff90eb87000 	C:\WINDOWS\SYSTEM32\ntdll.dll
0x00007ff90dea0000 - 0x00007ff90df64000 	C:\WINDOWS\System32\KERNEL32.DLL
0x00007ff90bfd0000 - 0x00007ff90c3a3000 	C:\WINDOWS\System32\KERNELBASE.dll
0x00007ff90c430000 - 0x00007ff90c541000 	C:\WINDOWS\System32\ucrtbase.dll
0x00007ff8d2110000 - 0x00007ff8d2128000 	c:\Users\hmfar\.vscode\extensions\redhat.java-1.42.0-win32-x64\jre\21.0.7-win32-x86_64\bin\jli.dll
0x00007ff90c8c0000 - 0x00007ff90ca71000 	C:\WINDOWS\System32\USER32.dll
0x00007ff90c550000 - 0x00007ff90c576000 	C:\WINDOWS\System32\win32u.dll
0x00007ff90e900000 - 0x00007ff90e929000 	C:\WINDOWS\System32\GDI32.dll
0x00007ff90bea0000 - 0x00007ff90bfc2000 	C:\WINDOWS\System32\gdi32full.dll
0x00007ff90ba60000 - 0x00007ff90bafa000 	C:\WINDOWS\System32\msvcp_win.dll
0x00007ff8cf110000 - 0x00007ff8cf12e000 	c:\Users\hmfar\.vscode\extensions\redhat.java-1.42.0-win32-x64\jre\21.0.7-win32-x86_64\bin\VCRUNTIME140.dll
0x00007ff8fd480000 - 0x00007ff8fd71b000 	C:\WINDOWS\WinSxS\amd64_microsoft.windows.common-controls_6595b64144ccf1df_6.0.22621.5262_none_2712bde373830908\COMCTL32.dll
0x00007ff90e800000 - 0x00007ff90e8a7000 	C:\WINDOWS\System32\msvcrt.dll
0x00007ff90e2d0000 - 0x00007ff90e301000 	C:\WINDOWS\System32\IMM32.DLL
0x00007ff8f51b0000 - 0x00007ff8f51bc000 	c:\Users\hmfar\.vscode\extensions\redhat.java-1.42.0-win32-x64\jre\21.0.7-win32-x86_64\bin\vcruntime140_1.dll
0x00007ff8c1110000 - 0x00007ff8c119d000 	c:\Users\hmfar\.vscode\extensions\redhat.java-1.42.0-win32-x64\jre\21.0.7-win32-x86_64\bin\msvcp140.dll
0x00007ff8a01b0000 - 0x00007ff8a0f40000 	c:\Users\hmfar\.vscode\extensions\redhat.java-1.42.0-win32-x64\jre\21.0.7-win32-x86_64\bin\server\jvm.dll
0x00007ff90c660000 - 0x00007ff90c711000 	C:\WINDOWS\System32\ADVAPI32.dll
0x00007ff90d830000 - 0x00007ff90d8d7000 	C:\WINDOWS\System32\sechost.dll
0x00007ff90bc40000 - 0x00007ff90bc68000 	C:\WINDOWS\System32\bcrypt.dll
0x00007ff90e1b0000 - 0x00007ff90e2c4000 	C:\WINDOWS\System32\RPCRT4.dll
0x00007ff90c720000 - 0x00007ff90c791000 	C:\WINDOWS\System32\WS2_32.dll
0x00007ff90b330000 - 0x00007ff90b37d000 	C:\WINDOWS\SYSTEM32\POWRPROF.dll
0x00007ff9005e0000 - 0x00007ff9005ea000 	C:\WINDOWS\SYSTEM32\VERSION.dll
0x00007ff906fb0000 - 0x00007ff906fe4000 	C:\WINDOWS\SYSTEM32\WINMM.dll
0x00007ff90b310000 - 0x00007ff90b323000 	C:\WINDOWS\SYSTEM32\UMPDC.dll
0x00007ff90aa60000 - 0x00007ff90aa78000 	C:\WINDOWS\SYSTEM32\kernel.appcore.dll
0x00007ff8f5190000 - 0x00007ff8f519a000 	c:\Users\hmfar\.vscode\extensions\redhat.java-1.42.0-win32-x64\jre\21.0.7-win32-x86_64\bin\jimage.dll
0x00007ff908ff0000 - 0x00007ff909222000 	C:\WINDOWS\SYSTEM32\DBGHELP.DLL
0x00007ff90d970000 - 0x00007ff90dd03000 	C:\WINDOWS\System32\combase.dll
0x00007ff90cb50000 - 0x00007ff90cc27000 	C:\WINDOWS\System32\OLEAUT32.dll
0x00007ff8f26a0000 - 0x00007ff8f26d2000 	C:\WINDOWS\SYSTEM32\dbgcore.DLL
0x00007ff90c3b0000 - 0x00007ff90c42b000 	C:\WINDOWS\System32\bcryptPrimitives.dll
0x00007ff8f43a0000 - 0x00007ff8f43af000 	c:\Users\hmfar\.vscode\extensions\redhat.java-1.42.0-win32-x64\jre\21.0.7-win32-x86_64\bin\instrument.dll
0x00007ff8cf040000 - 0x00007ff8cf05f000 	c:\Users\hmfar\.vscode\extensions\redhat.java-1.42.0-win32-x64\jre\21.0.7-win32-x86_64\bin\java.dll
0x00007ff90cdf0000 - 0x00007ff90d68d000 	C:\WINDOWS\System32\SHELL32.dll
0x00007ff90bb00000 - 0x00007ff90bc3f000 	C:\WINDOWS\System32\wintypes.dll
0x00007ff909950000 - 0x00007ff90a26d000 	C:\WINDOWS\SYSTEM32\windows.storage.dll
0x00007ff90dd10000 - 0x00007ff90de1b000 	C:\WINDOWS\System32\SHCORE.dll
0x00007ff90e790000 - 0x00007ff90e7f6000 	C:\WINDOWS\System32\shlwapi.dll
0x00007ff90b990000 - 0x00007ff90b9bb000 	C:\WINDOWS\SYSTEM32\profapi.dll
0x00007ff8cea50000 - 0x00007ff8cea68000 	c:\Users\hmfar\.vscode\extensions\redhat.java-1.42.0-win32-x64\jre\21.0.7-win32-x86_64\bin\zip.dll
0x00007ff8f3b20000 - 0x00007ff8f3b30000 	C:\Users\hmfar\.vscode\extensions\redhat.java-1.42.0-win32-x64\jre\21.0.7-win32-x86_64\bin\net.dll
0x00007ff9072d0000 - 0x00007ff9073fc000 	C:\WINDOWS\SYSTEM32\WINHTTP.dll
0x00007ff90aed0000 - 0x00007ff90af3a000 	C:\WINDOWS\system32\mswsock.dll
0x00007ff8ce9d0000 - 0x00007ff8ce9e6000 	C:\Users\hmfar\.vscode\extensions\redhat.java-1.42.0-win32-x64\jre\21.0.7-win32-x86_64\bin\nio.dll
0x00007ff8f0fc0000 - 0x00007ff8f0fd0000 	c:\Users\hmfar\.vscode\extensions\redhat.java-1.42.0-win32-x64\jre\21.0.7-win32-x86_64\bin\verify.dll
0x00007ff90b170000 - 0x00007ff90b18b000 	C:\WINDOWS\SYSTEM32\CRYPTSP.dll
0x00007ff90a9c0000 - 0x00007ff90a9f7000 	C:\WINDOWS\system32\rsaenh.dll
0x00007ff90af70000 - 0x00007ff90af98000 	C:\WINDOWS\SYSTEM32\USERENV.dll
0x00007ff90b0e0000 - 0x00007ff90b0ec000 	C:\WINDOWS\SYSTEM32\CRYPTBASE.dll
0x00007ff90a4d0000 - 0x00007ff90a4fd000 	C:\WINDOWS\SYSTEM32\IPHLPAPI.DLL
0x00007ff90cde0000 - 0x00007ff90cde9000 	C:\WINDOWS\System32\NSI.dll
0x00007ff8f5510000 - 0x00007ff8f5559000 	C:\Users\hmfar\AppData\Local\Temp\jna-99394546\jna3265326957062953287.dll
0x00007ff90c8b0000 - 0x00007ff90c8b8000 	C:\WINDOWS\System32\PSAPI.DLL
0x00007ff9071f0000 - 0x00007ff907209000 	C:\WINDOWS\SYSTEM32\dhcpcsvc6.DLL
0x00007ff906f90000 - 0x00007ff906faf000 	C:\WINDOWS\SYSTEM32\dhcpcsvc.DLL

dbghelp: loaded successfully - version: 4.0.5 - missing functions: none
symbol engine: initialized successfully - sym options: 0x614 - pdb path: .;c:\Users\hmfar\.vscode\extensions\redhat.java-1.42.0-win32-x64\jre\21.0.7-win32-x86_64\bin;C:\WINDOWS\SYSTEM32;C:\WINDOWS\WinSxS\amd64_microsoft.windows.common-controls_6595b64144ccf1df_6.0.22621.5262_none_2712bde373830908;c:\Users\hmfar\.vscode\extensions\redhat.java-1.42.0-win32-x64\jre\21.0.7-win32-x86_64\bin\server;C:\Users\hmfar\AppData\Local\Temp\jna-99394546

VM Arguments:
jvm_args: --add-modules=ALL-SYSTEM --add-opens=java.base/java.util=ALL-UNNAMED --add-opens=java.base/java.lang=ALL-UNNAMED --add-opens=java.base/sun.nio.fs=ALL-UNNAMED -Declipse.application=org.eclipse.jdt.ls.core.id1 -Dosgi.bundles.defaultStartLevel=4 -Declipse.product=org.eclipse.jdt.ls.core.product -Djava.import.generatesMetadataFilesAtProjectRoot=false -DDetectVMInstallationsJob.disabled=true -Dfile.encoding=utf8 -XX:+UseParallelGC -XX:GCTimeRatio=4 -XX:AdaptiveSizePolicyWeight=90 -Dsun.zip.disableMemoryMapping=true -Xmx1G -Xms100m -Xlog:disable -javaagent:c:\Users\hmfar\.vscode\extensions\redhat.java-1.42.0-win32-x64\lombok\lombok-1.18.36.jar 
java_command: c:\Users\hmfar\.vscode\extensions\redhat.java-1.42.0-win32-x64\server\plugins\org.eclipse.equinox.launcher_1.7.0.v20250424-1814.jar -configuration c:\Users\hmfar\AppData\Roaming\Code\User\globalStorage\redhat.java\1.42.0\config_ss_win -data c:\Users\hmfar\AppData\Roaming\Code\User\workspaceStorage\c3a96d27314cb5bde88c8915a752ecbe\redhat.java\ss_ws --pipe=\\.\pipe\lsp-03448905b0909f716ad936fc63667d7f-sock
java_class_path (initial): c:\Users\hmfar\.vscode\extensions\redhat.java-1.42.0-win32-x64\server\plugins\org.eclipse.equinox.launcher_1.7.0.v20250424-1814.jar
Launcher Type: SUN_STANDARD

[Global flags]
    uintx AdaptiveSizePolicyWeight                 = 90                                        {product} {command line}
     intx CICompilerCount                          = 4                                         {product} {ergonomic}
    uintx GCTimeRatio                              = 4                                         {product} {command line}
   size_t InitialHeapSize                          = 104857600                                 {product} {command line}
   size_t MaxHeapSize                              = 1073741824                                {product} {command line}
   size_t MaxNewSize                               = 357564416                                 {product} {ergonomic}
   size_t MinHeapDeltaBytes                        = 524288                                    {product} {ergonomic}
   size_t MinHeapSize                              = 104857600                                 {product} {command line}
   size_t NewSize                                  = 34603008                                  {product} {ergonomic}
    uintx NonNMethodCodeHeapSize                   = 5839372                                {pd product} {ergonomic}
    uintx NonProfiledCodeHeapSize                  = 122909434                              {pd product} {ergonomic}
   size_t OldSize                                  = 70254592                                  {product} {ergonomic}
    uintx ProfiledCodeHeapSize                     = 122909434                              {pd product} {ergonomic}
    uintx ReservedCodeCacheSize                    = 251658240                              {pd product} {ergonomic}
     bool SegmentedCodeCache                       = true                                      {product} {ergonomic}
   size_t SoftMaxHeapSize                          = 1073741824                             {manageable} {ergonomic}
     bool UseCompressedOops                        = true                           {product lp64_product} {ergonomic}
     bool UseLargePagesIndividualAllocation        = false                                  {pd product} {ergonomic}
     bool UseParallelGC                            = true                                      {product} {command line}

Logging:
Log output configuration:
 #0: stdout all=off uptime,level,tags foldmultilines=false
 #1: stderr all=off uptime,level,tags foldmultilines=false

Environment Variables:
JAVA_HOME=C:\Program Files\Java\jdk-17
PATH=C:\Program Files\Common Files\Oracle\Java\javapath;C:\Program Files\Java\jdk1.8.0_172\bin;C:\Program Files (x86)\Common Files\Intel\Shared Libraries\redist\intel64\compiler;C:\Python311\Scripts\;C:\Python311\;C:\Program Files (x86)\Common Files\Oracle\Java\javapath;C:\WINDOWS\system32;C:\WINDOWS;C:\WINDOWS\System32\Wbem;C:\WINDOWS\System32\WindowsPowerShell\v1.0\;C:\WINDOWS\System32\OpenSSH\;C:\Program Files\Java\jdk1.8.0_172\bin;C:\ProgramData\chocolatey\bin;D:\Programming\apache-maven-3.8.6-bin\apache-maven-3.8.6\bin;C:\Program Files\PuTTY\;C:\Program Files\nodejs\;C:\Program Files\Java\jdk-17\bin;C:\Program Files\Java\jdk-11\bin;C:\Users\hmfar\AppData\Local\Microsoft\WindowsApps;C:\Users\hmfar\AppData\Local\Programs\Microsoft VS Code\bin;C:\Users\hmfar\AppData\Roaming\npm;
USERNAME=hmfar
OS=Windows_NT
PROCESSOR_IDENTIFIER=Intel64 Family 6 Model 140 Stepping 1, GenuineIntel
TMP=C:\Users\hmfar\AppData\Local\Temp
TEMP=C:\Users\hmfar\AppData\Local\Temp




Periodic native trim disabled

---------------  S Y S T E M  ---------------

OS:
 Windows 11 , 64 bit Build 22621 (10.0.22621.5262)
OS uptime: 3 days 11:51 hours
Hyper-V role detected

CPU: total 8 (initial active 8) (4 cores per cpu, 2 threads per core) family 6 model 140 stepping 1 microcode 0x86, cx8, cmov, fxsr, ht, mmx, 3dnowpref, sse, sse2, sse3, ssse3, sse4.1, sse4.2, popcnt, lzcnt, tsc, tscinvbit, avx, avx2, aes, erms, clmul, bmi1, bmi2, adx, avx512f, avx512dq, avx512cd, avx512bw, avx512vl, sha, fma, vzeroupper, avx512_vpopcntdq, avx512_vpclmulqdq, avx512_vaes, avx512_vnni, clflush, clflushopt, clwb, avx512_vbmi2, avx512_vbmi, hv, rdtscp, rdpid, fsrm, gfni, avx512_bitalg, f16c, cet_ibt, cet_ss, avx512_ifma
Processor Information for the first 8 processors :
  Max Mhz: 3110, Current Mhz: 3110, Mhz Limit: 3110

Memory: 4k page, system-wide physical 7975M (846M free)
TotalPageFile size 26725M (AvailPageFile size 0M)
current process WorkingSet (physical memory assigned to process): 154M, peak: 349M
current process commit charge ("private bytes"): 272M, peak: 421M

vm_info: OpenJDK 64-Bit Server VM (21.0.7+6-LTS) for windows-amd64 JRE (21.0.7+6-LTS), built on 2025-04-15T00:00:00Z by "admin" with MS VC++ 17.7 (VS2022)

END.
