#
# There is insufficient memory for the Java Runtime Environment to continue.
# Native memory allocation (malloc) failed to allocate 1074576 bytes. Error detail: Chunk::new
# Possible reasons:
#   The system is out of physical RAM or swap space
#   This process is running with CompressedOops enabled, and the Java Heap may be blocking the growth of the native heap
# Possible solutions:
#   Reduce memory load on the system
#   Increase physical memory or swap space
#   Check if swap backing store is full
#   Decrease Java heap size (-Xmx/-Xms)
#   Decrease number of Java threads
#   Decrease Java thread stack sizes (-Xss)
#   Set larger code cache with -XX:ReservedCodeCacheSize=
#   JVM is running with Unscaled Compressed Oops mode in which the Java heap is
#     placed in the first 4GB address space. The Java Heap base address is the
#     maximum limit for the native heap growth. Please use -XX:HeapBaseMinAddress
#     to set the Java Heap base and to place the Java Heap above 4GB virtual address.
# This output file may be truncated or incomplete.
#
#  Out of Memory Error (arena.cpp:168), pid=8656, tid=17312
#
# JRE version: OpenJDK Runtime Environment Temurin-21.0.7+6 (21.0.7+6) (build 21.0.7+6-LTS)
# Java VM: OpenJDK 64-Bit Server VM Temurin-21.0.7+6 (21.0.7+6-LTS, mixed mode, sharing, tiered, compressed oops, compressed class ptrs, parallel gc, windows-amd64)
# No core dump will be written. Minidumps are not enabled by default on client versions of Windows
#

---------------  S U M M A R Y ------------

Command Line: --add-modules=ALL-SYSTEM --add-opens=java.base/java.util=ALL-UNNAMED --add-opens=java.base/java.lang=ALL-UNNAMED --add-opens=java.base/sun.nio.fs=ALL-UNNAMED -Declipse.application=org.eclipse.jdt.ls.core.id1 -Dosgi.bundles.defaultStartLevel=4 -Declipse.product=org.eclipse.jdt.ls.core.product -Djava.import.generatesMetadataFilesAtProjectRoot=false -DDetectVMInstallationsJob.disabled=true -Dfile.encoding=utf8 -XX:+UseParallelGC -XX:GCTimeRatio=4 -XX:AdaptiveSizePolicyWeight=90 -Dsun.zip.disableMemoryMapping=true -Xmx1G -Xms100m -Xlog:disable -javaagent:c:\Users\hmfar\.vscode\extensions\redhat.java-1.42.0-win32-x64\lombok\lombok-1.18.36.jar -XX:+HeapDumpOnOutOfMemoryError -XX:HeapDumpPath=c:\Users\hmfar\AppData\Roaming\Code\User\workspaceStorage\c3a96d27314cb5bde88c8915a752ecbe\redhat.java -Daether.dependencyCollector.impl=bf c:\Users\hmfar\.vscode\extensions\redhat.java-1.42.0-win32-x64\server\plugins\org.eclipse.equinox.launcher_1.7.0.v20250424-1814.jar -configuration c:\Users\hmfar\AppData\Roaming\Code\User\globalStorage\redhat.java\1.42.0\config_win -data c:\Users\hmfar\AppData\Roaming\Code\User\workspaceStorage\c3a96d27314cb5bde88c8915a752ecbe\redhat.java\jdt_ws --pipe=\\.\pipe\lsp-90417c9d4215c96faa3bc869bac00865-sock

Host: 11th Gen Intel(R) Core(TM) i5-11300H @ 3.10GHz, 8 cores, 7G,  Windows 11 , 64 bit Build 22621 (10.0.22621.5262)
Time: Fri Jun 27 22:50:39 2025 Bangladesh Standard Time elapsed time: 111.333985 seconds (0d 0h 1m 51s)

---------------  T H R E A D  ---------------

Current thread (0x00000000581c8dc0):  JavaThread "C2 CompilerThread0" daemon [_thread_in_native, id=17312, stack(0x000000005e200000,0x000000005e300000) (1024K)]


Current CompileTask:
C2:111334 16735  s!   4       org.eclipse.jdt.internal.core.index.DiskIndex::readCategoryTable (743 bytes)

Stack: [0x000000005e200000,0x000000005e300000]
Native frames: (J=compiled Java code, j=interpreted, Vv=VM code, C=native code)
V  [jvm.dll+0x6ce119]
V  [jvm.dll+0x8a84a1]
V  [jvm.dll+0x8aa9ce]
V  [jvm.dll+0x8ab0b3]
V  [jvm.dll+0x27f8a6]
V  [jvm.dll+0xc507d]
V  [jvm.dll+0xc55b3]
V  [jvm.dll+0x3b68f2]
V  [jvm.dll+0x1dfe33]
V  [jvm.dll+0x247c42]
V  [jvm.dll+0x2470cf]
V  [jvm.dll+0x1c760e]
V  [jvm.dll+0x25695a]
V  [jvm.dll+0x254efa]
V  [jvm.dll+0x3f03f6]
V  [jvm.dll+0x851f6b]
V  [jvm.dll+0x6cc7dd]
C  [ucrtbase.dll+0x29333]
C  [KERNEL32.DLL+0x1259d]
C  [ntdll.dll+0x5af58]


---------------  P R O C E S S  ---------------

Threads class SMR info:
_java_thread_list=0x000000005f67f330, length=68, elements={
0x00000000005ea7e0, 0x0000000002bba3c0, 0x0000000002bbbf50, 0x0000000002bbce60,
0x0000000002bbdfc0, 0x00000000581c5530, 0x00000000581c7f90, 0x00000000581c8dc0,
0x000000005e33e000, 0x000000005e3a0350, 0x000000005e5f9810, 0x000000005f5cc370,
0x000000005f496af0, 0x000000005ee5c0d0, 0x000000005ee5cb00, 0x000000005ed394f0,
0x000000005f9b16d0, 0x000000005e4083b0, 0x000000005e4090d0, 0x000000005e409760,
0x000000005e4062e0, 0x000000005e407690, 0x000000005e406970, 0x000000005e407d20,
0x000000005e407000, 0x000000005e408a40, 0x0000000060259120, 0x0000000060257050,
0x00000000602576e0, 0x0000000060257d70, 0x00000000602569c0, 0x0000000060258400,
0x00000000602597b0, 0x0000000060258a90, 0x0000000060259e40, 0x0000000064aa0a40,
0x0000000064a9e2e0, 0x0000000064aa31a0, 0x0000000064aa3830, 0x0000000064a9dc50,
0x0000000064aa4550, 0x0000000064a9e970, 0x0000000064a9f000, 0x0000000064a9f690,
0x00000000633b4e90, 0x00000000633b68d0, 0x00000000633b5bb0, 0x00000000633b4800,
0x00000000633b6240, 0x00000000633b3450, 0x00000000633b3ae0, 0x00000000633b4170,
0x00000000633b5520, 0x00000000641a3250, 0x00000000641a6040, 0x00000000641a8110,
0x00000000641a94c0, 0x00000000641a6d60, 0x00000000641a73f0, 0x00000000641a2530,
0x0000000062ef8a60, 0x0000000062efab30, 0x0000000062efbee0, 0x0000000063b11860,
0x0000000062efcc00, 0x0000000062ef5c70, 0x0000000063b0d440, 0x0000000062efb850
}

Java Threads: ( => current thread )
  0x00000000005ea7e0 JavaThread "main"                              [_thread_blocked, id=22548, stack(0x00000000008c0000,0x00000000009c0000) (1024K)]
  0x0000000002bba3c0 JavaThread "Reference Handler"          daemon [_thread_blocked, id=21408, stack(0x0000000059ba0000,0x0000000059ca0000) (1024K)]
  0x0000000002bbbf50 JavaThread "Finalizer"                  daemon [_thread_blocked, id=16172, stack(0x0000000059ca0000,0x0000000059da0000) (1024K)]
  0x0000000002bbce60 JavaThread "Signal Dispatcher"          daemon [_thread_blocked, id=19656, stack(0x0000000059da0000,0x0000000059ea0000) (1024K)]
  0x0000000002bbdfc0 JavaThread "Attach Listener"            daemon [_thread_blocked, id=23320, stack(0x0000000059ea0000,0x0000000059fa0000) (1024K)]
  0x00000000581c5530 JavaThread "Service Thread"             daemon [_thread_blocked, id=22784, stack(0x000000005e000000,0x000000005e100000) (1024K)]
  0x00000000581c7f90 JavaThread "Monitor Deflation Thread"   daemon [_thread_blocked, id=23400, stack(0x000000005e100000,0x000000005e200000) (1024K)]
=>0x00000000581c8dc0 JavaThread "C2 CompilerThread0"         daemon [_thread_in_native, id=17312, stack(0x000000005e200000,0x000000005e300000) (1024K)]
  0x000000005e33e000 JavaThread "C1 CompilerThread0"         daemon [_thread_blocked, id=4312, stack(0x000000005e700000,0x000000005e800000) (1024K)]
  0x000000005e3a0350 JavaThread "Common-Cleaner"             daemon [_thread_blocked, id=3316, stack(0x000000005e800000,0x000000005e900000) (1024K)]
  0x000000005e5f9810 JavaThread "Notification Thread"        daemon [_thread_blocked, id=3172, stack(0x000000005e900000,0x000000005ea00000) (1024K)]
  0x000000005f5cc370 JavaThread "Active Thread: Equinox Container: 7504a577-0bf3-46e2-aa4f-f04bbd5fe347"        [_thread_blocked, id=22368, stack(0x0000000060b20000,0x0000000060c20000) (1024K)]
  0x000000005f496af0 JavaThread "Refresh Thread: Equinox Container: 7504a577-0bf3-46e2-aa4f-f04bbd5fe347" daemon [_thread_blocked, id=21632, stack(0x000000005ea00000,0x000000005eb00000) (1024K)]
  0x000000005ee5c0d0 JavaThread "Framework Event Dispatcher: Equinox Container: 7504a577-0bf3-46e2-aa4f-f04bbd5fe347" daemon [_thread_blocked, id=14984, stack(0x0000000060c20000,0x0000000060d20000) (1024K)]
  0x000000005ee5cb00 JavaThread "Start Level: Equinox Container: 7504a577-0bf3-46e2-aa4f-f04bbd5fe347" daemon [_thread_blocked, id=21864, stack(0x0000000060d20000,0x0000000060e20000) (1024K)]
  0x000000005ed394f0 JavaThread "Bundle File Closer"         daemon [_thread_blocked, id=23316, stack(0x0000000060f20000,0x0000000061020000) (1024K)]
  0x000000005f9b16d0 JavaThread "SCR Component Actor"        daemon [_thread_blocked, id=20000, stack(0x0000000061020000,0x0000000061120000) (1024K)]
  0x000000005e4083b0 JavaThread "Worker-JM"                         [_thread_blocked, id=20384, stack(0x0000000061320000,0x0000000061420000) (1024K)]
  0x000000005e4090d0 JavaThread "JNA Cleaner"                daemon [_thread_blocked, id=6116, stack(0x0000000061860000,0x0000000061960000) (1024K)]
  0x000000005e409760 JavaThread "Worker-0"                          [_thread_blocked, id=18680, stack(0x0000000061960000,0x0000000061a60000) (1024K)]
  0x000000005e4062e0 JavaThread "Worker-1"                          [_thread_blocked, id=1300, stack(0x0000000061a60000,0x0000000061b60000) (1024K)]
  0x000000005e407690 JavaThread "Java indexing"              daemon [_thread_blocked, id=20704, stack(0x0000000061b60000,0x0000000061c60000) (1024K)]
  0x000000005e406970 JavaThread "Worker-2"                          [_thread_blocked, id=6684, stack(0x0000000061c60000,0x0000000061d60000) (1024K)]
  0x000000005e407d20 JavaThread "Worker-3: Initialize workspace"        [_thread_in_native, id=21964, stack(0x0000000061d60000,0x0000000061e60000) (1024K)]
  0x000000005e407000 JavaThread "Worker-4"                          [_thread_blocked, id=13548, stack(0x0000000065430000,0x0000000065530000) (1024K)]
  0x000000005e408a40 JavaThread "Thread-2"                   daemon [_thread_in_native, id=14272, stack(0x0000000065530000,0x0000000065630000) (1024K)]
  0x0000000060259120 JavaThread "Thread-3"                   daemon [_thread_in_native, id=14012, stack(0x0000000065630000,0x0000000065730000) (1024K)]
  0x0000000060257050 JavaThread "Thread-4"                   daemon [_thread_in_native, id=9012, stack(0x0000000065730000,0x0000000065830000) (1024K)]
  0x00000000602576e0 JavaThread "Thread-5"                   daemon [_thread_in_native, id=2872, stack(0x0000000065830000,0x0000000065930000) (1024K)]
  0x0000000060257d70 JavaThread "Thread-6"                   daemon [_thread_in_native, id=13616, stack(0x0000000065930000,0x0000000065a30000) (1024K)]
  0x00000000602569c0 JavaThread "Thread-7"                   daemon [_thread_in_native, id=10104, stack(0x0000000065a30000,0x0000000065b30000) (1024K)]
  0x0000000060258400 JavaThread "Thread-8"                   daemon [_thread_in_native, id=11132, stack(0x0000000065b30000,0x0000000065c30000) (1024K)]
  0x00000000602597b0 JavaThread "Thread-9"                   daemon [_thread_in_native, id=19968, stack(0x0000000065c30000,0x0000000065d30000) (1024K)]
  0x0000000060258a90 JavaThread "Thread-10"                  daemon [_thread_in_native, id=22460, stack(0x0000000065d30000,0x0000000065e30000) (1024K)]
  0x0000000060259e40 JavaThread "pool-2-thread-1"                   [_thread_blocked, id=14964, stack(0x0000000065260000,0x0000000065360000) (1024K)]
  0x0000000064aa0a40 JavaThread "WorkspaceEventsHandler"            [_thread_blocked, id=13476, stack(0x0000000065e30000,0x0000000065f30000) (1024K)]
  0x0000000064a9e2e0 JavaThread "pool-1-thread-1"                   [_thread_blocked, id=23520, stack(0x0000000065f30000,0x0000000066030000) (1024K)]
  0x0000000064aa31a0 JavaThread "Worker-5"                          [_thread_blocked, id=13316, stack(0x0000000064fd0000,0x00000000650d0000) (1024K)]
  0x0000000064aa3830 JavaThread "Worker-6"                          [_thread_blocked, id=22740, stack(0x00000000671f0000,0x00000000672f0000) (1024K)]
  0x0000000064a9dc50 JavaThread "LocalFile Deleter"          daemon [_thread_blocked, id=22608, stack(0x0000000061420000,0x0000000061520000) (1024K)]
  0x0000000064aa4550 JavaThread "LocalFile Deleter"          daemon [_thread_blocked, id=9184, stack(0x0000000061120000,0x0000000061220000) (1024K)]
  0x0000000064a9e970 JavaThread "LocalFile Deleter"          daemon [_thread_blocked, id=6148, stack(0x0000000061220000,0x0000000061320000) (1024K)]
  0x0000000064a9f000 JavaThread "LocalFile Deleter"          daemon [_thread_blocked, id=21808, stack(0x0000000064e00000,0x0000000064f00000) (1024K)]
  0x0000000064a9f690 JavaThread "LocalFile Deleter"          daemon [_thread_blocked, id=18672, stack(0x0000000067000000,0x0000000067100000) (1024K)]
  0x00000000633b4e90 JavaThread "LocalFile Deleter"          daemon [_thread_blocked, id=21520, stack(0x000000006fbb0000,0x000000006fcb0000) (1024K)]
  0x00000000633b68d0 JavaThread "LocalFile Deleter"          daemon [_thread_blocked, id=14060, stack(0x000000006fcb0000,0x000000006fdb0000) (1024K)]
  0x00000000633b5bb0 JavaThread "LocalFile Deleter"          daemon [_thread_blocked, id=21832, stack(0x000000006fdb0000,0x000000006feb0000) (1024K)]
  0x00000000633b4800 JavaThread "Compiler Source File Reader" daemon [_thread_blocked, id=23308, stack(0x000000006feb0000,0x000000006ffb0000) (1024K)]
  0x00000000633b6240 JavaThread "Compiler Source File Reader" daemon [_thread_blocked, id=16772, stack(0x000000006ffb0000,0x00000000700b0000) (1024K)]
  0x00000000633b3450 JavaThread "Compiler Source File Reader" daemon [_thread_blocked, id=15796, stack(0x00000000700b0000,0x00000000701b0000) (1024K)]
  0x00000000633b3ae0 JavaThread "Compiler Source File Reader" daemon [_thread_blocked, id=3432, stack(0x00000000701b0000,0x00000000702b0000) (1024K)]
  0x00000000633b4170 JavaThread "Compiler Source File Reader" daemon [_thread_blocked, id=20528, stack(0x00000000702b0000,0x00000000703b0000) (1024K)]
  0x00000000633b5520 JavaThread "Compiler Source File Reader" daemon [_thread_blocked, id=10208, stack(0x00000000703b0000,0x00000000704b0000) (1024K)]
  0x00000000641a3250 JavaThread "Compiler Processing Task"   daemon [_thread_blocked, id=20908, stack(0x00000000705b0000,0x00000000706b0000) (1024K)]
  0x00000000641a6040 JavaThread "Compiler Class File Writer" daemon [_thread_blocked, id=14048, stack(0x00000000706b0000,0x00000000707b0000) (1024K)]
  0x00000000641a8110 JavaThread "Compiler Class File Writer" daemon [_thread_blocked, id=23356, stack(0x00000000707b0000,0x00000000708b0000) (1024K)]
  0x00000000641a94c0 JavaThread "Compiler Class File Writer" daemon [_thread_blocked, id=13552, stack(0x00000000708b0000,0x00000000709b0000) (1024K)]
  0x00000000641a6d60 JavaThread "Compiler Class File Writer" daemon [_thread_blocked, id=4152, stack(0x00000000709b0000,0x0000000070ab0000) (1024K)]
  0x00000000641a73f0 JavaThread "Compiler Class File Writer" daemon [_thread_blocked, id=3384, stack(0x0000000070ab0000,0x0000000070bb0000) (1024K)]
  0x00000000641a2530 JavaThread "Compiler Class File Writer" daemon [_thread_blocked, id=22440, stack(0x0000000070bb0000,0x0000000070cb0000) (1024K)]
  0x0000000062ef8a60 JavaThread "ForkJoinPool.commonPool-worker-1" daemon [_thread_blocked, id=23384, stack(0x00000000006b0000,0x00000000007b0000) (1024K)]
  0x0000000062efab30 JavaThread "ForkJoinPool.commonPool-worker-2" daemon [_thread_blocked, id=14176, stack(0x00000000007b0000,0x00000000008b0000) (1024K)]
  0x0000000062efbee0 JavaThread "ForkJoinPool.commonPool-worker-3" daemon [_thread_blocked, id=5920, stack(0x00000000650d0000,0x00000000651d0000) (1024K)]
  0x0000000063b11860 JavaThread "C2 CompilerThread1"         daemon [_thread_in_native, id=20536, stack(0x00000000704b0000,0x00000000705b0000) (1024K)]
  0x0000000062efcc00 JavaThread "ForkJoinPool.commonPool-worker-4" daemon [_thread_blocked, id=7936, stack(0x0000000070eb0000,0x0000000070fb0000) (1024K)]
  0x0000000062ef5c70 JavaThread "ForkJoinPool.commonPool-worker-5" daemon [_thread_blocked, id=20964, stack(0x0000000070fb0000,0x00000000710b0000) (1024K)]
  0x0000000063b0d440 JavaThread "C2 CompilerThread2"         daemon [_thread_in_native, id=14952, stack(0x00000000710b0000,0x00000000711b0000) (1024K)]
  0x0000000062efb850 JavaThread "SCR Component Registry"     daemon [_thread_blocked, id=22372, stack(0x00000000711b0000,0x00000000712b0000) (1024K)]
Total: 68

Other Threads:
  0x0000000002ba1c00 VMThread "VM Thread"                           [id=20244, stack(0x0000000059aa0000,0x0000000059ba0000) (1024K)]
  0x00000000580dc950 WatcherThread "VM Periodic Task Thread"        [id=10180, stack(0x0000000002930000,0x0000000002a30000) (1024K)]
  0x0000000002b1de90 WorkerThread "GC Thread#0"                     [id=20184, stack(0x00000000026b0000,0x00000000027b0000) (1024K)]
  0x000000005edce4f0 WorkerThread "GC Thread#1"                     [id=16116, stack(0x0000000060520000,0x0000000060620000) (1024K)]
  0x000000005f2a83d0 WorkerThread "GC Thread#2"                     [id=17764, stack(0x0000000060620000,0x0000000060720000) (1024K)]
  0x000000005edce890 WorkerThread "GC Thread#3"                     [id=9844, stack(0x0000000060720000,0x0000000060820000) (1024K)]
  0x000000005edcec30 WorkerThread "GC Thread#4"                     [id=22224, stack(0x0000000060820000,0x0000000060920000) (1024K)]
  0x000000005edcefd0 WorkerThread "GC Thread#5"                     [id=22120, stack(0x0000000060920000,0x0000000060a20000) (1024K)]
  0x000000005eefc400 WorkerThread "GC Thread#6"                     [id=17832, stack(0x0000000060a20000,0x0000000060b20000) (1024K)]
  0x000000005eefbcc0 WorkerThread "GC Thread#7"                     [id=2384, stack(0x000000005f300000,0x000000005f400000) (1024K)]
Total: 10

Threads with active compile tasks:
C2 CompilerThread0  111401 16735  s!   4       org.eclipse.jdt.internal.core.index.DiskIndex::readCategoryTable (743 bytes)
C2 CompilerThread1  111401 16855       4       java.lang.reflect.Field::get (39 bytes)
C2 CompilerThread2  111401 16809   !   4       java.util.jar.Attributes::read (494 bytes)
Total: 3

VM state: at safepoint (normal execution)

VM Mutex/Monitor currently owned by a thread:  ([mutex/lock_event])
[0x00007ff8a0e5e308] Threads_lock - owner thread: 0x0000000002ba1c00
[0x00007ff8a0e5e408] Heap_lock - owner thread: 0x0000000062efab30

Heap address: 0x00000000c0000000, size: 1024 MB, Compressed Oops mode: 32-bit

CDS archive(s) mapped at: [0x0000000017000000-0x0000000017ba0000-0x0000000017ba0000), size 12189696, SharedBaseAddress: 0x0000000017000000, ArchiveRelocationMode: 1.
Compressed class space mapped at: 0x0000000018000000-0x0000000058000000, reserved size: 1073741824
Narrow klass base: 0x0000000017000000, Narrow klass shift: 0, Narrow klass range: 0x100000000

GC Precious Log:
 CardTable entry size: 512
 CPUs: 8 total, 8 available
 Memory: 7975M
 Large Page Support: Disabled
 NUMA Support: Disabled
 Compressed Oops: Enabled (32-bit)
 Alignments: Space 512K, Generation 512K, Heap 2M
 Heap Min Capacity: 100M
 Heap Initial Capacity: 100M
 Heap Max Capacity: 1G
 Pre-touch: Disabled
 Parallel Workers: 8

Heap:
 PSYoungGen      total 5120K, used 547K [0x00000000eab00000, 0x00000000eb180000, 0x0000000100000000)
  eden space 4608K, 1% used [0x00000000eab00000,0x00000000eab0bd10,0x00000000eaf80000)
  from space 512K, 97% used [0x00000000eb000000,0x00000000eb07d220,0x00000000eb080000)
  to   space 1024K, 0% used [0x00000000eb080000,0x00000000eb080000,0x00000000eb180000)
 ParOldGen       total 676864K, used 231279K [0x00000000c0000000, 0x00000000e9500000, 0x00000000eab00000)
  object space 676864K, 34% used [0x00000000c0000000,0x00000000ce1dbd68,0x00000000e9500000)
 Metaspace       used 74454K, committed 75968K, reserved 1179648K
  class space    used 7430K, committed 8128K, reserved 1048576K

Card table byte_map: [0x00000000024a0000,0x00000000026b0000] _byte_map_base: 0x0000000001ea0000

Marking Bits: (ParMarkBitMap*) 0x00007ff8a0e631f0
 Begin Bits: [0x0000000014cf0000, 0x0000000015cf0000)
 End Bits:   [0x0000000015cf0000, 0x0000000016cf0000)

Polling page: 0x00000000009c0000

Metaspace:

Usage:
  Non-class:     65.45 MB used.
      Class:      7.26 MB used.
       Both:     72.71 MB used.

Virtual space:
  Non-class space:      128.00 MB reserved,      66.25 MB ( 52%) committed,  2 nodes.
      Class space:        1.00 GB reserved,       7.94 MB ( <1%) committed,  1 nodes.
             Both:        1.12 GB reserved,      74.19 MB (  6%) committed. 

Chunk freelists:
   Non-Class:  13.57 MB
       Class:  8.08 MB
        Both:  21.65 MB

MaxMetaspaceSize: unlimited
CompressedClassSpaceSize: 1.00 GB
Initial GC threshold: 21.00 MB
Current GC threshold: 120.12 MB
CDS: on
 - commit_granule_bytes: 65536.
 - commit_granule_words: 8192.
 - virtual_space_node_default_size: 8388608.
 - enlarge_chunks_in_place: 1.
 - use_allocation_guard: 0.


Internal statistics:

num_allocs_failed_limit: 9.
num_arena_births: 1366.
num_arena_deaths: 18.
num_vsnodes_births: 3.
num_vsnodes_deaths: 0.
num_space_committed: 1187.
num_space_uncommitted: 0.
num_chunks_returned_to_freelist: 27.
num_chunks_taken_from_freelist: 4820.
num_chunk_merges: 16.
num_chunk_splits: 2914.
num_chunks_enlarged: 1585.
num_inconsistent_stats: 0.

CodeHeap 'non-profiled nmethods': size=120000Kb used=11965Kb max_used=12681Kb free=108034Kb
 bounds [0x000000000d7c0000, 0x000000000e430000, 0x0000000014cf0000]
CodeHeap 'profiled nmethods': size=120000Kb used=34984Kb max_used=38839Kb free=85015Kb
 bounds [0x0000000005cf0000, 0x00000000082e0000, 0x000000000d220000]
CodeHeap 'non-nmethods': size=5760Kb used=1498Kb max_used=1562Kb free=4262Kb
 bounds [0x000000000d220000, 0x000000000d490000, 0x000000000d7c0000]
 total_blobs=15535 nmethods=14726 adapters=712
 compilation: enabled
              stopped_count=0, restarted_count=0
 full_count=0

Compilation events (20 events):
Event: 111.250 Thread 0x000000005e33e000 16844       1       org.eclipse.jdt.core.dom.ASTNode::getStartPosition (5 bytes)
Event: 111.250 Thread 0x000000005e33e000 nmethod 16844 0x000000000d992b10 code [0x000000000d992ca0, 0x000000000d992d68]
Event: 111.250 Thread 0x000000005e33e000 16845       1       org.eclipse.jdt.core.dom.ASTNode::getLength (5 bytes)
Event: 111.250 Thread 0x000000005e33e000 nmethod 16845 0x000000000d992810 code [0x000000000d9929a0, 0x000000000d992a68]
Event: 111.252 Thread 0x000000005e33e000 16846       3       org.eclipse.jdt.core.dom.DefaultCommentMapper::getLineNumber (54 bytes)
Event: 111.253 Thread 0x000000005e33e000 nmethod 16846 0x0000000005e85910 code [0x0000000005e85ac0, 0x0000000005e85cf8]
Event: 111.255 Thread 0x000000005e33e000 16847       1       org.eclipse.m2e.core.internal.embedder.PlexusContainerManager$2::getContainer (5 bytes)
Event: 111.255 Thread 0x000000005e33e000 nmethod 16847 0x000000000d992310 code [0x000000000d9924a0, 0x000000000d992568]
Event: 111.262 Thread 0x000000005e33e000 16848       1       org.codehaus.plexus.DefaultPlexusContainer::getContainerRealm (5 bytes)
Event: 111.263 Thread 0x000000005e33e000 nmethod 16848 0x000000000dacfe90 code [0x000000000dad0020, 0x000000000dad00e8]
Event: 111.270 Thread 0x000000005e33e000 16849       1       org.eclipse.m2e.core.embedder.ArtifactKey::version (5 bytes)
Event: 111.270 Thread 0x000000005e33e000 nmethod 16849 0x000000000dacfb90 code [0x000000000dacfd20, 0x000000000dacfde8]
Event: 111.278 Thread 0x000000005e33e000 16850       3       org.eclipse.sisu.plexus.LazyPlexusBean::getKey (5 bytes)
Event: 111.279 Thread 0x000000005e33e000 nmethod 16850 0x0000000005f10310 code [0x0000000005f104e0, 0x0000000005f10888]
Event: 111.279 Thread 0x000000005e33e000 16851       3       org.eclipse.sisu.plexus.LazyPlexusBean::getKey (18 bytes)
Event: 111.279 Thread 0x000000005e33e000 nmethod 16851 0x00000000060cd390 code [0x00000000060cd560, 0x00000000060cd8a8]
Event: 111.315 Thread 0x000000005e33e000 16852       1       org.eclipse.m2e.core.embedder.ArtifactKey::artifactId (5 bytes)
Event: 111.315 Thread 0x000000005e33e000 nmethod 16852 0x000000000dacf690 code [0x000000000dacf820, 0x000000000dacf8e8]
Event: 111.317 Thread 0x0000000063b11860 nmethod 16784 0x000000000db45210 code [0x000000000db45640, 0x000000000db48250]
Event: 111.320 Thread 0x0000000063b11860 16796       4       org.eclipse.jdt.internal.core.util.Util::equalArraysOrNull (72 bytes)

GC Heap History (20 events):
Event: 110.533 GC heap before
{Heap before GC invocations=1445 (full 4):
 PSYoungGen      total 6656K, used 6226K [0x00000000eab00000, 0x00000000eb480000, 0x0000000100000000)
  eden space 4608K, 100% used [0x00000000eab00000,0x00000000eaf80000,0x00000000eaf80000)
  from space 2048K, 79% used [0x00000000eb280000,0x00000000eb414808,0x00000000eb480000)
  to   space 2048K, 0% used [0x00000000eb080000,0x00000000eb080000,0x00000000eb280000)
 ParOldGen       total 676864K, used 221485K [0x00000000c0000000, 0x00000000e9500000, 0x00000000eab00000)
  object space 676864K, 32% used [0x00000000c0000000,0x00000000cd84b488,0x00000000e9500000)
 Metaspace       used 72274K, committed 73792K, reserved 1179648K
  class space    used 7234K, committed 7936K, reserved 1048576K
}
Event: 110.537 GC heap after
{Heap after GC invocations=1445 (full 4):
 PSYoungGen      total 6656K, used 1891K [0x00000000eab00000, 0x00000000eb380000, 0x0000000100000000)
  eden space 4608K, 0% used [0x00000000eab00000,0x00000000eab00000,0x00000000eaf80000)
  from space 2048K, 92% used [0x00000000eb080000,0x00000000eb258c60,0x00000000eb280000)
  to   space 1024K, 0% used [0x00000000eb280000,0x00000000eb280000,0x00000000eb380000)
 ParOldGen       total 676864K, used 222970K [0x00000000c0000000, 0x00000000e9500000, 0x00000000eab00000)
  object space 676864K, 32% used [0x00000000c0000000,0x00000000cd9be9f8,0x00000000e9500000)
 Metaspace       used 72274K, committed 73792K, reserved 1179648K
  class space    used 7234K, committed 7936K, reserved 1048576K
}
Event: 110.559 GC heap before
{Heap before GC invocations=1446 (full 4):
 PSYoungGen      total 6656K, used 5783K [0x00000000eab00000, 0x00000000eb380000, 0x0000000100000000)
  eden space 4608K, 84% used [0x00000000eab00000,0x00000000eaecd398,0x00000000eaf80000)
  from space 2048K, 92% used [0x00000000eb080000,0x00000000eb258c60,0x00000000eb280000)
  to   space 1024K, 0% used [0x00000000eb280000,0x00000000eb280000,0x00000000eb380000)
 ParOldGen       total 676864K, used 222970K [0x00000000c0000000, 0x00000000e9500000, 0x00000000eab00000)
  object space 676864K, 32% used [0x00000000c0000000,0x00000000cd9be9f8,0x00000000e9500000)
 Metaspace       used 72275K, committed 73792K, reserved 1179648K
  class space    used 7234K, committed 7936K, reserved 1048576K
}
Event: 110.563 GC heap after
{Heap after GC invocations=1446 (full 4):
 PSYoungGen      total 5632K, used 1024K [0x00000000eab00000, 0x00000000eb580000, 0x0000000100000000)
  eden space 4608K, 0% used [0x00000000eab00000,0x00000000eab00000,0x00000000eaf80000)
  from space 1024K, 100% used [0x00000000eb280000,0x00000000eb380000,0x00000000eb380000)
  to   space 3072K, 0% used [0x00000000eaf80000,0x00000000eaf80000,0x00000000eb280000)
 ParOldGen       total 676864K, used 224665K [0x00000000c0000000, 0x00000000e9500000, 0x00000000eab00000)
  object space 676864K, 33% used [0x00000000c0000000,0x00000000cdb66408,0x00000000e9500000)
 Metaspace       used 72275K, committed 73792K, reserved 1179648K
  class space    used 7234K, committed 7936K, reserved 1048576K
}
Event: 110.621 GC heap before
{Heap before GC invocations=1447 (full 4):
 PSYoungGen      total 5632K, used 5632K [0x00000000eab00000, 0x00000000eb580000, 0x0000000100000000)
  eden space 4608K, 100% used [0x00000000eab00000,0x00000000eaf80000,0x00000000eaf80000)
  from space 1024K, 100% used [0x00000000eb280000,0x00000000eb380000,0x00000000eb380000)
  to   space 3072K, 0% used [0x00000000eaf80000,0x00000000eaf80000,0x00000000eb280000)
 ParOldGen       total 676864K, used 224665K [0x00000000c0000000, 0x00000000e9500000, 0x00000000eab00000)
  object space 676864K, 33% used [0x00000000c0000000,0x00000000cdb66408,0x00000000e9500000)
 Metaspace       used 72275K, committed 73792K, reserved 1179648K
  class space    used 7234K, committed 7936K, reserved 1048576K
}
Event: 110.629 GC heap after
{Heap after GC invocations=1447 (full 4):
 PSYoungGen      total 6656K, used 2002K [0x00000000eab00000, 0x00000000eb480000, 0x0000000100000000)
  eden space 4608K, 0% used [0x00000000eab00000,0x00000000eab00000,0x00000000eaf80000)
  from space 2048K, 97% used [0x00000000eaf80000,0x00000000eb174810,0x00000000eb180000)
  to   space 2560K, 0% used [0x00000000eb200000,0x00000000eb200000,0x00000000eb480000)
 ParOldGen       total 676864K, used 225600K [0x00000000c0000000, 0x00000000e9500000, 0x00000000eab00000)
  object space 676864K, 33% used [0x00000000c0000000,0x00000000cdc50090,0x00000000e9500000)
 Metaspace       used 72275K, committed 73792K, reserved 1179648K
  class space    used 7234K, committed 7936K, reserved 1048576K
}
Event: 110.693 GC heap before
{Heap before GC invocations=1448 (full 4):
 PSYoungGen      total 6656K, used 6610K [0x00000000eab00000, 0x00000000eb480000, 0x0000000100000000)
  eden space 4608K, 100% used [0x00000000eab00000,0x00000000eaf80000,0x00000000eaf80000)
  from space 2048K, 97% used [0x00000000eaf80000,0x00000000eb174810,0x00000000eb180000)
  to   space 2560K, 0% used [0x00000000eb200000,0x00000000eb200000,0x00000000eb480000)
 ParOldGen       total 676864K, used 225600K [0x00000000c0000000, 0x00000000e9500000, 0x00000000eab00000)
  object space 676864K, 33% used [0x00000000c0000000,0x00000000cdc50090,0x00000000e9500000)
 Metaspace       used 72275K, committed 73792K, reserved 1179648K
  class space    used 7234K, committed 7936K, reserved 1048576K
}
Event: 110.698 GC heap after
{Heap after GC invocations=1448 (full 4):
 PSYoungGen      total 6144K, used 1472K [0x00000000eab00000, 0x00000000eb380000, 0x0000000100000000)
  eden space 4608K, 0% used [0x00000000eab00000,0x00000000eab00000,0x00000000eaf80000)
  from space 1536K, 95% used [0x00000000eb200000,0x00000000eb370000,0x00000000eb380000)
  to   space 2048K, 0% used [0x00000000eaf80000,0x00000000eaf80000,0x00000000eb180000)
 ParOldGen       total 676864K, used 227476K [0x00000000c0000000, 0x00000000e9500000, 0x00000000eab00000)
  object space 676864K, 33% used [0x00000000c0000000,0x00000000cde25168,0x00000000e9500000)
 Metaspace       used 72275K, committed 73792K, reserved 1179648K
  class space    used 7234K, committed 7936K, reserved 1048576K
}
Event: 110.749 GC heap before
{Heap before GC invocations=1449 (full 4):
 PSYoungGen      total 6144K, used 6079K [0x00000000eab00000, 0x00000000eb380000, 0x0000000100000000)
  eden space 4608K, 99% used [0x00000000eab00000,0x00000000eaf7fff8,0x00000000eaf80000)
  from space 1536K, 95% used [0x00000000eb200000,0x00000000eb370000,0x00000000eb380000)
  to   space 2048K, 0% used [0x00000000eaf80000,0x00000000eaf80000,0x00000000eb180000)
 ParOldGen       total 676864K, used 227476K [0x00000000c0000000, 0x00000000e9500000, 0x00000000eab00000)
  object space 676864K, 33% used [0x00000000c0000000,0x00000000cde25168,0x00000000e9500000)
 Metaspace       used 72537K, committed 74048K, reserved 1179648K
  class space    used 7258K, committed 7936K, reserved 1048576K
}
Event: 110.753 GC heap after
{Heap after GC invocations=1449 (full 4):
 PSYoungGen      total 5632K, used 792K [0x00000000eab00000, 0x00000000eb280000, 0x0000000100000000)
  eden space 4608K, 0% used [0x00000000eab00000,0x00000000eab00000,0x00000000eaf80000)
  from space 1024K, 77% used [0x00000000eaf80000,0x00000000eb0463d8,0x00000000eb080000)
  to   space 1536K, 0% used [0x00000000eb100000,0x00000000eb100000,0x00000000eb280000)
 ParOldGen       total 676864K, used 228702K [0x00000000c0000000, 0x00000000e9500000, 0x00000000eab00000)
  object space 676864K, 33% used [0x00000000c0000000,0x00000000cdf57830,0x00000000e9500000)
 Metaspace       used 72537K, committed 74048K, reserved 1179648K
  class space    used 7258K, committed 7936K, reserved 1048576K
}
Event: 110.857 GC heap before
{Heap before GC invocations=1450 (full 4):
 PSYoungGen      total 5632K, used 5400K [0x00000000eab00000, 0x00000000eb280000, 0x0000000100000000)
  eden space 4608K, 100% used [0x00000000eab00000,0x00000000eaf80000,0x00000000eaf80000)
  from space 1024K, 77% used [0x00000000eaf80000,0x00000000eb0463d8,0x00000000eb080000)
  to   space 1536K, 0% used [0x00000000eb100000,0x00000000eb100000,0x00000000eb280000)
 ParOldGen       total 676864K, used 228702K [0x00000000c0000000, 0x00000000e9500000, 0x00000000eab00000)
  object space 676864K, 33% used [0x00000000c0000000,0x00000000cdf57830,0x00000000e9500000)
 Metaspace       used 73350K, committed 74880K, reserved 1179648K
  class space    used 7317K, committed 8000K, reserved 1048576K
}
Event: 110.867 GC heap after
{Heap after GC invocations=1450 (full 4):
 PSYoungGen      total 5120K, used 432K [0x00000000eab00000, 0x00000000eb180000, 0x0000000100000000)
  eden space 4608K, 0% used [0x00000000eab00000,0x00000000eab00000,0x00000000eaf80000)
  from space 512K, 84% used [0x00000000eb100000,0x00000000eb16c010,0x00000000eb180000)
  to   space 1024K, 0% used [0x00000000eaf80000,0x00000000eaf80000,0x00000000eb080000)
 ParOldGen       total 676864K, used 229323K [0x00000000c0000000, 0x00000000e9500000, 0x00000000eab00000)
  object space 676864K, 33% used [0x00000000c0000000,0x00000000cdff2f40,0x00000000e9500000)
 Metaspace       used 73350K, committed 74880K, reserved 1179648K
  class space    used 7317K, committed 8000K, reserved 1048576K
}
Event: 111.019 GC heap before
{Heap before GC invocations=1451 (full 4):
 PSYoungGen      total 5120K, used 4932K [0x00000000eab00000, 0x00000000eb180000, 0x0000000100000000)
  eden space 4608K, 97% used [0x00000000eab00000,0x00000000eaf650f8,0x00000000eaf80000)
  from space 512K, 84% used [0x00000000eb100000,0x00000000eb16c010,0x00000000eb180000)
  to   space 1024K, 0% used [0x00000000eaf80000,0x00000000eaf80000,0x00000000eb080000)
 ParOldGen       total 676864K, used 229323K [0x00000000c0000000, 0x00000000e9500000, 0x00000000eab00000)
  object space 676864K, 33% used [0x00000000c0000000,0x00000000cdff2f40,0x00000000e9500000)
 Metaspace       used 73438K, committed 75008K, reserved 1179648K
  class space    used 7330K, committed 8064K, reserved 1048576K
}
Event: 111.024 GC heap after
{Heap after GC invocations=1451 (full 4):
 PSYoungGen      total 5632K, used 736K [0x00000000eab00000, 0x00000000eb180000, 0x0000000100000000)
  eden space 4608K, 0% used [0x00000000eab00000,0x00000000eab00000,0x00000000eaf80000)
  from space 1024K, 71% used [0x00000000eaf80000,0x00000000eb038040,0x00000000eb080000)
  to   space 1024K, 0% used [0x00000000eb080000,0x00000000eb080000,0x00000000eb180000)
 ParOldGen       total 676864K, used 229656K [0x00000000c0000000, 0x00000000e9500000, 0x00000000eab00000)
  object space 676864K, 33% used [0x00000000c0000000,0x00000000ce046210,0x00000000e9500000)
 Metaspace       used 73438K, committed 75008K, reserved 1179648K
  class space    used 7330K, committed 8064K, reserved 1048576K
}
Event: 111.077 GC heap before
{Heap before GC invocations=1452 (full 4):
 PSYoungGen      total 5632K, used 5344K [0x00000000eab00000, 0x00000000eb180000, 0x0000000100000000)
  eden space 4608K, 100% used [0x00000000eab00000,0x00000000eaf80000,0x00000000eaf80000)
  from space 1024K, 71% used [0x00000000eaf80000,0x00000000eb038040,0x00000000eb080000)
  to   space 1024K, 0% used [0x00000000eb080000,0x00000000eb080000,0x00000000eb180000)
 ParOldGen       total 676864K, used 229656K [0x00000000c0000000, 0x00000000e9500000, 0x00000000eab00000)
  object space 676864K, 33% used [0x00000000c0000000,0x00000000ce046210,0x00000000e9500000)
 Metaspace       used 73447K, committed 75008K, reserved 1179648K
  class space    used 7332K, committed 8064K, reserved 1048576K
}
Event: 111.083 GC heap after
{Heap after GC invocations=1452 (full 4):
 PSYoungGen      total 5632K, used 805K [0x00000000eab00000, 0x00000000eb180000, 0x0000000100000000)
  eden space 4608K, 0% used [0x00000000eab00000,0x00000000eab00000,0x00000000eaf80000)
  from space 1024K, 78% used [0x00000000eb080000,0x00000000eb149418,0x00000000eb180000)
  to   space 1024K, 0% used [0x00000000eaf80000,0x00000000eaf80000,0x00000000eb080000)
 ParOldGen       total 676864K, used 230263K [0x00000000c0000000, 0x00000000e9500000, 0x00000000eab00000)
  object space 676864K, 34% used [0x00000000c0000000,0x00000000ce0dde50,0x00000000e9500000)
 Metaspace       used 73447K, committed 75008K, reserved 1179648K
  class space    used 7332K, committed 8064K, reserved 1048576K
}
Event: 111.106 GC heap before
{Heap before GC invocations=1453 (full 4):
 PSYoungGen      total 5632K, used 5291K [0x00000000eab00000, 0x00000000eb180000, 0x0000000100000000)
  eden space 4608K, 97% used [0x00000000eab00000,0x00000000eaf61950,0x00000000eaf80000)
  from space 1024K, 78% used [0x00000000eb080000,0x00000000eb149418,0x00000000eb180000)
  to   space 1024K, 0% used [0x00000000eaf80000,0x00000000eaf80000,0x00000000eb080000)
 ParOldGen       total 676864K, used 230263K [0x00000000c0000000, 0x00000000e9500000, 0x00000000eab00000)
  object space 676864K, 34% used [0x00000000c0000000,0x00000000ce0dde50,0x00000000e9500000)
 Metaspace       used 73485K, committed 75008K, reserved 1179648K
  class space    used 7336K, committed 8064K, reserved 1048576K
}
Event: 111.109 GC heap after
{Heap after GC invocations=1453 (full 4):
 PSYoungGen      total 5632K, used 288K [0x00000000eab00000, 0x00000000eb100000, 0x0000000100000000)
  eden space 4608K, 0% used [0x00000000eab00000,0x00000000eab00000,0x00000000eaf80000)
  from space 1024K, 28% used [0x00000000eaf80000,0x00000000eafc8000,0x00000000eb080000)
  to   space 512K, 0% used [0x00000000eb080000,0x00000000eb080000,0x00000000eb100000)
 ParOldGen       total 676864K, used 230855K [0x00000000c0000000, 0x00000000e9500000, 0x00000000eab00000)
  object space 676864K, 34% used [0x00000000c0000000,0x00000000ce171d58,0x00000000e9500000)
 Metaspace       used 73485K, committed 75008K, reserved 1179648K
  class space    used 7336K, committed 8064K, reserved 1048576K
}
Event: 111.288 GC heap before
{Heap before GC invocations=1454 (full 4):
 PSYoungGen      total 5632K, used 4851K [0x00000000eab00000, 0x00000000eb100000, 0x0000000100000000)
  eden space 4608K, 99% used [0x00000000eab00000,0x00000000eaf74c20,0x00000000eaf80000)
  from space 1024K, 28% used [0x00000000eaf80000,0x00000000eafc8000,0x00000000eb080000)
  to   space 512K, 0% used [0x00000000eb080000,0x00000000eb080000,0x00000000eb100000)
 ParOldGen       total 676864K, used 230855K [0x00000000c0000000, 0x00000000e9500000, 0x00000000eab00000)
  object space 676864K, 34% used [0x00000000c0000000,0x00000000ce171d58,0x00000000e9500000)
 Metaspace       used 74148K, committed 75712K, reserved 1179648K
  class space    used 7405K, committed 8128K, reserved 1048576K
}
Event: 111.291 GC heap after
{Heap after GC invocations=1454 (full 4):
 PSYoungGen      total 5120K, used 306K [0x00000000eab00000, 0x00000000eb100000, 0x0000000100000000)
  eden space 4608K, 0% used [0x00000000eab00000,0x00000000eab00000,0x00000000eaf80000)
  from space 512K, 59% used [0x00000000eb080000,0x00000000eb0cca50,0x00000000eb100000)
  to   space 512K, 0% used [0x00000000eb000000,0x00000000eb000000,0x00000000eb080000)
 ParOldGen       total 676864K, used 231063K [0x00000000c0000000, 0x00000000e9500000, 0x00000000eab00000)
  object space 676864K, 34% used [0x00000000c0000000,0x00000000ce1a5d58,0x00000000e9500000)
 Metaspace       used 74148K, committed 75712K, reserved 1179648K
  class space    used 7405K, committed 8128K, reserved 1048576K
}

Dll operation events (12 events):
Event: 0.103 Loaded shared library c:\Users\hmfar\.vscode\extensions\redhat.java-1.42.0-win32-x64\jre\21.0.7-win32-x86_64\bin\java.dll
Event: 0.490 Loaded shared library c:\Users\hmfar\.vscode\extensions\redhat.java-1.42.0-win32-x64\jre\21.0.7-win32-x86_64\bin\zip.dll
Event: 0.577 Loaded shared library C:\Users\hmfar\.vscode\extensions\redhat.java-1.42.0-win32-x64\jre\21.0.7-win32-x86_64\bin\instrument.dll
Event: 0.588 Loaded shared library C:\Users\hmfar\.vscode\extensions\redhat.java-1.42.0-win32-x64\jre\21.0.7-win32-x86_64\bin\net.dll
Event: 0.593 Loaded shared library C:\Users\hmfar\.vscode\extensions\redhat.java-1.42.0-win32-x64\jre\21.0.7-win32-x86_64\bin\nio.dll
Event: 0.599 Loaded shared library C:\Users\hmfar\.vscode\extensions\redhat.java-1.42.0-win32-x64\jre\21.0.7-win32-x86_64\bin\zip.dll
Event: 0.665 Loaded shared library C:\Users\hmfar\.vscode\extensions\redhat.java-1.42.0-win32-x64\jre\21.0.7-win32-x86_64\bin\jimage.dll
Event: 0.970 Loaded shared library c:\Users\hmfar\.vscode\extensions\redhat.java-1.42.0-win32-x64\jre\21.0.7-win32-x86_64\bin\verify.dll
Event: 13.264 Loaded shared library C:\Users\hmfar\AppData\Roaming\Code\User\globalStorage\redhat.java\1.42.0\config_win\org.eclipse.equinox.launcher\org.eclipse.equinox.launcher.win32.win32.x86_64_1.2.1300.v20250331-1702\eclipse_11911.dll
Event: 34.537 Loaded shared library C:\Users\hmfar\AppData\Local\Temp\jna-99394546\jna16098212136876050152.dll
Event: 37.501 Loaded shared library C:\Users\hmfar\.vscode\extensions\redhat.java-1.42.0-win32-x64\jre\21.0.7-win32-x86_64\bin\sunmscapi.dll
Event: 37.851 Loaded shared library C:\Users\hmfar\.vscode\extensions\redhat.java-1.42.0-win32-x64\jre\21.0.7-win32-x86_64\bin\extnet.dll

Deoptimization events (20 events):
Event: 111.249 Thread 0x0000000062ef5c70 Uncommon trap: trap_request=0xffffff45 fr.pc=0x000000000e17c4e8 relative=0x0000000000000408
Event: 111.249 Thread 0x0000000062ef5c70 Uncommon trap: reason=unstable_if action=reinterpret pc=0x000000000e17c4e8 method=org.eclipse.jdt.internal.compiler.parser.Scanner.getNextToken()Lorg/eclipse/jdt/internal/compiler/parser/TerminalToken; @ 92 c2
Event: 111.249 Thread 0x0000000062ef5c70 DEOPT PACKING pc=0x000000000e17c4e8 sp=0x00000000710ad250
Event: 111.249 Thread 0x0000000062ef5c70 DEOPT UNPACKING pc=0x000000000d276da2 sp=0x00000000710ad1f0 mode 2
Event: 111.314 Thread 0x0000000062ef5c70 Uncommon trap: trap_request=0xffffffc6 fr.pc=0x000000000de62ef8 relative=0x0000000000000278
Event: 111.314 Thread 0x0000000062ef5c70 Uncommon trap: reason=bimorphic_or_optimized_type_check action=maybe_recompile pc=0x000000000de62ef8 method=java.lang.reflect.Field.get(Ljava/lang/Object;)Ljava/lang/Object; @ 22 c2
Event: 111.314 Thread 0x0000000062ef5c70 DEOPT PACKING pc=0x000000000de62ef8 sp=0x00000000710af070
Event: 111.314 Thread 0x0000000062ef5c70 DEOPT UNPACKING pc=0x000000000d276da2 sp=0x00000000710af010 mode 2
Event: 111.315 Thread 0x0000000062ef5c70 Uncommon trap: trap_request=0xffffffc6 fr.pc=0x000000000de62ef8 relative=0x0000000000000278
Event: 111.315 Thread 0x0000000062ef5c70 Uncommon trap: reason=bimorphic_or_optimized_type_check action=maybe_recompile pc=0x000000000de62ef8 method=java.lang.reflect.Field.get(Ljava/lang/Object;)Ljava/lang/Object; @ 22 c2
Event: 111.315 Thread 0x0000000062ef5c70 DEOPT PACKING pc=0x000000000de62ef8 sp=0x00000000710aef30
Event: 111.315 Thread 0x0000000062ef5c70 DEOPT UNPACKING pc=0x000000000d276da2 sp=0x00000000710aeed0 mode 2
Event: 111.326 Thread 0x0000000062ef5c70 Uncommon trap: trap_request=0xffffffc6 fr.pc=0x000000000de62ef8 relative=0x0000000000000278
Event: 111.326 Thread 0x0000000062ef5c70 Uncommon trap: reason=bimorphic_or_optimized_type_check action=maybe_recompile pc=0x000000000de62ef8 method=java.lang.reflect.Field.get(Ljava/lang/Object;)Ljava/lang/Object; @ 22 c2
Event: 111.326 Thread 0x0000000062ef5c70 DEOPT PACKING pc=0x000000000de62ef8 sp=0x00000000710aef10
Event: 111.326 Thread 0x0000000062ef5c70 DEOPT UNPACKING pc=0x000000000d276da2 sp=0x00000000710aeeb0 mode 2
Event: 111.329 Thread 0x0000000062ef5c70 Uncommon trap: trap_request=0xffffffc6 fr.pc=0x000000000de62ef8 relative=0x0000000000000278
Event: 111.329 Thread 0x0000000062ef5c70 Uncommon trap: reason=bimorphic_or_optimized_type_check action=maybe_recompile pc=0x000000000de62ef8 method=java.lang.reflect.Field.get(Ljava/lang/Object;)Ljava/lang/Object; @ 22 c2
Event: 111.330 Thread 0x0000000062ef5c70 DEOPT PACKING pc=0x000000000de62ef8 sp=0x00000000710aed50
Event: 111.330 Thread 0x0000000062ef5c70 DEOPT UNPACKING pc=0x000000000d276da2 sp=0x00000000710aecf0 mode 2

Classes loaded (20 events):
Event: 84.287 Loading class java/util/concurrent/CompletableFuture$Signaller
Event: 84.287 Loading class java/util/concurrent/CompletableFuture$Signaller done
Event: 86.978 Loading class java/nio/charset/CharacterCodingException
Event: 86.984 Loading class java/nio/charset/CharacterCodingException done
Event: 86.985 Loading class java/io/SequenceInputStream
Event: 86.994 Loading class java/io/SequenceInputStream done
Event: 110.720 Loading class java/util/concurrent/CompletableFuture$UniApply
Event: 110.720 Loading class java/util/concurrent/CompletableFuture$UniCompletion
Event: 110.721 Loading class java/util/concurrent/CompletableFuture$UniCompletion done
Event: 110.721 Loading class java/util/concurrent/CompletableFuture$UniApply done
Event: 110.721 Loading class java/util/concurrent/CompletableFuture$UniAccept
Event: 110.722 Loading class java/util/concurrent/CompletableFuture$UniAccept done
Event: 110.722 Loading class java/util/concurrent/CompletableFuture$UniExceptionally
Event: 110.722 Loading class java/util/concurrent/CompletableFuture$UniExceptionally done
Event: 110.771 Loading class java/util/Hashtable$KeySet
Event: 110.771 Loading class java/util/Hashtable$KeySet done
Event: 110.801 Loading class java/lang/UnsupportedClassVersionError
Event: 110.802 Loading class java/lang/UnsupportedClassVersionError done
Event: 111.188 Loading class java/lang/invoke/MethodHandleImpl$CountingWrapper$1
Event: 111.189 Loading class java/lang/invoke/MethodHandleImpl$CountingWrapper$1 done

Classes unloaded (9 events):
Event: 35.511 Thread 0x0000000002ba1c00 Unloading class 0x00000000181a4c00 'java/lang/invoke/LambdaForm$MH+0x00000000181a4c00'
Event: 35.511 Thread 0x0000000002ba1c00 Unloading class 0x00000000181a4800 'java/lang/invoke/LambdaForm$MH+0x00000000181a4800'
Event: 35.511 Thread 0x0000000002ba1c00 Unloading class 0x00000000181a4400 'java/lang/invoke/LambdaForm$MH+0x00000000181a4400'
Event: 35.511 Thread 0x0000000002ba1c00 Unloading class 0x00000000181a4000 'java/lang/invoke/LambdaForm$MH+0x00000000181a4000'
Event: 35.511 Thread 0x0000000002ba1c00 Unloading class 0x00000000181a3c00 'java/lang/invoke/LambdaForm$BMH+0x00000000181a3c00'
Event: 35.511 Thread 0x0000000002ba1c00 Unloading class 0x00000000181a3800 'java/lang/invoke/LambdaForm$DMH+0x00000000181a3800'
Event: 35.511 Thread 0x0000000002ba1c00 Unloading class 0x00000000181a2400 'java/lang/invoke/LambdaForm$DMH+0x00000000181a2400'
Event: 108.535 Thread 0x0000000002ba1c00 Unloading class 0x0000000018734c00 'java/lang/invoke/LambdaForm$DMH+0x0000000018734c00'
Event: 108.535 Thread 0x0000000002ba1c00 Unloading class 0x0000000018734800 'java/lang/invoke/LambdaForm$DMH+0x0000000018734800'

Classes redefined (0 events):
No events

Internal exceptions (20 events):
Event: 109.593 Thread 0x000000005e407690 Exception <a 'sun/nio/fs/WindowsException'{0x00000000ead26970}> (0x00000000ead26970) 
thrown [s\src\hotspot\share\prims\jni.cpp, line 520]
Event: 109.753 Thread 0x000000005e407690 Exception <a 'sun/nio/fs/WindowsException'{0x00000000eab54458}> (0x00000000eab54458) 
thrown [s\src\hotspot\share\prims\jni.cpp, line 520]
Event: 109.807 Thread 0x000000005e407690 Exception <a 'sun/nio/fs/WindowsException'{0x00000000eae10ab8}> (0x00000000eae10ab8) 
thrown [s\src\hotspot\share\prims\jni.cpp, line 520]
Event: 109.865 Thread 0x000000005e407690 Exception <a 'sun/nio/fs/WindowsException'{0x00000000eab18bf8}> (0x00000000eab18bf8) 
thrown [s\src\hotspot\share\prims\jni.cpp, line 520]
Event: 109.957 Thread 0x000000005e407690 Exception <a 'sun/nio/fs/WindowsException'{0x00000000eae43358}> (0x00000000eae43358) 
thrown [s\src\hotspot\share\prims\jni.cpp, line 520]
Event: 109.995 Thread 0x000000005e407690 Exception <a 'sun/nio/fs/WindowsException'{0x00000000ead19928}> (0x00000000ead19928) 
thrown [s\src\hotspot\share\prims\jni.cpp, line 520]
Event: 110.727 Thread 0x0000000064a9e2e0 Exception <a 'java/lang/IncompatibleClassChangeError'{0x00000000ead82970}: Found class java.lang.Object, but interface was expected> (0x00000000ead82970) 
thrown [s\src\hotspot\share\interpreter\linkResolver.cpp, line 840]
Event: 110.734 Thread 0x0000000064a9e2e0 Exception <a 'java/lang/IncompatibleClassChangeError'{0x00000000eae66f68}: Found class java.lang.Object, but interface was expected> (0x00000000eae66f68) 
thrown [s\src\hotspot\share\interpreter\linkResolver.cpp, line 840]
Event: 110.815 Thread 0x000000005e407d20 Exception <a 'sun/nio/fs/WindowsException'{0x00000000eae4d908}> (0x00000000eae4d908) 
thrown [s\src\hotspot\share\prims\jni.cpp, line 520]
Event: 110.815 Thread 0x000000005e407d20 Exception <a 'sun/nio/fs/WindowsException'{0x00000000eae78c90}> (0x00000000eae78c90) 
thrown [s\src\hotspot\share\prims\jni.cpp, line 520]
Event: 110.817 Thread 0x000000005e407d20 Exception <a 'sun/nio/fs/WindowsException'{0x00000000eae79930}> (0x00000000eae79930) 
thrown [s\src\hotspot\share\prims\jni.cpp, line 520]
Event: 110.817 Thread 0x000000005e407d20 Exception <a 'sun/nio/fs/WindowsException'{0x00000000eae79f60}> (0x00000000eae79f60) 
thrown [s\src\hotspot\share\prims\jni.cpp, line 520]
Event: 110.826 Thread 0x000000005e407d20 Exception <a 'java/io/FileNotFoundException'{0x00000000eaeb95a0}> (0x00000000eaeb95a0) 
thrown [s\src\hotspot\share\prims\jni.cpp, line 520]
Event: 110.828 Thread 0x000000005e407d20 Exception <a 'java/io/FileNotFoundException'{0x00000000eaee6278}> (0x00000000eaee6278) 
thrown [s\src\hotspot\share\prims\jni.cpp, line 520]
Event: 110.836 Thread 0x000000005e407d20 Exception <a 'sun/nio/fs/WindowsException'{0x00000000eaf30378}> (0x00000000eaf30378) 
thrown [s\src\hotspot\share\prims\jni.cpp, line 520]
Event: 110.836 Thread 0x000000005e407d20 Exception <a 'sun/nio/fs/WindowsException'{0x00000000eaf309a8}> (0x00000000eaf309a8) 
thrown [s\src\hotspot\share\prims\jni.cpp, line 520]
Event: 110.930 Thread 0x0000000062ef5c70 Exception <a 'java/lang/NoSuchMethodError'{0x00000000eab6b5d8}: 'int java.lang.invoke.Invokers$Holder.invokeExact_MT(java.lang.Object, java.lang.Object)'> (0x00000000eab6b5d8) 
thrown [s\src\hotspot\share\interpreter\linkResolver.cpp, line 773]
Event: 110.943 Thread 0x000000005e407d20 Exception <a 'sun/nio/fs/WindowsException'{0x00000000eabbbaa0}> (0x00000000eabbbaa0) 
thrown [s\src\hotspot\share\prims\jni.cpp, line 520]
Event: 110.943 Thread 0x000000005e407d20 Exception <a 'sun/nio/fs/WindowsException'{0x00000000eabbc380}> (0x00000000eabbc380) 
thrown [s\src\hotspot\share\prims\jni.cpp, line 520]
Event: 111.058 Thread 0x0000000062ef5c70 Exception <a 'java/lang/IncompatibleClassChangeError'{0x00000000eac9e7e8}: Found class java.lang.Object, but interface was expected> (0x00000000eac9e7e8) 
thrown [s\src\hotspot\share\interpreter\linkResolver.cpp, line 840]

ZGC Phase Switch (0 events):
No events

VM Operations (20 events):
Event: 110.559 Executing VM operation: ParallelGCFailedAllocation (Allocation Failure)
Event: 110.563 Executing VM operation: ParallelGCFailedAllocation (Allocation Failure) done
Event: 110.621 Executing VM operation: ParallelGCFailedAllocation (Allocation Failure)
Event: 110.629 Executing VM operation: ParallelGCFailedAllocation (Allocation Failure) done
Event: 110.693 Executing VM operation: ParallelGCFailedAllocation (Allocation Failure)
Event: 110.698 Executing VM operation: ParallelGCFailedAllocation (Allocation Failure) done
Event: 110.749 Executing VM operation: ParallelGCFailedAllocation (Allocation Failure)
Event: 110.753 Executing VM operation: ParallelGCFailedAllocation (Allocation Failure) done
Event: 110.819 Executing VM operation: HandshakeAllThreads (Deoptimize)
Event: 110.819 Executing VM operation: HandshakeAllThreads (Deoptimize) done
Event: 110.847 Executing VM operation: ParallelGCFailedAllocation (Allocation Failure)
Event: 110.867 Executing VM operation: ParallelGCFailedAllocation (Allocation Failure) done
Event: 111.007 Executing VM operation: ParallelGCFailedAllocation (Allocation Failure)
Event: 111.024 Executing VM operation: ParallelGCFailedAllocation (Allocation Failure) done
Event: 111.077 Executing VM operation: ParallelGCFailedAllocation (Allocation Failure)
Event: 111.083 Executing VM operation: ParallelGCFailedAllocation (Allocation Failure) done
Event: 111.105 Executing VM operation: ParallelGCFailedAllocation (Allocation Failure)
Event: 111.109 Executing VM operation: ParallelGCFailedAllocation (Allocation Failure) done
Event: 111.288 Executing VM operation: ParallelGCFailedAllocation (Allocation Failure)
Event: 111.291 Executing VM operation: ParallelGCFailedAllocation (Allocation Failure) done

Memory protections (0 events):
No events

Nmethod flushes (20 events):
Event: 108.620 Thread 0x0000000002ba1c00 flushing  nmethod 0x0000000006ce2110
Event: 108.620 Thread 0x0000000002ba1c00 flushing  nmethod 0x0000000006ce5e10
Event: 108.620 Thread 0x0000000002ba1c00 flushing  nmethod 0x0000000006ce6490
Event: 108.620 Thread 0x0000000002ba1c00 flushing  nmethod 0x0000000006ce6e10
Event: 108.620 Thread 0x0000000002ba1c00 flushing  nmethod 0x0000000006d5ae10
Event: 108.620 Thread 0x0000000002ba1c00 flushing  nmethod 0x0000000006d5b710
Event: 108.620 Thread 0x0000000002ba1c00 flushing osr nmethod 0x0000000006d5f910
Event: 108.620 Thread 0x0000000002ba1c00 flushing  nmethod 0x0000000006d61910
Event: 108.620 Thread 0x0000000002ba1c00 flushing  nmethod 0x0000000006d64a90
Event: 108.620 Thread 0x0000000002ba1c00 flushing  nmethod 0x0000000006d65090
Event: 108.620 Thread 0x0000000002ba1c00 flushing  nmethod 0x0000000006d66610
Event: 108.620 Thread 0x0000000002ba1c00 flushing  nmethod 0x0000000006d8b510
Event: 108.620 Thread 0x0000000002ba1c00 flushing  nmethod 0x0000000006d8bd90
Event: 108.620 Thread 0x0000000002ba1c00 flushing  nmethod 0x0000000006d93f90
Event: 108.620 Thread 0x0000000002ba1c00 flushing  nmethod 0x0000000006daca90
Event: 108.620 Thread 0x0000000002ba1c00 flushing  nmethod 0x0000000006dbe990
Event: 108.620 Thread 0x0000000002ba1c00 flushing  nmethod 0x0000000006dcd490
Event: 108.620 Thread 0x0000000002ba1c00 flushing  nmethod 0x0000000006dcd990
Event: 108.620 Thread 0x0000000002ba1c00 flushing  nmethod 0x0000000006dcdf90
Event: 108.620 Thread 0x0000000002ba1c00 flushing  nmethod 0x0000000006dcec10

Events (20 events):
Event: 80.643 Thread 0x000000005e4062e0 Thread added: 0x0000000062ef7d40
Event: 80.742 Thread 0x0000000062ef6990 Thread exited: 0x0000000062ef6990
Event: 80.744 Thread 0x0000000062ef7d40 Thread exited: 0x0000000062ef7d40
Event: 80.744 Thread 0x0000000062ef6300 Thread exited: 0x0000000062ef6300
Event: 80.744 Thread 0x0000000062ef83d0 Thread exited: 0x0000000062ef83d0
Event: 80.746 Thread 0x0000000062ef5c70 Thread exited: 0x0000000062ef5c70
Event: 97.735 Thread 0x000000005e4062e0 Thread added: 0x0000000062ef8a60
Event: 100.327 Thread 0x000000005e33e000 Thread added: 0x0000000063b0e1e0
Event: 101.272 Thread 0x000000005e33e000 Thread added: 0x0000000063b0e8b0
Event: 106.126 Thread 0x0000000063b0e8b0 Thread exited: 0x0000000063b0e8b0
Event: 106.625 Thread 0x0000000063b0e1e0 Thread exited: 0x0000000063b0e1e0
Event: 109.802 Thread 0x00000000581c8dc0 Thread added: 0x0000000063b11860
Event: 110.210 Thread 0x0000000063b11860 Thread exited: 0x0000000063b11860
Event: 110.723 Thread 0x0000000064a9e2e0 Thread added: 0x0000000062efab30
Event: 110.724 Thread 0x0000000062efab30 Thread added: 0x0000000062efbee0
Event: 110.724 Thread 0x000000005e33e000 Thread added: 0x0000000063b11860
Event: 110.725 Thread 0x0000000062efbee0 Thread added: 0x0000000062efcc00
Event: 110.728 Thread 0x0000000064a9e2e0 Thread added: 0x0000000062ef5c70
Event: 110.736 Thread 0x000000005e33e000 Thread added: 0x0000000063b0d440
Event: 110.933 Thread 0x000000005e407d20 Thread added: 0x0000000062efb850


Dynamic libraries:
0x00007ff655d40000 - 0x00007ff655d4e000 	c:\Users\hmfar\.vscode\extensions\redhat.java-1.42.0-win32-x64\jre\21.0.7-win32-x86_64\bin\java.exe
0x00007ff90e970000 - 0x00007ff90eb87000 	C:\WINDOWS\SYSTEM32\ntdll.dll
0x00007ff90dea0000 - 0x00007ff90df64000 	C:\WINDOWS\System32\KERNEL32.DLL
0x00007ff90bfd0000 - 0x00007ff90c3a3000 	C:\WINDOWS\System32\KERNELBASE.dll
0x00007ff90c430000 - 0x00007ff90c541000 	C:\WINDOWS\System32\ucrtbase.dll
0x00007ff8d2110000 - 0x00007ff8d2128000 	c:\Users\hmfar\.vscode\extensions\redhat.java-1.42.0-win32-x64\jre\21.0.7-win32-x86_64\bin\jli.dll
0x00007ff90c8c0000 - 0x00007ff90ca71000 	C:\WINDOWS\System32\USER32.dll
0x00007ff90c550000 - 0x00007ff90c576000 	C:\WINDOWS\System32\win32u.dll
0x00007ff90e900000 - 0x00007ff90e929000 	C:\WINDOWS\System32\GDI32.dll
0x00007ff90bea0000 - 0x00007ff90bfc2000 	C:\WINDOWS\System32\gdi32full.dll
0x00007ff90ba60000 - 0x00007ff90bafa000 	C:\WINDOWS\System32\msvcp_win.dll
0x00007ff8cf110000 - 0x00007ff8cf12e000 	c:\Users\hmfar\.vscode\extensions\redhat.java-1.42.0-win32-x64\jre\21.0.7-win32-x86_64\bin\VCRUNTIME140.dll
0x00007ff8fd480000 - 0x00007ff8fd71b000 	C:\WINDOWS\WinSxS\amd64_microsoft.windows.common-controls_6595b64144ccf1df_6.0.22621.5262_none_2712bde373830908\COMCTL32.dll
0x00007ff90e800000 - 0x00007ff90e8a7000 	C:\WINDOWS\System32\msvcrt.dll
0x00007ff90e2d0000 - 0x00007ff90e301000 	C:\WINDOWS\System32\IMM32.DLL
0x00007ff8f51b0000 - 0x00007ff8f51bc000 	c:\Users\hmfar\.vscode\extensions\redhat.java-1.42.0-win32-x64\jre\21.0.7-win32-x86_64\bin\vcruntime140_1.dll
0x00007ff8c1110000 - 0x00007ff8c119d000 	c:\Users\hmfar\.vscode\extensions\redhat.java-1.42.0-win32-x64\jre\21.0.7-win32-x86_64\bin\msvcp140.dll
0x00007ff8a01b0000 - 0x00007ff8a0f40000 	c:\Users\hmfar\.vscode\extensions\redhat.java-1.42.0-win32-x64\jre\21.0.7-win32-x86_64\bin\server\jvm.dll
0x00007ff90c660000 - 0x00007ff90c711000 	C:\WINDOWS\System32\ADVAPI32.dll
0x00007ff90d830000 - 0x00007ff90d8d7000 	C:\WINDOWS\System32\sechost.dll
0x00007ff90bc40000 - 0x00007ff90bc68000 	C:\WINDOWS\System32\bcrypt.dll
0x00007ff90e1b0000 - 0x00007ff90e2c4000 	C:\WINDOWS\System32\RPCRT4.dll
0x00007ff90c720000 - 0x00007ff90c791000 	C:\WINDOWS\System32\WS2_32.dll
0x00007ff90b330000 - 0x00007ff90b37d000 	C:\WINDOWS\SYSTEM32\POWRPROF.dll
0x00007ff906fb0000 - 0x00007ff906fe4000 	C:\WINDOWS\SYSTEM32\WINMM.dll
0x00007ff9005e0000 - 0x00007ff9005ea000 	C:\WINDOWS\SYSTEM32\VERSION.dll
0x00007ff90b310000 - 0x00007ff90b323000 	C:\WINDOWS\SYSTEM32\UMPDC.dll
0x00007ff90aa60000 - 0x00007ff90aa78000 	C:\WINDOWS\SYSTEM32\kernel.appcore.dll
0x00007ff8f5190000 - 0x00007ff8f519a000 	c:\Users\hmfar\.vscode\extensions\redhat.java-1.42.0-win32-x64\jre\21.0.7-win32-x86_64\bin\jimage.dll
0x00007ff908ff0000 - 0x00007ff909222000 	C:\WINDOWS\SYSTEM32\DBGHELP.DLL
0x00007ff90d970000 - 0x00007ff90dd03000 	C:\WINDOWS\System32\combase.dll
0x00007ff90cb50000 - 0x00007ff90cc27000 	C:\WINDOWS\System32\OLEAUT32.dll
0x00007ff8f26a0000 - 0x00007ff8f26d2000 	C:\WINDOWS\SYSTEM32\dbgcore.DLL
0x00007ff90c3b0000 - 0x00007ff90c42b000 	C:\WINDOWS\System32\bcryptPrimitives.dll
0x00007ff8f43a0000 - 0x00007ff8f43af000 	c:\Users\hmfar\.vscode\extensions\redhat.java-1.42.0-win32-x64\jre\21.0.7-win32-x86_64\bin\instrument.dll
0x00007ff8cf040000 - 0x00007ff8cf05f000 	c:\Users\hmfar\.vscode\extensions\redhat.java-1.42.0-win32-x64\jre\21.0.7-win32-x86_64\bin\java.dll
0x00007ff90cdf0000 - 0x00007ff90d68d000 	C:\WINDOWS\System32\SHELL32.dll
0x00007ff90bb00000 - 0x00007ff90bc3f000 	C:\WINDOWS\System32\wintypes.dll
0x00007ff909950000 - 0x00007ff90a26d000 	C:\WINDOWS\SYSTEM32\windows.storage.dll
0x00007ff90dd10000 - 0x00007ff90de1b000 	C:\WINDOWS\System32\SHCORE.dll
0x00007ff90e790000 - 0x00007ff90e7f6000 	C:\WINDOWS\System32\shlwapi.dll
0x00007ff90b990000 - 0x00007ff90b9bb000 	C:\WINDOWS\SYSTEM32\profapi.dll
0x00007ff8cea50000 - 0x00007ff8cea68000 	c:\Users\hmfar\.vscode\extensions\redhat.java-1.42.0-win32-x64\jre\21.0.7-win32-x86_64\bin\zip.dll
0x00007ff8f3b20000 - 0x00007ff8f3b30000 	C:\Users\hmfar\.vscode\extensions\redhat.java-1.42.0-win32-x64\jre\21.0.7-win32-x86_64\bin\net.dll
0x00007ff9072d0000 - 0x00007ff9073fc000 	C:\WINDOWS\SYSTEM32\WINHTTP.dll
0x00007ff90aed0000 - 0x00007ff90af3a000 	C:\WINDOWS\system32\mswsock.dll
0x00007ff8ce9d0000 - 0x00007ff8ce9e6000 	C:\Users\hmfar\.vscode\extensions\redhat.java-1.42.0-win32-x64\jre\21.0.7-win32-x86_64\bin\nio.dll
0x00007ff8f0fc0000 - 0x00007ff8f0fd0000 	c:\Users\hmfar\.vscode\extensions\redhat.java-1.42.0-win32-x64\jre\21.0.7-win32-x86_64\bin\verify.dll
0x00007ff8caa10000 - 0x00007ff8caa55000 	C:\Users\hmfar\AppData\Roaming\Code\User\globalStorage\redhat.java\1.42.0\config_win\org.eclipse.equinox.launcher\org.eclipse.equinox.launcher.win32.win32.x86_64_1.2.1300.v20250331-1702\eclipse_11911.dll
0x00007ff90cc30000 - 0x00007ff90cdd1000 	C:\WINDOWS\System32\ole32.dll
0x00007ff90b170000 - 0x00007ff90b18b000 	C:\WINDOWS\SYSTEM32\CRYPTSP.dll
0x00007ff90a9c0000 - 0x00007ff90a9f7000 	C:\WINDOWS\system32\rsaenh.dll
0x00007ff90af70000 - 0x00007ff90af98000 	C:\WINDOWS\SYSTEM32\USERENV.dll
0x00007ff90b0e0000 - 0x00007ff90b0ec000 	C:\WINDOWS\SYSTEM32\CRYPTBASE.dll
0x00007ff90a4d0000 - 0x00007ff90a4fd000 	C:\WINDOWS\SYSTEM32\IPHLPAPI.DLL
0x00007ff90cde0000 - 0x00007ff90cde9000 	C:\WINDOWS\System32\NSI.dll
0x00007ff8f5b60000 - 0x00007ff8f5ba9000 	C:\Users\hmfar\AppData\Local\Temp\jna-99394546\jna16098212136876050152.dll
0x00007ff90c8b0000 - 0x00007ff90c8b8000 	C:\WINDOWS\System32\PSAPI.DLL
0x00007ff9071f0000 - 0x00007ff907209000 	C:\WINDOWS\SYSTEM32\dhcpcsvc6.DLL
0x00007ff906f90000 - 0x00007ff906faf000 	C:\WINDOWS\SYSTEM32\dhcpcsvc.DLL
0x00007ff8e1190000 - 0x00007ff8e119e000 	C:\Users\hmfar\.vscode\extensions\redhat.java-1.42.0-win32-x64\jre\21.0.7-win32-x86_64\bin\sunmscapi.dll
0x00007ff90bd30000 - 0x00007ff90be97000 	C:\WINDOWS\System32\CRYPT32.dll
0x00007ff90b420000 - 0x00007ff90b44d000 	C:\WINDOWS\SYSTEM32\ncrypt.dll
0x00007ff90b3e0000 - 0x00007ff90b417000 	C:\WINDOWS\SYSTEM32\NTASN1.dll
0x00007ff90a540000 - 0x00007ff90a638000 	C:\WINDOWS\SYSTEM32\DNSAPI.dll
0x00007ff900830000 - 0x00007ff90083a000 	C:\Windows\System32\rasadhlp.dll
0x00007ff9014b0000 - 0x00007ff901533000 	C:\WINDOWS\System32\fwpuclnt.dll
0x00007ff8d94c0000 - 0x00007ff8d94c9000 	C:\Users\hmfar\.vscode\extensions\redhat.java-1.42.0-win32-x64\jre\21.0.7-win32-x86_64\bin\extnet.dll

dbghelp: loaded successfully - version: 4.0.5 - missing functions: none
symbol engine: initialized successfully - sym options: 0x614 - pdb path: .;c:\Users\hmfar\.vscode\extensions\redhat.java-1.42.0-win32-x64\jre\21.0.7-win32-x86_64\bin;C:\WINDOWS\SYSTEM32;C:\WINDOWS\WinSxS\amd64_microsoft.windows.common-controls_6595b64144ccf1df_6.0.22621.5262_none_2712bde373830908;c:\Users\hmfar\.vscode\extensions\redhat.java-1.42.0-win32-x64\jre\21.0.7-win32-x86_64\bin\server;C:\Users\hmfar\AppData\Roaming\Code\User\globalStorage\redhat.java\1.42.0\config_win\org.eclipse.equinox.launcher\org.eclipse.equinox.launcher.win32.win32.x86_64_1.2.1300.v20250331-1702;C:\Users\hmfar\AppData\Local\Temp\jna-99394546

VM Arguments:
jvm_args: --add-modules=ALL-SYSTEM --add-opens=java.base/java.util=ALL-UNNAMED --add-opens=java.base/java.lang=ALL-UNNAMED --add-opens=java.base/sun.nio.fs=ALL-UNNAMED -Declipse.application=org.eclipse.jdt.ls.core.id1 -Dosgi.bundles.defaultStartLevel=4 -Declipse.product=org.eclipse.jdt.ls.core.product -Djava.import.generatesMetadataFilesAtProjectRoot=false -DDetectVMInstallationsJob.disabled=true -Dfile.encoding=utf8 -XX:+UseParallelGC -XX:GCTimeRatio=4 -XX:AdaptiveSizePolicyWeight=90 -Dsun.zip.disableMemoryMapping=true -Xmx1G -Xms100m -Xlog:disable -javaagent:c:\Users\hmfar\.vscode\extensions\redhat.java-1.42.0-win32-x64\lombok\lombok-1.18.36.jar -XX:+HeapDumpOnOutOfMemoryError -XX:HeapDumpPath=c:\Users\hmfar\AppData\Roaming\Code\User\workspaceStorage\c3a96d27314cb5bde88c8915a752ecbe\redhat.java -Daether.dependencyCollector.impl=bf 
java_command: c:\Users\hmfar\.vscode\extensions\redhat.java-1.42.0-win32-x64\server\plugins\org.eclipse.equinox.launcher_1.7.0.v20250424-1814.jar -configuration c:\Users\hmfar\AppData\Roaming\Code\User\globalStorage\redhat.java\1.42.0\config_win -data c:\Users\hmfar\AppData\Roaming\Code\User\workspaceStorage\c3a96d27314cb5bde88c8915a752ecbe\redhat.java\jdt_ws --pipe=\\.\pipe\lsp-90417c9d4215c96faa3bc869bac00865-sock
java_class_path (initial): c:\Users\hmfar\.vscode\extensions\redhat.java-1.42.0-win32-x64\server\plugins\org.eclipse.equinox.launcher_1.7.0.v20250424-1814.jar
Launcher Type: SUN_STANDARD

[Global flags]
    uintx AdaptiveSizePolicyWeight                 = 90                                        {product} {command line}
     intx CICompilerCount                          = 4                                         {product} {ergonomic}
    uintx GCTimeRatio                              = 4                                         {product} {command line}
     bool HeapDumpOnOutOfMemoryError               = true                                   {manageable} {command line}
    ccstr HeapDumpPath                             = c:\Users\hmfar\AppData\Roaming\Code\User\workspaceStorage\c3a96d27314cb5bde88c8915a752ecbe\redhat.java         {manageable} {command line}
   size_t InitialHeapSize                          = 104857600                                 {product} {command line}
   size_t MaxHeapSize                              = 1073741824                                {product} {command line}
   size_t MaxNewSize                               = 357564416                                 {product} {ergonomic}
   size_t MinHeapDeltaBytes                        = 524288                                    {product} {ergonomic}
   size_t MinHeapSize                              = 104857600                                 {product} {command line}
   size_t NewSize                                  = 34603008                                  {product} {ergonomic}
    uintx NonNMethodCodeHeapSize                   = 5839372                                {pd product} {ergonomic}
    uintx NonProfiledCodeHeapSize                  = 122909434                              {pd product} {ergonomic}
   size_t OldSize                                  = 70254592                                  {product} {ergonomic}
    uintx ProfiledCodeHeapSize                     = 122909434                              {pd product} {ergonomic}
    uintx ReservedCodeCacheSize                    = 251658240                              {pd product} {ergonomic}
     bool SegmentedCodeCache                       = true                                      {product} {ergonomic}
   size_t SoftMaxHeapSize                          = 1073741824                             {manageable} {ergonomic}
     bool UseCompressedOops                        = true                           {product lp64_product} {ergonomic}
     bool UseLargePagesIndividualAllocation        = false                                  {pd product} {ergonomic}
     bool UseParallelGC                            = true                                      {product} {command line}

Logging:
Log output configuration:
 #0: stdout all=off uptime,level,tags foldmultilines=false
 #1: stderr all=off uptime,level,tags foldmultilines=false

Environment Variables:
JAVA_HOME=C:\Program Files\Java\jdk-17
PATH=C:\Program Files\Common Files\Oracle\Java\javapath;C:\Program Files\Java\jdk1.8.0_172\bin;C:\Program Files (x86)\Common Files\Intel\Shared Libraries\redist\intel64\compiler;C:\Python311\Scripts\;C:\Python311\;C:\Program Files (x86)\Common Files\Oracle\Java\javapath;C:\WINDOWS\system32;C:\WINDOWS;C:\WINDOWS\System32\Wbem;C:\WINDOWS\System32\WindowsPowerShell\v1.0\;C:\WINDOWS\System32\OpenSSH\;C:\Program Files\Java\jdk1.8.0_172\bin;C:\ProgramData\chocolatey\bin;D:\Programming\apache-maven-3.8.6-bin\apache-maven-3.8.6\bin;C:\Program Files\PuTTY\;C:\Program Files\nodejs\;C:\Program Files\Java\jdk-17\bin;C:\Program Files\Java\jdk-11\bin;C:\Users\hmfar\AppData\Local\Microsoft\WindowsApps;C:\Users\hmfar\AppData\Local\Programs\Microsoft VS Code\bin;C:\Users\hmfar\AppData\Roaming\npm;
USERNAME=hmfar
OS=Windows_NT
PROCESSOR_IDENTIFIER=Intel64 Family 6 Model 140 Stepping 1, GenuineIntel
TMP=C:\Users\hmfar\AppData\Local\Temp
TEMP=C:\Users\hmfar\AppData\Local\Temp




Periodic native trim disabled

---------------  S Y S T E M  ---------------

OS:
 Windows 11 , 64 bit Build 22621 (10.0.22621.5262)
OS uptime: 3 days 11:51 hours
Hyper-V role detected

CPU: total 8 (initial active 8) (4 cores per cpu, 2 threads per core) family 6 model 140 stepping 1 microcode 0x86, cx8, cmov, fxsr, ht, mmx, 3dnowpref, sse, sse2, sse3, ssse3, sse4.1, sse4.2, popcnt, lzcnt, tsc, tscinvbit, avx, avx2, aes, erms, clmul, bmi1, bmi2, adx, avx512f, avx512dq, avx512cd, avx512bw, avx512vl, sha, fma, vzeroupper, avx512_vpopcntdq, avx512_vpclmulqdq, avx512_vaes, avx512_vnni, clflush, clflushopt, clwb, avx512_vbmi2, avx512_vbmi, hv, rdtscp, rdpid, fsrm, gfni, avx512_bitalg, f16c, cet_ibt, cet_ss, avx512_ifma
Processor Information for the first 8 processors :
  Max Mhz: 3110, Current Mhz: 3110, Mhz Limit: 3110

Memory: 4k page, system-wide physical 7975M (934M free)
TotalPageFile size 26725M (AvailPageFile size 2M)
current process WorkingSet (physical memory assigned to process): 886M, peak: 886M
current process commit charge ("private bytes"): 979M, peak: 985M

vm_info: OpenJDK 64-Bit Server VM (21.0.7+6-LTS) for windows-amd64 JRE (21.0.7+6-LTS), built on 2025-04-15T00:00:00Z by "admin" with MS VC++ 17.7 (VS2022)

END.
