#
# There is insufficient memory for the Java Runtime Environment to continue.
# Native memory allocation (malloc) failed to allocate 1431248 bytes for Chunk::new
# Possible reasons:
#   The system is out of physical RAM or swap space
#   The process is running with CompressedOops enabled, and the Java Heap may be blocking the growth of the native heap
# Possible solutions:
#   Reduce memory load on the system
#   Increase physical memory or swap space
#   Check if swap backing store is full
#   Decrease Java heap size (-Xmx/-Xms)
#   Decrease number of Java threads
#   Decrease Java thread stack sizes (-Xss)
#   Set larger code cache with -XX:ReservedCodeCacheSize=
#   JVM is running with Unscaled Compressed Oops mode in which the Java heap is
#     placed in the first 4GB address space. The Java Heap base address is the
#     maximum limit for the native heap growth. Please use -XX:HeapBaseMinAddress
#     to set the Java Heap base and to place the Java Heap above 4GB virtual address.
# This output file may be truncated or incomplete.
#
#  Out of Memory Error (arena.cpp:189), pid=12284, tid=23468
#
# JRE version: Java(TM) SE Runtime Environment (17.0.11+7) (build 17.0.11+7-LTS-207)
# Java VM: Java HotSpot(TM) 64-Bit Server VM (17.0.11+7-LTS-207, mixed mode, sharing, tiered, compressed oops, compressed class ptrs, g1 gc, windows-amd64)
# No core dump will be written. Minidumps are not enabled by default on client versions of Windows
#

---------------  S U M M A R Y ------------

Command Line: -XX:+ShowCodeDetailsInExceptionMessages com.example.bake_boss_backend.BakeBossBackendApplication

Host: 11th Gen Intel(R) Core(TM) i5-11300H @ 3.10GHz, 8 cores, 7G,  Windows 11 , 64 bit Build 22621 (10.0.22621.4830)
Time: Fri Mar 14 00:27:08 2025 Bangladesh Standard Time elapsed time: 2061.793016 seconds (0d 0h 34m 21s)

---------------  T H R E A D  ---------------

Current thread (0x000000006819d370):  JavaThread "C2 CompilerThread1" daemon [_thread_in_native, id=23468, stack(0x0000000068d20000,0x0000000068e20000)]


Current CompileTask:
C2:2061793 18083       4       java.nio.file.FileTreeIterator::fetchNextIfNeeded (65 bytes)

Stack: [0x0000000068d20000,0x0000000068e20000]
Native frames: (J=compiled Java code, j=interpreted, Vv=VM code, C=native code)
V  [jvm.dll+0x679cca]
V  [jvm.dll+0x7da13d]
V  [jvm.dll+0x7dba83]
V  [jvm.dll+0x7dc0f3]
V  [jvm.dll+0x2449af]
V  [jvm.dll+0xab83b]
V  [jvm.dll+0xabe1c]
V  [jvm.dll+0x3615ae]
V  [jvm.dll+0x1b9fca]
V  [jvm.dll+0x216337]
V  [jvm.dll+0x21560f]
V  [jvm.dll+0x1a2040]
V  [jvm.dll+0x225a2b]
V  [jvm.dll+0x223bcb]
V  [jvm.dll+0x7903ec]
V  [jvm.dll+0x78a85a]
V  [jvm.dll+0x678bb5]
C  [ucrtbase.dll+0x29333]
C  [KERNEL32.DLL+0x1259d]
C  [ntdll.dll+0x5af38]


---------------  P R O C E S S  ---------------

Threads class SMR info:
_java_thread_list=0x000000006b753d20, length=23, elements={
0x0000000020ded4e0, 0x0000000020def850, 0x0000000020e08550, 0x0000000020e09ea0,
0x0000000020e09480, 0x0000000020e09990, 0x0000000020e18310, 0x0000000020e1a890,
0x0000000020e0a3b0, 0x0000000020e08a60, 0x0000000020e0a8c0, 0x0000000069a48730,
0x0000000069a44560, 0x0000000069a43630, 0x0000000069a44a70, 0x0000000069a42700,
0x0000000069a472f0, 0x000000006819d370, 0x0000000069a43b40, 0x0000000069a45490,
0x0000000069a47800, 0x0000000069a47d10, 0x0000000069a41ce0
}

Java Threads: ( => current thread )
  0x0000000020ded4e0 JavaThread "Reference Handler" daemon [_thread_blocked, id=15752, stack(0x0000000021170000,0x0000000021270000)]
  0x0000000020def850 JavaThread "Finalizer" daemon [_thread_blocked, id=9104, stack(0x0000000021270000,0x0000000021370000)]
  0x0000000020e08550 JavaThread "Signal Dispatcher" daemon [_thread_blocked, id=12008, stack(0x0000000021470000,0x0000000021570000)]
  0x0000000020e09ea0 JavaThread "Attach Listener" daemon [_thread_blocked, id=6600, stack(0x0000000021570000,0x0000000021670000)]
  0x0000000020e09480 JavaThread "Service Thread" daemon [_thread_blocked, id=19632, stack(0x0000000021670000,0x0000000021770000)]
  0x0000000020e09990 JavaThread "Monitor Deflation Thread" daemon [_thread_blocked, id=14660, stack(0x0000000021770000,0x0000000021870000)]
  0x0000000020e18310 JavaThread "C2 CompilerThread0" daemon [_thread_in_native, id=1356, stack(0x0000000021870000,0x0000000021970000)]
  0x0000000020e1a890 JavaThread "C1 CompilerThread0" daemon [_thread_blocked, id=3092, stack(0x0000000021970000,0x0000000021a70000)]
  0x0000000020e0a3b0 JavaThread "Sweeper thread" daemon [_thread_blocked, id=8696, stack(0x0000000021a70000,0x0000000021b70000)]
  0x0000000020e08a60 JavaThread "Notification Thread" daemon [_thread_blocked, id=21948, stack(0x0000000067000000,0x0000000067100000)]
  0x0000000020e0a8c0 JavaThread "Common-Cleaner" daemon [_thread_blocked, id=23984, stack(0x0000000067200000,0x0000000067300000)]
  0x0000000069a48730 JavaThread "mysql-cj-abandoned-connection-cleanup" daemon [_thread_blocked, id=4012, stack(0x000000006ced0000,0x000000006cfd0000)]
  0x0000000069a44560 JavaThread "Live Reload Server" daemon [_thread_in_native, id=18032, stack(0x0000000071150000,0x0000000071250000)]
  0x0000000069a43630 JavaThread "DestroyJavaVM" [_thread_blocked, id=21068, stack(0x00000000021a0000,0x00000000022a0000)]
  0x0000000069a44a70 JavaThread "File Watcher" daemon [_thread_blocked, id=14408, stack(0x0000000000880000,0x0000000000980000)]
  0x0000000069a42700 JavaThread "Thread-38" [_thread_blocked, id=15212, stack(0x0000000000680000,0x0000000000780000)]
  0x0000000069a472f0 JavaThread "restartedMain" [_thread_in_native, id=2632, stack(0x0000000067300000,0x0000000067400000)]
=>0x000000006819d370 JavaThread "C2 CompilerThread1" daemon [_thread_in_native, id=23468, stack(0x0000000068d20000,0x0000000068e20000)]
  0x0000000069a43b40 JavaThread "Catalina-utility-1" [_thread_blocked, id=13224, stack(0x0000000068e20000,0x0000000068f20000)]
  0x0000000069a45490 JavaThread "Catalina-utility-2" [_thread_blocked, id=14896, stack(0x0000000068f20000,0x0000000069020000)]
  0x0000000069a47800 JavaThread "container-1" [_thread_blocked, id=12296, stack(0x000000006cbd0000,0x000000006ccd0000)]
  0x0000000069a47d10 JavaThread "HikariPool-11 housekeeper" daemon [_thread_blocked, id=5964, stack(0x000000006ccd0000,0x000000006cdd0000)]
  0x0000000069a41ce0 JavaThread "HikariPool-11 connection adder" daemon [_thread_blocked, id=16136, stack(0x000000006cdd0000,0x000000006ced0000)]

Other Threads:
  0x0000000020dea1d0 VMThread "VM Thread" [stack: 0x0000000021070000,0x0000000021170000] [id=16916]
  0x0000000002b61ff0 WatcherThread [stack: 0x0000000067100000,0x0000000067200000] [id=13136]
  0x0000000002b47dc0 GCTaskThread "GC Thread#0" [stack: 0x000000001e0f0000,0x000000001e1f0000] [id=25568]
  0x0000000067b12d10 GCTaskThread "GC Thread#1" [stack: 0x0000000069020000,0x0000000069120000] [id=22624]
  0x00000000681eb850 GCTaskThread "GC Thread#2" [stack: 0x0000000069120000,0x0000000069220000] [id=3668]
  0x00000000681ebb10 GCTaskThread "GC Thread#3" [stack: 0x0000000069220000,0x0000000069320000] [id=21904]
  0x00000000681ebdd0 GCTaskThread "GC Thread#4" [stack: 0x0000000069320000,0x0000000069420000] [id=12632]
  0x00000000681ec090 GCTaskThread "GC Thread#5" [stack: 0x0000000069420000,0x0000000069520000] [id=17036]
  0x00000000687789d0 GCTaskThread "GC Thread#6" [stack: 0x0000000069720000,0x0000000069820000] [id=19720]
  0x000000006879e240 GCTaskThread "GC Thread#7" [stack: 0x0000000069820000,0x0000000069920000] [id=22164]
  0x0000000002b59e80 ConcurrentGCThread "G1 Main Marker" [stack: 0x000000001e1f0000,0x000000001e2f0000] [id=6468]
  0x0000000002b5a890 ConcurrentGCThread "G1 Conc#0" [stack: 0x000000001e2f0000,0x000000001e3f0000] [id=18456]
  0x0000000068a414a0 ConcurrentGCThread "G1 Conc#1" [stack: 0x0000000069620000,0x0000000069720000] [id=404]
  0x0000000020ca40d0 ConcurrentGCThread "G1 Refine#0" [stack: 0x0000000020e70000,0x0000000020f70000] [id=9192]
  0x0000000020ca4a10 ConcurrentGCThread "G1 Service" [stack: 0x0000000020f70000,0x0000000021070000] [id=15496]

Threads with active compile tasks:
C2 CompilerThread0  2061841 18159       4       net.bytebuddy.implementation.bytecode.member.FieldAccess$AccessDispatcher$AbstractFieldInstruction::apply (71 bytes)
C2 CompilerThread1  2061841 18083       4       java.nio.file.FileTreeIterator::fetchNextIfNeeded (65 bytes)

VM state: not at safepoint (normal execution)

VM Mutex/Monitor currently owned by a thread: None

Heap address: 0x0000000083600000, size: 1994 MB, Compressed Oops mode: 32-bit

CDS archive(s) mapped at: [0x0000000022000000-0x0000000022bd0000-0x0000000022bd0000), size 12386304, SharedBaseAddress: 0x0000000022000000, ArchiveRelocationMode: 1.
Compressed class space mapped at: 0x0000000023000000-0x0000000063000000, reserved size: 1073741824
Narrow klass base: 0x0000000022000000, Narrow klass shift: 0, Narrow klass range: 0x100000000

GC Precious Log:
 CPUs: 8 total, 8 available
 Memory: 7975M
 Large Page Support: Disabled
 NUMA Support: Disabled
 Compressed Oops: Enabled (32-bit)
 Heap Region Size: 1M
 Heap Min Capacity: 8M
 Heap Initial Capacity: 126M
 Heap Max Capacity: 1994M
 Pre-touch: Disabled
 Parallel Workers: 8
 Concurrent Workers: 2
 Concurrent Refinement Workers: 8
 Periodic GC: Disabled

Heap:
 garbage-first heap   total 137216K, used 57564K [0x0000000083600000, 0x0000000100000000)
  region size 1024K, 19 young (19456K), 6 survivors (6144K)
 Metaspace       used 95929K, committed 96704K, reserved 1179648K
  class space    used 11845K, committed 12224K, reserved 1048576K

Heap Regions: E=young(eden), S=young(survivor), O=old, HS=humongous(starts), HC=humongous(continues), CS=collection set, F=free, OA=open archive, CA=closed archive, TAMS=top-at-mark-start (previous, next)
|   0|0x0000000083600000, 0x0000000083700000, 0x0000000083700000|100%|HS|  |TAMS 0x0000000083700000, 0x0000000083600000| Untracked 
|   1|0x0000000083700000, 0x0000000083800000, 0x0000000083800000|100%| O|  |TAMS 0x0000000083800000, 0x0000000083700000| Untracked 
|   2|0x0000000083800000, 0x00000000838fffc0, 0x0000000083900000| 99%| O|  |TAMS 0x0000000083800000, 0x0000000083800000| Untracked 
|   3|0x0000000083900000, 0x00000000839ffff0, 0x0000000083a00000| 99%| O|  |TAMS 0x00000000839ffff0, 0x0000000083900000| Untracked 
|   4|0x0000000083a00000, 0x0000000083b00000, 0x0000000083b00000|100%| O|  |TAMS 0x0000000083b00000, 0x0000000083a00000| Untracked 
|   5|0x0000000083b00000, 0x0000000083bfffa8, 0x0000000083c00000| 99%| O|  |TAMS 0x0000000083bfffa8, 0x0000000083b00000| Untracked 
|   6|0x0000000083c00000, 0x0000000083d00000, 0x0000000083d00000|100%| O|  |TAMS 0x0000000083c00000, 0x0000000083c00000| Untracked 
|   7|0x0000000083d00000, 0x0000000083dffff8, 0x0000000083e00000| 99%| O|  |TAMS 0x0000000083dffff8, 0x0000000083d00000| Untracked 
|   8|0x0000000083e00000, 0x0000000083effff0, 0x0000000083f00000| 99%| O|  |TAMS 0x0000000083effff0, 0x0000000083e00000| Untracked 
|   9|0x0000000083f00000, 0x0000000084000000, 0x0000000084000000|100%| O|  |TAMS 0x0000000084000000, 0x0000000083f00000| Untracked 
|  10|0x0000000084000000, 0x00000000840ffff8, 0x0000000084100000| 99%| O|  |TAMS 0x00000000840ffff8, 0x0000000084000000| Untracked 
|  11|0x0000000084100000, 0x0000000084200000, 0x0000000084200000|100%| O|  |TAMS 0x0000000084200000, 0x0000000084100000| Untracked 
|  12|0x0000000084200000, 0x0000000084300000, 0x0000000084300000|100%| O|  |TAMS 0x0000000084200000, 0x0000000084200000| Untracked 
|  13|0x0000000084300000, 0x00000000843ffff0, 0x0000000084400000| 99%| O|  |TAMS 0x0000000084300000, 0x0000000084300000| Untracked 
|  14|0x0000000084400000, 0x00000000844ffff8, 0x0000000084500000| 99%| O|  |TAMS 0x0000000084400000, 0x0000000084400000| Untracked 
|  15|0x0000000084500000, 0x00000000845fffe0, 0x0000000084600000| 99%| O|  |TAMS 0x0000000084500000, 0x0000000084500000| Untracked 
|  16|0x0000000084600000, 0x00000000846ffff8, 0x0000000084700000| 99%| O|  |TAMS 0x0000000084600000, 0x0000000084600000| Untracked 
|  17|0x0000000084700000, 0x00000000847ffff8, 0x0000000084800000| 99%| O|  |TAMS 0x0000000084700000, 0x0000000084700000| Untracked 
|  18|0x0000000084800000, 0x0000000084900000, 0x0000000084900000|100%| O|  |TAMS 0x0000000084800000, 0x0000000084800000| Untracked 
|  19|0x0000000084900000, 0x00000000849ffff8, 0x0000000084a00000| 99%| O|  |TAMS 0x00000000849ffff8, 0x0000000084900000| Untracked 
|  20|0x0000000084a00000, 0x0000000084afffe8, 0x0000000084b00000| 99%| O|  |TAMS 0x0000000084afffe8, 0x0000000084a00000| Untracked 
|  21|0x0000000084b00000, 0x0000000084bfffc0, 0x0000000084c00000| 99%| O|  |TAMS 0x0000000084bfffc0, 0x0000000084b00000| Untracked 
|  22|0x0000000084c00000, 0x0000000084cffff8, 0x0000000084d00000| 99%| O|  |TAMS 0x0000000084c00000, 0x0000000084c00000| Untracked 
|  23|0x0000000084d00000, 0x0000000084dffff0, 0x0000000084e00000| 99%| O|  |TAMS 0x0000000084dffff0, 0x0000000084d00000| Untracked 
|  24|0x0000000084e00000, 0x0000000084effff8, 0x0000000084f00000| 99%| O|  |TAMS 0x0000000084effff8, 0x0000000084e00000| Untracked 
|  25|0x0000000084f00000, 0x0000000084ffffd0, 0x0000000085000000| 99%| O|  |TAMS 0x0000000084ffffd0, 0x0000000084f00000| Untracked 
|  26|0x0000000085000000, 0x00000000850ffd60, 0x0000000085100000| 99%| O|  |TAMS 0x00000000850ffd60, 0x0000000085000000| Untracked 
|  27|0x0000000085100000, 0x00000000851fffb8, 0x0000000085200000| 99%| O|  |TAMS 0x0000000085100000, 0x0000000085100000| Untracked 
|  28|0x0000000085200000, 0x0000000085300000, 0x0000000085300000|100%| O|  |TAMS 0x0000000085300000, 0x0000000085200000| Untracked 
|  29|0x0000000085300000, 0x0000000085400000, 0x0000000085400000|100%| O|  |TAMS 0x0000000085400000, 0x0000000085300000| Untracked 
|  30|0x0000000085400000, 0x00000000854ffff8, 0x0000000085500000| 99%| O|  |TAMS 0x0000000085400000, 0x0000000085400000| Untracked 
|  31|0x0000000085500000, 0x00000000855ffff0, 0x0000000085600000| 99%| O|  |TAMS 0x00000000855ffff0, 0x0000000085500000| Untracked 
|  32|0x0000000085600000, 0x00000000856fffe8, 0x0000000085700000| 99%| O|  |TAMS 0x00000000856fffe8, 0x0000000085600000| Untracked 
|  33|0x0000000085700000, 0x0000000085800000, 0x0000000085800000|100%| O|  |TAMS 0x0000000085800000, 0x0000000085700000| Untracked 
|  34|0x0000000085800000, 0x00000000858fdee8, 0x0000000085900000| 99%| O|  |TAMS 0x00000000858fdee8, 0x0000000085800000| Untracked 
|  35|0x0000000085900000, 0x00000000859fffe0, 0x0000000085a00000| 99%| O|  |TAMS 0x0000000085900000, 0x0000000085900000| Untracked 
|  36|0x0000000085a00000, 0x0000000085af1c98, 0x0000000085b00000| 94%| O|  |TAMS 0x0000000085a00000, 0x0000000085a00000| Untracked 
|  37|0x0000000085b00000, 0x0000000085bb5b30, 0x0000000085c00000| 70%| O|  |TAMS 0x0000000085b00000, 0x0000000085b00000| Untracked 
|  38|0x0000000085c00000, 0x0000000085cd3508, 0x0000000085d00000| 82%| O|  |TAMS 0x0000000085c00000, 0x0000000085c00000| Untracked 
|  39|0x0000000085d00000, 0x0000000085d00000, 0x0000000085e00000|  0%| F|  |TAMS 0x0000000085d00000, 0x0000000085d00000| Untracked 
|  40|0x0000000085e00000, 0x0000000085e00000, 0x0000000085f00000|  0%| F|  |TAMS 0x0000000085e00000, 0x0000000085e00000| Untracked 
|  41|0x0000000085f00000, 0x0000000085f7a288, 0x0000000086000000| 47%| O|  |TAMS 0x0000000085f00000, 0x0000000085f00000| Untracked 
|  42|0x0000000086000000, 0x0000000086000000, 0x0000000086100000|  0%| F|  |TAMS 0x0000000086000000, 0x0000000086000000| Untracked 
|  43|0x0000000086100000, 0x0000000086100000, 0x0000000086200000|  0%| F|  |TAMS 0x0000000086100000, 0x0000000086100000| Untracked 
|  44|0x0000000086200000, 0x0000000086200000, 0x0000000086300000|  0%| F|  |TAMS 0x0000000086200000, 0x0000000086200000| Untracked 
|  45|0x0000000086300000, 0x0000000086300000, 0x0000000086400000|  0%| F|  |TAMS 0x0000000086300000, 0x0000000086300000| Untracked 
|  46|0x0000000086400000, 0x0000000086400000, 0x0000000086500000|  0%| F|  |TAMS 0x0000000086400000, 0x0000000086400000| Untracked 
|  47|0x0000000086500000, 0x0000000086500000, 0x0000000086600000|  0%| F|  |TAMS 0x0000000086500000, 0x0000000086500000| Untracked 
|  48|0x0000000086600000, 0x0000000086600000, 0x0000000086700000|  0%| F|  |TAMS 0x0000000086600000, 0x0000000086600000| Untracked 
|  49|0x0000000086700000, 0x0000000086700000, 0x0000000086800000|  0%| F|  |TAMS 0x0000000086700000, 0x0000000086700000| Untracked 
|  50|0x0000000086800000, 0x0000000086800000, 0x0000000086900000|  0%| F|  |TAMS 0x0000000086800000, 0x0000000086800000| Untracked 
|  51|0x0000000086900000, 0x0000000086900000, 0x0000000086a00000|  0%| F|  |TAMS 0x0000000086900000, 0x0000000086900000| Untracked 
|  52|0x0000000086a00000, 0x0000000086a00000, 0x0000000086b00000|  0%| F|  |TAMS 0x0000000086a00000, 0x0000000086a00000| Untracked 
|  53|0x0000000086b00000, 0x0000000086b00000, 0x0000000086c00000|  0%| F|  |TAMS 0x0000000086b00000, 0x0000000086b00000| Untracked 
|  54|0x0000000086c00000, 0x0000000086c00000, 0x0000000086d00000|  0%| F|  |TAMS 0x0000000086c00000, 0x0000000086c00000| Untracked 
|  55|0x0000000086d00000, 0x0000000086d00000, 0x0000000086e00000|  0%| F|  |TAMS 0x0000000086d00000, 0x0000000086d00000| Untracked 
|  56|0x0000000086e00000, 0x0000000086e00000, 0x0000000086f00000|  0%| F|  |TAMS 0x0000000086e00000, 0x0000000086e00000| Untracked 
|  57|0x0000000086f00000, 0x0000000086f00000, 0x0000000087000000|  0%| F|  |TAMS 0x0000000086f00000, 0x0000000086f00000| Untracked 
|  58|0x0000000087000000, 0x0000000087000000, 0x0000000087100000|  0%| F|  |TAMS 0x0000000087000000, 0x0000000087000000| Untracked 
|  59|0x0000000087100000, 0x0000000087100000, 0x0000000087200000|  0%| F|  |TAMS 0x0000000087100000, 0x0000000087100000| Untracked 
|  60|0x0000000087200000, 0x0000000087200000, 0x0000000087300000|  0%| F|  |TAMS 0x0000000087200000, 0x0000000087200000| Untracked 
|  61|0x0000000087300000, 0x00000000873447f0, 0x0000000087400000| 26%| S|CS|TAMS 0x0000000087300000, 0x0000000087300000| Complete 
|  62|0x0000000087400000, 0x0000000087500000, 0x0000000087500000|100%| S|CS|TAMS 0x0000000087400000, 0x0000000087400000| Complete 
|  63|0x0000000087500000, 0x0000000087600000, 0x0000000087600000|100%| S|CS|TAMS 0x0000000087500000, 0x0000000087500000| Complete 
|  64|0x0000000087600000, 0x0000000087700000, 0x0000000087700000|100%| S|CS|TAMS 0x0000000087600000, 0x0000000087600000| Complete 
|  65|0x0000000087700000, 0x0000000087800000, 0x0000000087800000|100%| S|CS|TAMS 0x0000000087700000, 0x0000000087700000| Complete 
|  66|0x0000000087800000, 0x0000000087900000, 0x0000000087900000|100%| S|CS|TAMS 0x0000000087800000, 0x0000000087800000| Complete 
|  67|0x0000000087900000, 0x0000000087900000, 0x0000000087a00000|  0%| F|  |TAMS 0x0000000087900000, 0x0000000087900000| Untracked 
|  68|0x0000000087a00000, 0x0000000087a00000, 0x0000000087b00000|  0%| F|  |TAMS 0x0000000087a00000, 0x0000000087a00000| Untracked 
|  69|0x0000000087b00000, 0x0000000087b00000, 0x0000000087c00000|  0%| F|  |TAMS 0x0000000087b00000, 0x0000000087b00000| Untracked 
|  70|0x0000000087c00000, 0x0000000087c00000, 0x0000000087d00000|  0%| F|  |TAMS 0x0000000087c00000, 0x0000000087c00000| Untracked 
|  71|0x0000000087d00000, 0x0000000087d00000, 0x0000000087e00000|  0%| F|  |TAMS 0x0000000087d00000, 0x0000000087d00000| Untracked 
|  72|0x0000000087e00000, 0x0000000087e00000, 0x0000000087f00000|  0%| F|  |TAMS 0x0000000087e00000, 0x0000000087e00000| Untracked 
|  73|0x0000000087f00000, 0x0000000087f00000, 0x0000000088000000|  0%| F|  |TAMS 0x0000000087f00000, 0x0000000087f00000| Untracked 
|  74|0x0000000088000000, 0x0000000088000000, 0x0000000088100000|  0%| F|  |TAMS 0x0000000088000000, 0x0000000088000000| Untracked 
|  75|0x0000000088100000, 0x0000000088100000, 0x0000000088200000|  0%| F|  |TAMS 0x0000000088100000, 0x0000000088100000| Untracked 
|  76|0x0000000088200000, 0x0000000088200000, 0x0000000088300000|  0%| F|  |TAMS 0x0000000088200000, 0x0000000088200000| Untracked 
|  77|0x0000000088300000, 0x0000000088300000, 0x0000000088400000|  0%| F|  |TAMS 0x0000000088300000, 0x0000000088300000| Untracked 
|  78|0x0000000088400000, 0x0000000088400000, 0x0000000088500000|  0%| F|  |TAMS 0x0000000088400000, 0x0000000088400000| Untracked 
|  79|0x0000000088500000, 0x0000000088500000, 0x0000000088600000|  0%| F|  |TAMS 0x0000000088500000, 0x0000000088500000| Untracked 
|  80|0x0000000088600000, 0x0000000088600000, 0x0000000088700000|  0%| F|  |TAMS 0x0000000088600000, 0x0000000088600000| Untracked 
|  81|0x0000000088700000, 0x0000000088700000, 0x0000000088800000|  0%| F|  |TAMS 0x0000000088700000, 0x0000000088700000| Untracked 
|  82|0x0000000088800000, 0x0000000088800000, 0x0000000088900000|  0%| F|  |TAMS 0x0000000088800000, 0x0000000088800000| Untracked 
|  83|0x0000000088900000, 0x0000000088900000, 0x0000000088a00000|  0%| F|  |TAMS 0x0000000088900000, 0x0000000088900000| Untracked 
|  84|0x0000000088a00000, 0x0000000088a00000, 0x0000000088b00000|  0%| F|  |TAMS 0x0000000088a00000, 0x0000000088a00000| Untracked 
|  85|0x0000000088b00000, 0x0000000088b00000, 0x0000000088c00000|  0%| F|  |TAMS 0x0000000088b00000, 0x0000000088b00000| Untracked 
|  86|0x0000000088c00000, 0x0000000088c00000, 0x0000000088d00000|  0%| F|  |TAMS 0x0000000088c00000, 0x0000000088c00000| Untracked 
|  87|0x0000000088d00000, 0x0000000088d00000, 0x0000000088e00000|  0%| F|  |TAMS 0x0000000088d00000, 0x0000000088d00000| Untracked 
|  88|0x0000000088e00000, 0x0000000088e00000, 0x0000000088f00000|  0%| F|  |TAMS 0x0000000088e00000, 0x0000000088e00000| Untracked 
|  89|0x0000000088f00000, 0x0000000088f00000, 0x0000000089000000|  0%| F|  |TAMS 0x0000000088f00000, 0x0000000088f00000| Untracked 
|  90|0x0000000089000000, 0x0000000089000000, 0x0000000089100000|  0%| F|  |TAMS 0x0000000089000000, 0x0000000089000000| Untracked 
|  91|0x0000000089100000, 0x0000000089100000, 0x0000000089200000|  0%| F|  |TAMS 0x0000000089100000, 0x0000000089100000| Untracked 
|  92|0x0000000089200000, 0x0000000089200000, 0x0000000089300000|  0%| F|  |TAMS 0x0000000089200000, 0x0000000089200000| Untracked 
|  93|0x0000000089300000, 0x0000000089300000, 0x0000000089400000|  0%| F|  |TAMS 0x0000000089300000, 0x0000000089300000| Untracked 
|  94|0x0000000089400000, 0x0000000089400000, 0x0000000089500000|  0%| F|  |TAMS 0x0000000089400000, 0x0000000089400000| Untracked 
|  95|0x0000000089500000, 0x0000000089500000, 0x0000000089600000|  0%| F|  |TAMS 0x0000000089500000, 0x0000000089500000| Untracked 
|  96|0x0000000089600000, 0x0000000089600000, 0x0000000089700000|  0%| F|  |TAMS 0x0000000089600000, 0x0000000089600000| Untracked 
|  97|0x0000000089700000, 0x0000000089700000, 0x0000000089800000|  0%| F|  |TAMS 0x0000000089700000, 0x0000000089700000| Untracked 
|  98|0x0000000089800000, 0x0000000089800000, 0x0000000089900000|  0%| F|  |TAMS 0x0000000089800000, 0x0000000089800000| Untracked 
|  99|0x0000000089900000, 0x0000000089900000, 0x0000000089a00000|  0%| F|  |TAMS 0x0000000089900000, 0x0000000089900000| Untracked 
| 100|0x0000000089a00000, 0x0000000089a00000, 0x0000000089b00000|  0%| F|  |TAMS 0x0000000089a00000, 0x0000000089a00000| Untracked 
| 101|0x0000000089b00000, 0x0000000089b00000, 0x0000000089c00000|  0%| F|  |TAMS 0x0000000089b00000, 0x0000000089b00000| Untracked 
| 102|0x0000000089c00000, 0x0000000089c00000, 0x0000000089d00000|  0%| F|  |TAMS 0x0000000089c00000, 0x0000000089c00000| Untracked 
| 103|0x0000000089d00000, 0x0000000089d00000, 0x0000000089e00000|  0%| F|  |TAMS 0x0000000089d00000, 0x0000000089d00000| Untracked 
| 104|0x0000000089e00000, 0x0000000089e00000, 0x0000000089f00000|  0%| F|  |TAMS 0x0000000089e00000, 0x0000000089e00000| Untracked 
| 105|0x0000000089f00000, 0x0000000089f00000, 0x000000008a000000|  0%| F|  |TAMS 0x0000000089f00000, 0x0000000089f00000| Untracked 
| 106|0x000000008a000000, 0x000000008a000000, 0x000000008a100000|  0%| F|  |TAMS 0x000000008a000000, 0x000000008a000000| Untracked 
| 107|0x000000008a100000, 0x000000008a100000, 0x000000008a200000|  0%| F|  |TAMS 0x000000008a100000, 0x000000008a100000| Untracked 
| 108|0x000000008a200000, 0x000000008a200000, 0x000000008a300000|  0%| F|  |TAMS 0x000000008a200000, 0x000000008a200000| Untracked 
| 109|0x000000008a300000, 0x000000008a300000, 0x000000008a400000|  0%| F|  |TAMS 0x000000008a300000, 0x000000008a300000| Untracked 
| 110|0x000000008a400000, 0x000000008a400000, 0x000000008a500000|  0%| F|  |TAMS 0x000000008a400000, 0x000000008a400000| Untracked 
| 111|0x000000008a500000, 0x000000008a500000, 0x000000008a600000|  0%| F|  |TAMS 0x000000008a500000, 0x000000008a500000| Untracked 
| 112|0x000000008a600000, 0x000000008a600000, 0x000000008a700000|  0%| F|  |TAMS 0x000000008a600000, 0x000000008a600000| Untracked 
| 113|0x000000008a700000, 0x000000008a700000, 0x000000008a800000|  0%| F|  |TAMS 0x000000008a700000, 0x000000008a700000| Untracked 
| 114|0x000000008a800000, 0x000000008a800000, 0x000000008a900000|  0%| F|  |TAMS 0x000000008a800000, 0x000000008a800000| Untracked 
| 115|0x000000008a900000, 0x000000008a900000, 0x000000008aa00000|  0%| F|  |TAMS 0x000000008a900000, 0x000000008a900000| Untracked 
| 116|0x000000008aa00000, 0x000000008aa00000, 0x000000008ab00000|  0%| F|  |TAMS 0x000000008aa00000, 0x000000008aa00000| Untracked 
| 117|0x000000008ab00000, 0x000000008ab00000, 0x000000008ac00000|  0%| F|  |TAMS 0x000000008ab00000, 0x000000008ab00000| Untracked 
| 118|0x000000008ac00000, 0x000000008ac00000, 0x000000008ad00000|  0%| F|  |TAMS 0x000000008ac00000, 0x000000008ac00000| Untracked 
| 119|0x000000008ad00000, 0x000000008ad00000, 0x000000008ae00000|  0%| F|  |TAMS 0x000000008ad00000, 0x000000008ad00000| Untracked 
| 120|0x000000008ae00000, 0x000000008ae00000, 0x000000008af00000|  0%| F|  |TAMS 0x000000008ae00000, 0x000000008ae00000| Untracked 
| 121|0x000000008af00000, 0x000000008afd7fd0, 0x000000008b000000| 84%| E|  |TAMS 0x000000008af00000, 0x000000008af00000| Complete 
| 122|0x000000008b000000, 0x000000008b100000, 0x000000008b100000|100%| E|CS|TAMS 0x000000008b000000, 0x000000008b000000| Complete 
| 123|0x000000008b100000, 0x000000008b200000, 0x000000008b200000|100%| E|CS|TAMS 0x000000008b100000, 0x000000008b100000| Complete 
| 124|0x000000008b200000, 0x000000008b300000, 0x000000008b300000|100%| E|CS|TAMS 0x000000008b200000, 0x000000008b200000| Complete 
| 125|0x000000008b300000, 0x000000008b400000, 0x000000008b400000|100%| E|CS|TAMS 0x000000008b300000, 0x000000008b300000| Complete 
| 126|0x000000008b400000, 0x000000008b500000, 0x000000008b500000|100%| E|CS|TAMS 0x000000008b400000, 0x000000008b400000| Complete 
| 127|0x000000008b500000, 0x000000008b600000, 0x000000008b600000|100%| E|CS|TAMS 0x000000008b500000, 0x000000008b500000| Complete 
| 128|0x000000008b600000, 0x000000008b700000, 0x000000008b700000|100%| E|CS|TAMS 0x000000008b600000, 0x000000008b600000| Complete 
| 129|0x000000008b700000, 0x000000008b800000, 0x000000008b800000|100%| E|CS|TAMS 0x000000008b700000, 0x000000008b700000| Complete 
| 130|0x000000008b800000, 0x000000008b900000, 0x000000008b900000|100%| E|CS|TAMS 0x000000008b800000, 0x000000008b800000| Complete 
| 131|0x000000008b900000, 0x000000008ba00000, 0x000000008ba00000|100%| E|CS|TAMS 0x000000008b900000, 0x000000008b900000| Complete 
| 132|0x000000008ba00000, 0x000000008bb00000, 0x000000008bb00000|100%| E|CS|TAMS 0x000000008ba00000, 0x000000008ba00000| Complete 
| 133|0x000000008bb00000, 0x000000008bc00000, 0x000000008bc00000|100%| E|CS|TAMS 0x000000008bb00000, 0x000000008bb00000| Complete 

Card table byte_map: [0x0000000019ab0000,0x0000000019ea0000] _byte_map_base: 0x0000000019695000

Marking Bits (Prev, Next): (CMBitMap*) 0x0000000002b493f0, (CMBitMap*) 0x0000000002b49430
 Prev Bits: [0x000000001a290000, 0x000000001c1b8000)
 Next Bits: [0x000000001c1c0000, 0x000000001e0e8000)

Polling page: 0x00000000009c0000

Metaspace:

Usage:
  Non-class:     82.11 MB used.
      Class:     11.57 MB used.
       Both:     93.68 MB used.

Virtual space:
  Non-class space:      128.00 MB reserved,      82.50 MB ( 64%) committed,  2 nodes.
      Class space:        1.00 GB reserved,      11.94 MB (  1%) committed,  1 nodes.
             Both:        1.12 GB reserved,      94.44 MB (  8%) committed. 

Chunk freelists:
   Non-Class:  13.47 MB
       Class:  4.00 MB
        Both:  17.47 MB

MaxMetaspaceSize: unlimited
CompressedClassSpaceSize: 1.00 GB
Initial GC threshold: 21.00 MB
Current GC threshold: 156.69 MB
CDS: on
MetaspaceReclaimPolicy: balanced
 - commit_granule_bytes: 65536.
 - commit_granule_words: 8192.
 - virtual_space_node_default_size: 8388608.
 - enlarge_chunks_in_place: 1.
 - new_chunks_are_fully_committed: 0.
 - uncommit_free_chunks: 1.
 - use_allocation_guard: 0.
 - handle_deallocations: 1.


Internal statistics:

num_allocs_failed_limit: 6.
num_arena_births: 1196.
num_arena_deaths: 250.
num_vsnodes_births: 3.
num_vsnodes_deaths: 0.
num_space_committed: 1511.
num_space_uncommitted: 0.
num_chunks_returned_to_freelist: 289.
num_chunks_taken_from_freelist: 5321.
num_chunk_merges: 80.
num_chunk_splits: 3520.
num_chunks_enlarged: 2475.
num_inconsistent_stats: 0.

CodeHeap 'non-profiled nmethods': size=120000Kb used=13356Kb max_used=13356Kb free=106643Kb
 bounds [0x0000000011e60000, 0x0000000012b70000, 0x0000000019390000]
CodeHeap 'profiled nmethods': size=120000Kb used=30695Kb max_used=30695Kb free=89304Kb
 bounds [0x000000000a390000, 0x000000000c190000, 0x00000000118c0000]
CodeHeap 'non-nmethods': size=5760Kb used=1355Kb max_used=1457Kb free=4404Kb
 bounds [0x00000000118c0000, 0x0000000011b30000, 0x0000000011e60000]
 total_blobs=15622 nmethods=14949 adapters=583
 compilation: enabled
              stopped_count=0, restarted_count=0
 full_count=0

Compilation events (20 events):
Event: 2061.725 Thread 0x0000000020e1a890 18184       3       org.hibernate.sql.exec.internal.AbstractJdbcParameter::getExpressionType (2 bytes)
Event: 2061.725 Thread 0x0000000020e1a890 nmethod 18184 0x000000000c17ef10 code [0x000000000c17f0a0, 0x000000000c17f1b8]
Event: 2061.725 Thread 0x0000000020e1a890 18185       3       org.hibernate.sql.results.graph.internal.ImmutableFetchList::iterator (20 bytes)
Event: 2061.725 Thread 0x0000000020e1a890 nmethod 18185 0x000000000c17f290 code [0x000000000c17f440, 0x000000000c17f6a8]
Event: 2061.725 Thread 0x0000000020e1a890 18186       3       org.hibernate.sql.results.graph.internal.ImmutableFetchList$FetchIterator::<init> (61 bytes)
Event: 2061.726 Thread 0x0000000020e1a890 nmethod 18186 0x000000000c17f790 code [0x000000000c17f940, 0x000000000c17fbf8]
Event: 2061.726 Thread 0x0000000020e1a890 18182       3       org.hibernate.sql.exec.internal.AbstractJdbcParameter::accept (8 bytes)
Event: 2061.726 Thread 0x0000000020e1a890 nmethod 18182 0x000000000c17fd90 code [0x000000000c17ff40, 0x000000000c180148]
Event: 2061.726 Thread 0x0000000020e1a890 18188       3       org.hibernate.sql.ast.tree.from.ColumnReferenceQualifier::resolveTableReference (63 bytes)
Event: 2061.727 Thread 0x0000000020e1a890 nmethod 18188 0x000000000c180290 code [0x000000000c180520, 0x000000000c1812d8]
Event: 2061.727 Thread 0x0000000020e1a890 18187       3       org.hibernate.metamodel.mapping.internal.BasicEntityIdentifierMappingImpl::getJavaType (10 bytes)
Event: 2061.727 Thread 0x0000000020e1a890 nmethod 18187 0x000000000c181710 code [0x000000000c181940, 0x000000000c182288]
Event: 2061.727 Thread 0x0000000020e1a890 18189       3       org.hibernate.metamodel.mapping.internal.BasicEntityIdentifierMappingImpl::getMappedType (15 bytes)
Event: 2061.728 Thread 0x0000000020e1a890 nmethod 18189 0x000000000c182590 code [0x000000000c1827a0, 0x000000000c182f98]
Event: 2061.732 Thread 0x0000000020e1a890 18191       3       java.lang.ClassNotFoundException::<init> (7 bytes)
Event: 2061.733 Thread 0x0000000020e1a890 nmethod 18191 0x000000000c183210 code [0x000000000c1833c0, 0x000000000c1835c8]
Event: 2061.781 Thread 0x0000000020e1a890 18192       3       com.mysql.cj.conf.DefaultPropertySet::<init> (73 bytes)
Event: 2061.782 Thread 0x0000000020e1a890 nmethod 18192 0x000000000c183690 code [0x000000000c183940, 0x000000000c184968]
Event: 2061.782 Thread 0x0000000020e1a890 18193   !   3       com.mysql.cj.conf.DefaultPropertySet::initializeProperties (393 bytes)
Event: 2061.785 Thread 0x0000000020e1a890 nmethod 18193 0x000000000c184e10 code [0x000000000c185340, 0x000000000c188c48]

GC Heap History (20 events):
Event: 1198.801 GC heap before
{Heap before GC invocations=57 (full 6):
 garbage-first heap   total 119808K, used 91662K [0x0000000083600000, 0x0000000100000000)
  region size 1024K, 52 young (53248K), 5 survivors (5120K)
 Metaspace       used 92153K, committed 92928K, reserved 1179648K
  class space    used 11591K, committed 11968K, reserved 1048576K
}
Event: 1198.806 GC heap after
{Heap after GC invocations=58 (full 6):
 garbage-first heap   total 119808K, used 47583K [0x0000000083600000, 0x0000000100000000)
  region size 1024K, 5 young (5120K), 5 survivors (5120K)
 Metaspace       used 92153K, committed 92928K, reserved 1179648K
  class space    used 11591K, committed 11968K, reserved 1048576K
}
Event: 1199.229 GC heap before
{Heap before GC invocations=58 (full 6):
 garbage-first heap   total 119808K, used 91615K [0x0000000083600000, 0x0000000100000000)
  region size 1024K, 48 young (49152K), 5 survivors (5120K)
 Metaspace       used 92862K, committed 93632K, reserved 1179648K
  class space    used 11635K, committed 12032K, reserved 1048576K
}
Event: 1199.238 GC heap after
{Heap after GC invocations=59 (full 6):
 garbage-first heap   total 331776K, used 51599K [0x0000000083600000, 0x0000000100000000)
  region size 1024K, 5 young (5120K), 5 survivors (5120K)
 Metaspace       used 92862K, committed 93632K, reserved 1179648K
  class space    used 11635K, committed 12032K, reserved 1048576K
}
Event: 1268.536 GC heap before
{Heap before GC invocations=59 (full 6):
 garbage-first heap   total 331776K, used 72079K [0x0000000083600000, 0x0000000100000000)
  region size 1024K, 26 young (26624K), 5 survivors (5120K)
 Metaspace       used 92868K, committed 93632K, reserved 1179648K
  class space    used 11636K, committed 12032K, reserved 1048576K
}
Event: 1268.598 GC heap after
{Heap after GC invocations=60 (full 7):
 garbage-first heap   total 147456K, used 40127K [0x0000000083600000, 0x0000000100000000)
  region size 1024K, 0 young (0K), 0 survivors (0K)
 Metaspace       used 92859K, committed 93632K, reserved 1179648K
  class space    used 11634K, committed 12032K, reserved 1048576K
}
Event: 1269.143 GC heap before
{Heap before GC invocations=60 (full 7):
 garbage-first heap   total 147456K, used 109759K [0x0000000083600000, 0x0000000100000000)
  region size 1024K, 68 young (69632K), 0 survivors (0K)
 Metaspace       used 93471K, committed 94272K, reserved 1179648K
  class space    used 11688K, committed 12096K, reserved 1048576K
}
Event: 1269.147 GC heap after
{Heap after GC invocations=61 (full 7):
 garbage-first heap   total 147456K, used 45346K [0x0000000083600000, 0x0000000100000000)
  region size 1024K, 6 young (6144K), 6 survivors (6144K)
 Metaspace       used 93471K, committed 94272K, reserved 1179648K
  class space    used 11688K, committed 12096K, reserved 1048576K
}
Event: 1269.598 GC heap before
{Heap before GC invocations=61 (full 7):
 garbage-first heap   total 147456K, used 109858K [0x0000000083600000, 0x0000000100000000)
  region size 1024K, 69 young (70656K), 6 survivors (6144K)
 Metaspace       used 94759K, committed 95552K, reserved 1179648K
  class space    used 11766K, committed 12160K, reserved 1048576K
}
Event: 1269.605 GC heap after
{Heap after GC invocations=62 (full 7):
 garbage-first heap   total 147456K, used 51740K [0x0000000083600000, 0x0000000100000000)
  region size 1024K, 7 young (7168K), 7 survivors (7168K)
 Metaspace       used 94759K, committed 95552K, reserved 1179648K
  class space    used 11766K, committed 12160K, reserved 1048576K
}
Event: 1511.753 GC heap before
{Heap before GC invocations=62 (full 7):
 garbage-first heap   total 147456K, used 112156K [0x0000000083600000, 0x0000000100000000)
  region size 1024K, 66 young (67584K), 7 survivors (7168K)
 Metaspace       used 94900K, committed 95744K, reserved 1179648K
  class space    used 11767K, committed 12160K, reserved 1048576K
}
Event: 1511.758 GC heap after
{Heap after GC invocations=63 (full 7):
 garbage-first heap   total 147456K, used 53037K [0x0000000083600000, 0x0000000100000000)
  region size 1024K, 2 young (2048K), 2 survivors (2048K)
 Metaspace       used 94900K, committed 95744K, reserved 1179648K
  class space    used 11767K, committed 12160K, reserved 1048576K
}
Event: 1852.209 GC heap before
{Heap before GC invocations=63 (full 7):
 garbage-first heap   total 147456K, used 114477K [0x0000000083600000, 0x0000000100000000)
  region size 1024K, 62 young (63488K), 2 survivors (2048K)
 Metaspace       used 94915K, committed 95744K, reserved 1179648K
  class space    used 11767K, committed 12160K, reserved 1048576K
}
Event: 1852.212 GC heap after
{Heap after GC invocations=64 (full 7):
 garbage-first heap   total 147456K, used 52966K [0x0000000083600000, 0x0000000100000000)
  region size 1024K, 2 young (2048K), 2 survivors (2048K)
 Metaspace       used 94915K, committed 95744K, reserved 1179648K
  class space    used 11767K, committed 12160K, reserved 1048576K
}
Event: 2057.151 GC heap before
{Heap before GC invocations=64 (full 7):
 garbage-first heap   total 147456K, used 90854K [0x0000000083600000, 0x0000000100000000)
  region size 1024K, 40 young (40960K), 2 survivors (2048K)
 Metaspace       used 94923K, committed 95744K, reserved 1179648K
  class space    used 11767K, committed 12160K, reserved 1048576K
}
Event: 2057.604 GC heap after
{Heap after GC invocations=65 (full 8):
 garbage-first heap   total 147456K, used 46113K [0x0000000083600000, 0x0000000100000000)
  region size 1024K, 0 young (0K), 0 survivors (0K)
 Metaspace       used 94914K, committed 95744K, reserved 1179648K
  class space    used 11766K, committed 12160K, reserved 1048576K
}
Event: 2060.813 GC heap before
{Heap before GC invocations=65 (full 8):
 garbage-first heap   total 147456K, used 109601K [0x0000000083600000, 0x0000000100000000)
  region size 1024K, 64 young (65536K), 0 survivors (0K)
 Metaspace       used 95419K, committed 96256K, reserved 1179648K
  class space    used 11826K, committed 12224K, reserved 1048576K
}
Event: 2060.910 GC heap after
{Heap after GC invocations=66 (full 9):
 garbage-first heap   total 137216K, used 39882K [0x0000000083600000, 0x0000000100000000)
  region size 1024K, 0 young (0K), 0 survivors (0K)
 Metaspace       used 95209K, committed 96256K, reserved 1179648K
  class space    used 11776K, committed 12224K, reserved 1048576K
}
Event: 2061.609 GC heap before
{Heap before GC invocations=66 (full 9):
 garbage-first heap   total 137216K, used 107466K [0x0000000083600000, 0x0000000100000000)
  region size 1024K, 67 young (68608K), 0 survivors (0K)
 Metaspace       used 95788K, committed 96576K, reserved 1179648K
  class space    used 11828K, committed 12224K, reserved 1048576K
}
Event: 2061.626 GC heap after
{Heap after GC invocations=67 (full 9):
 garbage-first heap   total 137216K, used 45276K [0x0000000083600000, 0x0000000100000000)
  region size 1024K, 6 young (6144K), 6 survivors (6144K)
 Metaspace       used 95788K, committed 96576K, reserved 1179648K
  class space    used 11828K, committed 12224K, reserved 1048576K
}

Deoptimization events (20 events):
Event: 2055.644 Thread 0x0000000069a48220 DEOPT PACKING pc=0x0000000012a6e808 sp=0x000000006cecf580
Event: 2055.644 Thread 0x0000000069a48220 DEOPT UNPACKING pc=0x0000000011915ba3 sp=0x000000006cecf508 mode 2
Event: 2056.929 Thread 0x000000006a1a9f40 Uncommon trap: trap_request=0xffffff5c fr.pc=0x0000000012b0ef98 relative=0x00000000000015d8
Event: 2056.929 Thread 0x000000006a1a9f40 Uncommon trap: reason=speculate_null_check action=make_not_entrant pc=0x0000000012b0ef98 method=java.util.concurrent.locks.AbstractQueuedSynchronizer.acquire(Ljava/util/concurrent/locks/AbstractQueuedSynchronizer$Node;IZZZJ)I @ 254 c2
Event: 2056.929 Thread 0x000000006a1a9f40 DEOPT PACKING pc=0x0000000012b0ef98 sp=0x000000000077ea70
Event: 2056.929 Thread 0x000000006a1a9f40 DEOPT UNPACKING pc=0x0000000011915ba3 sp=0x000000000077ea50 mode 2
Event: 2057.731 Thread 0x000000006a1a9010 Uncommon trap: trap_request=0xffffff45 fr.pc=0x0000000011e9d7e4 relative=0x0000000000000e84
Event: 2057.731 Thread 0x000000006a1a9010 Uncommon trap: reason=unstable_if action=reinterpret pc=0x0000000011e9d7e4 method=java.util.zip.ZipCoder.hash(Ljava/lang/String;)I @ 23 c2
Event: 2057.731 Thread 0x000000006a1a9010 DEOPT PACKING pc=0x0000000011e9d7e4 sp=0x00000000673fda00
Event: 2057.731 Thread 0x000000006a1a9010 DEOPT UNPACKING pc=0x0000000011915ba3 sp=0x00000000673fd8a8 mode 2
Event: 2058.225 Thread 0x000000006a1a9010 DEOPT PACKING pc=0x000000000ae77353 sp=0x00000000673fcdc0
Event: 2058.226 Thread 0x000000006a1a9010 DEOPT UNPACKING pc=0x00000000119166e3 sp=0x00000000673fc2b8 mode 0
Event: 2058.312 Thread 0x000000006a1a9010 Uncommon trap: trap_request=0xffffff45 fr.pc=0x0000000011f151e4 relative=0x00000000000009a4
Event: 2058.312 Thread 0x000000006a1a9010 Uncommon trap: reason=unstable_if action=reinterpret pc=0x0000000011f151e4 method=sun.net.util.IPAddressUtil.scan(Ljava/lang/String;JJ[C)I @ 14 c2
Event: 2058.312 Thread 0x000000006a1a9010 DEOPT PACKING pc=0x0000000011f151e4 sp=0x00000000673fbe80
Event: 2058.312 Thread 0x000000006a1a9010 DEOPT UNPACKING pc=0x0000000011915ba3 sp=0x00000000673fbd00 mode 2
Event: 2061.208 Thread 0x0000000069a472f0 Uncommon trap: trap_request=0xffffff76 fr.pc=0x0000000012b47bdc relative=0x000000000000227c
Event: 2061.208 Thread 0x0000000069a472f0 Uncommon trap: reason=predicate action=maybe_recompile pc=0x0000000012b47bdc method=java.util.TimSort.reverseRange([Ljava/lang/Object;II)V @ 5 c2
Event: 2061.208 Thread 0x0000000069a472f0 DEOPT PACKING pc=0x0000000012b47bdc sp=0x00000000673fe0a0
Event: 2061.208 Thread 0x0000000069a472f0 DEOPT UNPACKING pc=0x0000000011915ba3 sp=0x00000000673fdf70 mode 2

Classes unloaded (20 events):
Event: 2060.841 Thread 0x0000000020dea1d0 Unloading class 0x00000000232e3400 'java/lang/invoke/LambdaForm$MH+0x00000000232e3400'
Event: 2060.841 Thread 0x0000000020dea1d0 Unloading class 0x00000000232e3000 'java/lang/invoke/LambdaForm$MH+0x00000000232e3000'
Event: 2060.841 Thread 0x0000000020dea1d0 Unloading class 0x00000000232e2c00 'java/lang/invoke/LambdaForm$MH+0x00000000232e2c00'
Event: 2060.841 Thread 0x0000000020dea1d0 Unloading class 0x00000000232e0c00 'java/lang/invoke/LambdaForm$MH+0x00000000232e0c00'
Event: 2060.841 Thread 0x0000000020dea1d0 Unloading class 0x00000000232e0000 'java/lang/invoke/LambdaForm$DMH+0x00000000232e0000'
Event: 2060.841 Thread 0x0000000020dea1d0 Unloading class 0x0000000023251400 'java/lang/invoke/LambdaForm$MH+0x0000000023251400'
Event: 2060.841 Thread 0x0000000020dea1d0 Unloading class 0x0000000023251000 'java/lang/invoke/LambdaForm$MH+0x0000000023251000'
Event: 2060.841 Thread 0x0000000020dea1d0 Unloading class 0x0000000023250c00 'java/lang/invoke/LambdaForm$MH+0x0000000023250c00'
Event: 2060.841 Thread 0x0000000020dea1d0 Unloading class 0x0000000023250800 'java/lang/invoke/LambdaForm$MH+0x0000000023250800'
Event: 2060.841 Thread 0x0000000020dea1d0 Unloading class 0x0000000023250000 'java/lang/invoke/LambdaForm$MH+0x0000000023250000'
Event: 2060.841 Thread 0x0000000020dea1d0 Unloading class 0x0000000023200400 'java/lang/invoke/LambdaForm$DMH+0x0000000023200400'
Event: 2060.841 Thread 0x0000000020dea1d0 Unloading class 0x0000000023124c00 'java/lang/invoke/LambdaForm$DMH+0x0000000023124c00'
Event: 2060.841 Thread 0x0000000020dea1d0 Unloading class 0x0000000023016800 'java/lang/invoke/LambdaForm$MH+0x0000000023016800'
Event: 2060.841 Thread 0x0000000020dea1d0 Unloading class 0x0000000023016000 'java/lang/invoke/LambdaForm$MH+0x0000000023016000'
Event: 2060.841 Thread 0x0000000020dea1d0 Unloading class 0x0000000023015c00 'java/lang/invoke/LambdaForm$MH+0x0000000023015c00'
Event: 2060.841 Thread 0x0000000020dea1d0 Unloading class 0x0000000023015800 'java/lang/invoke/LambdaForm$MH+0x0000000023015800'
Event: 2060.841 Thread 0x0000000020dea1d0 Unloading class 0x0000000023015400 'java/lang/invoke/LambdaForm$MH+0x0000000023015400'
Event: 2060.841 Thread 0x0000000020dea1d0 Unloading class 0x0000000023015000 'java/lang/invoke/LambdaForm$MH+0x0000000023015000'
Event: 2060.841 Thread 0x0000000020dea1d0 Unloading class 0x0000000023014800 'java/lang/invoke/LambdaForm$MH+0x0000000023014800'
Event: 2060.841 Thread 0x0000000020dea1d0 Unloading class 0x0000000023014000 'java/lang/invoke/LambdaForm$MH+0x0000000023014000'

Classes redefined (0 events):
No events

Internal exceptions (20 events):
Event: 2057.954 Thread 0x000000006a1a9010 Exception <a 'java/io/FileNotFoundException'{0x000000008a7928d8}> (0x000000008a7928d8) 
thrown [s\open\src\hotspot\share\prims\jni.cpp, line 516]
Event: 2057.979 Thread 0x000000006a1a9010 Exception <a 'java/io/FileNotFoundException'{0x000000008a55d2e0}> (0x000000008a55d2e0) 
thrown [s\open\src\hotspot\share\prims\jni.cpp, line 516]
Event: 2058.297 Thread 0x000000006a1a9010 Exception <a 'sun/nio/fs/WindowsException'{0x0000000088eb8288}> (0x0000000088eb8288) 
thrown [s\open\src\hotspot\share\prims\jni.cpp, line 516]
Event: 2060.812 Thread 0x000000006a1a9a30 Exception <a 'java/lang/InterruptedException'{0x0000000088632498}: sleep interrupted> (0x0000000088632498) 
thrown [s\open\src\hotspot\share\prims\jvm.cpp, line 3064]
Event: 2060.926 Thread 0x0000000069a472f0 Exception <a 'sun/nio/fs/WindowsException'{0x000000008bbce788}> (0x000000008bbce788) 
thrown [s\open\src\hotspot\share\prims\jni.cpp, line 516]
Event: 2060.960 Thread 0x0000000069a472f0 Exception <a 'sun/nio/fs/WindowsException'{0x000000008b83fdc8}> (0x000000008b83fdc8) 
thrown [s\open\src\hotspot\share\prims\jni.cpp, line 516]
Event: 2061.210 Thread 0x0000000069a472f0 Exception <a 'sun/nio/fs/WindowsException'{0x000000008a257080}> (0x000000008a257080) 
thrown [s\open\src\hotspot\share\prims\jni.cpp, line 516]
Event: 2061.279 Thread 0x0000000069a472f0 Exception <a 'sun/nio/fs/WindowsException'{0x000000008a06d6e8}> (0x000000008a06d6e8) 
thrown [s\open\src\hotspot\share\prims\jni.cpp, line 516]
Event: 2061.360 Thread 0x0000000069a472f0 Exception <a 'java/lang/NoClassDefFoundError'{0x00000000899b2d98}: org/flywaydb/core/Flyway> (0x00000000899b2d98) 
thrown [s\open\src\hotspot\share\oops\constantPool.cpp, line 837]
Event: 2061.360 Thread 0x0000000069a472f0 Exception <a 'java/lang/NoClassDefFoundError'{0x00000000899b33e8}: liquibase/integration/spring/SpringLiquibase> (0x00000000899b33e8) 
thrown [s\open\src\hotspot\share\oops\constantPool.cpp, line 837]
Event: 2061.364 Thread 0x0000000069a472f0 Exception <a 'java/lang/NoClassDefFoundError'{0x000000008983a688}: org/jooq/DSLContext> (0x000000008983a688) 
thrown [s\open\src\hotspot\share\oops\constantPool.cpp, line 837]
Event: 2061.365 Thread 0x0000000069a472f0 Exception <a 'java/lang/NoClassDefFoundError'{0x000000008984c428}: org/springframework/batch/core/repository/JobRepository> (0x000000008984c428) 
thrown [s\open\src\hotspot\share\oops\constantPool.cpp, line 837]
Event: 2061.365 Thread 0x0000000069a472f0 Exception <a 'java/lang/NoClassDefFoundError'{0x000000008984ca70}: org/quartz/Scheduler> (0x000000008984ca70) 
thrown [s\open\src\hotspot\share\oops\constantPool.cpp, line 837]
Event: 2061.365 Thread 0x0000000069a472f0 Exception <a 'java/lang/NoClassDefFoundError'{0x000000008984d0e0}: org/springframework/session/jdbc/JdbcIndexedSessionRepository> (0x000000008984d0e0) 
thrown [s\open\src\hotspot\share\oops\constantPool.cpp, line 837]
Event: 2061.405 Thread 0x0000000069a472f0 Exception <a 'sun/nio/fs/WindowsException'{0x0000000089147cd8}> (0x0000000089147cd8) 
thrown [s\open\src\hotspot\share\prims\jni.cpp, line 516]
Event: 2061.405 Thread 0x0000000069a472f0 Exception <a 'sun/nio/fs/WindowsException'{0x0000000089148330}> (0x0000000089148330) 
thrown [s\open\src\hotspot\share\prims\jni.cpp, line 516]
Event: 2061.405 Thread 0x0000000069a472f0 Exception <a 'sun/nio/fs/WindowsException'{0x0000000089148a08}> (0x0000000089148a08) 
thrown [s\open\src\hotspot\share\prims\jni.cpp, line 516]
Event: 2061.418 Thread 0x0000000069a472f0 Exception <a 'java/io/FileNotFoundException'{0x000000008917f4d0}> (0x000000008917f4d0) 
thrown [s\open\src\hotspot\share\prims\jni.cpp, line 516]
Event: 2061.437 Thread 0x0000000069a472f0 Exception <a 'java/io/FileNotFoundException'{0x0000000088f8d658}> (0x0000000088f8d658) 
thrown [s\open\src\hotspot\share\prims\jni.cpp, line 516]
Event: 2061.462 Thread 0x0000000069a472f0 Exception <a 'sun/nio/fs/WindowsException'{0x0000000088a76af0}> (0x0000000088a76af0) 
thrown [s\open\src\hotspot\share\prims\jni.cpp, line 516]

VM Operations (20 events):
Event: 1852.209 Executing VM operation: G1CollectForAllocation
Event: 1852.212 Executing VM operation: G1CollectForAllocation done
Event: 2056.656 Executing VM operation: Cleanup
Event: 2056.656 Executing VM operation: Cleanup done
Event: 2057.147 Executing VM operation: G1CollectFull
Event: 2057.604 Executing VM operation: G1CollectFull done
Event: 2058.291 Executing VM operation: HandshakeAllThreads
Event: 2058.291 Executing VM operation: HandshakeAllThreads done
Event: 2058.293 Executing VM operation: HandshakeAllThreads
Event: 2058.293 Executing VM operation: HandshakeAllThreads done
Event: 2058.300 Executing VM operation: HandshakeAllThreads
Event: 2058.300 Executing VM operation: HandshakeAllThreads done
Event: 2058.311 Executing VM operation: HandshakeAllThreads
Event: 2058.311 Executing VM operation: HandshakeAllThreads done
Event: 2059.317 Executing VM operation: Cleanup
Event: 2059.317 Executing VM operation: Cleanup done
Event: 2060.812 Executing VM operation: G1CollectFull
Event: 2060.911 Executing VM operation: G1CollectFull done
Event: 2061.609 Executing VM operation: G1CollectForAllocation
Event: 2061.626 Executing VM operation: G1CollectForAllocation done

Events (20 events):
Event: 2060.804 Thread 0x0000000069a43b40 Thread added: 0x0000000069a43b40
Event: 2060.804 Thread 0x000000006a1abda0 Thread exited: 0x000000006a1abda0
Event: 2060.805 Thread 0x000000006a1a71b0 Thread exited: 0x000000006a1a71b0
Event: 2060.807 Thread 0x0000000069a43b40 Thread exited: 0x0000000069a43b40
Event: 2060.812 Thread 0x000000006a1a9a30 Thread exited: 0x000000006a1a9a30
Event: 2060.812 Thread 0x000000006a1a8b00 Thread exited: 0x000000006a1a8b00
Event: 2060.911 Thread 0x0000000069a47d10 Thread added: 0x0000000069a47d10
Event: 2060.911 Thread 0x000000006a1a6ca0 Thread exited: 0x000000006a1a6ca0
Event: 2060.912 Thread 0x0000000069a47d10 Thread exited: 0x0000000069a47d10
Event: 2060.912 Thread 0x0000000069a472f0 Thread added: 0x0000000069a472f0
Event: 2061.026 Thread 0x0000000069a44f80 Thread added: 0x0000000069a44f80
Event: 2061.041 Thread 0x0000000069a44f80 Thread exited: 0x0000000069a44f80
Event: 2061.110 Thread 0x000000006819d370 Thread added: 0x000000006819d370
Event: 2061.312 Thread 0x000000006819d370 Thread exited: 0x000000006819d370
Event: 2061.371 Thread 0x000000006819d370 Thread added: 0x000000006819d370
Event: 2061.438 Thread 0x0000000069a43b40 Thread added: 0x0000000069a43b40
Event: 2061.438 Thread 0x0000000069a45490 Thread added: 0x0000000069a45490
Event: 2061.438 Thread 0x0000000069a47800 Thread added: 0x0000000069a47800
Event: 2061.486 Thread 0x0000000069a47d10 Thread added: 0x0000000069a47d10
Event: 2061.596 Thread 0x0000000069a41ce0 Thread added: 0x0000000069a41ce0


Dynamic libraries:
0x00007ff75c490000 - 0x00007ff75c4a0000 	C:\Program Files\Java\jdk-17\bin\java.exe
0x00007ffef7210000 - 0x00007ffef7427000 	C:\WINDOWS\SYSTEM32\ntdll.dll
0x00007ffef5f40000 - 0x00007ffef6004000 	C:\WINDOWS\System32\KERNEL32.DLL
0x00007ffef4b30000 - 0x00007ffef4f00000 	C:\WINDOWS\System32\KERNELBASE.dll
0x00007ffef48b0000 - 0x00007ffef49c1000 	C:\WINDOWS\System32\ucrtbase.dll
0x00007ffee6900000 - 0x00007ffee6919000 	C:\Program Files\Java\jdk-17\bin\jli.dll
0x00007ffef6a30000 - 0x00007ffef6ae1000 	C:\WINDOWS\System32\ADVAPI32.dll
0x00007ffee68e0000 - 0x00007ffee68fb000 	C:\Program Files\Java\jdk-17\bin\VCRUNTIME140.dll
0x00007ffef7050000 - 0x00007ffef70f7000 	C:\WINDOWS\System32\msvcrt.dll
0x00007ffef6b00000 - 0x00007ffef6ba7000 	C:\WINDOWS\System32\sechost.dll
0x00007ffef45f0000 - 0x00007ffef4618000 	C:\WINDOWS\System32\bcrypt.dll
0x00007ffef6890000 - 0x00007ffef69a4000 	C:\WINDOWS\System32\RPCRT4.dll
0x00007ffef4fa0000 - 0x00007ffef514e000 	C:\WINDOWS\System32\USER32.dll
0x00007ffef4540000 - 0x00007ffef4566000 	C:\WINDOWS\System32\win32u.dll
0x00007ffee13d0000 - 0x00007ffee1662000 	C:\WINDOWS\WinSxS\amd64_microsoft.windows.common-controls_6595b64144ccf1df_6.0.22621.4830_none_270fe7d773858e80\COMCTL32.dll
0x00007ffef5220000 - 0x00007ffef5249000 	C:\WINDOWS\System32\GDI32.dll
0x00007ffef4790000 - 0x00007ffef48ab000 	C:\WINDOWS\System32\gdi32full.dll
0x00007ffef4a90000 - 0x00007ffef4b2a000 	C:\WINDOWS\System32\msvcp_win.dll
0x00007ffee8f30000 - 0x00007ffee8f3a000 	C:\WINDOWS\SYSTEM32\VERSION.dll
0x00007ffef5400000 - 0x00007ffef5431000 	C:\WINDOWS\System32\IMM32.DLL
0x00007ffef0070000 - 0x00007ffef007c000 	C:\Program Files\Java\jdk-17\bin\vcruntime140_1.dll
0x00007ffec03d0000 - 0x00007ffec045e000 	C:\Program Files\Java\jdk-17\bin\msvcp140.dll
0x00007ffe78060000 - 0x00007ffe78c40000 	C:\Program Files\Java\jdk-17\bin\server\jvm.dll
0x00007ffef6af0000 - 0x00007ffef6af8000 	C:\WINDOWS\System32\PSAPI.DLL
0x00007ffeea6f0000 - 0x00007ffeea724000 	C:\WINDOWS\SYSTEM32\WINMM.dll
0x00007ffedd260000 - 0x00007ffedd269000 	C:\WINDOWS\SYSTEM32\WSOCK32.dll
0x00007ffef6cc0000 - 0x00007ffef6d31000 	C:\WINDOWS\System32\WS2_32.dll
0x00007ffef34c0000 - 0x00007ffef34d8000 	C:\WINDOWS\SYSTEM32\kernel.appcore.dll
0x00007ffeeb7e0000 - 0x00007ffeeb7ea000 	C:\Program Files\Java\jdk-17\bin\jimage.dll
0x00007ffef1920000 - 0x00007ffef1b52000 	C:\WINDOWS\SYSTEM32\DBGHELP.DLL
0x00007ffef6080000 - 0x00007ffef6410000 	C:\WINDOWS\System32\combase.dll
0x00007ffef6f70000 - 0x00007ffef7047000 	C:\WINDOWS\System32\OLEAUT32.dll
0x00007ffee2350000 - 0x00007ffee2382000 	C:\WINDOWS\SYSTEM32\dbgcore.DLL
0x00007ffef4570000 - 0x00007ffef45eb000 	C:\WINDOWS\System32\bcryptPrimitives.dll
0x00007ffee68b0000 - 0x00007ffee68d5000 	C:\Program Files\Java\jdk-17\bin\java.dll
0x00007ffebc6d0000 - 0x00007ffebc7a7000 	C:\Program Files\Java\jdk-17\bin\jsvml.dll
0x00007ffef5440000 - 0x00007ffef5cb8000 	C:\WINDOWS\System32\SHELL32.dll
0x00007ffef23c0000 - 0x00007ffef2cd0000 	C:\WINDOWS\SYSTEM32\windows.storage.dll
0x00007ffef2280000 - 0x00007ffef23bf000 	C:\WINDOWS\SYSTEM32\wintypes.dll
0x00007ffef6bb0000 - 0x00007ffef6cba000 	C:\WINDOWS\System32\SHCORE.dll
0x00007ffef7170000 - 0x00007ffef71ce000 	C:\WINDOWS\System32\shlwapi.dll
0x00007ffef43f0000 - 0x00007ffef441b000 	C:\WINDOWS\SYSTEM32\profapi.dll
0x00007ffee1fd0000 - 0x00007ffee1fe9000 	C:\Program Files\Java\jdk-17\bin\net.dll
0x00007ffef0b00000 - 0x00007ffef0c2c000 	C:\WINDOWS\SYSTEM32\WINHTTP.dll
0x00007ffef3930000 - 0x00007ffef399a000 	C:\WINDOWS\system32\mswsock.dll
0x00007ffee0190000 - 0x00007ffee01a6000 	C:\Program Files\Java\jdk-17\bin\nio.dll
0x00007ffecd5f0000 - 0x00007ffecd608000 	C:\Program Files\Java\jdk-17\bin\zip.dll
0x00007ffee6d60000 - 0x00007ffee6d6a000 	C:\Program Files\Java\jdk-17\bin\management.dll
0x00007ffee6a20000 - 0x00007ffee6a2b000 	C:\Program Files\Java\jdk-17\bin\management_ext.dll
0x00007ffed76d0000 - 0x00007ffed76de000 	C:\Program Files\Java\jdk-17\bin\sunmscapi.dll
0x00007ffef4620000 - 0x00007ffef4786000 	C:\WINDOWS\System32\CRYPT32.dll
0x00007ffef3e80000 - 0x00007ffef3ead000 	C:\WINDOWS\SYSTEM32\ncrypt.dll
0x00007ffef3e40000 - 0x00007ffef3e77000 	C:\WINDOWS\SYSTEM32\NTASN1.dll
0x00007ffef3bb0000 - 0x00007ffef3bcb000 	C:\WINDOWS\SYSTEM32\CRYPTSP.dll
0x00007ffef3420000 - 0x00007ffef3455000 	C:\WINDOWS\system32\rsaenh.dll
0x00007ffef39e0000 - 0x00007ffef3a08000 	C:\WINDOWS\SYSTEM32\USERENV.dll
0x00007ffef3b40000 - 0x00007ffef3b4c000 	C:\WINDOWS\SYSTEM32\CRYPTBASE.dll
0x00007ffef2f30000 - 0x00007ffef2f5d000 	C:\WINDOWS\SYSTEM32\IPHLPAPI.DLL
0x00007ffef5dd0000 - 0x00007ffef5dd9000 	C:\WINDOWS\System32\NSI.dll
0x00007ffeeb940000 - 0x00007ffeeb959000 	C:\WINDOWS\SYSTEM32\dhcpcsvc6.DLL
0x00007ffeea690000 - 0x00007ffeea6af000 	C:\WINDOWS\SYSTEM32\dhcpcsvc.DLL
0x00007ffef2f60000 - 0x00007ffef3062000 	C:\WINDOWS\SYSTEM32\DNSAPI.dll
0x00007ffed74f0000 - 0x00007ffed7500000 	C:\Program Files\Java\jdk-17\bin\verify.dll
0x00007ffeeb930000 - 0x00007ffeeb93a000 	C:\Windows\System32\rasadhlp.dll
0x00007ffee9f60000 - 0x00007ffee9fe3000 	C:\WINDOWS\System32\fwpuclnt.dll
0x00007ffedaaf0000 - 0x00007ffedaaf8000 	C:\WINDOWS\system32\wshunix.dll

dbghelp: loaded successfully - version: 4.0.5 - missing functions: none
symbol engine: initialized successfully - sym options: 0x614 - pdb path: .;C:\Program Files\Java\jdk-17\bin;C:\WINDOWS\SYSTEM32;C:\WINDOWS\WinSxS\amd64_microsoft.windows.common-controls_6595b64144ccf1df_6.0.22621.4830_none_270fe7d773858e80;C:\Program Files\Java\jdk-17\bin\server

VM Arguments:
jvm_args: -XX:+ShowCodeDetailsInExceptionMessages 
java_command: com.example.bake_boss_backend.BakeBossBackendApplication
java_class_path (initial): D:\Programming\workspace\billing_craft\charu_backend\target\classes;C:\Users\hmfar\.m2\repository\org\springframework\boot\spring-boot-starter-data-jpa\3.3.1\spring-boot-starter-data-jpa-3.3.1.jar;C:\Users\hmfar\.m2\repository\org\springframework\boot\spring-boot-starter-aop\3.3.1\spring-boot-starter-aop-3.3.1.jar;C:\Users\hmfar\.m2\repository\org\aspectj\aspectjweaver\1.9.22\aspectjweaver-1.9.22.jar;C:\Users\hmfar\.m2\repository\org\springframework\boot\spring-boot-starter-jdbc\3.3.1\spring-boot-starter-jdbc-3.3.1.jar;C:\Users\hmfar\.m2\repository\com\zaxxer\HikariCP\5.1.0\HikariCP-5.1.0.jar;C:\Users\hmfar\.m2\repository\org\springframework\spring-jdbc\6.1.10\spring-jdbc-6.1.10.jar;C:\Users\hmfar\.m2\repository\org\hibernate\orm\hibernate-core\6.5.2.Final\hibernate-core-6.5.2.Final.jar;C:\Users\hmfar\.m2\repository\jakarta\persistence\jakarta.persistence-api\3.1.0\jakarta.persistence-api-3.1.0.jar;C:\Users\hmfar\.m2\repository\jakarta\transaction\jakarta.transaction-api\2.0.1\jakarta.transaction-api-2.0.1.jar;C:\Users\hmfar\.m2\repository\org\jboss\logging\jboss-logging\3.5.3.Final\jboss-logging-3.5.3.Final.jar;C:\Users\hmfar\.m2\repository\org\hibernate\common\hibernate-commons-annotations\6.0.6.Final\hibernate-commons-annotations-6.0.6.Final.jar;C:\Users\hmfar\.m2\repository\io\smallrye\jandex\3.1.2\jandex-3.1.2.jar;C:\Users\hmfar\.m2\repository\com\fasterxml\classmate\1.7.0\classmate-1.7.0.jar;C:\Users\hmfar\.m2\repository\net\bytebuddy\byte-buddy\1.14.17\byte-buddy-1.14.17.jar;C:\Users\hmfar\.m2\repository\org\glassfish\jaxb\jaxb-runtime\4.0.5\jaxb-runtime-4.0.5.jar;C:\Users\hmfar\.m2\repository\org\glassfish\jaxb\jaxb-core\4.0.5\jaxb-core-4.0.5.jar;C:\Users\hmfar\.m2\repository\org\eclipse\angus\angus-activation\2.0.2\angus-activation-2.0.2.jar;C:\Users\hmfar\.m2\repository\org\glassfish\jaxb\txw2\4.0.5\txw2-4.0.5.jar;C:\Users\hmfar\.m2\repository\com\sun\istack\istack-commons-runtime\4.1.2\istack-commons-runtime-4.1.2.jar;C:\Users
Launcher Type: SUN_STANDARD

[Global flags]
     intx CICompilerCount                          = 4                                         {product} {ergonomic}
     uint ConcGCThreads                            = 2                                         {product} {ergonomic}
     uint G1ConcRefinementThreads                  = 8                                         {product} {ergonomic}
   size_t G1HeapRegionSize                         = 1048576                                   {product} {ergonomic}
    uintx GCDrainStackTargetSize                   = 64                                        {product} {ergonomic}
   size_t InitialHeapSize                          = 132120576                                 {product} {ergonomic}
   size_t MarkStackSize                            = 4194304                                   {product} {ergonomic}
   size_t MaxHeapSize                              = 2090860544                                {product} {ergonomic}
   size_t MaxNewSize                               = 1254096896                                {product} {ergonomic}
   size_t MinHeapDeltaBytes                        = 1048576                                   {product} {ergonomic}
   size_t MinHeapSize                              = 8388608                                   {product} {ergonomic}
    uintx NonNMethodCodeHeapSize                   = 5839372                                {pd product} {ergonomic}
    uintx NonProfiledCodeHeapSize                  = 122909434                              {pd product} {ergonomic}
    uintx ProfiledCodeHeapSize                     = 122909434                              {pd product} {ergonomic}
    uintx ReservedCodeCacheSize                    = 251658240                              {pd product} {ergonomic}
     bool SegmentedCodeCache                       = true                                      {product} {ergonomic}
     bool ShowCodeDetailsInExceptionMessages       = true                                   {manageable} {command line}
   size_t SoftMaxHeapSize                          = 2090860544                             {manageable} {ergonomic}
     bool UseCompressedClassPointers               = true                           {product lp64_product} {ergonomic}
     bool UseCompressedOops                        = true                           {product lp64_product} {ergonomic}
     bool UseG1GC                                  = true                                      {product} {ergonomic}
     bool UseLargePagesIndividualAllocation        = false                                  {pd product} {ergonomic}

Logging:
Log output configuration:
 #0: stdout all=warning uptime,level,tags
 #1: stderr all=off uptime,level,tags

Environment Variables:
JAVA_HOME=C:\Program Files\Java\jdk-17
PATH=C:\Program Files\Common Files\Oracle\Java\javapath;C:\Program Files\Java\jdk1.8.0_172\bin;C:\Program Files (x86)\Common Files\Intel\Shared Libraries\redist\intel64\compiler;C:\Python311\Scripts\;C:\Python311\;C:\Program Files (x86)\Common Files\Oracle\Java\javapath;C:\WINDOWS\system32;C:\WINDOWS;C:\WINDOWS\System32\Wbem;C:\WINDOWS\System32\WindowsPowerShell\v1.0\;C:\WINDOWS\System32\OpenSSH\;C:\Program Files\Java\jdk1.8.0_172\bin;C:\ProgramData\chocolatey\bin;D:\Programming\apache-maven-3.8.6-bin\apache-maven-3.8.6\bin;C:\Program Files\PuTTY\;C:\Program Files\nodejs\;C:\Program Files\Java\jdk-17\bin;C:\Program Files\Java\jdk-11\bin;C:\Users\hmfar\AppData\Local\Microsoft\WindowsApps;C:\Users\hmfar\AppData\Local\Programs\Microsoft VS Code\bin;C:\Users\hmfar\AppData\Roaming\npm;
USERNAME=hmfar
LANG=en_US.UTF-8
OS=Windows_NT
PROCESSOR_IDENTIFIER=Intel64 Family 6 Model 140 Stepping 1, GenuineIntel



---------------  S Y S T E M  ---------------

OS:
 Windows 11 , 64 bit Build 22621 (10.0.22621.4830)
OS uptime: 8 days 0:20 hours
Hyper-V role detected

CPU: total 8 (initial active 8) (4 cores per cpu, 2 threads per core) family 6 model 140 stepping 1 microcode 0x86, cx8, cmov, fxsr, ht, mmx, 3dnowpref, sse, sse2, sse3, ssse3, sse4.1, sse4.2, popcnt, lzcnt, tsc, tscinvbit, avx, avx2, aes, erms, clmul, bmi1, bmi2, adx, avx512f, avx512dq, avx512cd, avx512bw, avx512vl, sha, fma, vzeroupper, avx512_vpopcntdq, avx512_vpclmulqdq, avx512_vaes, avx512_vnni, clflush, clflushopt, clwb, avx512_vbmi2, avx512_vbmi, hv

Memory: 4k page, system-wide physical 7975M (368M free)
TotalPageFile size 26725M (AvailPageFile size 3M)
current process WorkingSet (physical memory assigned to process): 364M, peak: 394M
current process commit charge ("private bytes"): 449M, peak: 653M

vm_info: Java HotSpot(TM) 64-Bit Server VM (17.0.11+7-LTS-207) for windows-amd64 JRE (17.0.11+7-LTS-207), built on Mar 11 2024 19:01:50 by "mach5one" with MS VC++ 17.6 (VS2022)

END.
